#
# There is insufficient memory for the Java Runtime Environment to continue.
# Native memory allocation (malloc) failed to allocate 34707644 bytes for AllocateHeap
# Possible reasons:
#   The system is out of physical RAM or swap space
#   The process is running with CompressedOops enabled, and the Java Heap may be blocking the growth of the native heap
# Possible solutions:
#   Reduce memory load on the system
#   Increase physical memory or swap space
#   Check if swap backing store is full
#   Decrease Java heap size (-Xmx/-Xms)
#   Decrease number of Java threads
#   Decrease Java thread stack sizes (-Xss)
#   Set larger code cache with -XX:ReservedCodeCacheSize=
#   JVM is running with Unscaled Compressed Oops mode in which the Java heap is
#     placed in the first 4GB address space. The Java Heap base address is the
#     maximum limit for the native heap growth. Please use -XX:HeapBaseMinAddress
#     to set the Java Heap base and to place the Java Heap above 4GB virtual address.
# This output file may be truncated or incomplete.
#
#  Out of Memory Error (allocation.cpp:44), pid=13344, tid=484
#
# JRE version: Java(TM) SE Runtime Environment (17.0.9+11) (build 17.0.9+11-LTS-201)
# Java VM: Java HotSpot(TM) 64-Bit Server VM (17.0.9+11-LTS-201, mixed mode, sharing, tiered, compressed oops, compressed class ptrs, g1 gc, windows-amd64)
# No core dump will be written. Minidumps are not enabled by default on client versions of Windows
#

---------------  S U M M A R Y ------------

Command Line: -Dfile.encoding=windows-1252 -Dstdout.encoding=windows-1252 -Dstderr.encoding=windows-1252 -XX:+ShowCodeDetailsInExceptionMessages main.Main

Host: Intel(R) Pentium(R) CPU 4415Y @ 1.60GHz, 4 cores, 7G,  Windows 10 , 64 bit Build 19041 (10.0.19041.3636)
Time: Thu Jan 11 08:25:12 2024 Eastern Standard Time elapsed time: 70.078768 seconds (0d 0h 1m 10s)

---------------  T H R E A D  ---------------

Current thread (0x000001ccd029db40):  JavaThread "Direct Clip" daemon [_thread_in_vm, id=484, stack(0x000000278c100000,0x000000278c200000)]

Stack: [0x000000278c100000,0x000000278c200000]
Native frames: (J=compiled Java code, j=interpreted, Vv=VM code, C=native code)
V  [jvm.dll+0x678a4a]
V  [jvm.dll+0x7d9cfd]
V  [jvm.dll+0x7db60e]
V  [jvm.dll+0x7dbc73]
V  [jvm.dll+0x245e1f]
V  [jvm.dll+0xa5173]
V  [jvm.dll+0x3da204]
C  [jsound.dll+0x1526]

Java frames: (J=compiled Java code, j=interpreted, Vv=VM code)
J 2563  com.sun.media.sound.DirectAudioDevice.nWrite(J[BIIIFF)I java.desktop@17.0.9 (0 bytes) @ 0x000001cc87be3b1b [0x000001cc87be3aa0+0x000000000000007b]
j  com.sun.media.sound.DirectAudioDevice$DirectDL.write([BII)I+180 java.desktop@17.0.9
j  com.sun.media.sound.DirectAudioDevice$DirectClip.run()V+190 java.desktop@17.0.9
j  java.lang.Thread.run()V+11 java.base@17.0.9
v  ~StubRoutines::call_stub

---------------  P R O C E S S  ---------------

Threads class SMR info:
_java_thread_list=0x000001ccd374cc00, length=24, elements={
0x000001ccfadee620, 0x000001ccfadefc40, 0x000001ccfae02400, 0x000001ccfae04ed0,
0x000001ccfae05890, 0x000001ccfae06250, 0x000001ccfae06ff0, 0x000001ccfae6b8f0,
0x000001ccfae88690, 0x000001ccff0a1040, 0x000001ccff0b6010, 0x000001ccff2c2010,
0x000001ccff2c24f0, 0x000001ccff2c29d0, 0x000001ccd02149f0, 0x000001ccd0248900,
0x000001ccd029e560, 0x000001ccd029f490, 0x000001ccd029d630, 0x000001ccd02a03c0,
0x000001ccd029f9a0, 0x000001ccd029ea70, 0x000001ccd029db40, 0x000001ccd029e050
}

Java Threads: ( => current thread )
  0x000001ccfadee620 JavaThread "Reference Handler" daemon [_thread_blocked, id=6824, stack(0x0000002789f00000,0x000000278a000000)]
  0x000001ccfadefc40 JavaThread "Finalizer" daemon [_thread_blocked, id=8968, stack(0x000000278a000000,0x000000278a100000)]
  0x000001ccfae02400 JavaThread "Signal Dispatcher" daemon [_thread_blocked, id=14232, stack(0x000000278a100000,0x000000278a200000)]
  0x000001ccfae04ed0 JavaThread "Attach Listener" daemon [_thread_blocked, id=2320, stack(0x000000278a200000,0x000000278a300000)]
  0x000001ccfae05890 JavaThread "Service Thread" daemon [_thread_blocked, id=4456, stack(0x000000278a300000,0x000000278a400000)]
  0x000001ccfae06250 JavaThread "Monitor Deflation Thread" daemon [_thread_blocked, id=4460, stack(0x000000278a400000,0x000000278a500000)]
  0x000001ccfae06ff0 JavaThread "C2 CompilerThread0" daemon [_thread_blocked, id=8592, stack(0x000000278a500000,0x000000278a600000)]
  0x000001ccfae6b8f0 JavaThread "C1 CompilerThread0" daemon [_thread_blocked, id=5272, stack(0x000000278a600000,0x000000278a700000)]
  0x000001ccfae88690 JavaThread "Sweeper thread" daemon [_thread_blocked, id=3720, stack(0x000000278a700000,0x000000278a800000)]
  0x000001ccff0a1040 JavaThread "Notification Thread" daemon [_thread_blocked, id=11336, stack(0x000000278a800000,0x000000278a900000)]
  0x000001ccff0b6010 JavaThread "Common-Cleaner" daemon [_thread_blocked, id=8800, stack(0x000000278aa00000,0x000000278ab00000)]
  0x000001ccff2c2010 JavaThread "Java2D Disposer" daemon [_thread_blocked, id=12588, stack(0x000000278ab00000,0x000000278ac00000)]
  0x000001ccff2c24f0 JavaThread "AWT-Shutdown" [_thread_blocked, id=14688, stack(0x000000278ac00000,0x000000278ad00000)]
  0x000001ccff2c29d0 JavaThread "AWT-Windows" daemon [_thread_in_native, id=5232, stack(0x000000278ad00000,0x000000278ae00000)]
  0x000001ccd02149f0 JavaThread "AWT-EventQueue-0" [_thread_blocked, id=2556, stack(0x000000278b000000,0x000000278b100000)]
  0x000001ccd0248900 JavaThread "Java Sound Event Dispatcher" daemon [_thread_blocked, id=11892, stack(0x000000278b300000,0x000000278b400000)]
  0x000001ccd029e560 JavaThread "Direct Clip" daemon [_thread_blocked, id=5740, stack(0x000000278b700000,0x000000278b800000)]
  0x000001ccd029f490 JavaThread "DestroyJavaVM" [_thread_blocked, id=9188, stack(0x0000002789800000,0x0000002789900000)]
  0x000001ccd029d630 JavaThread "Direct Clip" daemon [_thread_blocked, id=3548, stack(0x000000278ae00000,0x000000278af00000)]
  0x000001ccd02a03c0 JavaThread "TimerQueue" daemon [_thread_blocked, id=11076, stack(0x000000278be00000,0x000000278bf00000)]
  0x000001ccd029f9a0 JavaThread "Direct Clip" daemon [_thread_blocked, id=5724, stack(0x000000278bf00000,0x000000278c000000)]
  0x000001ccd029ea70 JavaThread "Direct Clip" daemon [_thread_blocked, id=6988, stack(0x000000278c000000,0x000000278c100000)]
=>0x000001ccd029db40 JavaThread "Direct Clip" daemon [_thread_in_vm, id=484, stack(0x000000278c100000,0x000000278c200000)]
  0x000001ccd029e050 JavaThread "Direct Clip" daemon [_thread_blocked, id=5076, stack(0x000000278c400000,0x000000278c500000)]

Other Threads:
  0x000001ccfade65a0 VMThread "VM Thread" [stack: 0x0000002789e00000,0x0000002789f00000] [id=13376]
  0x000001ccff0ab540 WatcherThread [stack: 0x000000278a900000,0x000000278aa00000] [id=10564]
  0x000001ccea656f20 GCTaskThread "GC Thread#0" [stack: 0x0000002789900000,0x0000002789a00000] [id=6668]
  0x000001ccd0212fc0 GCTaskThread "GC Thread#1" [stack: 0x000000278b800000,0x000000278b900000] [id=12648]
  0x000001ccd025ef90 GCTaskThread "GC Thread#2" [stack: 0x000000278b900000,0x000000278ba00000] [id=5944]
  0x000001ccd025f250 GCTaskThread "GC Thread#3" [stack: 0x000000278ba00000,0x000000278bb00000] [id=13068]
  0x000001ccea668b00 ConcurrentGCThread "G1 Main Marker" [stack: 0x0000002789a00000,0x0000002789b00000] [id=6640]
  0x000001ccea669510 ConcurrentGCThread "G1 Conc#0" [stack: 0x0000002789b00000,0x0000002789c00000] [id=1460]
  0x000001ccea6d0320 ConcurrentGCThread "G1 Refine#0" [stack: 0x0000002789c00000,0x0000002789d00000] [id=2636]
  0x000001ccfacb0090 ConcurrentGCThread "G1 Service" [stack: 0x0000002789d00000,0x0000002789e00000] [id=14540]

Threads with active compile tasks:

VM state: not at safepoint (normal execution)

VM Mutex/Monitor currently owned by a thread: None

Heap address: 0x0000000081c00000, size: 2020 MB, Compressed Oops mode: 32-bit

CDS archive(s) mapped at: [0x000001cc8f000000-0x000001cc8fbd0000-0x000001cc8fbd0000), size 12386304, SharedBaseAddress: 0x000001cc8f000000, ArchiveRelocationMode: 1.
Compressed class space mapped at: 0x000001cc90000000-0x000001ccd0000000, reserved size: 1073741824
Narrow klass base: 0x000001cc8f000000, Narrow klass shift: 0, Narrow klass range: 0x100000000

GC Precious Log:
 CPUs: 4 total, 4 available
 Memory: 8076M
 Large Page Support: Disabled
 NUMA Support: Disabled
 Compressed Oops: Enabled (32-bit)
 Heap Region Size: 1M
 Heap Min Capacity: 8M
 Heap Initial Capacity: 128M
 Heap Max Capacity: 2020M
 Pre-touch: Disabled
 Parallel Workers: 4
 Concurrent Workers: 1
 Concurrent Refinement Workers: 4
 Periodic GC: Disabled

Heap:
 garbage-first heap   total 168960K, used 115459K [0x0000000081c00000, 0x0000000100000000)
  region size 1024K, 20 young (20480K), 3 survivors (3072K)
 Metaspace       used 14342K, committed 14528K, reserved 1114112K
  class space    used 1521K, committed 1600K, reserved 1048576K

Heap Regions: E=young(eden), S=young(survivor), O=old, HS=humongous(starts), HC=humongous(continues), CS=collection set, F=free, OA=open archive, CA=closed archive, TAMS=top-at-mark-start (previous, next)
|   0|0x0000000081c00000, 0x0000000081d00000, 0x0000000081d00000|100%|HS|  |TAMS 0x0000000081d00000, 0x0000000081c00000| Complete 
|   1|0x0000000081d00000, 0x0000000081e00000, 0x0000000081e00000|100%|HC|  |TAMS 0x0000000081e00000, 0x0000000081d00000| Complete 
|   2|0x0000000081e00000, 0x0000000081f00000, 0x0000000081f00000|100%|HS|  |TAMS 0x0000000081f00000, 0x0000000081e00000| Complete 
|   3|0x0000000081f00000, 0x0000000082000000, 0x0000000082000000|100%|HC|  |TAMS 0x0000000082000000, 0x0000000081f00000| Complete 
|   4|0x0000000082000000, 0x0000000082100000, 0x0000000082100000|100%|HC|  |TAMS 0x0000000082100000, 0x0000000082000000| Complete 
|   5|0x0000000082100000, 0x0000000082200000, 0x0000000082200000|100%|HC|  |TAMS 0x0000000082200000, 0x0000000082100000| Complete 
|   6|0x0000000082200000, 0x0000000082300000, 0x0000000082300000|100%|HC|  |TAMS 0x0000000082300000, 0x0000000082200000| Complete 
|   7|0x0000000082300000, 0x0000000082400000, 0x0000000082400000|100%|HC|  |TAMS 0x0000000082400000, 0x0000000082300000| Complete 
|   8|0x0000000082400000, 0x0000000082500000, 0x0000000082500000|100%|HC|  |TAMS 0x0000000082500000, 0x0000000082400000| Complete 
|   9|0x0000000082500000, 0x0000000082600000, 0x0000000082600000|100%|HC|  |TAMS 0x0000000082600000, 0x0000000082500000| Complete 
|  10|0x0000000082600000, 0x0000000082700000, 0x0000000082700000|100%|HC|  |TAMS 0x0000000082700000, 0x0000000082600000| Complete 
|  11|0x0000000082700000, 0x0000000082800000, 0x0000000082800000|100%|HC|  |TAMS 0x0000000082800000, 0x0000000082700000| Complete 
|  12|0x0000000082800000, 0x0000000082900000, 0x0000000082900000|100%|HC|  |TAMS 0x0000000082900000, 0x0000000082800000| Complete 
|  13|0x0000000082900000, 0x0000000082a00000, 0x0000000082a00000|100%|HC|  |TAMS 0x0000000082a00000, 0x0000000082900000| Complete 
|  14|0x0000000082a00000, 0x0000000082b00000, 0x0000000082b00000|100%|HC|  |TAMS 0x0000000082b00000, 0x0000000082a00000| Complete 
|  15|0x0000000082b00000, 0x0000000082c00000, 0x0000000082c00000|100%|HC|  |TAMS 0x0000000082c00000, 0x0000000082b00000| Complete 
|  16|0x0000000082c00000, 0x0000000082d00000, 0x0000000082d00000|100%|HC|  |TAMS 0x0000000082d00000, 0x0000000082c00000| Complete 
|  17|0x0000000082d00000, 0x0000000082e00000, 0x0000000082e00000|100%|HC|  |TAMS 0x0000000082e00000, 0x0000000082d00000| Complete 
|  18|0x0000000082e00000, 0x0000000082f00000, 0x0000000082f00000|100%|HC|  |TAMS 0x0000000082f00000, 0x0000000082e00000| Complete 
|  19|0x0000000082f00000, 0x0000000083000000, 0x0000000083000000|100%|HC|  |TAMS 0x0000000083000000, 0x0000000082f00000| Complete 
|  20|0x0000000083000000, 0x0000000083100000, 0x0000000083100000|100%|HC|  |TAMS 0x0000000083100000, 0x0000000083000000| Complete 
|  21|0x0000000083100000, 0x0000000083200000, 0x0000000083200000|100%|HC|  |TAMS 0x0000000083200000, 0x0000000083100000| Complete 
|  22|0x0000000083200000, 0x0000000083300000, 0x0000000083300000|100%|HS|  |TAMS 0x0000000083300000, 0x0000000083200000| Complete 
|  23|0x0000000083300000, 0x0000000083400000, 0x0000000083400000|100%|HC|  |TAMS 0x0000000083400000, 0x0000000083300000| Complete 
|  24|0x0000000083400000, 0x0000000083500000, 0x0000000083500000|100%|HC|  |TAMS 0x0000000083500000, 0x0000000083400000| Complete 
|  25|0x0000000083500000, 0x0000000083600000, 0x0000000083600000|100%|HS|  |TAMS 0x0000000083600000, 0x0000000083500000| Complete 
|  26|0x0000000083600000, 0x0000000083700000, 0x0000000083700000|100%|HC|  |TAMS 0x0000000083700000, 0x0000000083600000| Complete 
|  27|0x0000000083700000, 0x0000000083800000, 0x0000000083800000|100%|HC|  |TAMS 0x0000000083800000, 0x0000000083700000| Complete 
|  28|0x0000000083800000, 0x0000000083900000, 0x0000000083900000|100%|HC|  |TAMS 0x0000000083900000, 0x0000000083800000| Complete 
|  29|0x0000000083900000, 0x0000000083a00000, 0x0000000083a00000|100%|HC|  |TAMS 0x0000000083a00000, 0x0000000083900000| Complete 
|  30|0x0000000083a00000, 0x0000000083b00000, 0x0000000083b00000|100%|HC|  |TAMS 0x0000000083b00000, 0x0000000083a00000| Complete 
|  31|0x0000000083b00000, 0x0000000083c00000, 0x0000000083c00000|100%|HC|  |TAMS 0x0000000083c00000, 0x0000000083b00000| Complete 
|  32|0x0000000083c00000, 0x0000000083d00000, 0x0000000083d00000|100%|HC|  |TAMS 0x0000000083d00000, 0x0000000083c00000| Complete 
|  33|0x0000000083d00000, 0x0000000083e00000, 0x0000000083e00000|100%| O|  |TAMS 0x0000000083e00000, 0x0000000083d00000| Untracked 
|  34|0x0000000083e00000, 0x0000000083f00000, 0x0000000083f00000|100%|HS|  |TAMS 0x0000000083f00000, 0x0000000083e00000| Complete 
|  35|0x0000000083f00000, 0x0000000084000000, 0x0000000084000000|100%|HC|  |TAMS 0x0000000084000000, 0x0000000083f00000| Complete 
|  36|0x0000000084000000, 0x0000000084100000, 0x0000000084100000|100%|HS|  |TAMS 0x0000000084100000, 0x0000000084000000| Complete 
|  37|0x0000000084100000, 0x0000000084200000, 0x0000000084200000|100%|HC|  |TAMS 0x0000000084200000, 0x0000000084100000| Complete 
|  38|0x0000000084200000, 0x0000000084300000, 0x0000000084300000|100%|HS|  |TAMS 0x0000000084300000, 0x0000000084200000| Complete 
|  39|0x0000000084300000, 0x0000000084400000, 0x0000000084400000|100%|HC|  |TAMS 0x0000000084400000, 0x0000000084300000| Complete 
|  40|0x0000000084400000, 0x0000000084500000, 0x0000000084500000|100%|HC|  |TAMS 0x0000000084500000, 0x0000000084400000| Complete 
|  41|0x0000000084500000, 0x0000000084600000, 0x0000000084600000|100%|HC|  |TAMS 0x0000000084600000, 0x0000000084500000| Complete 
|  42|0x0000000084600000, 0x0000000084700000, 0x0000000084700000|100%| O|  |TAMS 0x0000000084700000, 0x0000000084600000| Untracked 
|  43|0x0000000084700000, 0x0000000084778000, 0x0000000084800000| 46%| O|  |TAMS 0x0000000084778000, 0x0000000084700000| Untracked 
|  44|0x0000000084800000, 0x0000000084900000, 0x0000000084900000|100%|HS|  |TAMS 0x0000000084900000, 0x0000000084800000| Complete 
|  45|0x0000000084900000, 0x0000000084a00000, 0x0000000084a00000|100%|HC|  |TAMS 0x0000000084a00000, 0x0000000084900000| Complete 
|  46|0x0000000084a00000, 0x0000000084b00000, 0x0000000084b00000|100%|HC|  |TAMS 0x0000000084b00000, 0x0000000084a00000| Complete 
|  47|0x0000000084b00000, 0x0000000084c00000, 0x0000000084c00000|100%|HC|  |TAMS 0x0000000084c00000, 0x0000000084b00000| Complete 
|  48|0x0000000084c00000, 0x0000000084d00000, 0x0000000084d00000|100%|HS|  |TAMS 0x0000000084d00000, 0x0000000084c00000| Complete 
|  49|0x0000000084d00000, 0x0000000084e00000, 0x0000000084e00000|100%|HC|  |TAMS 0x0000000084e00000, 0x0000000084d00000| Complete 
|  50|0x0000000084e00000, 0x0000000084f00000, 0x0000000084f00000|100%|HS|  |TAMS 0x0000000084f00000, 0x0000000084e00000| Complete 
|  51|0x0000000084f00000, 0x0000000085000000, 0x0000000085000000|100%|HC|  |TAMS 0x0000000085000000, 0x0000000084f00000| Complete 
|  52|0x0000000085000000, 0x0000000085100000, 0x0000000085100000|100%|HC|  |TAMS 0x0000000085100000, 0x0000000085000000| Complete 
|  53|0x0000000085100000, 0x0000000085200000, 0x0000000085200000|100%|HC|  |TAMS 0x0000000085200000, 0x0000000085100000| Complete 
|  54|0x0000000085200000, 0x0000000085300000, 0x0000000085300000|100%|HS|  |TAMS 0x0000000085300000, 0x0000000085200000| Complete 
|  55|0x0000000085300000, 0x0000000085400000, 0x0000000085400000|100%|HC|  |TAMS 0x0000000085400000, 0x0000000085300000| Complete 
|  56|0x0000000085400000, 0x0000000085500000, 0x0000000085500000|100%|HS|  |TAMS 0x0000000085500000, 0x0000000085400000| Complete 
|  57|0x0000000085500000, 0x0000000085600000, 0x0000000085600000|100%|HC|  |TAMS 0x0000000085600000, 0x0000000085500000| Complete 
|  58|0x0000000085600000, 0x0000000085700000, 0x0000000085700000|100%|HC|  |TAMS 0x0000000085700000, 0x0000000085600000| Complete 
|  59|0x0000000085700000, 0x0000000085800000, 0x0000000085800000|100%|HC|  |TAMS 0x0000000085800000, 0x0000000085700000| Complete 
|  60|0x0000000085800000, 0x0000000085900000, 0x0000000085900000|100%|HS|  |TAMS 0x0000000085900000, 0x0000000085800000| Complete 
|  61|0x0000000085900000, 0x0000000085a00000, 0x0000000085a00000|100%|HS|  |TAMS 0x0000000085900000, 0x0000000085900000| Complete 
|  62|0x0000000085a00000, 0x0000000085b00000, 0x0000000085b00000|100%|HC|  |TAMS 0x0000000085a00000, 0x0000000085a00000| Complete 
|  63|0x0000000085b00000, 0x0000000085c00000, 0x0000000085c00000|100%|HC|  |TAMS 0x0000000085b00000, 0x0000000085b00000| Complete 
|  64|0x0000000085c00000, 0x0000000085d00000, 0x0000000085d00000|100%|HC|  |TAMS 0x0000000085c00000, 0x0000000085c00000| Complete 
|  65|0x0000000085d00000, 0x0000000085e00000, 0x0000000085e00000|100%|HC|  |TAMS 0x0000000085d00000, 0x0000000085d00000| Complete 
|  66|0x0000000085e00000, 0x0000000085f00000, 0x0000000085f00000|100%|HC|  |TAMS 0x0000000085e00000, 0x0000000085e00000| Complete 
|  67|0x0000000085f00000, 0x0000000086000000, 0x0000000086000000|100%|HC|  |TAMS 0x0000000085f00000, 0x0000000085f00000| Complete 
|  68|0x0000000086000000, 0x0000000086100000, 0x0000000086100000|100%|HC|  |TAMS 0x0000000086000000, 0x0000000086000000| Complete 
|  69|0x0000000086100000, 0x0000000086200000, 0x0000000086200000|100%|HC|  |TAMS 0x0000000086100000, 0x0000000086100000| Complete 
|  70|0x0000000086200000, 0x0000000086300000, 0x0000000086300000|100%|HC|  |TAMS 0x0000000086200000, 0x0000000086200000| Complete 
|  71|0x0000000086300000, 0x0000000086400000, 0x0000000086400000|100%|HC|  |TAMS 0x0000000086300000, 0x0000000086300000| Complete 
|  72|0x0000000086400000, 0x0000000086500000, 0x0000000086500000|100%|HC|  |TAMS 0x0000000086400000, 0x0000000086400000| Complete 
|  73|0x0000000086500000, 0x0000000086600000, 0x0000000086600000|100%|HC|  |TAMS 0x0000000086500000, 0x0000000086500000| Complete 
|  74|0x0000000086600000, 0x0000000086700000, 0x0000000086700000|100%|HC|  |TAMS 0x0000000086600000, 0x0000000086600000| Complete 
|  75|0x0000000086700000, 0x0000000086800000, 0x0000000086800000|100%|HC|  |TAMS 0x0000000086700000, 0x0000000086700000| Complete 
|  76|0x0000000086800000, 0x0000000086900000, 0x0000000086900000|100%|HC|  |TAMS 0x0000000086800000, 0x0000000086800000| Complete 
|  77|0x0000000086900000, 0x0000000086a00000, 0x0000000086a00000|100%|HC|  |TAMS 0x0000000086900000, 0x0000000086900000| Complete 
|  78|0x0000000086a00000, 0x0000000086b00000, 0x0000000086b00000|100%|HC|  |TAMS 0x0000000086a00000, 0x0000000086a00000| Complete 
|  79|0x0000000086b00000, 0x0000000086c00000, 0x0000000086c00000|100%|HC|  |TAMS 0x0000000086b00000, 0x0000000086b00000| Complete 
|  80|0x0000000086c00000, 0x0000000086d00000, 0x0000000086d00000|100%|HC|  |TAMS 0x0000000086c00000, 0x0000000086c00000| Complete 
|  81|0x0000000086d00000, 0x0000000086e00000, 0x0000000086e00000|100%|HC|  |TAMS 0x0000000086d00000, 0x0000000086d00000| Complete 
|  82|0x0000000086e00000, 0x0000000086f00000, 0x0000000086f00000|100%|HC|  |TAMS 0x0000000086e00000, 0x0000000086e00000| Complete 
|  83|0x0000000086f00000, 0x0000000087000000, 0x0000000087000000|100%|HC|  |TAMS 0x0000000086f00000, 0x0000000086f00000| Complete 
|  84|0x0000000087000000, 0x0000000087100000, 0x0000000087100000|100%|HC|  |TAMS 0x0000000087000000, 0x0000000087000000| Complete 
|  85|0x0000000087100000, 0x0000000087200000, 0x0000000087200000|100%|HC|  |TAMS 0x0000000087100000, 0x0000000087100000| Complete 
|  86|0x0000000087200000, 0x0000000087300000, 0x0000000087300000|100%|HC|  |TAMS 0x0000000087200000, 0x0000000087200000| Complete 
|  87|0x0000000087300000, 0x0000000087400000, 0x0000000087400000|100%|HC|  |TAMS 0x0000000087300000, 0x0000000087300000| Complete 
|  88|0x0000000087400000, 0x0000000087500000, 0x0000000087500000|100%|HC|  |TAMS 0x0000000087400000, 0x0000000087400000| Complete 
|  89|0x0000000087500000, 0x0000000087600000, 0x0000000087600000|100%|HC|  |TAMS 0x0000000087500000, 0x0000000087500000| Complete 
|  90|0x0000000087600000, 0x0000000087700000, 0x0000000087700000|100%|HC|  |TAMS 0x0000000087600000, 0x0000000087600000| Complete 
|  91|0x0000000087700000, 0x0000000087800000, 0x0000000087800000|100%|HC|  |TAMS 0x0000000087700000, 0x0000000087700000| Complete 
|  92|0x0000000087800000, 0x0000000087900000, 0x0000000087900000|100%|HC|  |TAMS 0x0000000087800000, 0x0000000087800000| Complete 
|  93|0x0000000087900000, 0x0000000087a00000, 0x0000000087a00000|100%|HC|  |TAMS 0x0000000087900000, 0x0000000087900000| Complete 
|  94|0x0000000087a00000, 0x0000000087b00000, 0x0000000087b00000|100%|HC|  |TAMS 0x0000000087a00000, 0x0000000087a00000| Complete 
|  95|0x0000000087b00000, 0x0000000087b00000, 0x0000000087c00000|  0%| F|  |TAMS 0x0000000087b00000, 0x0000000087b00000| Untracked 
|  96|0x0000000087c00000, 0x0000000087c00000, 0x0000000087d00000|  0%| F|  |TAMS 0x0000000087c00000, 0x0000000087c00000| Untracked 
|  97|0x0000000087d00000, 0x0000000087d48e60, 0x0000000087e00000| 28%| S|CS|TAMS 0x0000000087d00000, 0x0000000087d00000| Complete 
|  98|0x0000000087e00000, 0x0000000087f00000, 0x0000000087f00000|100%| S|CS|TAMS 0x0000000087e00000, 0x0000000087e00000| Complete 
|  99|0x0000000087f00000, 0x0000000088000000, 0x0000000088000000|100%| S|CS|TAMS 0x0000000087f00000, 0x0000000087f00000| Complete 
| 100|0x0000000088000000, 0x0000000088000000, 0x0000000088100000|  0%| F|  |TAMS 0x0000000088000000, 0x0000000088000000| Untracked 
| 101|0x0000000088100000, 0x0000000088100000, 0x0000000088200000|  0%| F|  |TAMS 0x0000000088100000, 0x0000000088100000| Untracked 
| 102|0x0000000088200000, 0x0000000088200000, 0x0000000088300000|  0%| F|  |TAMS 0x0000000088200000, 0x0000000088200000| Untracked 
| 103|0x0000000088300000, 0x0000000088300000, 0x0000000088400000|  0%| F|  |TAMS 0x0000000088300000, 0x0000000088300000| Untracked 
| 104|0x0000000088400000, 0x0000000088400000, 0x0000000088500000|  0%| F|  |TAMS 0x0000000088400000, 0x0000000088400000| Untracked 
| 105|0x0000000088500000, 0x0000000088500000, 0x0000000088600000|  0%| F|  |TAMS 0x0000000088500000, 0x0000000088500000| Untracked 
| 106|0x0000000088600000, 0x0000000088600000, 0x0000000088700000|  0%| F|  |TAMS 0x0000000088600000, 0x0000000088600000| Untracked 
| 107|0x0000000088700000, 0x0000000088700000, 0x0000000088800000|  0%| F|  |TAMS 0x0000000088700000, 0x0000000088700000| Untracked 
| 108|0x0000000088800000, 0x0000000088800000, 0x0000000088900000|  0%| F|  |TAMS 0x0000000088800000, 0x0000000088800000| Untracked 
| 109|0x0000000088900000, 0x0000000088900000, 0x0000000088a00000|  0%| F|  |TAMS 0x0000000088900000, 0x0000000088900000| Untracked 
| 110|0x0000000088a00000, 0x0000000088a00000, 0x0000000088b00000|  0%| F|  |TAMS 0x0000000088a00000, 0x0000000088a00000| Untracked 
| 111|0x0000000088b00000, 0x0000000088b00000, 0x0000000088c00000|  0%| F|  |TAMS 0x0000000088b00000, 0x0000000088b00000| Untracked 
| 112|0x0000000088c00000, 0x0000000088c00000, 0x0000000088d00000|  0%| F|  |TAMS 0x0000000088c00000, 0x0000000088c00000| Untracked 
| 113|0x0000000088d00000, 0x0000000088d00000, 0x0000000088e00000|  0%| F|  |TAMS 0x0000000088d00000, 0x0000000088d00000| Untracked 
| 114|0x0000000088e00000, 0x0000000088e00000, 0x0000000088f00000|  0%| F|  |TAMS 0x0000000088e00000, 0x0000000088e00000| Untracked 
| 115|0x0000000088f00000, 0x0000000088f00000, 0x0000000089000000|  0%| F|  |TAMS 0x0000000088f00000, 0x0000000088f00000| Untracked 
| 116|0x0000000089000000, 0x0000000089000000, 0x0000000089100000|  0%| F|  |TAMS 0x0000000089000000, 0x0000000089000000| Untracked 
| 117|0x0000000089100000, 0x0000000089100000, 0x0000000089200000|  0%| F|  |TAMS 0x0000000089100000, 0x0000000089100000| Untracked 
| 118|0x0000000089200000, 0x0000000089200000, 0x0000000089300000|  0%| F|  |TAMS 0x0000000089200000, 0x0000000089200000| Untracked 
| 119|0x0000000089300000, 0x0000000089300000, 0x0000000089400000|  0%| F|  |TAMS 0x0000000089300000, 0x0000000089300000| Untracked 
| 120|0x0000000089400000, 0x0000000089400000, 0x0000000089500000|  0%| F|  |TAMS 0x0000000089400000, 0x0000000089400000| Untracked 
| 121|0x0000000089500000, 0x0000000089500000, 0x0000000089600000|  0%| F|  |TAMS 0x0000000089500000, 0x0000000089500000| Untracked 
| 122|0x0000000089600000, 0x0000000089600000, 0x0000000089700000|  0%| F|  |TAMS 0x0000000089600000, 0x0000000089600000| Untracked 
| 123|0x0000000089700000, 0x0000000089700000, 0x0000000089800000|  0%| F|  |TAMS 0x0000000089700000, 0x0000000089700000| Untracked 
| 124|0x0000000089800000, 0x0000000089800000, 0x0000000089900000|  0%| F|  |TAMS 0x0000000089800000, 0x0000000089800000| Untracked 
| 125|0x0000000089900000, 0x0000000089900000, 0x0000000089a00000|  0%| F|  |TAMS 0x0000000089900000, 0x0000000089900000| Untracked 
| 126|0x0000000089a00000, 0x0000000089a00000, 0x0000000089b00000|  0%| F|  |TAMS 0x0000000089a00000, 0x0000000089a00000| Untracked 
| 127|0x0000000089b00000, 0x0000000089c00000, 0x0000000089c00000|100%| E|CS|TAMS 0x0000000089b00000, 0x0000000089b00000| Complete 
| 128|0x0000000089c00000, 0x0000000089c00000, 0x0000000089d00000|  0%| F|  |TAMS 0x0000000089c00000, 0x0000000089c00000| Untracked 
| 129|0x0000000089d00000, 0x0000000089d00000, 0x0000000089e00000|  0%| F|  |TAMS 0x0000000089d00000, 0x0000000089d00000| Untracked 
| 130|0x0000000089e00000, 0x0000000089e00000, 0x0000000089f00000|  0%| F|  |TAMS 0x0000000089e00000, 0x0000000089e00000| Untracked 
| 131|0x0000000089f00000, 0x0000000089f00000, 0x000000008a000000|  0%| F|  |TAMS 0x0000000089f00000, 0x0000000089f00000| Untracked 
| 132|0x000000008a000000, 0x000000008a000000, 0x000000008a100000|  0%| F|  |TAMS 0x000000008a000000, 0x000000008a000000| Untracked 
| 133|0x000000008a100000, 0x000000008a100000, 0x000000008a200000|  0%| F|  |TAMS 0x000000008a100000, 0x000000008a100000| Untracked 
| 134|0x000000008a200000, 0x000000008a200000, 0x000000008a300000|  0%| F|  |TAMS 0x000000008a200000, 0x000000008a200000| Untracked 
| 135|0x000000008a300000, 0x000000008a300000, 0x000000008a400000|  0%| F|  |TAMS 0x000000008a300000, 0x000000008a300000| Untracked 
| 136|0x000000008a400000, 0x000000008a400000, 0x000000008a500000|  0%| F|  |TAMS 0x000000008a400000, 0x000000008a400000| Untracked 
| 137|0x000000008a500000, 0x000000008a500000, 0x000000008a600000|  0%| F|  |TAMS 0x000000008a500000, 0x000000008a500000| Untracked 
| 138|0x000000008a600000, 0x000000008a600000, 0x000000008a700000|  0%| F|  |TAMS 0x000000008a600000, 0x000000008a600000| Untracked 
| 139|0x000000008a700000, 0x000000008a700000, 0x000000008a800000|  0%| F|  |TAMS 0x000000008a700000, 0x000000008a700000| Untracked 
| 140|0x000000008a800000, 0x000000008a800000, 0x000000008a900000|  0%| F|  |TAMS 0x000000008a800000, 0x000000008a800000| Untracked 
| 141|0x000000008a900000, 0x000000008a900000, 0x000000008aa00000|  0%| F|  |TAMS 0x000000008a900000, 0x000000008a900000| Untracked 
| 142|0x000000008aa00000, 0x000000008aa00000, 0x000000008ab00000|  0%| F|  |TAMS 0x000000008aa00000, 0x000000008aa00000| Untracked 
| 143|0x000000008ab00000, 0x000000008ab00000, 0x000000008ac00000|  0%| F|  |TAMS 0x000000008ab00000, 0x000000008ab00000| Untracked 
| 144|0x000000008ac00000, 0x000000008ac00000, 0x000000008ad00000|  0%| F|  |TAMS 0x000000008ac00000, 0x000000008ac00000| Untracked 
| 145|0x000000008ad00000, 0x000000008ad00000, 0x000000008ae00000|  0%| F|  |TAMS 0x000000008ad00000, 0x000000008ad00000| Untracked 
| 146|0x000000008ae00000, 0x000000008ae00000, 0x000000008af00000|  0%| F|  |TAMS 0x000000008ae00000, 0x000000008ae00000| Untracked 
| 147|0x000000008af00000, 0x000000008af00000, 0x000000008b000000|  0%| F|  |TAMS 0x000000008af00000, 0x000000008af00000| Untracked 
| 148|0x000000008b000000, 0x000000008b000000, 0x000000008b100000|  0%| F|  |TAMS 0x000000008b000000, 0x000000008b000000| Untracked 
| 149|0x000000008b100000, 0x000000008b1fcae0, 0x000000008b200000| 98%| E|  |TAMS 0x000000008b100000, 0x000000008b100000| Complete 
| 150|0x000000008b200000, 0x000000008b300000, 0x000000008b300000|100%| E|CS|TAMS 0x000000008b200000, 0x000000008b200000| Complete 
| 151|0x000000008b300000, 0x000000008b400000, 0x000000008b400000|100%| E|CS|TAMS 0x000000008b300000, 0x000000008b300000| Complete 
| 152|0x000000008b400000, 0x000000008b500000, 0x000000008b500000|100%| E|CS|TAMS 0x000000008b400000, 0x000000008b400000| Complete 
| 153|0x000000008b500000, 0x000000008b600000, 0x000000008b600000|100%| E|CS|TAMS 0x000000008b500000, 0x000000008b500000| Complete 
| 154|0x000000008b600000, 0x000000008b700000, 0x000000008b700000|100%| E|CS|TAMS 0x000000008b600000, 0x000000008b600000| Complete 
| 155|0x000000008b700000, 0x000000008b800000, 0x000000008b800000|100%| E|CS|TAMS 0x000000008b700000, 0x000000008b700000| Complete 
| 156|0x000000008b800000, 0x000000008b900000, 0x000000008b900000|100%| E|CS|TAMS 0x000000008b800000, 0x000000008b800000| Complete 
| 157|0x000000008b900000, 0x000000008ba00000, 0x000000008ba00000|100%| E|CS|TAMS 0x000000008b900000, 0x000000008b900000| Complete 
| 158|0x000000008ba00000, 0x000000008bb00000, 0x000000008bb00000|100%| E|CS|TAMS 0x000000008ba00000, 0x000000008ba00000| Complete 
| 159|0x000000008bb00000, 0x000000008bc00000, 0x000000008bc00000|100%| E|CS|TAMS 0x000000008bb00000, 0x000000008bb00000| Complete 
| 160|0x000000008bc00000, 0x000000008bd00000, 0x000000008bd00000|100%| E|CS|TAMS 0x000000008bc00000, 0x000000008bc00000| Complete 
| 161|0x000000008bd00000, 0x000000008be00000, 0x000000008be00000|100%| E|CS|TAMS 0x000000008bd00000, 0x000000008bd00000| Complete 
| 162|0x000000008be00000, 0x000000008bf00000, 0x000000008bf00000|100%| E|CS|TAMS 0x000000008be00000, 0x000000008be00000| Complete 
| 163|0x000000008bf00000, 0x000000008c000000, 0x000000008c000000|100%| E|CS|TAMS 0x000000008bf00000, 0x000000008bf00000| Complete 
| 164|0x000000008c000000, 0x000000008c100000, 0x000000008c100000|100%| E|CS|TAMS 0x000000008c000000, 0x000000008c000000| Complete 

Card table byte_map: [0x000001ccf40f0000,0x000001ccf44f0000] _byte_map_base: 0x000001ccf3ce2000

Marking Bits (Prev, Next): (CMBitMap*) 0x000001ccea658550, (CMBitMap*) 0x000001ccea658590
 Prev Bits: [0x000001ccf48f0000, 0x000001ccf6880000)
 Next Bits: [0x000001ccf6880000, 0x000001ccf8810000)

Polling page: 0x000001ccea6e0000

Metaspace:

Usage:
  Non-class:     12.52 MB used.
      Class:      1.49 MB used.
       Both:     14.01 MB used.

Virtual space:
  Non-class space:       64.00 MB reserved,      12.62 MB ( 20%) committed,  1 nodes.
      Class space:        1.00 GB reserved,       1.56 MB ( <1%) committed,  1 nodes.
             Both:        1.06 GB reserved,      14.19 MB (  1%) committed. 

Chunk freelists:
   Non-Class:  2.84 MB
       Class:  14.47 MB
        Both:  17.31 MB

MaxMetaspaceSize: unlimited
CompressedClassSpaceSize: 1.00 GB
Initial GC threshold: 21.00 MB
Current GC threshold: 22.62 MB
CDS: on
MetaspaceReclaimPolicy: balanced
 - commit_granule_bytes: 65536.
 - commit_granule_words: 8192.
 - virtual_space_node_default_size: 8388608.
 - enlarge_chunks_in_place: 1.
 - new_chunks_are_fully_committed: 0.
 - uncommit_free_chunks: 1.
 - use_allocation_guard: 0.
 - handle_deallocations: 1.


Internal statistics:

num_allocs_failed_limit: 0.
num_arena_births: 176.
num_arena_deaths: 0.
num_vsnodes_births: 2.
num_vsnodes_deaths: 0.
num_space_committed: 227.
num_space_uncommitted: 0.
num_chunks_returned_to_freelist: 0.
num_chunks_taken_from_freelist: 312.
num_chunk_merges: 0.
num_chunk_splits: 162.
num_chunks_enlarged: 57.
num_inconsistent_stats: 0.

CodeHeap 'non-profiled nmethods': size=120000Kb used=1103Kb max_used=1103Kb free=118896Kb
 bounds [0x000001cc87ad0000, 0x000001cc87d40000, 0x000001cc8f000000]
CodeHeap 'profiled nmethods': size=120000Kb used=5057Kb max_used=5057Kb free=114943Kb
 bounds [0x000001cc80000000, 0x000001cc80500000, 0x000001cc87530000]
CodeHeap 'non-nmethods': size=5760Kb used=1347Kb max_used=1440Kb free=4412Kb
 bounds [0x000001cc87530000, 0x000001cc877a0000, 0x000001cc87ad0000]
 total_blobs=3257 nmethods=2559 adapters=611
 compilation: enabled
              stopped_count=0, restarted_count=0
 full_count=0

Compilation events (20 events):
Event: 43.650 Thread 0x000001ccfae6b8f0 2553       3       net.miginfocom.layout.Grid::access$4300 (14 bytes)
Event: 43.651 Thread 0x000001ccfae6b8f0 nmethod 2553 0x000001cc804d1e10 code [0x000001cc804d1fa0, 0x000001cc804d20c8]
Event: 43.703 Thread 0x000001ccfae6b8f0 2554       3       net.miginfocom.layout.Grid$CompWrap::<init> (298 bytes)
Event: 43.710 Thread 0x000001ccfae6b8f0 nmethod 2554 0x000001cc804d2190 code [0x000001cc804d2480, 0x000001cc804d3bb8]
Event: 43.710 Thread 0x000001ccfae6b8f0 2555       3       net.miginfocom.layout.Grid::doAbsoluteCorrections (99 bytes)
Event: 43.713 Thread 0x000001ccfae6b8f0 nmethod 2555 0x000001cc804d4490 code [0x000001cc804d46a0, 0x000001cc804d4cc8]
Event: 43.713 Thread 0x000001ccfae6b8f0 2556       3       net.miginfocom.layout.Grid$CompWrap::access$1412 (12 bytes)
Event: 43.713 Thread 0x000001ccfae6b8f0 nmethod 2556 0x000001cc804d5010 code [0x000001cc804d51a0, 0x000001cc804d5298]
Event: 43.996 Thread 0x000001ccfae06ff0 2557       4       java.lang.Object::equals (11 bytes)
Event: 43.997 Thread 0x000001ccfae06ff0 nmethod 2557 0x000001cc87be3310 code [0x000001cc87be3480, 0x000001cc87be3518]
Event: 43.999 Thread 0x000001ccfae6b8f0 2558       3       net.miginfocom.layout.Grid::<init> (2646 bytes)
Event: 44.088 Thread 0x000001ccfae6b8f0 nmethod 2558 0x000001cc804d5390 code [0x000001cc804d67e0, 0x000001cc804e6a18]
Event: 44.088 Thread 0x000001ccfae6b8f0 2559       3       net.miginfocom.swing.SwingComponentWrapper::getVisualPadding (55 bytes)
Event: 44.091 Thread 0x000001ccfae6b8f0 nmethod 2559 0x000001cc804ee710 code [0x000001cc804ee940, 0x000001cc804ef0e8]
Event: 44.091 Thread 0x000001ccfae6b8f0 2560       3       net.miginfocom.layout.CC::getPadding (52 bytes)
Event: 44.092 Thread 0x000001ccfae6b8f0 nmethod 2560 0x000001cc804ef390 code [0x000001cc804ef580, 0x000001cc804efe78]
Event: 44.312 Thread 0x000001ccfae6b8f0 2561       3       sun.java2d.SunGraphics2D::drawImage (11 bytes)
Event: 44.313 Thread 0x000001ccfae6b8f0 nmethod 2561 0x000001cc804f0090 code [0x000001cc804f0240, 0x000001cc804f0388]
Event: 57.226 Thread 0x000001ccfae6b8f0 2562       1       com.sun.media.sound.AbstractDataLine::getBufferSize (5 bytes)
Event: 57.227 Thread 0x000001ccfae6b8f0 nmethod 2562 0x000001cc87be3610 code [0x000001cc87be37a0, 0x000001cc87be3878]

GC Heap History (10 events):
Event: 2.260 GC heap before
{Heap before GC invocations=0 (full 0):
 garbage-first heap   total 131072K, used 47104K [0x0000000081c00000, 0x0000000100000000)
  region size 1024K, 13 young (13312K), 0 survivors (0K)
 Metaspace       used 9078K, committed 9216K, reserved 1114112K
  class space    used 980K, committed 1024K, reserved 1048576K
}
Event: 2.271 GC heap after
{Heap after GC invocations=1 (full 0):
 garbage-first heap   total 131072K, used 36333K [0x0000000081c00000, 0x0000000100000000)
  region size 1024K, 2 young (2048K), 2 survivors (2048K)
 Metaspace       used 9078K, committed 9216K, reserved 1114112K
  class space    used 980K, committed 1024K, reserved 1048576K
}
Event: 2.696 GC heap before
{Heap before GC invocations=1 (full 0):
 garbage-first heap   total 131072K, used 57837K [0x0000000081c00000, 0x0000000100000000)
  region size 1024K, 16 young (16384K), 2 survivors (2048K)
 Metaspace       used 9325K, committed 9600K, reserved 1114112K
  class space    used 1023K, committed 1152K, reserved 1048576K
}
Event: 2.703 GC heap after
{Heap after GC invocations=2 (full 0):
 garbage-first heap   total 131072K, used 45180K [0x0000000081c00000, 0x0000000100000000)
  region size 1024K, 1 young (1024K), 1 survivors (1024K)
 Metaspace       used 9325K, committed 9600K, reserved 1114112K
  class space    used 1023K, committed 1152K, reserved 1048576K
}
Event: 5.244 GC heap before
{Heap before GC invocations=2 (full 0):
 garbage-first heap   total 131072K, used 71804K [0x0000000081c00000, 0x0000000100000000)
  region size 1024K, 16 young (16384K), 1 survivors (1024K)
 Metaspace       used 11824K, committed 12032K, reserved 1114112K
  class space    used 1340K, committed 1472K, reserved 1048576K
}
Event: 5.248 GC heap after
{Heap after GC invocations=3 (full 0):
 garbage-first heap   total 131072K, used 58035K [0x0000000081c00000, 0x0000000100000000)
  region size 1024K, 2 young (2048K), 2 survivors (2048K)
 Metaspace       used 11824K, committed 12032K, reserved 1114112K
  class space    used 1340K, committed 1472K, reserved 1048576K
}
Event: 5.297 GC heap before
{Heap before GC invocations=3 (full 0):
 garbage-first heap   total 131072K, used 63155K [0x0000000081c00000, 0x0000000100000000)
  region size 1024K, 4 young (4096K), 2 survivors (2048K)
 Metaspace       used 11874K, committed 12096K, reserved 1114112K
  class space    used 1344K, committed 1472K, reserved 1048576K
}
Event: 5.299 GC heap after
{Heap after GC invocations=4 (full 0):
 garbage-first heap   total 131072K, used 62225K [0x0000000081c00000, 0x0000000100000000)
  region size 1024K, 2 young (2048K), 2 survivors (2048K)
 Metaspace       used 11874K, committed 12096K, reserved 1114112K
  class space    used 1344K, committed 1472K, reserved 1048576K
}
Event: 32.760 GC heap before
{Heap before GC invocations=5 (full 0):
 garbage-first heap   total 131072K, used 87825K [0x0000000081c00000, 0x0000000100000000)
  region size 1024K, 28 young (28672K), 2 survivors (2048K)
 Metaspace       used 13630K, committed 13888K, reserved 1114112K
  class space    used 1496K, committed 1600K, reserved 1048576K
}
Event: 32.768 GC heap after
{Heap after GC invocations=6 (full 0):
 garbage-first heap   total 131072K, used 64259K [0x0000000081c00000, 0x0000000100000000)
  region size 1024K, 3 young (3072K), 3 survivors (3072K)
 Metaspace       used 13630K, committed 13888K, reserved 1114112K
  class space    used 1496K, committed 1600K, reserved 1048576K
}

Deoptimization events (20 events):
Event: 36.607 Thread 0x000001ccd02149f0 Uncommon trap: trap_request=0xffffff45 fr.pc=0x000001cc87b4aad8 relative=0x0000000000000678
Event: 36.607 Thread 0x000001ccd02149f0 Uncommon trap: reason=unstable_if action=reinterpret pc=0x000001cc87b4aad8 method=java.awt.image.ComponentColorModel.getRGB(Ljava/lang/Object;)I @ 4 c2
Event: 36.607 Thread 0x000001ccd02149f0 DEOPT PACKING pc=0x000001cc87b4aad8 sp=0x000000278b0fd7f0
Event: 36.607 Thread 0x000001ccd02149f0 DEOPT UNPACKING pc=0x000001cc8758239d sp=0x000000278b0fd738 mode 2
Event: 36.607 Thread 0x000001ccd02149f0 Uncommon trap: trap_request=0xffffff45 fr.pc=0x000001cc87b4c244 relative=0x0000000000000124
Event: 36.607 Thread 0x000001ccd02149f0 Uncommon trap: reason=unstable_if action=reinterpret pc=0x000001cc87b4c244 method=java.awt.image.ComponentColorModel.getAlpha(Ljava/lang/Object;)I @ 4 c2
Event: 36.607 Thread 0x000001ccd02149f0 DEOPT PACKING pc=0x000001cc87b4c244 sp=0x000000278b0fd710
Event: 36.607 Thread 0x000001ccd02149f0 DEOPT UNPACKING pc=0x000001cc8758239d sp=0x000000278b0fd678 mode 2
Event: 36.607 Thread 0x000001ccd02149f0 Uncommon trap: trap_request=0xffffff45 fr.pc=0x000001cc87b479d8 relative=0x0000000000000138
Event: 36.607 Thread 0x000001ccd02149f0 Uncommon trap: reason=unstable_if action=reinterpret pc=0x000001cc87b479d8 method=java.awt.image.ComponentColorModel.extractComponent(Ljava/lang/Object;II)I @ 4 c2
Event: 36.607 Thread 0x000001ccd02149f0 DEOPT PACKING pc=0x000001cc87b479d8 sp=0x000000278b0fd690
Event: 36.607 Thread 0x000001ccd02149f0 DEOPT UNPACKING pc=0x000001cc8758239d sp=0x000000278b0fd5d8 mode 2
Event: 36.607 Thread 0x000001ccd02149f0 Uncommon trap: trap_request=0xffffff45 fr.pc=0x000001cc87b4b680 relative=0x0000000000000240
Event: 36.607 Thread 0x000001ccd02149f0 Uncommon trap: reason=unstable_if action=reinterpret pc=0x000001cc87b4b680 method=java.awt.image.ComponentColorModel.getAlpha(Ljava/lang/Object;)I @ 4 c2
Event: 36.607 Thread 0x000001ccd02149f0 DEOPT PACKING pc=0x000001cc87b4b680 sp=0x000000278b0fd790
Event: 36.607 Thread 0x000001ccd02149f0 DEOPT UNPACKING pc=0x000001cc8758239d sp=0x000000278b0fd690 mode 2
Event: 36.609 Thread 0x000001ccd02149f0 Uncommon trap: trap_request=0xffffff45 fr.pc=0x000001cc87b67c94 relative=0x0000000000000a74
Event: 36.609 Thread 0x000001ccd02149f0 Uncommon trap: reason=unstable_if action=reinterpret pc=0x000001cc87b67c94 method=java.awt.image.ComponentColorModel.getAlpha(Ljava/lang/Object;)I @ 4 c2
Event: 36.609 Thread 0x000001ccd02149f0 DEOPT PACKING pc=0x000001cc87b67c94 sp=0x000000278b0fd880
Event: 36.609 Thread 0x000001ccd02149f0 DEOPT UNPACKING pc=0x000001cc8758239d sp=0x000000278b0fd698 mode 2

Classes unloaded (0 events):
No events

Classes redefined (0 events):
No events

Internal exceptions (20 events):
Event: 0.466 Thread 0x000001ccea5fdf70 Exception <a 'java/io/FileNotFoundException'{0x0000000089ada2f8}> (0x0000000089ada2f8) 
thrown [s\open\src\hotspot\share\prims\jni.cpp, line 516]
Event: 0.629 Thread 0x000001ccea5fdf70 Exception <a 'java/lang/NoSuchMethodError'{0x0000000089922290}: 'java.lang.Object java.lang.invoke.DirectMethodHandle$Holder.invokeStaticInit(java.lang.Object)'> (0x0000000089922290) 
thrown [s\open\src\hotspot\share\interpreter\linkResolver.cpp, line 759]
Event: 0.682 Thread 0x000001ccff299830 Exception <a 'java/lang/NoSuchMethodError'{0x0000000089994680}: 'java.lang.Object java.lang.invoke.DirectMethodHandle$Holder.newInvokeSpecial(java.lang.Object, java.lang.Object, java.lang.Object, int, int, int, int, int)'> (0x0000000089994680) 
thrown [s\open\src\hotspot\share\interpreter\linkResolver.cpp, line 759]
Event: 0.794 Thread 0x000001ccea5fdf70 Exception <a 'java/lang/NoSuchMethodError'{0x0000000089838b78}: 'void java.lang.invoke.DirectMethodHandle$Holder.invokeSpecial(java.lang.Object, java.lang.Object, java.lang.Object)'> (0x0000000089838b78) 
thrown [s\open\src\hotspot\share\interpreter\linkResolver.cpp, line 759]
Event: 0.809 Thread 0x000001ccea5fdf70 Exception <a 'java/lang/NoSuchMethodError'{0x0000000089863120}: 'java.lang.Object java.lang.invoke.DirectMethodHandle$Holder.newInvokeSpecial(java.lang.Object, java.lang.Object, java.lang.Object, java.lang.Object, java.lang.Object)'> (0x0000000089863120) 
thrown [s\open\src\hotspot\share\interpreter\linkResolver.cpp, line 759]
Event: 0.813 Thread 0x000001ccea5fdf70 Exception <a 'java/lang/NoSuchMethodError'{0x000000008986eae8}: 'java.lang.Object java.lang.invoke.DirectMethodHandle$Holder.invokeStatic(java.lang.Object, int, java.lang.Object, java.lang.Object, java.lang.Object, java.lang.Object)'> (0x000000008986eae8) 
thrown [s\open\src\hotspot\share\interpreter\linkResolver.cpp, line 759]
Event: 0.827 Thread 0x000001ccea5fdf70 Exception <a 'java/lang/NoSuchMethodError'{0x00000000898944f0}: 'java.lang.Object java.lang.invoke.DirectMethodHandle$Holder.invokeStatic(java.lang.Object, int, java.lang.Object)'> (0x00000000898944f0) 
thrown [s\open\src\hotspot\share\interpreter\linkResolver.cpp, line 759]
Event: 0.917 Thread 0x000001ccea5fdf70 Exception <a 'java/lang/ClassNotFoundException'{0x00000000897501e0}: com/sun/swing/internal/plaf/metal/resources/spi/metalProvider> (0x00000000897501e0) 
thrown [s\open\src\hotspot\share\classfile\systemDictionary.cpp, line 256]
Event: 0.919 Thread 0x000001ccea5fdf70 Exception <a 'java/lang/ClassNotFoundException'{0x0000000089753e20}: com/sun/swing/internal/plaf/basic/resources/spi/basicProvider> (0x0000000089753e20) 
thrown [s\open\src\hotspot\share\classfile\systemDictionary.cpp, line 256]
Event: 1.202 Thread 0x000001ccea5fdf70 Exception <a 'java/lang/ClassNotFoundException'{0x00000000895282f8}: java/lang/ObjectCustomizer> (0x00000000895282f8) 
thrown [s\open\src\hotspot\share\classfile\systemDictionary.cpp, line 256]
Event: 1.219 Thread 0x000001ccea5fdf70 Exception <a 'java/lang/NoSuchMethodError'{0x000000008952f9c0}: 'java.lang.Object java.lang.invoke.DirectMethodHandle$Holder.invokeInterface(java.lang.Object, java.lang.Object)'> (0x000000008952f9c0) 
thrown [s\open\src\hotspot\share\interpreter\linkResolver.cpp, line 759]
Event: 1.221 Thread 0x000001ccea5fdf70 Exception <a 'java/lang/IncompatibleClassChangeError'{0x0000000089533258}: Found class java.lang.Object, but interface was expected> (0x0000000089533258) 
thrown [s\open\src\hotspot\share\interpreter\linkResolver.cpp, line 826]
Event: 1.253 Thread 0x000001ccea5fdf70 Exception <a 'java/lang/ClassNotFoundException'{0x000000008956f278}: net/miginfocom/layout/UnitValueCustomizer> (0x000000008956f278) 
thrown [s\open\src\hotspot\share\classfile\systemDictionary.cpp, line 256]
Event: 1.267 Thread 0x000001ccea5fdf70 Exception <a 'java/lang/ClassNotFoundException'{0x0000000089583630}: java/lang/ObjectCustomizer> (0x0000000089583630) 
thrown [s\open\src\hotspot\share\classfile\systemDictionary.cpp, line 256]
Event: 1.269 Thread 0x000001ccea5fdf70 Exception <a 'java/lang/ClassNotFoundException'{0x0000000089588830}: net/miginfocom/layout/BoundSizeCustomizer> (0x0000000089588830) 
thrown [s\open\src\hotspot\share\classfile\systemDictionary.cpp, line 256]
Event: 1.322 Thread 0x000001ccea5fdf70 Exception <a 'java/lang/NoSuchMethodError'{0x00000000895d0c30}: 'java.lang.Object java.lang.invoke.DirectMethodHandle$Holder.invokeStaticInit(java.lang.Object, int, int, int, int)'> (0x00000000895d0c30) 
thrown [s\open\src\hotspot\share\interpreter\linkResolver.cpp, line 759]
Event: 1.412 Thread 0x000001ccea5fdf70 Exception <a 'java/lang/NoSuchMethodError'{0x0000000089408e48}: 'java.lang.Object java.lang.invoke.DirectMethodHandle$Holder.invokeStaticInit(java.lang.Object, java.lang.Object, int, int, int, int)'> (0x0000000089408e48) 
thrown [s\open\src\hotspot\share\interpreter\linkResolver.cpp, line 759]
Event: 4.947 Thread 0x000001ccff2c29d0 Exception <a 'java/lang/NoSuchMethodError'{0x0000000088e083d8}: 'void java.lang.invoke.DirectMethodHandle$Holder.invokeVirtual(java.lang.Object, java.lang.Object)'> (0x0000000088e083d8) 
thrown [s\open\src\hotspot\share\interpreter\linkResolver.cpp, line 759]
Event: 5.074 Thread 0x000001ccea5fdf70 Exception <a 'java/lang/NoSuchMethodError'{0x0000000088fedcb8}: 'void java.lang.invoke.DirectMethodHandle$Holder.invokeStaticInit(java.lang.Object)'> (0x0000000088fedcb8) 
thrown [s\open\src\hotspot\share\interpreter\linkResolver.cpp, line 759]
Event: 5.847 Thread 0x000001ccd02149f0 Implicit null exception at 0x000001cc87b6ba00 to 0x000001cc87b6bef4

VM Operations (20 events):
Event: 35.918 Executing VM operation: Cleanup
Event: 35.933 Executing VM operation: Cleanup done
Event: 36.502 Executing VM operation: HandshakeAllThreads
Event: 36.502 Executing VM operation: HandshakeAllThreads done
Event: 37.503 Executing VM operation: Cleanup
Event: 37.519 Executing VM operation: Cleanup done
Event: 38.528 Executing VM operation: Cleanup
Event: 38.544 Executing VM operation: Cleanup done
Event: 39.552 Executing VM operation: Cleanup
Event: 39.552 Executing VM operation: Cleanup done
Event: 40.560 Executing VM operation: Cleanup
Event: 40.560 Executing VM operation: Cleanup done
Event: 41.570 Executing VM operation: Cleanup
Event: 41.571 Executing VM operation: Cleanup done
Event: 42.581 Executing VM operation: Cleanup
Event: 42.581 Executing VM operation: Cleanup done
Event: 43.596 Executing VM operation: Cleanup
Event: 43.596 Executing VM operation: Cleanup done
Event: 44.609 Executing VM operation: Cleanup
Event: 44.609 Executing VM operation: Cleanup done

Events (20 events):
Event: 36.396 Thread 0x000001ccd029feb0 Thread added: 0x000001ccd029feb0
Event: 36.451 loading class sun/font/CompositeStrike
Event: 36.475 loading class sun/font/CompositeStrike done
Event: 36.501 loading class sun/font/CompositeGlyphMapper
Event: 36.501 loading class sun/font/CompositeGlyphMapper done
Event: 36.513 loading class java/awt/GridLayout
Event: 36.513 loading class java/awt/GridLayout done
Event: 36.543 loading class sun/font/SunFontManager$FamilyDescription
Event: 36.544 loading class sun/font/SunFontManager$FamilyDescription done
Event: 36.545 loading class sun/font/SunFontManager$5
Event: 36.545 loading class sun/font/SunFontManager$5 done
Event: 36.599 Thread 0x000001ccd0530510 Thread added: 0x000001ccd0530510
Event: 37.523 Thread 0x000001ccd0530510 Thread exited: 0x000001ccd0530510
Event: 37.538 Thread 0x000001ccd029e050 Thread added: 0x000001ccd029e050
Event: 37.676 loading class javax/swing/Autoscroller
Event: 37.701 loading class javax/swing/Autoscroller done
Event: 41.434 Thread 0x000001ccd029ef80 Thread exited: 0x000001ccd029ef80
Event: 41.446 Thread 0x000001ccd029feb0 Thread exited: 0x000001ccd029feb0
Event: 44.392 loading class java/awt/LightweightDispatcher$2
Event: 44.392 loading class java/awt/LightweightDispatcher$2 done


Dynamic libraries:
0x00007ff6f95f0000 - 0x00007ff6f9600000 	C:\Program Files\Java\jdk-17\bin\javaw.exe
0x00007ffc0ea70000 - 0x00007ffc0ec68000 	C:\WINDOWS\SYSTEM32\ntdll.dll
0x00007ffc0cd80000 - 0x00007ffc0ce3d000 	C:\WINDOWS\System32\KERNEL32.DLL
0x00007ffc0c5f0000 - 0x00007ffc0c8e6000 	C:\WINDOWS\System32\KERNELBASE.dll
0x00007ffc0c150000 - 0x00007ffc0c250000 	C:\WINDOWS\System32\ucrtbase.dll
0x00007ffc00270000 - 0x00007ffc00289000 	C:\Program Files\Java\jdk-17\bin\jli.dll
0x00007ffc0e210000 - 0x00007ffc0e2bf000 	C:\WINDOWS\System32\ADVAPI32.dll
0x00007ffc0e720000 - 0x00007ffc0e7be000 	C:\WINDOWS\System32\msvcrt.dll
0x00007ffc0d4c0000 - 0x00007ffc0d55c000 	C:\WINDOWS\System32\sechost.dll
0x00007ffc0d320000 - 0x00007ffc0d446000 	C:\WINDOWS\System32\RPCRT4.dll
0x00007ffc0cad0000 - 0x00007ffc0cc6e000 	C:\WINDOWS\System32\USER32.dll
0x00007ffc0c250000 - 0x00007ffc0c272000 	C:\WINDOWS\System32\win32u.dll
0x00007ffc0e7c0000 - 0x00007ffc0e7ec000 	C:\WINDOWS\System32\GDI32.dll
0x00007ffc0c8f0000 - 0x00007ffc0ca0a000 	C:\WINDOWS\System32\gdi32full.dll
0x00007ffc0c500000 - 0x00007ffc0c59d000 	C:\WINDOWS\System32\msvcp_win.dll
0x00007ffbf5620000 - 0x00007ffbf563b000 	C:\Program Files\Java\jdk-17\bin\VCRUNTIME140.dll
0x00007ffbf6b00000 - 0x00007ffbf6d9a000 	C:\WINDOWS\WinSxS\amd64_microsoft.windows.common-controls_6595b64144ccf1df_6.0.19041.3636_none_60b6a03d71f818d5\COMCTL32.dll
0x00007ffbfac30000 - 0x00007ffbfac3a000 	C:\WINDOWS\SYSTEM32\VERSION.dll
0x00007ffc0e6f0000 - 0x00007ffc0e720000 	C:\WINDOWS\System32\IMM32.DLL
0x00007ffbf64b0000 - 0x00007ffbf64bc000 	C:\Program Files\Java\jdk-17\bin\vcruntime140_1.dll
0x00007ffbd4ad0000 - 0x00007ffbd4b5e000 	C:\Program Files\Java\jdk-17\bin\msvcp140.dll
0x00007ffb95240000 - 0x00007ffb95e21000 	C:\Program Files\Java\jdk-17\bin\server\jvm.dll
0x00007ffc0cd50000 - 0x00007ffc0cd58000 	C:\WINDOWS\System32\PSAPI.DLL
0x00007ffbeef30000 - 0x00007ffbeef39000 	C:\WINDOWS\SYSTEM32\WSOCK32.dll
0x00007ffc0dcb0000 - 0x00007ffc0dd1b000 	C:\WINDOWS\System32\WS2_32.dll
0x00007ffbee3c0000 - 0x00007ffbee3e7000 	C:\WINDOWS\SYSTEM32\WINMM.dll
0x00007ffc09f10000 - 0x00007ffc09f22000 	C:\WINDOWS\SYSTEM32\kernel.appcore.dll
0x00007ffbf46d0000 - 0x00007ffbf46da000 	C:\Program Files\Java\jdk-17\bin\jimage.dll
0x00007ffc09810000 - 0x00007ffc099f4000 	C:\WINDOWS\SYSTEM32\DBGHELP.DLL
0x00007ffbe31d0000 - 0x00007ffbe3204000 	C:\WINDOWS\SYSTEM32\dbgcore.DLL
0x00007ffc0ca40000 - 0x00007ffc0cac2000 	C:\WINDOWS\System32\bcryptPrimitives.dll
0x00007ffbe32a0000 - 0x00007ffbe32c5000 	C:\Program Files\Java\jdk-17\bin\java.dll
0x00007ffbd4850000 - 0x00007ffbd4927000 	C:\Program Files\Java\jdk-17\bin\jsvml.dll
0x00007ffc0d560000 - 0x00007ffc0dca5000 	C:\WINDOWS\System32\SHELL32.dll
0x00007ffc0a210000 - 0x00007ffc0a9ab000 	C:\WINDOWS\SYSTEM32\windows.storage.dll
0x00007ffc0cfc0000 - 0x00007ffc0d314000 	C:\WINDOWS\System32\combase.dll
0x00007ffc0bb20000 - 0x00007ffc0bb4d000 	C:\WINDOWS\SYSTEM32\Wldp.dll
0x00007ffc0e7f0000 - 0x00007ffc0e89d000 	C:\WINDOWS\System32\SHCORE.dll
0x00007ffc0d450000 - 0x00007ffc0d4a5000 	C:\WINDOWS\System32\shlwapi.dll
0x00007ffc0c080000 - 0x00007ffc0c0a5000 	C:\WINDOWS\SYSTEM32\profapi.dll
0x00007ffbe55a0000 - 0x00007ffbe55b9000 	C:\Program Files\Java\jdk-17\bin\net.dll
0x00007ffc034c0000 - 0x00007ffc035ca000 	C:\WINDOWS\SYSTEM32\WINHTTP.dll
0x00007ffc0b880000 - 0x00007ffc0b8ea000 	C:\WINDOWS\system32\mswsock.dll
0x00007ffbe3ff0000 - 0x00007ffbe4006000 	C:\Program Files\Java\jdk-17\bin\nio.dll
0x00007ffbe3de0000 - 0x00007ffbe3df8000 	C:\Program Files\Java\jdk-17\bin\zip.dll
0x00007ffbb52d0000 - 0x00007ffbb5461000 	C:\Program Files\Java\jdk-17\bin\awt.dll
0x00007ffc0e8a0000 - 0x00007ffc0e96d000 	C:\WINDOWS\System32\OLEAUT32.dll
0x00007ffc09590000 - 0x00007ffc09620000 	C:\WINDOWS\SYSTEM32\apphelp.dll
0x00007ffc09b20000 - 0x00007ffc09bbe000 	C:\WINDOWS\system32\uxtheme.dll
0x00007ffc0ce40000 - 0x00007ffc0cf54000 	C:\WINDOWS\System32\MSCTF.dll
0x00007ffc0e530000 - 0x00007ffc0e65b000 	C:\WINDOWS\System32\ole32.dll
0x00007ffc09ee0000 - 0x00007ffc09f0f000 	C:\WINDOWS\system32\DWMAPI.DLL
0x00007ffbf5640000 - 0x00007ffbf5650000 	C:\Program Files\Java\jdk-17\bin\verify.dll
0x00007ffc0ba70000 - 0x00007ffc0ba88000 	C:\WINDOWS\SYSTEM32\CRYPTSP.dll
0x00007ffc0b150000 - 0x00007ffc0b184000 	C:\WINDOWS\system32\rsaenh.dll
0x00007ffc0ca10000 - 0x00007ffc0ca37000 	C:\WINDOWS\System32\bcrypt.dll
0x00007ffc0c040000 - 0x00007ffc0c06e000 	C:\WINDOWS\SYSTEM32\USERENV.dll
0x00007ffc0ba90000 - 0x00007ffc0ba9c000 	C:\WINDOWS\SYSTEM32\CRYPTBASE.dll
0x00007ffc0b510000 - 0x00007ffc0b54b000 	C:\WINDOWS\SYSTEM32\IPHLPAPI.DLL
0x00007ffc0d4b0000 - 0x00007ffc0d4b8000 	C:\WINDOWS\System32\NSI.dll
0x00007ffbf74f0000 - 0x00007ffbf7507000 	C:\WINDOWS\SYSTEM32\dhcpcsvc6.DLL
0x00007ffbf86e0000 - 0x00007ffbf86fd000 	C:\WINDOWS\SYSTEM32\dhcpcsvc.DLL
0x00007ffc0b5b0000 - 0x00007ffc0b67a000 	C:\WINDOWS\SYSTEM32\DNSAPI.dll
0x00007ffbd47c0000 - 0x00007ffbd4847000 	C:\Program Files\Java\jdk-17\bin\freetype.dll
0x00007ffbbfbe0000 - 0x00007ffbbfcb3000 	C:\Program Files\Java\jdk-17\bin\fontmanager.dll
0x00007ffbf4770000 - 0x00007ffbf4782000 	C:\Program Files\Java\jdk-17\bin\jsound.dll
0x00007ffbb5a20000 - 0x00007ffbb5abc000 	C:\WINDOWS\SYSTEM32\DSOUND.dll
0x00007ffc0bbe0000 - 0x00007ffc0bc2b000 	C:\WINDOWS\SYSTEM32\powrprof.dll
0x00007ffbec640000 - 0x00007ffbec666000 	C:\WINDOWS\SYSTEM32\winmmbase.dll
0x00007ffc0bb50000 - 0x00007ffc0bb62000 	C:\WINDOWS\SYSTEM32\UMPDC.dll
0x00007ffc0e2c0000 - 0x00007ffc0e369000 	C:\WINDOWS\System32\clbcatq.dll
0x00007ffbfb280000 - 0x00007ffbfb305000 	C:\WINDOWS\System32\MMDevApi.dll
0x00007ffc0bee0000 - 0x00007ffc0bf13000 	C:\WINDOWS\System32\DEVOBJ.dll
0x00007ffc0c5a0000 - 0x00007ffc0c5ee000 	C:\WINDOWS\System32\cfgmgr32.dll
0x00007ffbd8ac0000 - 0x00007ffbd8b06000 	C:\WINDOWS\SYSTEM32\wdmaud.drv
0x00007ffc071d0000 - 0x00007ffc071da000 	C:\WINDOWS\SYSTEM32\AVRT.dll
0x00007ffc01360000 - 0x00007ffc01369000 	C:\WINDOWS\SYSTEM32\ksuser.dll
0x00007ffbfb310000 - 0x00007ffbfb492000 	C:\WINDOWS\SYSTEM32\AUDIOSES.DLL
0x00007ffc076a0000 - 0x00007ffc076ad000 	C:\WINDOWS\SYSTEM32\msacm32.drv
0x00007ffc07810000 - 0x00007ffc0782e000 	C:\WINDOWS\SYSTEM32\MSACM32.dll
0x00007ffc07690000 - 0x00007ffc0769b000 	C:\WINDOWS\SYSTEM32\midimap.dll
0x00007ffc09bf0000 - 0x00007ffc09c04000 	C:\WINDOWS\SYSTEM32\resourcepolicyclient.dll
0x00007ffbfa9e0000 - 0x00007ffbfab21000 	C:\Windows\System32\Windows.UI.dll
0x00007ffc03eb0000 - 0x00007ffc03f51000 	C:\Windows\System32\WindowManagementAPI.dll
0x00007ffbfa770000 - 0x00007ffbfa869000 	C:\Windows\System32\TextInputFramework.dll
0x00007ffbfa610000 - 0x00007ffbfa762000 	C:\Windows\System32\InputHost.dll
0x00007ffc08590000 - 0x00007ffc086e5000 	C:\WINDOWS\SYSTEM32\wintypes.dll
0x00007ffc03b40000 - 0x00007ffc03d43000 	C:\WINDOWS\SYSTEM32\twinapi.appcore.dll
0x00007ffc09270000 - 0x00007ffc09362000 	C:\Windows\System32\CoreMessaging.dll
0x00007ffc08f10000 - 0x00007ffc0926b000 	C:\Windows\System32\CoreUIComponents.dll
0x00007ffc086f0000 - 0x00007ffc087e6000 	C:\Windows\System32\PROPSYS.dll
0x00007ffc0b270000 - 0x00007ffc0b2a3000 	C:\WINDOWS\SYSTEM32\ntmarta.dll
0x00007ffbb3f50000 - 0x00007ffbb4075000 	C:\WINDOWS\system32\opengl32.dll
0x00007ffbe9b60000 - 0x00007ffbe9b8c000 	C:\WINDOWS\SYSTEM32\GLU32.dll
0x00007ffbf0a00000 - 0x00007ffbf0a66000 	C:\WINDOWS\system32\Oleacc.dll
0x00007ffc03860000 - 0x00007ffc03a14000 	C:\WINDOWS\SYSTEM32\WindowsCodecs.dll
0x00007ffbdcf60000 - 0x00007ffbdcf9e000 	C:\WINDOWS\system32\dataexchange.dll
0x00007ffc08320000 - 0x00007ffc08583000 	C:\WINDOWS\system32\d3d11.dll
0x00007ffc087f0000 - 0x00007ffc089d3000 	C:\WINDOWS\system32\dcomp.dll
0x00007ffc0aa10000 - 0x00007ffc0ab03000 	C:\WINDOWS\system32\dxgi.dll

dbghelp: loaded successfully - version: 4.0.5 - missing functions: none
symbol engine: initialized successfully - sym options: 0x614 - pdb path: .;C:\Program Files\Java\jdk-17\bin;C:\WINDOWS\SYSTEM32;C:\WINDOWS\WinSxS\amd64_microsoft.windows.common-controls_6595b64144ccf1df_6.0.19041.3636_none_60b6a03d71f818d5;C:\Program Files\Java\jdk-17\bin\server

VM Arguments:
jvm_args: -Dfile.encoding=windows-1252 -Dstdout.encoding=windows-1252 -Dstderr.encoding=windows-1252 -XX:+ShowCodeDetailsInExceptionMessages 
java_command: main.Main
java_class_path (initial): C:\Users\cymax\git\pokemon\Summative\bin;C:\Users\cymax\git\pokemon\Summative\miglayout15-swing.jar;C:\Users\cymax\git\pokemon\Summative\jgoodies-forms-1.8.0.jar
Launcher Type: SUN_STANDARD

[Global flags]
     intx CICompilerCount                          = 3                                         {product} {ergonomic}
     uint ConcGCThreads                            = 1                                         {product} {ergonomic}
     uint G1ConcRefinementThreads                  = 4                                         {product} {ergonomic}
   size_t G1HeapRegionSize                         = 1048576                                   {product} {ergonomic}
    uintx GCDrainStackTargetSize                   = 64                                        {product} {ergonomic}
   size_t InitialHeapSize                          = 134217728                                 {product} {ergonomic}
   size_t MarkStackSize                            = 4194304                                   {product} {ergonomic}
   size_t MaxHeapSize                              = 2118123520                                {product} {ergonomic}
   size_t MaxNewSize                               = 1270874112                                {product} {ergonomic}
   size_t MinHeapDeltaBytes                        = 1048576                                   {product} {ergonomic}
   size_t MinHeapSize                              = 8388608                                   {product} {ergonomic}
    uintx NonNMethodCodeHeapSize                   = 5832780                                {pd product} {ergonomic}
    uintx NonProfiledCodeHeapSize                  = 122912730                              {pd product} {ergonomic}
    uintx ProfiledCodeHeapSize                     = 122912730                              {pd product} {ergonomic}
    uintx ReservedCodeCacheSize                    = 251658240                              {pd product} {ergonomic}
     bool SegmentedCodeCache                       = true                                      {product} {ergonomic}
     bool ShowCodeDetailsInExceptionMessages       = true                                   {manageable} {command line}
   size_t SoftMaxHeapSize                          = 2118123520                             {manageable} {ergonomic}
     bool UseCompressedClassPointers               = true                           {product lp64_product} {ergonomic}
     bool UseCompressedOops                        = true                           {product lp64_product} {ergonomic}
     bool UseG1GC                                  = true                                      {product} {ergonomic}
     bool UseLargePagesIndividualAllocation        = false                                  {pd product} {ergonomic}

Logging:
Log output configuration:
 #0: stdout all=warning uptime,level,tags
 #1: stderr all=off uptime,level,tags

Environment Variables:
JAVA_HOME=C:\Program Files\Java\jdk1.8.0_291
PATH=C:/Users/cymax/.p2/pool/plugins/org.eclipse.justj.openjdk.hotspot.jre.full.win32.x86_64_17.0.9.v20231028-0858/jre/bin/server;C:/Users/cymax/.p2/pool/plugins/org.eclipse.justj.openjdk.hotspot.jre.full.win32.x86_64_17.0.9.v20231028-0858/jre/bin;C:\Program Files\Common Files\Oracle\Java\javapath;C:\Program Files (x86)\Common Files\Oracle\Java\javapath;C:\Program Files (x86)\Common Files\Intel\Shared Libraries\redist\intel64\compiler;C:\WINDOWS\system32;C:\WINDOWS;C:\WINDOWS\System32\Wbem;C:\WINDOWS\System32\WindowsPowerShell\v1.0\;C:\WINDOWS\System32\OpenSSH\;C:\Program Files (x86)\IVI Foundation\VISA\WinNT\Bin;C:\Program Files\dotnet\;C:\Users\cymax\AppData\Local\Microsoft\WindowsApps;;C:\Program Files\JetBrains\IntelliJ IDEA Community Edition 2019.3.3\bin;;C:\Users\cymax\AppData\Local\Programs\Microsoft VS Code\bin;C:\WINDOWS\system32;
USERNAME=cymax
OS=Windows_NT
PROCESSOR_IDENTIFIER=Intel64 Family 6 Model 142 Stepping 9, GenuineIntel



---------------  S Y S T E M  ---------------

OS:
 Windows 10 , 64 bit Build 19041 (10.0.19041.3636)
OS uptime: 2 days 11:32 hours

CPU: total 4 (initial active 4) (2 cores per cpu, 2 threads per core) family 6 model 142 stepping 9 microcode 0xf0, cx8, cmov, fxsr, ht, mmx, 3dnowpref, sse, sse2, sse3, ssse3, sse4.1, sse4.2, popcnt, lzcnt, tsc, tscinvbit, aes, erms, clmul, clflush, clflushopt

Memory: 4k page, system-wide physical 8076M (864M free)
TotalPageFile size 9981M (AvailPageFile size 2M)
current process WorkingSet (physical memory assigned to process): 212M, peak: 266M
current process commit charge ("private bytes"): 271M, peak: 326M

vm_info: Java HotSpot(TM) 64-Bit Server VM (17.0.9+11-LTS-201) for windows-amd64 JRE (17.0.9+11-LTS-201), built on Oct 10 2023 23:16:06 by "mach5one" with MS VC++ 17.1 (VS2022)

END.
