#
# There is insufficient memory for the Java Runtime Environment to continue.
# Native memory allocation (malloc) failed to allocate 34707644 bytes for AllocateHeap
# Possible reasons:
#   The system is out of physical RAM or swap space
#   The process is running with CompressedOops enabled, and the Java Heap may be blocking the growth of the native heap
# Possible solutions:
#   Reduce memory load on the system
#   Increase physical memory or swap space
#   Check if swap backing store is full
#   Decrease Java heap size (-Xmx/-Xms)
#   Decrease number of Java threads
#   Decrease Java thread stack sizes (-Xss)
#   Set larger code cache with -XX:ReservedCodeCacheSize=
#   JVM is running with Unscaled Compressed Oops mode in which the Java heap is
#     placed in the first 4GB address space. The Java Heap base address is the
#     maximum limit for the native heap growth. Please use -XX:HeapBaseMinAddress
#     to set the Java Heap base and to place the Java Heap above 4GB virtual address.
# This output file may be truncated or incomplete.
#
#  Out of Memory Error (allocation.cpp:44), pid=12320, tid=2484
#
# JRE version: Java(TM) SE Runtime Environment (17.0.9+11) (build 17.0.9+11-LTS-201)
# Java VM: Java HotSpot(TM) 64-Bit Server VM (17.0.9+11-LTS-201, mixed mode, sharing, tiered, compressed oops, compressed class ptrs, g1 gc, windows-amd64)
# No core dump will be written. Minidumps are not enabled by default on client versions of Windows
#

---------------  S U M M A R Y ------------

Command Line: -Dfile.encoding=windows-1252 -Dstdout.encoding=windows-1252 -Dstderr.encoding=windows-1252 -XX:+ShowCodeDetailsInExceptionMessages main.Main

Host: Intel(R) Pentium(R) CPU 4415Y @ 1.60GHz, 4 cores, 7G,  Windows 10 , 64 bit Build 19041 (10.0.19041.3636)
Time: Thu Jan 11 08:54:59 2024 Eastern Standard Time elapsed time: 572.379777 seconds (0d 0h 9m 32s)

---------------  T H R E A D  ---------------

Current thread (0x00000216f5864860):  JavaThread "Direct Clip" daemon [_thread_in_vm, id=2484, stack(0x0000001c96f00000,0x0000001c97000000)]

Stack: [0x0000001c96f00000,0x0000001c97000000]
Native frames: (J=compiled Java code, j=interpreted, Vv=VM code, C=native code)
V  [jvm.dll+0x678a4a]
V  [jvm.dll+0x7d9cfd]
V  [jvm.dll+0x7db60e]
V  [jvm.dll+0x7dbc73]
V  [jvm.dll+0x245e1f]
V  [jvm.dll+0xa5173]
V  [jvm.dll+0x3da204]
C  [jsound.dll+0x1526]

Java frames: (J=compiled Java code, j=interpreted, Vv=VM code)
J 2951  com.sun.media.sound.DirectAudioDevice.nWrite(J[BIIIFF)I java.desktop@17.0.9 (0 bytes) @ 0x00000216a10a701b [0x00000216a10a6fa0+0x000000000000007b]
J 3321 c1 com.sun.media.sound.DirectAudioDevice$DirectDL.write([BII)I java.desktop@17.0.9 (322 bytes) @ 0x0000021699b3c124 [0x0000021699b3bcc0+0x0000000000000464]
j  com.sun.media.sound.DirectAudioDevice$DirectClip.run()V+190 java.desktop@17.0.9
j  java.lang.Thread.run()V+11 java.base@17.0.9
v  ~StubRoutines::call_stub

---------------  P R O C E S S  ---------------

Threads class SMR info:
_java_thread_list=0x00000216f5237110, length=35, elements={
0x00000216afbf0fe0, 0x00000216afbf3730, 0x00000216afc03df0, 0x00000216afc068c0,
0x00000216afc07280, 0x00000216afc07c40, 0x00000216afc089e0, 0x00000216afc776e0,
0x00000216afc7a4a0, 0x00000216f50af6e0, 0x00000216f50ba440, 0x00000216f5286920,
0x00000216f5286e00, 0x00000216f52872e0, 0x00000216f58067c0, 0x00000216f573daf0,
0x00000216f5865790, 0x00000216f5865ca0, 0x00000216f5864350, 0x00000216f5862f10,
0x00000216f58666c0, 0x00000216f5863e40, 0x00000216f5864860, 0x00000216f5864d70,
0x00000216f5865280, 0x00000216f58661b0, 0x00000216f5863420, 0x00000216f5863930,
0x00000216f5115050, 0x00000216f510ff50, 0x00000216f510fa40, 0x00000216f5110970,
0x00000216f5112ce0, 0x00000216f5113700, 0x00000216f5113c10
}

Java Threads: ( => current thread )
  0x00000216afbf0fe0 JavaThread "Reference Handler" daemon [_thread_blocked, id=13616, stack(0x0000001c94c00000,0x0000001c94d00000)]
  0x00000216afbf3730 JavaThread "Finalizer" daemon [_thread_blocked, id=14516, stack(0x0000001c94d00000,0x0000001c94e00000)]
  0x00000216afc03df0 JavaThread "Signal Dispatcher" daemon [_thread_blocked, id=12768, stack(0x0000001c94e00000,0x0000001c94f00000)]
  0x00000216afc068c0 JavaThread "Attach Listener" daemon [_thread_blocked, id=5392, stack(0x0000001c94f00000,0x0000001c95000000)]
  0x00000216afc07280 JavaThread "Service Thread" daemon [_thread_blocked, id=7776, stack(0x0000001c95000000,0x0000001c95100000)]
  0x00000216afc07c40 JavaThread "Monitor Deflation Thread" daemon [_thread_blocked, id=3260, stack(0x0000001c95100000,0x0000001c95200000)]
  0x00000216afc089e0 JavaThread "C2 CompilerThread0" daemon [_thread_blocked, id=14580, stack(0x0000001c95200000,0x0000001c95300000)]
  0x00000216afc776e0 JavaThread "C1 CompilerThread0" daemon [_thread_blocked, id=11672, stack(0x0000001c95300000,0x0000001c95400000)]
  0x00000216afc7a4a0 JavaThread "Sweeper thread" daemon [_thread_blocked, id=13024, stack(0x0000001c95400000,0x0000001c95500000)]
  0x00000216f50af6e0 JavaThread "Notification Thread" daemon [_thread_blocked, id=14864, stack(0x0000001c95500000,0x0000001c95600000)]
  0x00000216f50ba440 JavaThread "Common-Cleaner" daemon [_thread_blocked, id=5628, stack(0x0000001c95700000,0x0000001c95800000)]
  0x00000216f5286920 JavaThread "Java2D Disposer" daemon [_thread_blocked, id=10964, stack(0x0000001c95800000,0x0000001c95900000)]
  0x00000216f5286e00 JavaThread "AWT-Shutdown" [_thread_blocked, id=12160, stack(0x0000001c95900000,0x0000001c95a00000)]
  0x00000216f52872e0 JavaThread "AWT-Windows" daemon [_thread_in_native, id=11936, stack(0x0000001c95a00000,0x0000001c95b00000)]
  0x00000216f58067c0 JavaThread "AWT-EventQueue-0" [_thread_blocked, id=9296, stack(0x0000001c95d00000,0x0000001c95e00000)]
  0x00000216f573daf0 JavaThread "Java Sound Event Dispatcher" daemon [_thread_blocked, id=2384, stack(0x0000001c96000000,0x0000001c96100000)]
  0x00000216f5865790 JavaThread "Direct Clip" daemon [_thread_blocked, id=1104, stack(0x0000001c96400000,0x0000001c96500000)]
  0x00000216f5865ca0 JavaThread "DestroyJavaVM" [_thread_blocked, id=1524, stack(0x0000001c94500000,0x0000001c94600000)]
  0x00000216f5864350 JavaThread "Direct Clip" daemon [_thread_blocked, id=12496, stack(0x0000001c96c00000,0x0000001c96d00000)]
  0x00000216f5862f10 JavaThread "TimerQueue" daemon [_thread_blocked, id=8176, stack(0x0000001c95b00000,0x0000001c95c00000)]
  0x00000216f58666c0 JavaThread "Direct Clip" daemon [_thread_blocked, id=9500, stack(0x0000001c96b00000,0x0000001c96c00000)]
  0x00000216f5863e40 JavaThread "Direct Clip" daemon [_thread_blocked, id=5444, stack(0x0000001c96e00000,0x0000001c96f00000)]
=>0x00000216f5864860 JavaThread "Direct Clip" daemon [_thread_in_vm, id=2484, stack(0x0000001c96f00000,0x0000001c97000000)]
  0x00000216f5864d70 JavaThread "Direct Clip" daemon [_thread_blocked, id=14124, stack(0x0000001c97200000,0x0000001c97300000)]
  0x00000216f5865280 JavaThread "Direct Clip" daemon [_thread_blocked, id=13756, stack(0x0000001c97300000,0x0000001c97400000)]
  0x00000216f58661b0 JavaThread "Direct Clip" daemon [_thread_blocked, id=7760, stack(0x0000001c97000000,0x0000001c97100000)]
  0x00000216f5863420 JavaThread "Direct Clip" daemon [_thread_blocked, id=6980, stack(0x0000001c97100000,0x0000001c97200000)]
  0x00000216f5863930 JavaThread "Direct Clip" daemon [_thread_blocked, id=9116, stack(0x0000001c94300000,0x0000001c94400000)]
  0x00000216f5115050 JavaThread "Direct Clip" daemon [_thread_blocked, id=13784, stack(0x0000001c94400000,0x0000001c94500000)]
  0x00000216f510ff50 JavaThread "Direct Clip" daemon [_thread_blocked, id=10644, stack(0x0000001c95c00000,0x0000001c95d00000)]
  0x00000216f510fa40 JavaThread "Direct Clip" daemon [_thread_blocked, id=13116, stack(0x0000001c96d00000,0x0000001c96e00000)]
  0x00000216f5110970 JavaThread "Direct Clip" daemon [_thread_blocked, id=8744, stack(0x0000001c97400000,0x0000001c97500000)]
  0x00000216f5112ce0 JavaThread "Direct Clip" daemon [_thread_blocked, id=8412, stack(0x0000001c97500000,0x0000001c97600000)]
  0x00000216f5113700 JavaThread "Direct Clip" daemon [_thread_blocked, id=7892, stack(0x0000001c97600000,0x0000001c97700000)]
  0x00000216f5113c10 JavaThread "Direct Clip" daemon [_thread_blocked, id=14316, stack(0x0000001c97700000,0x0000001c97800000)]

Other Threads:
  0x00000216afbe9360 VMThread "VM Thread" [stack: 0x0000001c94b00000,0x0000001c94c00000] [id=14156]
  0x00000216f50b7ff0 WatcherThread [stack: 0x0000001c95600000,0x0000001c95700000] [id=9484]
  0x0000021690449bc0 GCTaskThread "GC Thread#0" [stack: 0x0000001c94600000,0x0000001c94700000] [id=13008]
  0x00000216f5869850 GCTaskThread "GC Thread#1" [stack: 0x0000001c96800000,0x0000001c96900000] [id=3344]
  0x00000216f5872190 GCTaskThread "GC Thread#2" [stack: 0x0000001c96900000,0x0000001c96a00000] [id=7612]
  0x00000216f5872450 GCTaskThread "GC Thread#3" [stack: 0x0000001c96a00000,0x0000001c96b00000] [id=8368]
  0x000002169045b7a0 ConcurrentGCThread "G1 Main Marker" [stack: 0x0000001c94700000,0x0000001c94800000] [id=12380]
  0x000002169045ca90 ConcurrentGCThread "G1 Conc#0" [stack: 0x0000001c94800000,0x0000001c94900000] [id=2512]
  0x00000216904b1060 ConcurrentGCThread "G1 Refine#0" [stack: 0x0000001c94900000,0x0000001c94a00000] [id=8020]
  0x00000216904b1bd0 ConcurrentGCThread "G1 Service" [stack: 0x0000001c94a00000,0x0000001c94b00000] [id=9712]

Threads with active compile tasks:

VM state: not at safepoint (normal execution)

VM Mutex/Monitor currently owned by a thread: None

Heap address: 0x0000000081c00000, size: 2020 MB, Compressed Oops mode: 32-bit

CDS archive(s) mapped at: [0x00000216b0000000-0x00000216b0bd0000-0x00000216b0bd0000), size 12386304, SharedBaseAddress: 0x00000216b0000000, ArchiveRelocationMode: 1.
Compressed class space mapped at: 0x00000216b1000000-0x00000216f1000000, reserved size: 1073741824
Narrow klass base: 0x00000216b0000000, Narrow klass shift: 0, Narrow klass range: 0x100000000

GC Precious Log:
 CPUs: 4 total, 4 available
 Memory: 8076M
 Large Page Support: Disabled
 NUMA Support: Disabled
 Compressed Oops: Enabled (32-bit)
 Heap Region Size: 1M
 Heap Min Capacity: 8M
 Heap Initial Capacity: 128M
 Heap Max Capacity: 2020M
 Pre-touch: Disabled
 Parallel Workers: 4
 Concurrent Workers: 1
 Concurrent Refinement Workers: 4
 Periodic GC: Disabled

Heap:
 garbage-first heap   total 168960K, used 108157K [0x0000000081c00000, 0x0000000100000000)
  region size 1024K, 12 young (12288K), 6 survivors (6144K)
 Metaspace       used 14895K, committed 15104K, reserved 1114112K
  class space    used 1539K, committed 1664K, reserved 1048576K

Heap Regions: E=young(eden), S=young(survivor), O=old, HS=humongous(starts), HC=humongous(continues), CS=collection set, F=free, OA=open archive, CA=closed archive, TAMS=top-at-mark-start (previous, next)
|   0|0x0000000081c00000, 0x0000000081d00000, 0x0000000081d00000|100%|HS|  |TAMS 0x0000000081d00000, 0x0000000081c00000| Complete 
|   1|0x0000000081d00000, 0x0000000081e00000, 0x0000000081e00000|100%|HC|  |TAMS 0x0000000081e00000, 0x0000000081d00000| Complete 
|   2|0x0000000081e00000, 0x0000000081f00000, 0x0000000081f00000|100%|HS|  |TAMS 0x0000000081f00000, 0x0000000081e00000| Complete 
|   3|0x0000000081f00000, 0x0000000082000000, 0x0000000082000000|100%|HC|  |TAMS 0x0000000082000000, 0x0000000081f00000| Complete 
|   4|0x0000000082000000, 0x0000000082100000, 0x0000000082100000|100%|HC|  |TAMS 0x0000000082100000, 0x0000000082000000| Complete 
|   5|0x0000000082100000, 0x0000000082200000, 0x0000000082200000|100%|HC|  |TAMS 0x0000000082200000, 0x0000000082100000| Complete 
|   6|0x0000000082200000, 0x0000000082300000, 0x0000000082300000|100%|HC|  |TAMS 0x0000000082300000, 0x0000000082200000| Complete 
|   7|0x0000000082300000, 0x0000000082400000, 0x0000000082400000|100%|HC|  |TAMS 0x0000000082400000, 0x0000000082300000| Complete 
|   8|0x0000000082400000, 0x0000000082500000, 0x0000000082500000|100%|HC|  |TAMS 0x0000000082500000, 0x0000000082400000| Complete 
|   9|0x0000000082500000, 0x0000000082600000, 0x0000000082600000|100%|HC|  |TAMS 0x0000000082600000, 0x0000000082500000| Complete 
|  10|0x0000000082600000, 0x0000000082700000, 0x0000000082700000|100%|HC|  |TAMS 0x0000000082700000, 0x0000000082600000| Complete 
|  11|0x0000000082700000, 0x0000000082800000, 0x0000000082800000|100%|HC|  |TAMS 0x0000000082800000, 0x0000000082700000| Complete 
|  12|0x0000000082800000, 0x0000000082900000, 0x0000000082900000|100%|HC|  |TAMS 0x0000000082900000, 0x0000000082800000| Complete 
|  13|0x0000000082900000, 0x0000000082a00000, 0x0000000082a00000|100%|HC|  |TAMS 0x0000000082a00000, 0x0000000082900000| Complete 
|  14|0x0000000082a00000, 0x0000000082b00000, 0x0000000082b00000|100%|HC|  |TAMS 0x0000000082b00000, 0x0000000082a00000| Complete 
|  15|0x0000000082b00000, 0x0000000082c00000, 0x0000000082c00000|100%|HC|  |TAMS 0x0000000082c00000, 0x0000000082b00000| Complete 
|  16|0x0000000082c00000, 0x0000000082d00000, 0x0000000082d00000|100%|HC|  |TAMS 0x0000000082d00000, 0x0000000082c00000| Complete 
|  17|0x0000000082d00000, 0x0000000082e00000, 0x0000000082e00000|100%|HC|  |TAMS 0x0000000082e00000, 0x0000000082d00000| Complete 
|  18|0x0000000082e00000, 0x0000000082f00000, 0x0000000082f00000|100%|HC|  |TAMS 0x0000000082f00000, 0x0000000082e00000| Complete 
|  19|0x0000000082f00000, 0x0000000083000000, 0x0000000083000000|100%|HC|  |TAMS 0x0000000083000000, 0x0000000082f00000| Complete 
|  20|0x0000000083000000, 0x0000000083100000, 0x0000000083100000|100%|HC|  |TAMS 0x0000000083100000, 0x0000000083000000| Complete 
|  21|0x0000000083100000, 0x0000000083200000, 0x0000000083200000|100%|HC|  |TAMS 0x0000000083200000, 0x0000000083100000| Complete 
|  22|0x0000000083200000, 0x0000000083300000, 0x0000000083300000|100%|HS|  |TAMS 0x0000000083300000, 0x0000000083200000| Complete 
|  23|0x0000000083300000, 0x0000000083400000, 0x0000000083400000|100%|HC|  |TAMS 0x0000000083400000, 0x0000000083300000| Complete 
|  24|0x0000000083400000, 0x0000000083500000, 0x0000000083500000|100%|HC|  |TAMS 0x0000000083500000, 0x0000000083400000| Complete 
|  25|0x0000000083500000, 0x0000000083600000, 0x0000000083600000|100%|HS|  |TAMS 0x0000000083600000, 0x0000000083500000| Complete 
|  26|0x0000000083600000, 0x0000000083700000, 0x0000000083700000|100%|HC|  |TAMS 0x0000000083700000, 0x0000000083600000| Complete 
|  27|0x0000000083700000, 0x0000000083800000, 0x0000000083800000|100%|HC|  |TAMS 0x0000000083800000, 0x0000000083700000| Complete 
|  28|0x0000000083800000, 0x0000000083900000, 0x0000000083900000|100%|HC|  |TAMS 0x0000000083900000, 0x0000000083800000| Complete 
|  29|0x0000000083900000, 0x0000000083a00000, 0x0000000083a00000|100%|HC|  |TAMS 0x0000000083a00000, 0x0000000083900000| Complete 
|  30|0x0000000083a00000, 0x0000000083b00000, 0x0000000083b00000|100%|HC|  |TAMS 0x0000000083b00000, 0x0000000083a00000| Complete 
|  31|0x0000000083b00000, 0x0000000083c00000, 0x0000000083c00000|100%|HC|  |TAMS 0x0000000083c00000, 0x0000000083b00000| Complete 
|  32|0x0000000083c00000, 0x0000000083d00000, 0x0000000083d00000|100%|HC|  |TAMS 0x0000000083d00000, 0x0000000083c00000| Complete 
|  33|0x0000000083d00000, 0x0000000083e00000, 0x0000000083e00000|100%| O|  |TAMS 0x0000000083e00000, 0x0000000083d00000| Untracked 
|  34|0x0000000083e00000, 0x0000000083f00000, 0x0000000083f00000|100%|HS|  |TAMS 0x0000000083f00000, 0x0000000083e00000| Complete 
|  35|0x0000000083f00000, 0x0000000084000000, 0x0000000084000000|100%|HC|  |TAMS 0x0000000084000000, 0x0000000083f00000| Complete 
|  36|0x0000000084000000, 0x0000000084100000, 0x0000000084100000|100%|HS|  |TAMS 0x0000000084100000, 0x0000000084000000| Complete 
|  37|0x0000000084100000, 0x0000000084200000, 0x0000000084200000|100%|HC|  |TAMS 0x0000000084200000, 0x0000000084100000| Complete 
|  38|0x0000000084200000, 0x0000000084300000, 0x0000000084300000|100%|HS|  |TAMS 0x0000000084300000, 0x0000000084200000| Complete 
|  39|0x0000000084300000, 0x0000000084400000, 0x0000000084400000|100%|HC|  |TAMS 0x0000000084400000, 0x0000000084300000| Complete 
|  40|0x0000000084400000, 0x0000000084500000, 0x0000000084500000|100%|HC|  |TAMS 0x0000000084500000, 0x0000000084400000| Complete 
|  41|0x0000000084500000, 0x0000000084600000, 0x0000000084600000|100%|HC|  |TAMS 0x0000000084600000, 0x0000000084500000| Complete 
|  42|0x0000000084600000, 0x0000000084700000, 0x0000000084700000|100%| O|  |TAMS 0x0000000084700000, 0x0000000084600000| Untracked 
|  43|0x0000000084700000, 0x000000008479f600, 0x0000000084800000| 62%| O|  |TAMS 0x0000000084770000, 0x0000000084700000| Untracked 
|  44|0x0000000084800000, 0x0000000084900000, 0x0000000084900000|100%|HS|  |TAMS 0x0000000084900000, 0x0000000084800000| Complete 
|  45|0x0000000084900000, 0x0000000084a00000, 0x0000000084a00000|100%|HC|  |TAMS 0x0000000084a00000, 0x0000000084900000| Complete 
|  46|0x0000000084a00000, 0x0000000084b00000, 0x0000000084b00000|100%|HC|  |TAMS 0x0000000084b00000, 0x0000000084a00000| Complete 
|  47|0x0000000084b00000, 0x0000000084c00000, 0x0000000084c00000|100%|HC|  |TAMS 0x0000000084c00000, 0x0000000084b00000| Complete 
|  48|0x0000000084c00000, 0x0000000084d00000, 0x0000000084d00000|100%|HS|  |TAMS 0x0000000084d00000, 0x0000000084c00000| Complete 
|  49|0x0000000084d00000, 0x0000000084e00000, 0x0000000084e00000|100%|HC|  |TAMS 0x0000000084e00000, 0x0000000084d00000| Complete 
|  50|0x0000000084e00000, 0x0000000084f00000, 0x0000000084f00000|100%|HS|  |TAMS 0x0000000084f00000, 0x0000000084e00000| Complete 
|  51|0x0000000084f00000, 0x0000000085000000, 0x0000000085000000|100%|HC|  |TAMS 0x0000000085000000, 0x0000000084f00000| Complete 
|  52|0x0000000085000000, 0x0000000085100000, 0x0000000085100000|100%|HC|  |TAMS 0x0000000085100000, 0x0000000085000000| Complete 
|  53|0x0000000085100000, 0x0000000085200000, 0x0000000085200000|100%|HC|  |TAMS 0x0000000085200000, 0x0000000085100000| Complete 
|  54|0x0000000085200000, 0x0000000085300000, 0x0000000085300000|100%|HS|  |TAMS 0x0000000085300000, 0x0000000085200000| Complete 
|  55|0x0000000085300000, 0x0000000085400000, 0x0000000085400000|100%|HC|  |TAMS 0x0000000085400000, 0x0000000085300000| Complete 
|  56|0x0000000085400000, 0x0000000085500000, 0x0000000085500000|100%|HS|  |TAMS 0x0000000085500000, 0x0000000085400000| Complete 
|  57|0x0000000085500000, 0x0000000085600000, 0x0000000085600000|100%|HC|  |TAMS 0x0000000085600000, 0x0000000085500000| Complete 
|  58|0x0000000085600000, 0x0000000085700000, 0x0000000085700000|100%|HC|  |TAMS 0x0000000085700000, 0x0000000085600000| Complete 
|  59|0x0000000085700000, 0x0000000085800000, 0x0000000085800000|100%|HC|  |TAMS 0x0000000085800000, 0x0000000085700000| Complete 
|  60|0x0000000085800000, 0x0000000085900000, 0x0000000085900000|100%|HS|  |TAMS 0x0000000085900000, 0x0000000085800000| Complete 
|  61|0x0000000085900000, 0x0000000085a00000, 0x0000000085a00000|100%|HS|  |TAMS 0x0000000085900000, 0x0000000085900000| Complete 
|  62|0x0000000085a00000, 0x0000000085b00000, 0x0000000085b00000|100%|HC|  |TAMS 0x0000000085a00000, 0x0000000085a00000| Complete 
|  63|0x0000000085b00000, 0x0000000085c00000, 0x0000000085c00000|100%|HC|  |TAMS 0x0000000085b00000, 0x0000000085b00000| Complete 
|  64|0x0000000085c00000, 0x0000000085d00000, 0x0000000085d00000|100%|HC|  |TAMS 0x0000000085c00000, 0x0000000085c00000| Complete 
|  65|0x0000000085d00000, 0x0000000085e00000, 0x0000000085e00000|100%|HC|  |TAMS 0x0000000085d00000, 0x0000000085d00000| Complete 
|  66|0x0000000085e00000, 0x0000000085f00000, 0x0000000085f00000|100%|HC|  |TAMS 0x0000000085e00000, 0x0000000085e00000| Complete 
|  67|0x0000000085f00000, 0x0000000086000000, 0x0000000086000000|100%|HC|  |TAMS 0x0000000085f00000, 0x0000000085f00000| Complete 
|  68|0x0000000086000000, 0x0000000086100000, 0x0000000086100000|100%|HC|  |TAMS 0x0000000086000000, 0x0000000086000000| Complete 
|  69|0x0000000086100000, 0x0000000086200000, 0x0000000086200000|100%|HC|  |TAMS 0x0000000086100000, 0x0000000086100000| Complete 
|  70|0x0000000086200000, 0x0000000086300000, 0x0000000086300000|100%|HC|  |TAMS 0x0000000086200000, 0x0000000086200000| Complete 
|  71|0x0000000086300000, 0x0000000086400000, 0x0000000086400000|100%|HC|  |TAMS 0x0000000086300000, 0x0000000086300000| Complete 
|  72|0x0000000086400000, 0x0000000086500000, 0x0000000086500000|100%|HC|  |TAMS 0x0000000086400000, 0x0000000086400000| Complete 
|  73|0x0000000086500000, 0x0000000086600000, 0x0000000086600000|100%|HC|  |TAMS 0x0000000086500000, 0x0000000086500000| Complete 
|  74|0x0000000086600000, 0x0000000086700000, 0x0000000086700000|100%|HC|  |TAMS 0x0000000086600000, 0x0000000086600000| Complete 
|  75|0x0000000086700000, 0x0000000086800000, 0x0000000086800000|100%|HC|  |TAMS 0x0000000086700000, 0x0000000086700000| Complete 
|  76|0x0000000086800000, 0x0000000086900000, 0x0000000086900000|100%|HC|  |TAMS 0x0000000086800000, 0x0000000086800000| Complete 
|  77|0x0000000086900000, 0x0000000086a00000, 0x0000000086a00000|100%|HC|  |TAMS 0x0000000086900000, 0x0000000086900000| Complete 
|  78|0x0000000086a00000, 0x0000000086b00000, 0x0000000086b00000|100%|HC|  |TAMS 0x0000000086a00000, 0x0000000086a00000| Complete 
|  79|0x0000000086b00000, 0x0000000086c00000, 0x0000000086c00000|100%|HC|  |TAMS 0x0000000086b00000, 0x0000000086b00000| Complete 
|  80|0x0000000086c00000, 0x0000000086d00000, 0x0000000086d00000|100%|HC|  |TAMS 0x0000000086c00000, 0x0000000086c00000| Complete 
|  81|0x0000000086d00000, 0x0000000086e00000, 0x0000000086e00000|100%|HC|  |TAMS 0x0000000086d00000, 0x0000000086d00000| Complete 
|  82|0x0000000086e00000, 0x0000000086f00000, 0x0000000086f00000|100%|HC|  |TAMS 0x0000000086e00000, 0x0000000086e00000| Complete 
|  83|0x0000000086f00000, 0x0000000087000000, 0x0000000087000000|100%|HC|  |TAMS 0x0000000086f00000, 0x0000000086f00000| Complete 
|  84|0x0000000087000000, 0x0000000087100000, 0x0000000087100000|100%|HC|  |TAMS 0x0000000087000000, 0x0000000087000000| Complete 
|  85|0x0000000087100000, 0x0000000087200000, 0x0000000087200000|100%|HC|  |TAMS 0x0000000087100000, 0x0000000087100000| Complete 
|  86|0x0000000087200000, 0x0000000087300000, 0x0000000087300000|100%|HC|  |TAMS 0x0000000087200000, 0x0000000087200000| Complete 
|  87|0x0000000087300000, 0x0000000087400000, 0x0000000087400000|100%|HC|  |TAMS 0x0000000087300000, 0x0000000087300000| Complete 
|  88|0x0000000087400000, 0x0000000087500000, 0x0000000087500000|100%|HC|  |TAMS 0x0000000087400000, 0x0000000087400000| Complete 
|  89|0x0000000087500000, 0x0000000087600000, 0x0000000087600000|100%|HC|  |TAMS 0x0000000087500000, 0x0000000087500000| Complete 
|  90|0x0000000087600000, 0x0000000087700000, 0x0000000087700000|100%|HC|  |TAMS 0x0000000087600000, 0x0000000087600000| Complete 
|  91|0x0000000087700000, 0x0000000087800000, 0x0000000087800000|100%|HC|  |TAMS 0x0000000087700000, 0x0000000087700000| Complete 
|  92|0x0000000087800000, 0x0000000087900000, 0x0000000087900000|100%|HC|  |TAMS 0x0000000087800000, 0x0000000087800000| Complete 
|  93|0x0000000087900000, 0x0000000087a00000, 0x0000000087a00000|100%|HC|  |TAMS 0x0000000087900000, 0x0000000087900000| Complete 
|  94|0x0000000087a00000, 0x0000000087b00000, 0x0000000087b00000|100%|HC|  |TAMS 0x0000000087a00000, 0x0000000087a00000| Complete 
|  95|0x0000000087b00000, 0x0000000087b00000, 0x0000000087c00000|  0%| F|  |TAMS 0x0000000087b00000, 0x0000000087b00000| Untracked 
|  96|0x0000000087c00000, 0x0000000087c00000, 0x0000000087d00000|  0%| F|  |TAMS 0x0000000087c00000, 0x0000000087c00000| Untracked 
|  97|0x0000000087d00000, 0x0000000087d00000, 0x0000000087e00000|  0%| F|  |TAMS 0x0000000087d00000, 0x0000000087d00000| Untracked 
|  98|0x0000000087e00000, 0x0000000087e00000, 0x0000000087f00000|  0%| F|  |TAMS 0x0000000087e00000, 0x0000000087e00000| Untracked 
|  99|0x0000000087f00000, 0x0000000087f00000, 0x0000000088000000|  0%| F|  |TAMS 0x0000000087f00000, 0x0000000087f00000| Untracked 
| 100|0x0000000088000000, 0x0000000088000000, 0x0000000088100000|  0%| F|  |TAMS 0x0000000088000000, 0x0000000088000000| Untracked 
| 101|0x0000000088100000, 0x0000000088100000, 0x0000000088200000|  0%| F|  |TAMS 0x0000000088100000, 0x0000000088100000| Untracked 
| 102|0x0000000088200000, 0x0000000088200000, 0x0000000088300000|  0%| F|  |TAMS 0x0000000088200000, 0x0000000088200000| Untracked 
| 103|0x0000000088300000, 0x0000000088300000, 0x0000000088400000|  0%| F|  |TAMS 0x0000000088300000, 0x0000000088300000| Untracked 
| 104|0x0000000088400000, 0x0000000088400000, 0x0000000088500000|  0%| F|  |TAMS 0x0000000088400000, 0x0000000088400000| Untracked 
| 105|0x0000000088500000, 0x0000000088500000, 0x0000000088600000|  0%| F|  |TAMS 0x0000000088500000, 0x0000000088500000| Untracked 
| 106|0x0000000088600000, 0x0000000088600000, 0x0000000088700000|  0%| F|  |TAMS 0x0000000088600000, 0x0000000088600000| Untracked 
| 107|0x0000000088700000, 0x0000000088700000, 0x0000000088800000|  0%| F|  |TAMS 0x0000000088700000, 0x0000000088700000| Untracked 
| 108|0x0000000088800000, 0x0000000088800000, 0x0000000088900000|  0%| F|  |TAMS 0x0000000088800000, 0x0000000088800000| Untracked 
| 109|0x0000000088900000, 0x0000000088900000, 0x0000000088a00000|  0%| F|  |TAMS 0x0000000088900000, 0x0000000088900000| Untracked 
| 110|0x0000000088a00000, 0x0000000088a00000, 0x0000000088b00000|  0%| F|  |TAMS 0x0000000088a00000, 0x0000000088a00000| Untracked 
| 111|0x0000000088b00000, 0x0000000088b00000, 0x0000000088c00000|  0%| F|  |TAMS 0x0000000088b00000, 0x0000000088b00000| Untracked 
| 112|0x0000000088c00000, 0x0000000088c00000, 0x0000000088d00000|  0%| F|  |TAMS 0x0000000088c00000, 0x0000000088c00000| Untracked 
| 113|0x0000000088d00000, 0x0000000088d00000, 0x0000000088e00000|  0%| F|  |TAMS 0x0000000088d00000, 0x0000000088d00000| Untracked 
| 114|0x0000000088e00000, 0x0000000088e00000, 0x0000000088f00000|  0%| F|  |TAMS 0x0000000088e00000, 0x0000000088e00000| Untracked 
| 115|0x0000000088f00000, 0x0000000088f00000, 0x0000000089000000|  0%| F|  |TAMS 0x0000000088f00000, 0x0000000088f00000| Untracked 
| 116|0x0000000089000000, 0x0000000089000000, 0x0000000089100000|  0%| F|  |TAMS 0x0000000089000000, 0x0000000089000000| Untracked 
| 117|0x0000000089100000, 0x0000000089200000, 0x0000000089200000|100%| S|CS|TAMS 0x0000000089100000, 0x0000000089100000| Complete 
| 118|0x0000000089200000, 0x0000000089300000, 0x0000000089300000|100%| S|CS|TAMS 0x0000000089200000, 0x0000000089200000| Complete 
| 119|0x0000000089300000, 0x0000000089400000, 0x0000000089400000|100%| S|CS|TAMS 0x0000000089300000, 0x0000000089300000| Complete 
| 120|0x0000000089400000, 0x0000000089500000, 0x0000000089500000|100%| S|CS|TAMS 0x0000000089400000, 0x0000000089400000| Complete 
| 121|0x0000000089500000, 0x0000000089600000, 0x0000000089600000|100%| S|CS|TAMS 0x0000000089500000, 0x0000000089500000| Complete 
| 122|0x0000000089600000, 0x0000000089700000, 0x0000000089700000|100%| S|CS|TAMS 0x0000000089600000, 0x0000000089600000| Complete 
| 123|0x0000000089700000, 0x0000000089700000, 0x0000000089800000|  0%| F|  |TAMS 0x0000000089700000, 0x0000000089700000| Untracked 
| 124|0x0000000089800000, 0x0000000089800000, 0x0000000089900000|  0%| F|  |TAMS 0x0000000089800000, 0x0000000089800000| Untracked 
| 125|0x0000000089900000, 0x0000000089900000, 0x0000000089a00000|  0%| F|  |TAMS 0x0000000089900000, 0x0000000089900000| Untracked 
| 126|0x0000000089a00000, 0x0000000089a00000, 0x0000000089b00000|  0%| F|  |TAMS 0x0000000089a00000, 0x0000000089a00000| Untracked 
| 127|0x0000000089b00000, 0x0000000089b00000, 0x0000000089c00000|  0%| F|  |TAMS 0x0000000089b00000, 0x0000000089b00000| Untracked 
| 128|0x0000000089c00000, 0x0000000089c00000, 0x0000000089d00000|  0%| F|  |TAMS 0x0000000089c00000, 0x0000000089c00000| Untracked 
| 129|0x0000000089d00000, 0x0000000089d00000, 0x0000000089e00000|  0%| F|  |TAMS 0x0000000089d00000, 0x0000000089d00000| Untracked 
| 130|0x0000000089e00000, 0x0000000089e00000, 0x0000000089f00000|  0%| F|  |TAMS 0x0000000089e00000, 0x0000000089e00000| Untracked 
| 131|0x0000000089f00000, 0x0000000089f00000, 0x000000008a000000|  0%| F|  |TAMS 0x0000000089f00000, 0x0000000089f00000| Untracked 
| 132|0x000000008a000000, 0x000000008a000000, 0x000000008a100000|  0%| F|  |TAMS 0x000000008a000000, 0x000000008a000000| Untracked 
| 133|0x000000008a100000, 0x000000008a100000, 0x000000008a200000|  0%| F|  |TAMS 0x000000008a100000, 0x000000008a100000| Untracked 
| 134|0x000000008a200000, 0x000000008a200000, 0x000000008a300000|  0%| F|  |TAMS 0x000000008a200000, 0x000000008a200000| Untracked 
| 135|0x000000008a300000, 0x000000008a300000, 0x000000008a400000|  0%| F|  |TAMS 0x000000008a300000, 0x000000008a300000| Untracked 
| 136|0x000000008a400000, 0x000000008a400000, 0x000000008a500000|  0%| F|  |TAMS 0x000000008a400000, 0x000000008a400000| Untracked 
| 137|0x000000008a500000, 0x000000008a500000, 0x000000008a600000|  0%| F|  |TAMS 0x000000008a500000, 0x000000008a500000| Untracked 
| 138|0x000000008a600000, 0x000000008a600000, 0x000000008a700000|  0%| F|  |TAMS 0x000000008a600000, 0x000000008a600000| Untracked 
| 139|0x000000008a700000, 0x000000008a700000, 0x000000008a800000|  0%| F|  |TAMS 0x000000008a700000, 0x000000008a700000| Untracked 
| 140|0x000000008a800000, 0x000000008a800000, 0x000000008a900000|  0%| F|  |TAMS 0x000000008a800000, 0x000000008a800000| Untracked 
| 141|0x000000008a900000, 0x000000008a900000, 0x000000008aa00000|  0%| F|  |TAMS 0x000000008a900000, 0x000000008a900000| Untracked 
| 142|0x000000008aa00000, 0x000000008aa00000, 0x000000008ab00000|  0%| F|  |TAMS 0x000000008aa00000, 0x000000008aa00000| Untracked 
| 143|0x000000008ab00000, 0x000000008ab00000, 0x000000008ac00000|  0%| F|  |TAMS 0x000000008ab00000, 0x000000008ab00000| Untracked 
| 144|0x000000008ac00000, 0x000000008ac00000, 0x000000008ad00000|  0%| F|  |TAMS 0x000000008ac00000, 0x000000008ac00000| Untracked 
| 145|0x000000008ad00000, 0x000000008ad00000, 0x000000008ae00000|  0%| F|  |TAMS 0x000000008ad00000, 0x000000008ad00000| Untracked 
| 146|0x000000008ae00000, 0x000000008ae00000, 0x000000008af00000|  0%| F|  |TAMS 0x000000008ae00000, 0x000000008ae00000| Untracked 
| 147|0x000000008af00000, 0x000000008af00000, 0x000000008b000000|  0%| F|  |TAMS 0x000000008af00000, 0x000000008af00000| Untracked 
| 148|0x000000008b000000, 0x000000008b000000, 0x000000008b100000|  0%| F|  |TAMS 0x000000008b000000, 0x000000008b000000| Untracked 
| 149|0x000000008b100000, 0x000000008b100000, 0x000000008b200000|  0%| F|  |TAMS 0x000000008b100000, 0x000000008b100000| Untracked 
| 150|0x000000008b200000, 0x000000008b200000, 0x000000008b300000|  0%| F|  |TAMS 0x000000008b200000, 0x000000008b200000| Untracked 
| 151|0x000000008b300000, 0x000000008b300000, 0x000000008b400000|  0%| F|  |TAMS 0x000000008b300000, 0x000000008b300000| Untracked 
| 152|0x000000008b400000, 0x000000008b400000, 0x000000008b500000|  0%| F|  |TAMS 0x000000008b400000, 0x000000008b400000| Untracked 
| 153|0x000000008b500000, 0x000000008b500000, 0x000000008b600000|  0%| F|  |TAMS 0x000000008b500000, 0x000000008b500000| Untracked 
| 154|0x000000008b600000, 0x000000008b600000, 0x000000008b700000|  0%| F|  |TAMS 0x000000008b600000, 0x000000008b600000| Untracked 
| 155|0x000000008b700000, 0x000000008b700000, 0x000000008b800000|  0%| F|  |TAMS 0x000000008b700000, 0x000000008b700000| Untracked 
| 156|0x000000008b800000, 0x000000008b800000, 0x000000008b900000|  0%| F|  |TAMS 0x000000008b800000, 0x000000008b800000| Untracked 
| 157|0x000000008b900000, 0x000000008b900000, 0x000000008ba00000|  0%| F|  |TAMS 0x000000008b900000, 0x000000008b900000| Untracked 
| 158|0x000000008ba00000, 0x000000008ba00000, 0x000000008bb00000|  0%| F|  |TAMS 0x000000008ba00000, 0x000000008ba00000| Untracked 
| 159|0x000000008bb00000, 0x000000008bc00000, 0x000000008bc00000|100%| E|  |TAMS 0x000000008bb00000, 0x000000008bb00000| Complete 
| 160|0x000000008bc00000, 0x000000008bd00000, 0x000000008bd00000|100%| E|CS|TAMS 0x000000008bc00000, 0x000000008bc00000| Complete 
| 161|0x000000008bd00000, 0x000000008be00000, 0x000000008be00000|100%| E|CS|TAMS 0x000000008bd00000, 0x000000008bd00000| Complete 
| 162|0x000000008be00000, 0x000000008bf00000, 0x000000008bf00000|100%| E|CS|TAMS 0x000000008be00000, 0x000000008be00000| Complete 
| 163|0x000000008bf00000, 0x000000008c000000, 0x000000008c000000|100%| E|CS|TAMS 0x000000008bf00000, 0x000000008bf00000| Complete 
| 164|0x000000008c000000, 0x000000008c100000, 0x000000008c100000|100%| E|CS|TAMS 0x000000008c000000, 0x000000008c000000| Complete 

Card table byte_map: [0x00000216a8ee0000,0x00000216a92e0000] _byte_map_base: 0x00000216a8ad2000

Marking Bits (Prev, Next): (CMBitMap*) 0x000002169044b1f0, (CMBitMap*) 0x000002169044b230
 Prev Bits: [0x00000216a96e0000, 0x00000216ab670000)
 Next Bits: [0x00000216ab670000, 0x00000216ad600000)

Polling page: 0x00000216904c0000

Metaspace:

Usage:
  Non-class:     13.04 MB used.
      Class:      1.50 MB used.
       Both:     14.55 MB used.

Virtual space:
  Non-class space:       64.00 MB reserved,      13.12 MB ( 21%) committed,  1 nodes.
      Class space:        1.00 GB reserved,       1.62 MB ( <1%) committed,  1 nodes.
             Both:        1.06 GB reserved,      14.75 MB (  1%) committed. 

Chunk freelists:
   Non-Class:  2.77 MB
       Class:  14.19 MB
        Both:  16.97 MB

MaxMetaspaceSize: unlimited
CompressedClassSpaceSize: 1.00 GB
Initial GC threshold: 21.00 MB
Current GC threshold: 22.44 MB
CDS: on
MetaspaceReclaimPolicy: balanced
 - commit_granule_bytes: 65536.
 - commit_granule_words: 8192.
 - virtual_space_node_default_size: 8388608.
 - enlarge_chunks_in_place: 1.
 - new_chunks_are_fully_committed: 0.
 - uncommit_free_chunks: 1.
 - use_allocation_guard: 0.
 - handle_deallocations: 1.


Internal statistics:

num_allocs_failed_limit: 0.
num_arena_births: 192.
num_arena_deaths: 0.
num_vsnodes_births: 2.
num_vsnodes_deaths: 0.
num_space_committed: 236.
num_space_uncommitted: 0.
num_chunks_returned_to_freelist: 0.
num_chunks_taken_from_freelist: 343.
num_chunk_merges: 0.
num_chunk_splits: 179.
num_chunks_enlarged: 60.
num_inconsistent_stats: 0.

CodeHeap 'non-profiled nmethods': size=120000Kb used=1601Kb max_used=1601Kb free=118399Kb
 bounds [0x00000216a0f80000, 0x00000216a11f0000, 0x00000216a84b0000]
CodeHeap 'profiled nmethods': size=120000Kb used=6709Kb max_used=6709Kb free=113290Kb
 bounds [0x00000216994b0000, 0x0000021699b40000, 0x00000216a09e0000]
CodeHeap 'non-nmethods': size=5760Kb used=1353Kb max_used=1448Kb free=4406Kb
 bounds [0x00000216a09e0000, 0x00000216a0c50000, 0x00000216a0f80000]
 total_blobs=4023 nmethods=3324 adapters=611
 compilation: enabled
              stopped_count=0, restarted_count=0
 full_count=0

Compilation events (20 events):
Event: 204.287 Thread 0x00000216afc776e0 nmethod 3315 0x0000021699b3a910 code [0x0000021699b3aac0, 0x0000021699b3aeb8]
Event: 204.317 Thread 0x00000216afc089e0 nmethod 3314 0x00000216a110c410 code [0x00000216a110c600, 0x00000216a110cdd8]
Event: 204.317 Thread 0x00000216afc089e0 3316       4       java.util.TreeMap::put (8 bytes)
Event: 204.348 Thread 0x00000216afc776e0 3317       1       javax.swing.text.AbstractDocument::getAttributeContext (5 bytes)
Event: 204.348 Thread 0x00000216afc776e0 nmethod 3317 0x00000216a110d290 code [0x00000216a110d420, 0x00000216a110d4f8]
Event: 204.380 Thread 0x00000216afc089e0 nmethod 3316 0x00000216a110d590 code [0x00000216a110d7a0, 0x00000216a110e320]
Event: 204.412 Thread 0x00000216afc089e0 3318       4       java.awt.Dimension::equals (42 bytes)
Event: 204.415 Thread 0x00000216afc089e0 nmethod 3318 0x00000216a110e990 code [0x00000216a110eb00, 0x00000216a110ebd8]
Event: 204.442 Thread 0x00000216afc776e0 3319       3       javax.swing.text.View::setParent (47 bytes)
Event: 204.444 Thread 0x00000216afc776e0 nmethod 3319 0x0000021699b3b010 code [0x0000021699b3b200, 0x0000021699b3b878]
Event: 204.476 Thread 0x00000216afc089e0 3320       4       java.util.HashMap$HashIterator::<init> (79 bytes)
Event: 204.497 Thread 0x00000216afc089e0 nmethod 3320 0x00000216a110ec90 code [0x00000216a110ee20, 0x00000216a110f218]
Event: 227.474 Thread 0x00000216afc776e0 3321   !   3       com.sun.media.sound.DirectAudioDevice$DirectDL::write (322 bytes)
Event: 227.478 Thread 0x00000216afc776e0 nmethod 3321 0x0000021699b3ba10 code [0x0000021699b3bcc0, 0x0000021699b3cc48]
Event: 243.708 Thread 0x00000216afc776e0 3322       3       com.sun.media.sound.Toolkit::align (13 bytes)
Event: 243.709 Thread 0x00000216afc776e0 nmethod 3322 0x0000021699b3d210 code [0x0000021699b3d3a0, 0x0000021699b3d518]
Event: 518.621 Thread 0x00000216afc089e0 3323       4       sun.awt.AWTAutoShutdown::notifyToolkitThreadBusy (8 bytes)
Event: 518.633 Thread 0x00000216afc089e0 nmethod 3323 0x00000216a110f390 code [0x00000216a110f520, 0x00000216a110f978]
Event: 519.622 Thread 0x00000216afc089e0 3324       4       sun.awt.AWTAutoShutdown::notifyToolkitThreadFree (8 bytes)
Event: 519.629 Thread 0x00000216afc089e0 nmethod 3324 0x00000216a110fc10 code [0x00000216a110fda0, 0x00000216a11101d8]

GC Heap History (12 events):
Event: 2.396 GC heap before
{Heap before GC invocations=0 (full 0):
 garbage-first heap   total 131072K, used 47104K [0x0000000081c00000, 0x0000000100000000)
  region size 1024K, 13 young (13312K), 0 survivors (0K)
 Metaspace       used 9081K, committed 9216K, reserved 1114112K
  class space    used 980K, committed 1024K, reserved 1048576K
}
Event: 2.407 GC heap after
{Heap after GC invocations=1 (full 0):
 garbage-first heap   total 131072K, used 36318K [0x0000000081c00000, 0x0000000100000000)
  region size 1024K, 2 young (2048K), 2 survivors (2048K)
 Metaspace       used 9081K, committed 9216K, reserved 1114112K
  class space    used 980K, committed 1024K, reserved 1048576K
}
Event: 2.828 GC heap before
{Heap before GC invocations=1 (full 0):
 garbage-first heap   total 131072K, used 58846K [0x0000000081c00000, 0x0000000100000000)
  region size 1024K, 17 young (17408K), 2 survivors (2048K)
 Metaspace       used 9335K, committed 9600K, reserved 1114112K
  class space    used 1024K, committed 1152K, reserved 1048576K
}
Event: 2.835 GC heap after
{Heap after GC invocations=2 (full 0):
 garbage-first heap   total 131072K, used 45235K [0x0000000081c00000, 0x0000000100000000)
  region size 1024K, 1 young (1024K), 1 survivors (1024K)
 Metaspace       used 9335K, committed 9600K, reserved 1114112K
  class space    used 1024K, committed 1152K, reserved 1048576K
}
Event: 3.738 GC heap before
{Heap before GC invocations=2 (full 0):
 garbage-first heap   total 131072K, used 71859K [0x0000000081c00000, 0x0000000100000000)
  region size 1024K, 16 young (16384K), 1 survivors (1024K)
 Metaspace       used 11806K, committed 12032K, reserved 1114112K
  class space    used 1340K, committed 1472K, reserved 1048576K
}
Event: 3.743 GC heap after
{Heap after GC invocations=3 (full 0):
 garbage-first heap   total 131072K, used 58091K [0x0000000081c00000, 0x0000000100000000)
  region size 1024K, 2 young (2048K), 2 survivors (2048K)
 Metaspace       used 11806K, committed 12032K, reserved 1114112K
  class space    used 1340K, committed 1472K, reserved 1048576K
}
Event: 3.790 GC heap before
{Heap before GC invocations=3 (full 0):
 garbage-first heap   total 131072K, used 63211K [0x0000000081c00000, 0x0000000100000000)
  region size 1024K, 4 young (4096K), 2 survivors (2048K)
 Metaspace       used 11857K, committed 12096K, reserved 1114112K
  class space    used 1344K, committed 1472K, reserved 1048576K
}
Event: 3.793 GC heap after
{Heap after GC invocations=4 (full 0):
 garbage-first heap   total 131072K, used 62097K [0x0000000081c00000, 0x0000000100000000)
  region size 1024K, 2 young (2048K), 2 survivors (2048K)
 Metaspace       used 11857K, committed 12096K, reserved 1114112K
  class space    used 1344K, committed 1472K, reserved 1048576K
}
Event: 9.448 GC heap before
{Heap before GC invocations=5 (full 0):
 garbage-first heap   total 131072K, used 87697K [0x0000000081c00000, 0x0000000100000000)
  region size 1024K, 28 young (28672K), 2 survivors (2048K)
 Metaspace       used 13491K, committed 13760K, reserved 1114112K
  class space    used 1496K, committed 1600K, reserved 1048576K
}
Event: 9.456 GC heap after
{Heap after GC invocations=6 (full 0):
 garbage-first heap   total 131072K, used 64202K [0x0000000081c00000, 0x0000000100000000)
  region size 1024K, 3 young (3072K), 3 survivors (3072K)
 Metaspace       used 13491K, committed 13760K, reserved 1114112K
  class space    used 1496K, committed 1600K, reserved 1048576K
}
Event: 199.753 GC heap before
{Heap before GC invocations=7 (full 0):
 garbage-first heap   total 168960K, used 141002K [0x0000000081c00000, 0x0000000100000000)
  region size 1024K, 45 young (46080K), 3 survivors (3072K)
 Metaspace       used 14881K, committed 15104K, reserved 1114112K
  class space    used 1539K, committed 1664K, reserved 1048576K
}
Event: 199.766 GC heap after
{Heap after GC invocations=8 (full 0):
 garbage-first heap   total 168960K, used 103037K [0x0000000081c00000, 0x0000000100000000)
  region size 1024K, 6 young (6144K), 6 survivors (6144K)
 Metaspace       used 14881K, committed 15104K, reserved 1114112K
  class space    used 1539K, committed 1664K, reserved 1048576K
}

Deoptimization events (20 events):
Event: 13.620 Thread 0x00000216f58067c0 Uncommon trap: trap_request=0xffffff45 fr.pc=0x00000216a0ffa480 relative=0x0000000000000240
Event: 13.620 Thread 0x00000216f58067c0 Uncommon trap: reason=unstable_if action=reinterpret pc=0x00000216a0ffa480 method=java.awt.image.ComponentColorModel.getAlpha(Ljava/lang/Object;)I @ 4 c2
Event: 13.620 Thread 0x00000216f58067c0 DEOPT PACKING pc=0x00000216a0ffa480 sp=0x0000001c95dfd5e0
Event: 13.620 Thread 0x00000216f58067c0 DEOPT UNPACKING pc=0x00000216a0a3239d sp=0x0000001c95dfd4e0 mode 2
Event: 13.684 Thread 0x00000216f58067c0 DEOPT PACKING pc=0x00000216996aa06f sp=0x0000001c95dfd6c0
Event: 13.684 Thread 0x00000216f58067c0 DEOPT UNPACKING pc=0x00000216a0a32b24 sp=0x0000001c95dfcbb8 mode 0
Event: 13.684 Thread 0x00000216f58067c0 Uncommon trap: trap_request=0xffffff45 fr.pc=0x00000216a1001fa0 relative=0x0000000000000a80
Event: 13.684 Thread 0x00000216f58067c0 Uncommon trap: reason=unstable_if action=reinterpret pc=0x00000216a1001fa0 method=java.awt.image.ComponentColorModel.getAlpha(Ljava/lang/Object;)I @ 4 c2
Event: 13.684 Thread 0x00000216f58067c0 DEOPT PACKING pc=0x00000216a1001fa0 sp=0x0000001c95dfd700
Event: 13.684 Thread 0x00000216f58067c0 DEOPT UNPACKING pc=0x00000216a0a3239d sp=0x0000001c95dfd518 mode 2
Event: 25.237 Thread 0x00000216f58067c0 DEOPT PACKING pc=0x000002169980de1d sp=0x0000001c95dfec40
Event: 25.237 Thread 0x00000216f58067c0 DEOPT UNPACKING pc=0x00000216a0a32b24 sp=0x0000001c95dfe0d8 mode 0
Event: 26.852 Thread 0x00000216f58067c0 Uncommon trap: trap_request=0xffffff45 fr.pc=0x00000216a10961fc relative=0x00000000000000dc
Event: 26.852 Thread 0x00000216f58067c0 Uncommon trap: reason=unstable_if action=reinterpret pc=0x00000216a10961fc method=javax.swing.SwingUtilities.computeIntersection(IIIILjava/awt/Rectangle;)Ljava/awt/Rectangle; @ 34 c2
Event: 26.852 Thread 0x00000216f58067c0 DEOPT PACKING pc=0x00000216a10961fc sp=0x0000001c95dfeb10
Event: 26.852 Thread 0x00000216f58067c0 DEOPT UNPACKING pc=0x00000216a0a3239d sp=0x0000001c95dfea70 mode 2
Event: 193.847 Thread 0x00000216f58067c0 DEOPT PACKING pc=0x00000216998bdf81 sp=0x0000001c95dfd440
Event: 193.847 Thread 0x00000216f58067c0 DEOPT UNPACKING pc=0x00000216a0a32b24 sp=0x0000001c95dfc920 mode 0
Event: 201.045 Thread 0x00000216f58067c0 DEOPT PACKING pc=0x00000216997f573e sp=0x0000001c95dfde30
Event: 201.045 Thread 0x00000216f58067c0 DEOPT UNPACKING pc=0x00000216a0a32b24 sp=0x0000001c95dfd2e0 mode 0

Classes unloaded (0 events):
No events

Classes redefined (0 events):
No events

Internal exceptions (20 events):
Event: 0.687 Thread 0x00000216903efcd0 Exception <a 'java/io/FileNotFoundException'{0x0000000089aad138}> (0x0000000089aad138) 
thrown [s\open\src\hotspot\share\prims\jni.cpp, line 516]
Event: 0.709 Thread 0x00000216903efcd0 Exception <a 'java/io/FileNotFoundException'{0x0000000089ada2b8}> (0x0000000089ada2b8) 
thrown [s\open\src\hotspot\share\prims\jni.cpp, line 516]
Event: 0.804 Thread 0x00000216903efcd0 Exception <a 'java/lang/NoSuchMethodError'{0x0000000089922290}: 'java.lang.Object java.lang.invoke.DirectMethodHandle$Holder.invokeStaticInit(java.lang.Object)'> (0x0000000089922290) 
thrown [s\open\src\hotspot\share\interpreter\linkResolver.cpp, line 759]
Event: 0.839 Thread 0x00000216f52c8bc0 Exception <a 'java/lang/NoSuchMethodError'{0x0000000089994680}: 'java.lang.Object java.lang.invoke.DirectMethodHandle$Holder.newInvokeSpecial(java.lang.Object, java.lang.Object, java.lang.Object, int, int, int, int, int)'> (0x0000000089994680) 
thrown [s\open\src\hotspot\share\interpreter\linkResolver.cpp, line 759]
Event: 0.922 Thread 0x00000216903efcd0 Exception <a 'java/lang/NoSuchMethodError'{0x0000000089838a68}: 'void java.lang.invoke.DirectMethodHandle$Holder.invokeSpecial(java.lang.Object, java.lang.Object, java.lang.Object)'> (0x0000000089838a68) 
thrown [s\open\src\hotspot\share\interpreter\linkResolver.cpp, line 759]
Event: 0.942 Thread 0x00000216903efcd0 Exception <a 'java/lang/NoSuchMethodError'{0x0000000089863130}: 'java.lang.Object java.lang.invoke.DirectMethodHandle$Holder.newInvokeSpecial(java.lang.Object, java.lang.Object, java.lang.Object, java.lang.Object, java.lang.Object)'> (0x0000000089863130) 
thrown [s\open\src\hotspot\share\interpreter\linkResolver.cpp, line 759]
Event: 0.945 Thread 0x00000216903efcd0 Exception <a 'java/lang/NoSuchMethodError'{0x000000008986eaf8}: 'java.lang.Object java.lang.invoke.DirectMethodHandle$Holder.invokeStatic(java.lang.Object, int, java.lang.Object, java.lang.Object, java.lang.Object, java.lang.Object)'> (0x000000008986eaf8) 
thrown [s\open\src\hotspot\share\interpreter\linkResolver.cpp, line 759]
Event: 0.958 Thread 0x00000216903efcd0 Exception <a 'java/lang/NoSuchMethodError'{0x0000000089894500}: 'java.lang.Object java.lang.invoke.DirectMethodHandle$Holder.invokeStatic(java.lang.Object, int, java.lang.Object)'> (0x0000000089894500) 
thrown [s\open\src\hotspot\share\interpreter\linkResolver.cpp, line 759]
Event: 1.046 Thread 0x00000216903efcd0 Exception <a 'java/lang/ClassNotFoundException'{0x000000008974fe70}: com/sun/swing/internal/plaf/metal/resources/spi/metalProvider> (0x000000008974fe70) 
thrown [s\open\src\hotspot\share\classfile\systemDictionary.cpp, line 256]
Event: 1.048 Thread 0x00000216903efcd0 Exception <a 'java/lang/ClassNotFoundException'{0x0000000089753ab0}: com/sun/swing/internal/plaf/basic/resources/spi/basicProvider> (0x0000000089753ab0) 
thrown [s\open\src\hotspot\share\classfile\systemDictionary.cpp, line 256]
Event: 1.295 Thread 0x00000216903efcd0 Exception <a 'java/lang/ClassNotFoundException'{0x0000000089528000}: java/lang/ObjectCustomizer> (0x0000000089528000) 
thrown [s\open\src\hotspot\share\classfile\systemDictionary.cpp, line 256]
Event: 1.307 Thread 0x00000216903efcd0 Exception <a 'java/lang/NoSuchMethodError'{0x000000008952f6f8}: 'java.lang.Object java.lang.invoke.DirectMethodHandle$Holder.invokeInterface(java.lang.Object, java.lang.Object)'> (0x000000008952f6f8) 
thrown [s\open\src\hotspot\share\interpreter\linkResolver.cpp, line 759]
Event: 1.308 Thread 0x00000216903efcd0 Exception <a 'java/lang/IncompatibleClassChangeError'{0x0000000089532f90}: Found class java.lang.Object, but interface was expected> (0x0000000089532f90) 
thrown [s\open\src\hotspot\share\interpreter\linkResolver.cpp, line 826]
Event: 1.340 Thread 0x00000216903efcd0 Exception <a 'java/lang/ClassNotFoundException'{0x000000008956f368}: net/miginfocom/layout/UnitValueCustomizer> (0x000000008956f368) 
thrown [s\open\src\hotspot\share\classfile\systemDictionary.cpp, line 256]
Event: 1.352 Thread 0x00000216903efcd0 Exception <a 'java/lang/ClassNotFoundException'{0x00000000895837d8}: java/lang/ObjectCustomizer> (0x00000000895837d8) 
thrown [s\open\src\hotspot\share\classfile\systemDictionary.cpp, line 256]
Event: 1.355 Thread 0x00000216903efcd0 Exception <a 'java/lang/ClassNotFoundException'{0x00000000895889c0}: net/miginfocom/layout/BoundSizeCustomizer> (0x00000000895889c0) 
thrown [s\open\src\hotspot\share\classfile\systemDictionary.cpp, line 256]
Event: 1.407 Thread 0x00000216903efcd0 Exception <a 'java/lang/NoSuchMethodError'{0x00000000895d0a00}: 'java.lang.Object java.lang.invoke.DirectMethodHandle$Holder.invokeStaticInit(java.lang.Object, int, int, int, int)'> (0x00000000895d0a00) 
thrown [s\open\src\hotspot\share\interpreter\linkResolver.cpp, line 759]
Event: 1.500 Thread 0x00000216903efcd0 Exception <a 'java/lang/NoSuchMethodError'{0x00000000894064b8}: 'java.lang.Object java.lang.invoke.DirectMethodHandle$Holder.invokeStaticInit(java.lang.Object, java.lang.Object, int, int, int, int)'> (0x00000000894064b8) 
thrown [s\open\src\hotspot\share\interpreter\linkResolver.cpp, line 759]
Event: 3.591 Thread 0x00000216f52872e0 Exception <a 'java/lang/NoSuchMethodError'{0x0000000088e083d8}: 'void java.lang.invoke.DirectMethodHandle$Holder.invokeVirtual(java.lang.Object, java.lang.Object)'> (0x0000000088e083d8) 
thrown [s\open\src\hotspot\share\interpreter\linkResolver.cpp, line 759]
Event: 3.631 Thread 0x00000216903efcd0 Exception <a 'java/lang/NoSuchMethodError'{0x0000000088fe20a8}: 'void java.lang.invoke.DirectMethodHandle$Holder.invokeStaticInit(java.lang.Object)'> (0x0000000088fe20a8) 
thrown [s\open\src\hotspot\share\interpreter\linkResolver.cpp, line 759]

VM Operations (20 events):
Event: 195.006 Executing VM operation: Cleanup
Event: 195.006 Executing VM operation: Cleanup done
Event: 196.020 Executing VM operation: Cleanup
Event: 196.020 Executing VM operation: Cleanup done
Event: 197.022 Executing VM operation: Cleanup
Event: 197.022 Executing VM operation: Cleanup done
Event: 199.050 Executing VM operation: Cleanup
Event: 199.050 Executing VM operation: Cleanup done
Event: 199.734 Executing VM operation: G1CollectForAllocation
Event: 199.767 Executing VM operation: G1CollectForAllocation done
Event: 200.769 Executing VM operation: Cleanup
Event: 200.769 Executing VM operation: Cleanup done
Event: 201.769 Executing VM operation: Cleanup
Event: 201.770 Executing VM operation: Cleanup done
Event: 202.783 Executing VM operation: Cleanup
Event: 202.783 Executing VM operation: Cleanup done
Event: 203.786 Executing VM operation: Cleanup
Event: 203.786 Executing VM operation: Cleanup done
Event: 204.789 Executing VM operation: Cleanup
Event: 204.805 Executing VM operation: Cleanup done

Events (20 events):
Event: 18.226 Thread 0x00000216f5863420 Thread exited: 0x00000216f5863420
Event: 18.226 Thread 0x00000216f58661b0 Thread exited: 0x00000216f58661b0
Event: 19.010 Thread 0x00000216f58661b0 Thread added: 0x00000216f58661b0
Event: 23.422 Thread 0x00000216f5863420 Thread added: 0x00000216f5863420
Event: 179.696 Thread 0x00000216f5863930 Thread added: 0x00000216f5863930
Event: 184.220 Thread 0x00000216f5115050 Thread added: 0x00000216f5115050
Event: 185.510 Thread 0x00000216f510ff50 Thread added: 0x00000216f510ff50
Event: 189.739 Thread 0x00000216f510fa40 Thread added: 0x00000216f510fa40
Event: 189.976 loading class java/awt/Canvas
Event: 190.000 loading class java/awt/Canvas done
Event: 190.001 loading class java/awt/Scrollbar
Event: 190.002 loading class java/awt/Adjustable
Event: 190.002 loading class java/awt/Adjustable done
Event: 190.003 loading class java/awt/Scrollbar done
Event: 190.223 loading class java/security/DomainCombiner
Event: 190.247 loading class java/security/DomainCombiner done
Event: 193.449 Thread 0x00000216f5110970 Thread added: 0x00000216f5110970
Event: 194.765 Thread 0x00000216f5112ce0 Thread added: 0x00000216f5112ce0
Event: 196.198 Thread 0x00000216f5113700 Thread added: 0x00000216f5113700
Event: 200.389 Thread 0x00000216f5113c10 Thread added: 0x00000216f5113c10


Dynamic libraries:
0x00007ff6f95f0000 - 0x00007ff6f9600000 	C:\Program Files\Java\jdk-17\bin\javaw.exe
0x00007ffc0ea70000 - 0x00007ffc0ec68000 	C:\WINDOWS\SYSTEM32\ntdll.dll
0x00007ffc0cd80000 - 0x00007ffc0ce3d000 	C:\WINDOWS\System32\KERNEL32.DLL
0x00007ffc0c5f0000 - 0x00007ffc0c8e6000 	C:\WINDOWS\System32\KERNELBASE.dll
0x00007ffc0c150000 - 0x00007ffc0c250000 	C:\WINDOWS\System32\ucrtbase.dll
0x00007ffbf47d0000 - 0x00007ffbf47e9000 	C:\Program Files\Java\jdk-17\bin\jli.dll
0x00007ffc0e210000 - 0x00007ffc0e2bf000 	C:\WINDOWS\System32\ADVAPI32.dll
0x00007ffc0e720000 - 0x00007ffc0e7be000 	C:\WINDOWS\System32\msvcrt.dll
0x00007ffc0d4c0000 - 0x00007ffc0d55c000 	C:\WINDOWS\System32\sechost.dll
0x00007ffc0d320000 - 0x00007ffc0d446000 	C:\WINDOWS\System32\RPCRT4.dll
0x00007ffc0cad0000 - 0x00007ffc0cc6e000 	C:\WINDOWS\System32\USER32.dll
0x00007ffc0c250000 - 0x00007ffc0c272000 	C:\WINDOWS\System32\win32u.dll
0x00007ffc0e7c0000 - 0x00007ffc0e7ec000 	C:\WINDOWS\System32\GDI32.dll
0x00007ffc0c8f0000 - 0x00007ffc0ca0a000 	C:\WINDOWS\System32\gdi32full.dll
0x00007ffc0c500000 - 0x00007ffc0c59d000 	C:\WINDOWS\System32\msvcp_win.dll
0x00007ffbf4e80000 - 0x00007ffbf4e9b000 	C:\Program Files\Java\jdk-17\bin\VCRUNTIME140.dll
0x00007ffbf6b00000 - 0x00007ffbf6d9a000 	C:\WINDOWS\WinSxS\amd64_microsoft.windows.common-controls_6595b64144ccf1df_6.0.19041.3636_none_60b6a03d71f818d5\COMCTL32.dll
0x00007ffbfac30000 - 0x00007ffbfac3a000 	C:\WINDOWS\SYSTEM32\VERSION.dll
0x00007ffc0e6f0000 - 0x00007ffc0e720000 	C:\WINDOWS\System32\IMM32.DLL
0x00007ffc076b0000 - 0x00007ffc076bc000 	C:\Program Files\Java\jdk-17\bin\vcruntime140_1.dll
0x00007ffbe6f70000 - 0x00007ffbe6ffe000 	C:\Program Files\Java\jdk-17\bin\msvcp140.dll
0x00007ffb8fb20000 - 0x00007ffb90701000 	C:\Program Files\Java\jdk-17\bin\server\jvm.dll
0x00007ffc0cd50000 - 0x00007ffc0cd58000 	C:\WINDOWS\System32\PSAPI.DLL
0x00007ffbeef30000 - 0x00007ffbeef39000 	C:\WINDOWS\SYSTEM32\WSOCK32.dll
0x00007ffc0dcb0000 - 0x00007ffc0dd1b000 	C:\WINDOWS\System32\WS2_32.dll
0x00007ffbee3c0000 - 0x00007ffbee3e7000 	C:\WINDOWS\SYSTEM32\WINMM.dll
0x00007ffc09f10000 - 0x00007ffc09f22000 	C:\WINDOWS\SYSTEM32\kernel.appcore.dll
0x00007ffc07680000 - 0x00007ffc0768a000 	C:\Program Files\Java\jdk-17\bin\jimage.dll
0x00007ffc09810000 - 0x00007ffc099f4000 	C:\WINDOWS\SYSTEM32\DBGHELP.DLL
0x00007ffbe31d0000 - 0x00007ffbe3204000 	C:\WINDOWS\SYSTEM32\dbgcore.DLL
0x00007ffc0ca40000 - 0x00007ffc0cac2000 	C:\WINDOWS\System32\bcryptPrimitives.dll
0x00007ffbf47a0000 - 0x00007ffbf47c5000 	C:\Program Files\Java\jdk-17\bin\java.dll
0x00007ffbe6d80000 - 0x00007ffbe6e57000 	C:\Program Files\Java\jdk-17\bin\jsvml.dll
0x00007ffc0d560000 - 0x00007ffc0dca5000 	C:\WINDOWS\System32\SHELL32.dll
0x00007ffc0a210000 - 0x00007ffc0a9ab000 	C:\WINDOWS\SYSTEM32\windows.storage.dll
0x00007ffc0cfc0000 - 0x00007ffc0d314000 	C:\WINDOWS\System32\combase.dll
0x00007ffc0bb20000 - 0x00007ffc0bb4d000 	C:\WINDOWS\SYSTEM32\Wldp.dll
0x00007ffc0e7f0000 - 0x00007ffc0e89d000 	C:\WINDOWS\System32\SHCORE.dll
0x00007ffc0d450000 - 0x00007ffc0d4a5000 	C:\WINDOWS\System32\shlwapi.dll
0x00007ffc0c080000 - 0x00007ffc0c0a5000 	C:\WINDOWS\SYSTEM32\profapi.dll
0x00007ffbf4780000 - 0x00007ffbf4799000 	C:\Program Files\Java\jdk-17\bin\net.dll
0x00007ffc034c0000 - 0x00007ffc035ca000 	C:\WINDOWS\SYSTEM32\WINHTTP.dll
0x00007ffc0b880000 - 0x00007ffc0b8ea000 	C:\WINDOWS\system32\mswsock.dll
0x00007ffbf4760000 - 0x00007ffbf4776000 	C:\Program Files\Java\jdk-17\bin\nio.dll
0x00007ffbf46c0000 - 0x00007ffbf46d8000 	C:\Program Files\Java\jdk-17\bin\zip.dll
0x00007ffbd5100000 - 0x00007ffbd5291000 	C:\Program Files\Java\jdk-17\bin\awt.dll
0x00007ffc0e8a0000 - 0x00007ffc0e96d000 	C:\WINDOWS\System32\OLEAUT32.dll
0x00007ffc09590000 - 0x00007ffc09620000 	C:\WINDOWS\SYSTEM32\apphelp.dll
0x00007ffc09b20000 - 0x00007ffc09bbe000 	C:\WINDOWS\system32\uxtheme.dll
0x00007ffc0ce40000 - 0x00007ffc0cf54000 	C:\WINDOWS\System32\MSCTF.dll
0x00007ffc0e530000 - 0x00007ffc0e65b000 	C:\WINDOWS\System32\ole32.dll
0x00007ffc09ee0000 - 0x00007ffc09f0f000 	C:\WINDOWS\system32\DWMAPI.DLL
0x00007ffbfb070000 - 0x00007ffbfb080000 	C:\Program Files\Java\jdk-17\bin\verify.dll
0x00007ffc0ba70000 - 0x00007ffc0ba88000 	C:\WINDOWS\SYSTEM32\CRYPTSP.dll
0x00007ffc0b150000 - 0x00007ffc0b184000 	C:\WINDOWS\system32\rsaenh.dll
0x00007ffc0ca10000 - 0x00007ffc0ca37000 	C:\WINDOWS\System32\bcrypt.dll
0x00007ffc0c040000 - 0x00007ffc0c06e000 	C:\WINDOWS\SYSTEM32\USERENV.dll
0x00007ffc0ba90000 - 0x00007ffc0ba9c000 	C:\WINDOWS\SYSTEM32\CRYPTBASE.dll
0x00007ffc0b510000 - 0x00007ffc0b54b000 	C:\WINDOWS\SYSTEM32\IPHLPAPI.DLL
0x00007ffc0d4b0000 - 0x00007ffc0d4b8000 	C:\WINDOWS\System32\NSI.dll
0x00007ffbf74f0000 - 0x00007ffbf7507000 	C:\WINDOWS\SYSTEM32\dhcpcsvc6.DLL
0x00007ffbf86e0000 - 0x00007ffbf86fd000 	C:\WINDOWS\SYSTEM32\dhcpcsvc.DLL
0x00007ffc0b5b0000 - 0x00007ffc0b67a000 	C:\WINDOWS\SYSTEM32\DNSAPI.dll
0x00007ffbd7ad0000 - 0x00007ffbd7b57000 	C:\Program Files\Java\jdk-17\bin\freetype.dll
0x00007ffbd5300000 - 0x00007ffbd53d3000 	C:\Program Files\Java\jdk-17\bin\fontmanager.dll
0x00007ffbf4650000 - 0x00007ffbf4662000 	C:\Program Files\Java\jdk-17\bin\jsound.dll
0x00007ffbd5060000 - 0x00007ffbd50fc000 	C:\WINDOWS\SYSTEM32\DSOUND.dll
0x00007ffc0bbe0000 - 0x00007ffc0bc2b000 	C:\WINDOWS\SYSTEM32\powrprof.dll
0x00007ffbec640000 - 0x00007ffbec666000 	C:\WINDOWS\SYSTEM32\winmmbase.dll
0x00007ffc0bb50000 - 0x00007ffc0bb62000 	C:\WINDOWS\SYSTEM32\UMPDC.dll
0x00007ffc0e2c0000 - 0x00007ffc0e369000 	C:\WINDOWS\System32\clbcatq.dll
0x00007ffbfb280000 - 0x00007ffbfb305000 	C:\WINDOWS\System32\MMDevApi.dll
0x00007ffc0bee0000 - 0x00007ffc0bf13000 	C:\WINDOWS\System32\DEVOBJ.dll
0x00007ffc0c5a0000 - 0x00007ffc0c5ee000 	C:\WINDOWS\System32\cfgmgr32.dll
0x00007ffbd8ac0000 - 0x00007ffbd8b06000 	C:\WINDOWS\SYSTEM32\wdmaud.drv
0x00007ffc01360000 - 0x00007ffc01369000 	C:\WINDOWS\SYSTEM32\ksuser.dll
0x00007ffc071d0000 - 0x00007ffc071da000 	C:\WINDOWS\SYSTEM32\AVRT.dll
0x00007ffbfb310000 - 0x00007ffbfb492000 	C:\WINDOWS\SYSTEM32\AUDIOSES.DLL
0x00007ffc076a0000 - 0x00007ffc076ad000 	C:\WINDOWS\SYSTEM32\msacm32.drv
0x00007ffc07810000 - 0x00007ffc0782e000 	C:\WINDOWS\SYSTEM32\MSACM32.dll
0x00007ffc07690000 - 0x00007ffc0769b000 	C:\WINDOWS\SYSTEM32\midimap.dll
0x00007ffc09bf0000 - 0x00007ffc09c04000 	C:\WINDOWS\SYSTEM32\resourcepolicyclient.dll
0x00007ffbfa9e0000 - 0x00007ffbfab21000 	C:\Windows\System32\Windows.UI.dll
0x00007ffbfa770000 - 0x00007ffbfa869000 	C:\Windows\System32\TextInputFramework.dll
0x00007ffc03eb0000 - 0x00007ffc03f51000 	C:\Windows\System32\WindowManagementAPI.dll
0x00007ffc08f10000 - 0x00007ffc0926b000 	C:\Windows\System32\CoreUIComponents.dll
0x00007ffbfa610000 - 0x00007ffbfa762000 	C:\Windows\System32\InputHost.dll
0x00007ffc08590000 - 0x00007ffc086e5000 	C:\WINDOWS\SYSTEM32\wintypes.dll
0x00007ffc03b40000 - 0x00007ffc03d43000 	C:\WINDOWS\SYSTEM32\twinapi.appcore.dll
0x00007ffc09270000 - 0x00007ffc09362000 	C:\Windows\System32\CoreMessaging.dll
0x00007ffc086f0000 - 0x00007ffc087e6000 	C:\Windows\System32\PROPSYS.dll
0x00007ffc0b270000 - 0x00007ffc0b2a3000 	C:\WINDOWS\SYSTEM32\ntmarta.dll
0x00007ffbb3f50000 - 0x00007ffbb4075000 	C:\WINDOWS\system32\opengl32.dll
0x00007ffbe9b60000 - 0x00007ffbe9b8c000 	C:\WINDOWS\SYSTEM32\GLU32.dll
0x00007ffbf0a00000 - 0x00007ffbf0a66000 	C:\WINDOWS\system32\Oleacc.dll
0x00007ffc03860000 - 0x00007ffc03a14000 	C:\WINDOWS\SYSTEM32\WindowsCodecs.dll
0x00007ffbdcf60000 - 0x00007ffbdcf9e000 	C:\WINDOWS\system32\dataexchange.dll
0x00007ffc08320000 - 0x00007ffc08583000 	C:\WINDOWS\system32\d3d11.dll
0x00007ffc087f0000 - 0x00007ffc089d3000 	C:\WINDOWS\system32\dcomp.dll
0x00007ffc0aa10000 - 0x00007ffc0ab03000 	C:\WINDOWS\system32\dxgi.dll

dbghelp: loaded successfully - version: 4.0.5 - missing functions: none
symbol engine: initialized successfully - sym options: 0x614 - pdb path: .;C:\Program Files\Java\jdk-17\bin;C:\WINDOWS\SYSTEM32;C:\WINDOWS\WinSxS\amd64_microsoft.windows.common-controls_6595b64144ccf1df_6.0.19041.3636_none_60b6a03d71f818d5;C:\Program Files\Java\jdk-17\bin\server

VM Arguments:
jvm_args: -Dfile.encoding=windows-1252 -Dstdout.encoding=windows-1252 -Dstderr.encoding=windows-1252 -XX:+ShowCodeDetailsInExceptionMessages 
java_command: main.Main
java_class_path (initial): C:\Users\cymax\git\pokemon\Summative\bin;C:\Users\cymax\git\pokemon\Summative\miglayout15-swing.jar;C:\Users\cymax\git\pokemon\Summative\jgoodies-forms-1.8.0.jar
Launcher Type: SUN_STANDARD

[Global flags]
     intx CICompilerCount                          = 3                                         {product} {ergonomic}
     uint ConcGCThreads                            = 1                                         {product} {ergonomic}
     uint G1ConcRefinementThreads                  = 4                                         {product} {ergonomic}
   size_t G1HeapRegionSize                         = 1048576                                   {product} {ergonomic}
    uintx GCDrainStackTargetSize                   = 64                                        {product} {ergonomic}
   size_t InitialHeapSize                          = 134217728                                 {product} {ergonomic}
   size_t MarkStackSize                            = 4194304                                   {product} {ergonomic}
   size_t MaxHeapSize                              = 2118123520                                {product} {ergonomic}
   size_t MaxNewSize                               = 1270874112                                {product} {ergonomic}
   size_t MinHeapDeltaBytes                        = 1048576                                   {product} {ergonomic}
   size_t MinHeapSize                              = 8388608                                   {product} {ergonomic}
    uintx NonNMethodCodeHeapSize                   = 5832780                                {pd product} {ergonomic}
    uintx NonProfiledCodeHeapSize                  = 122912730                              {pd product} {ergonomic}
    uintx ProfiledCodeHeapSize                     = 122912730                              {pd product} {ergonomic}
    uintx ReservedCodeCacheSize                    = 251658240                              {pd product} {ergonomic}
     bool SegmentedCodeCache                       = true                                      {product} {ergonomic}
     bool ShowCodeDetailsInExceptionMessages       = true                                   {manageable} {command line}
   size_t SoftMaxHeapSize                          = 2118123520                             {manageable} {ergonomic}
     bool UseCompressedClassPointers               = true                           {product lp64_product} {ergonomic}
     bool UseCompressedOops                        = true                           {product lp64_product} {ergonomic}
     bool UseG1GC                                  = true                                      {product} {ergonomic}
     bool UseLargePagesIndividualAllocation        = false                                  {pd product} {ergonomic}

Logging:
Log output configuration:
 #0: stdout all=warning uptime,level,tags
 #1: stderr all=off uptime,level,tags

Environment Variables:
JAVA_HOME=C:\Program Files\Java\jdk1.8.0_291
PATH=C:/Users/cymax/.p2/pool/plugins/org.eclipse.justj.openjdk.hotspot.jre.full.win32.x86_64_17.0.9.v20231028-0858/jre/bin/server;C:/Users/cymax/.p2/pool/plugins/org.eclipse.justj.openjdk.hotspot.jre.full.win32.x86_64_17.0.9.v20231028-0858/jre/bin;C:\Program Files\Common Files\Oracle\Java\javapath;C:\Program Files (x86)\Common Files\Oracle\Java\javapath;C:\Program Files (x86)\Common Files\Intel\Shared Libraries\redist\intel64\compiler;C:\WINDOWS\system32;C:\WINDOWS;C:\WINDOWS\System32\Wbem;C:\WINDOWS\System32\WindowsPowerShell\v1.0\;C:\WINDOWS\System32\OpenSSH\;C:\Program Files (x86)\IVI Foundation\VISA\WinNT\Bin;C:\Program Files\dotnet\;C:\Users\cymax\AppData\Local\Microsoft\WindowsApps;;C:\Program Files\JetBrains\IntelliJ IDEA Community Edition 2019.3.3\bin;;C:\Users\cymax\AppData\Local\Programs\Microsoft VS Code\bin;C:\WINDOWS\system32;
USERNAME=cymax
OS=Windows_NT
PROCESSOR_IDENTIFIER=Intel64 Family 6 Model 142 Stepping 9, GenuineIntel



---------------  S Y S T E M  ---------------

OS:
 Windows 10 , 64 bit Build 19041 (10.0.19041.3636)
OS uptime: 2 days 12:02 hours

CPU: total 4 (initial active 4) (2 cores per cpu, 2 threads per core) family 6 model 142 stepping 9 microcode 0xf0, cx8, cmov, fxsr, ht, mmx, 3dnowpref, sse, sse2, sse3, ssse3, sse4.1, sse4.2, popcnt, lzcnt, tsc, tscinvbit, aes, erms, clmul, clflush, clflushopt

Memory: 4k page, system-wide physical 8076M (1130M free)
TotalPageFile size 9981M (AvailPageFile size 21M)
current process WorkingSet (physical memory assigned to process): 241M, peak: 280M
current process commit charge ("private bytes"): 279M, peak: 332M

vm_info: Java HotSpot(TM) 64-Bit Server VM (17.0.9+11-LTS-201) for windows-amd64 JRE (17.0.9+11-LTS-201), built on Oct 10 2023 23:16:06 by "mach5one" with MS VC++ 17.1 (VS2022)

END.
