#
# There is insufficient memory for the Java Runtime Environment to continue.
# Native memory allocation (mmap) failed to map 352321536 bytes for G1 virtual space
# Possible reasons:
#   The system is out of physical RAM or swap space
#   The process is running with CompressedOops enabled, and the Java Heap may be blocking the growth of the native heap
# Possible solutions:
#   Reduce memory load on the system
#   Increase physical memory or swap space
#   Check if swap backing store is full
#   Decrease Java heap size (-Xmx/-Xms)
#   Decrease number of Java threads
#   Decrease Java thread stack sizes (-Xss)
#   Set larger code cache with -XX:ReservedCodeCacheSize=
#   JVM is running with Unscaled Compressed Oops mode in which the Java heap is
#     placed in the first 4GB address space. The Java Heap base address is the
#     maximum limit for the native heap growth. Please use -XX:HeapBaseMinAddress
#     to set the Java Heap base and to place the Java Heap above 4GB virtual address.
# This output file may be truncated or incomplete.
#
#  Out of Memory Error (os_windows.cpp:3552), pid=12576, tid=2876
#
# JRE version: Java(TM) SE Runtime Environment (17.0.9+11) (build 17.0.9+11-LTS-201)
# Java VM: Java HotSpot(TM) 64-Bit Server VM (17.0.9+11-LTS-201, mixed mode, sharing, tiered, compressed oops, compressed class ptrs, g1 gc, windows-amd64)
# No core dump will be written. Minidumps are not enabled by default on client versions of Windows
#

---------------  S U M M A R Y ------------

Command Line: -Dfile.encoding=windows-1252 -Dstdout.encoding=windows-1252 -Dstderr.encoding=windows-1252 -XX:+ShowCodeDetailsInExceptionMessages main.Main

Host: Intel(R) Pentium(R) CPU 4415Y @ 1.60GHz, 4 cores, 7G,  Windows 10 , 64 bit Build 19041 (10.0.19041.3636)
Time: Sun Jan 14 14:51:25 2024 Eastern Standard Time elapsed time: 19.144892 seconds (0d 0h 0m 19s)

---------------  T H R E A D  ---------------

Current thread (0x00000157c83728b0):  VMThread "VM Thread" [stack: 0x0000005664100000,0x0000005664200000] [id=2876]

Stack: [0x0000005664100000,0x0000005664200000]
Native frames: (J=compiled Java code, j=interpreted, Vv=VM code, C=native code)
V  [jvm.dll+0x678a4a]
V  [jvm.dll+0x7d9cfd]
V  [jvm.dll+0x7db60e]
V  [jvm.dll+0x7dbc73]
V  [jvm.dll+0x245e1f]
V  [jvm.dll+0x6758f9]
V  [jvm.dll+0x66a2a2]
V  [jvm.dll+0x303686]
V  [jvm.dll+0x30ac06]
V  [jvm.dll+0x35a48e]
V  [jvm.dll+0x35a6bf]
V  [jvm.dll+0x2da678]
V  [jvm.dll+0x2d8a85]
V  [jvm.dll+0x2d808c]
V  [jvm.dll+0x31bca1]
V  [jvm.dll+0x7e048b]
V  [jvm.dll+0x7e11c4]
V  [jvm.dll+0x7e16dd]
V  [jvm.dll+0x7e1ab4]
V  [jvm.dll+0x7e1b80]
V  [jvm.dll+0x78998a]
V  [jvm.dll+0x677875]
C  [ucrtbase.dll+0x21bb2]
C  [KERNEL32.DLL+0x17344]
C  [ntdll.dll+0x526b1]

VM_Operation (0x00000056660fd488): G1TryInitiateConcMark, mode: safepoint, requested by thread 0x00000157c83ad180


---------------  P R O C E S S  ---------------

Threads class SMR info:
_java_thread_list=0x000001580ea8ed00, length=24, elements={
0x00000157c8377c90, 0x00000157c8378ca0, 0x00000157c838b130, 0x00000157c838da10,
0x00000157c838f900, 0x00000157c839b6e0, 0x00000157c839e7d0, 0x00000157c83a0db0,
0x00000157c83adba0, 0x00000157c83ac250, 0x00000157c83ad690, 0x00000157c83ae0b0,
0x00000157c83ab320, 0x00000157c83ae5c0, 0x00000157c83abd40, 0x00000157c83acc70,
0x00000157c83ad180, 0x00000157c83ab830, 0x00000157c83aead0, 0x00000157c83ac760,
0x000001580e1a56d0, 0x000001580e1a6600, 0x000001580e1a3360, 0x000001580e1a3870
}

Java Threads: ( => current thread )
  0x00000157c8377c90 JavaThread "Reference Handler" daemon [_thread_blocked, id=4228, stack(0x0000005664200000,0x0000005664300000)]
  0x00000157c8378ca0 JavaThread "Finalizer" daemon [_thread_blocked, id=6260, stack(0x0000005664300000,0x0000005664400000)]
  0x00000157c838b130 JavaThread "Signal Dispatcher" daemon [_thread_blocked, id=1528, stack(0x0000005664400000,0x0000005664500000)]
  0x00000157c838da10 JavaThread "Attach Listener" daemon [_thread_blocked, id=1480, stack(0x0000005664500000,0x0000005664600000)]
  0x00000157c838f900 JavaThread "Service Thread" daemon [_thread_blocked, id=12604, stack(0x0000005664600000,0x0000005664700000)]
  0x00000157c839b6e0 JavaThread "Monitor Deflation Thread" daemon [_thread_blocked, id=836, stack(0x0000005664700000,0x0000005664800000)]
  0x00000157c839e7d0 JavaThread "C2 CompilerThread0" daemon [_thread_blocked, id=1628, stack(0x0000005664800000,0x0000005664900000)]
  0x00000157c83a0db0 JavaThread "C1 CompilerThread0" daemon [_thread_blocked, id=13764, stack(0x0000005664900000,0x0000005664a00000)]
  0x00000157c83adba0 JavaThread "Sweeper thread" daemon [_thread_blocked, id=7556, stack(0x0000005664a00000,0x0000005664b00000)]
  0x00000157c83ac250 JavaThread "Notification Thread" daemon [_thread_blocked, id=14040, stack(0x0000005664b00000,0x0000005664c00000)]
  0x00000157c83ad690 JavaThread "Common-Cleaner" daemon [_thread_blocked, id=14060, stack(0x0000005664d00000,0x0000005664e00000)]
  0x00000157c83ae0b0 JavaThread "Java2D Disposer" daemon [_thread_blocked, id=12568, stack(0x0000005664e00000,0x0000005664f00000)]
  0x00000157c83ab320 JavaThread "AWT-Windows" daemon [_thread_in_native, id=10400, stack(0x0000005665000000,0x0000005665100000)]
  0x00000157c83ae5c0 JavaThread "Java Sound Event Dispatcher" daemon [_thread_blocked, id=11016, stack(0x0000005665300000,0x0000005665400000)]
  0x00000157c83abd40 JavaThread "Direct Clip" daemon [_thread_blocked, id=13636, stack(0x0000005665a00000,0x0000005665b00000)]
  0x00000157c83acc70 JavaThread "AWT-Shutdown" [_thread_blocked, id=1236, stack(0x0000005665f00000,0x0000005666000000)]
  0x00000157c83ad180 JavaThread "AWT-EventQueue-0" [_thread_blocked, id=9260, stack(0x0000005666000000,0x0000005666100000)]
  0x00000157c83ab830 JavaThread "DestroyJavaVM" [_thread_blocked, id=9504, stack(0x0000005663b00000,0x0000005663c00000)]
  0x00000157c83aead0 JavaThread "Direct Clip" daemon [_thread_blocked, id=12520, stack(0x0000005665100000,0x0000005665200000)]
  0x00000157c83ac760 JavaThread "TimerQueue" daemon [_thread_blocked, id=9624, stack(0x0000005666100000,0x0000005666200000)]
  0x000001580e1a56d0 JavaThread "Direct Clip" daemon [_thread_blocked, id=6388, stack(0x0000005666200000,0x0000005666300000)]
  0x000001580e1a6600 JavaThread "Direct Clip" daemon [_thread_blocked, id=14220, stack(0x0000005666300000,0x0000005666400000)]
  0x000001580e1a3360 JavaThread "Direct Clip" daemon [_thread_blocked, id=14120, stack(0x0000005666400000,0x0000005666500000)]
  0x000001580e1a3870 JavaThread "Direct Clip" daemon [_thread_blocked, id=14160, stack(0x0000005666500000,0x0000005666600000)]

Other Threads:
=>0x00000157c83728b0 VMThread "VM Thread" [stack: 0x0000005664100000,0x0000005664200000] [id=2876]
  0x00000157c85d6d60 WatcherThread [stack: 0x0000005664c00000,0x0000005664d00000] [id=10824]
  0x00000157aab7fec0 GCTaskThread "GC Thread#0" [stack: 0x0000005663c00000,0x0000005663d00000] [id=528]
  0x000001580e202530 GCTaskThread "GC Thread#1" [stack: 0x0000005665c00000,0x0000005665d00000] [id=14056]
  0x000001580e791350 GCTaskThread "GC Thread#2" [stack: 0x0000005665d00000,0x0000005665e00000] [id=14116]
  0x000001580e7cea60 GCTaskThread "GC Thread#3" [stack: 0x0000005665e00000,0x0000005665f00000] [id=5860]
  0x00000157aab91140 ConcurrentGCThread "G1 Main Marker" [stack: 0x0000005663d00000,0x0000005663e00000] [id=3460]
  0x00000157aab91a60 ConcurrentGCThread "G1 Conc#0" [stack: 0x0000005663e00000,0x0000005663f00000] [id=5676]
  0x00000157c8230090 ConcurrentGCThread "G1 Refine#0" [stack: 0x0000005663f00000,0x0000005664000000] [id=6572]
  0x00000157c82309d0 ConcurrentGCThread "G1 Service" [stack: 0x0000005664000000,0x0000005664100000] [id=8172]

Threads with active compile tasks:

VM state: at safepoint (normal execution)

VM Mutex/Monitor currently owned by a thread:  ([mutex/lock_event])
[0x00000157aab20610] Threads_lock - owner thread: 0x00000157c83728b0
[0x00000157aab20bb0] Heap_lock - owner thread: 0x00000157c83ad180

Heap address: 0x0000000081c00000, size: 2020 MB, Compressed Oops mode: 32-bit

CDS archive(s) mapped at: [0x00000157c9000000-0x00000157c9bd0000-0x00000157c9bd0000), size 12386304, SharedBaseAddress: 0x00000157c9000000, ArchiveRelocationMode: 1.
Compressed class space mapped at: 0x00000157ca000000-0x000001580a000000, reserved size: 1073741824
Narrow klass base: 0x00000157c9000000, Narrow klass shift: 0, Narrow klass range: 0x100000000

GC Precious Log:
 CPUs: 4 total, 4 available
 Memory: 8076M
 Large Page Support: Disabled
 NUMA Support: Disabled
 Compressed Oops: Enabled (32-bit)
 Heap Region Size: 1M
 Heap Min Capacity: 8M
 Heap Initial Capacity: 128M
 Heap Max Capacity: 2020M
 Pre-touch: Disabled
 Parallel Workers: 4
 Concurrent Workers: 1
 Concurrent Refinement Workers: 4
 Periodic GC: Disabled

Heap:
 garbage-first heap   total 352256K, used 197101K [0x0000000081c00000, 0x0000000100000000)
  region size 1024K, 2 young (2048K), 2 survivors (2048K)
 Metaspace       used 14575K, committed 14784K, reserved 1114112K
  class space    used 1612K, committed 1728K, reserved 1048576K

Heap Regions: E=young(eden), S=young(survivor), O=old, HS=humongous(starts), HC=humongous(continues), CS=collection set, F=free, OA=open archive, CA=closed archive, TAMS=top-at-mark-start (previous, next)
|   0|0x0000000081c00000, 0x0000000081d00000, 0x0000000081d00000|100%|HS|  |TAMS 0x0000000081d00000, 0x0000000081d00000| Complete 
|   1|0x0000000081d00000, 0x0000000081e00000, 0x0000000081e00000|100%|HS|  |TAMS 0x0000000081e00000, 0x0000000081e00000| Complete 
|   2|0x0000000081e00000, 0x0000000081f00000, 0x0000000081f00000|100%|HC|  |TAMS 0x0000000081f00000, 0x0000000081f00000| Complete 
|   3|0x0000000081f00000, 0x0000000082000000, 0x0000000082000000|100%|HC|  |TAMS 0x0000000082000000, 0x0000000082000000| Complete 
|   4|0x0000000082000000, 0x0000000082100000, 0x0000000082100000|100%|HC|  |TAMS 0x0000000082100000, 0x0000000082100000| Complete 
|   5|0x0000000082100000, 0x0000000082200000, 0x0000000082200000|100%|HC|  |TAMS 0x0000000082200000, 0x0000000082200000| Complete 
|   6|0x0000000082200000, 0x0000000082300000, 0x0000000082300000|100%|HC|  |TAMS 0x0000000082300000, 0x0000000082300000| Complete 
|   7|0x0000000082300000, 0x0000000082400000, 0x0000000082400000|100%|HC|  |TAMS 0x0000000082400000, 0x0000000082400000| Complete 
|   8|0x0000000082400000, 0x0000000082500000, 0x0000000082500000|100%|HC|  |TAMS 0x0000000082500000, 0x0000000082500000| Complete 
|   9|0x0000000082500000, 0x0000000082600000, 0x0000000082600000|100%|HC|  |TAMS 0x0000000082600000, 0x0000000082600000| Complete 
|  10|0x0000000082600000, 0x0000000082700000, 0x0000000082700000|100%|HC|  |TAMS 0x0000000082700000, 0x0000000082700000| Complete 
|  11|0x0000000082700000, 0x0000000082800000, 0x0000000082800000|100%|HC|  |TAMS 0x0000000082800000, 0x0000000082800000| Complete 
|  12|0x0000000082800000, 0x0000000082900000, 0x0000000082900000|100%|HC|  |TAMS 0x0000000082900000, 0x0000000082900000| Complete 
|  13|0x0000000082900000, 0x0000000082a00000, 0x0000000082a00000|100%|HC|  |TAMS 0x0000000082a00000, 0x0000000082a00000| Complete 
|  14|0x0000000082a00000, 0x0000000082b00000, 0x0000000082b00000|100%|HC|  |TAMS 0x0000000082b00000, 0x0000000082b00000| Complete 
|  15|0x0000000082b00000, 0x0000000082c00000, 0x0000000082c00000|100%|HC|  |TAMS 0x0000000082c00000, 0x0000000082c00000| Complete 
|  16|0x0000000082c00000, 0x0000000082d00000, 0x0000000082d00000|100%|HC|  |TAMS 0x0000000082d00000, 0x0000000082d00000| Complete 
|  17|0x0000000082d00000, 0x0000000082e00000, 0x0000000082e00000|100%|HS|  |TAMS 0x0000000082e00000, 0x0000000082e00000| Complete 
|  18|0x0000000082e00000, 0x0000000082f00000, 0x0000000082f00000|100%|HC|  |TAMS 0x0000000082f00000, 0x0000000082f00000| Complete 
|  19|0x0000000082f00000, 0x0000000083000000, 0x0000000083000000|100%|HC|  |TAMS 0x0000000083000000, 0x0000000083000000| Complete 
|  20|0x0000000083000000, 0x0000000083100000, 0x0000000083100000|100%|HS|  |TAMS 0x0000000083100000, 0x0000000083100000| Complete 
|  21|0x0000000083100000, 0x0000000083200000, 0x0000000083200000|100%|HC|  |TAMS 0x0000000083200000, 0x0000000083200000| Complete 
|  22|0x0000000083200000, 0x0000000083300000, 0x0000000083300000|100%|HC|  |TAMS 0x0000000083300000, 0x0000000083300000| Complete 
|  23|0x0000000083300000, 0x0000000083400000, 0x0000000083400000|100%|HC|  |TAMS 0x0000000083400000, 0x0000000083400000| Complete 
|  24|0x0000000083400000, 0x0000000083500000, 0x0000000083500000|100%|HC|  |TAMS 0x0000000083500000, 0x0000000083500000| Complete 
|  25|0x0000000083500000, 0x0000000083600000, 0x0000000083600000|100%|HC|  |TAMS 0x0000000083600000, 0x0000000083600000| Complete 
|  26|0x0000000083600000, 0x0000000083700000, 0x0000000083700000|100%|HC|  |TAMS 0x0000000083700000, 0x0000000083700000| Complete 
|  27|0x0000000083700000, 0x0000000083800000, 0x0000000083800000|100%|HC|  |TAMS 0x0000000083800000, 0x0000000083800000| Complete 
|  28|0x0000000083800000, 0x0000000083900000, 0x0000000083900000|100%| O|  |TAMS 0x0000000083900000, 0x0000000083900000| Untracked 
|  29|0x0000000083900000, 0x0000000083a00000, 0x0000000083a00000|100%|HS|  |TAMS 0x0000000083a00000, 0x0000000083a00000| Complete 
|  30|0x0000000083a00000, 0x0000000083b00000, 0x0000000083b00000|100%|HC|  |TAMS 0x0000000083b00000, 0x0000000083b00000| Complete 
|  31|0x0000000083b00000, 0x0000000083c00000, 0x0000000083c00000|100%|HS|  |TAMS 0x0000000083c00000, 0x0000000083c00000| Complete 
|  32|0x0000000083c00000, 0x0000000083d00000, 0x0000000083d00000|100%|HC|  |TAMS 0x0000000083d00000, 0x0000000083d00000| Complete 
|  33|0x0000000083d00000, 0x0000000083e00000, 0x0000000083e00000|100%| O|  |TAMS 0x0000000083e00000, 0x0000000083e00000| Untracked 
|  34|0x0000000083e00000, 0x0000000083f00000, 0x0000000083f00000|100%| O|  |TAMS 0x0000000083eda600, 0x0000000083f00000| Untracked 
|  35|0x0000000083f00000, 0x0000000084000000, 0x0000000084000000|100%|HS|  |TAMS 0x0000000084000000, 0x0000000084000000| Complete 
|  36|0x0000000084000000, 0x0000000084100000, 0x0000000084100000|100%|HC|  |TAMS 0x0000000084100000, 0x0000000084100000| Complete 
|  37|0x0000000084100000, 0x0000000084200000, 0x0000000084200000|100%|HC|  |TAMS 0x0000000084200000, 0x0000000084200000| Complete 
|  38|0x0000000084200000, 0x0000000084300000, 0x0000000084300000|100%|HC|  |TAMS 0x0000000084300000, 0x0000000084300000| Complete 
|  39|0x0000000084300000, 0x0000000084400000, 0x0000000084400000|100%|HC|  |TAMS 0x0000000084400000, 0x0000000084400000| Complete 
|  40|0x0000000084400000, 0x0000000084500000, 0x0000000084500000|100%|HC|  |TAMS 0x0000000084500000, 0x0000000084500000| Complete 
|  41|0x0000000084500000, 0x0000000084600000, 0x0000000084600000|100%|HC|  |TAMS 0x0000000084600000, 0x0000000084600000| Complete 
|  42|0x0000000084600000, 0x0000000084700000, 0x0000000084700000|100%|HC|  |TAMS 0x0000000084700000, 0x0000000084700000| Complete 
|  43|0x0000000084700000, 0x0000000084800000, 0x0000000084800000|100%|HC|  |TAMS 0x0000000084800000, 0x0000000084800000| Complete 
|  44|0x0000000084800000, 0x0000000084900000, 0x0000000084900000|100%|HC|  |TAMS 0x0000000084900000, 0x0000000084900000| Complete 
|  45|0x0000000084900000, 0x0000000084a00000, 0x0000000084a00000|100%|HC|  |TAMS 0x0000000084a00000, 0x0000000084a00000| Complete 
|  46|0x0000000084a00000, 0x0000000084b00000, 0x0000000084b00000|100%|HC|  |TAMS 0x0000000084b00000, 0x0000000084b00000| Complete 
|  47|0x0000000084b00000, 0x0000000084c00000, 0x0000000084c00000|100%|HC|  |TAMS 0x0000000084c00000, 0x0000000084c00000| Complete 
|  48|0x0000000084c00000, 0x0000000084d00000, 0x0000000084d00000|100%|HC|  |TAMS 0x0000000084d00000, 0x0000000084d00000| Complete 
|  49|0x0000000084d00000, 0x0000000084e00000, 0x0000000084e00000|100%|HC|  |TAMS 0x0000000084e00000, 0x0000000084e00000| Complete 
|  50|0x0000000084e00000, 0x0000000084f00000, 0x0000000084f00000|100%|HC|  |TAMS 0x0000000084f00000, 0x0000000084f00000| Complete 
|  51|0x0000000084f00000, 0x0000000085000000, 0x0000000085000000|100%|HC|  |TAMS 0x0000000085000000, 0x0000000085000000| Complete 
|  52|0x0000000085000000, 0x0000000085100000, 0x0000000085100000|100%|HC|  |TAMS 0x0000000085100000, 0x0000000085100000| Complete 
|  53|0x0000000085100000, 0x0000000085200000, 0x0000000085200000|100%|HC|  |TAMS 0x0000000085200000, 0x0000000085200000| Complete 
|  54|0x0000000085200000, 0x0000000085300000, 0x0000000085300000|100%|HC|  |TAMS 0x0000000085300000, 0x0000000085300000| Complete 
|  55|0x0000000085300000, 0x0000000085400000, 0x0000000085400000|100%|HC|  |TAMS 0x0000000085400000, 0x0000000085400000| Complete 
|  56|0x0000000085400000, 0x0000000085500000, 0x0000000085500000|100%|HC|  |TAMS 0x0000000085500000, 0x0000000085500000| Complete 
|  57|0x0000000085500000, 0x0000000085600000, 0x0000000085600000|100%|HC|  |TAMS 0x0000000085600000, 0x0000000085600000| Complete 
|  58|0x0000000085600000, 0x0000000085700000, 0x0000000085700000|100%|HC|  |TAMS 0x0000000085700000, 0x0000000085700000| Complete 
|  59|0x0000000085700000, 0x0000000085800000, 0x0000000085800000|100%|HC|  |TAMS 0x0000000085800000, 0x0000000085800000| Complete 
|  60|0x0000000085800000, 0x0000000085900000, 0x0000000085900000|100%|HC|  |TAMS 0x0000000085900000, 0x0000000085900000| Complete 
|  61|0x0000000085900000, 0x0000000085a00000, 0x0000000085a00000|100%|HC|  |TAMS 0x0000000085a00000, 0x0000000085a00000| Complete 
|  62|0x0000000085a00000, 0x0000000085b00000, 0x0000000085b00000|100%|HC|  |TAMS 0x0000000085b00000, 0x0000000085b00000| Complete 
|  63|0x0000000085b00000, 0x0000000085c00000, 0x0000000085c00000|100%|HC|  |TAMS 0x0000000085c00000, 0x0000000085c00000| Complete 
|  64|0x0000000085c00000, 0x0000000085d00000, 0x0000000085d00000|100%|HC|  |TAMS 0x0000000085d00000, 0x0000000085d00000| Complete 
|  65|0x0000000085d00000, 0x0000000085e00000, 0x0000000085e00000|100%|HC|  |TAMS 0x0000000085e00000, 0x0000000085e00000| Complete 
|  66|0x0000000085e00000, 0x0000000085f00000, 0x0000000085f00000|100%|HC|  |TAMS 0x0000000085f00000, 0x0000000085f00000| Complete 
|  67|0x0000000085f00000, 0x0000000086000000, 0x0000000086000000|100%|HC|  |TAMS 0x0000000086000000, 0x0000000086000000| Complete 
|  68|0x0000000086000000, 0x0000000086100000, 0x0000000086100000|100%|HC|  |TAMS 0x0000000086100000, 0x0000000086100000| Complete 
|  69|0x0000000086100000, 0x0000000086200000, 0x0000000086200000|100%|HC|  |TAMS 0x0000000086200000, 0x0000000086200000| Complete 
|  70|0x0000000086200000, 0x0000000086300000, 0x0000000086300000|100%|HC|  |TAMS 0x0000000086300000, 0x0000000086300000| Complete 
|  71|0x0000000086300000, 0x0000000086400000, 0x0000000086400000|100%|HC|  |TAMS 0x0000000086400000, 0x0000000086400000| Complete 
|  72|0x0000000086400000, 0x0000000086500000, 0x0000000086500000|100%|HC|  |TAMS 0x0000000086500000, 0x0000000086500000| Complete 
|  73|0x0000000086500000, 0x0000000086600000, 0x0000000086600000|100%|HC|  |TAMS 0x0000000086600000, 0x0000000086600000| Complete 
|  74|0x0000000086600000, 0x0000000086700000, 0x0000000086700000|100%|HC|  |TAMS 0x0000000086700000, 0x0000000086700000| Complete 
|  75|0x0000000086700000, 0x0000000086800000, 0x0000000086800000|100%|HC|  |TAMS 0x0000000086800000, 0x0000000086800000| Complete 
|  76|0x0000000086800000, 0x0000000086900000, 0x0000000086900000|100%|HC|  |TAMS 0x0000000086900000, 0x0000000086900000| Complete 
|  77|0x0000000086900000, 0x0000000086a00000, 0x0000000086a00000|100%|HC|  |TAMS 0x0000000086a00000, 0x0000000086a00000| Complete 
|  78|0x0000000086a00000, 0x0000000086b00000, 0x0000000086b00000|100%|HC|  |TAMS 0x0000000086b00000, 0x0000000086b00000| Complete 
|  79|0x0000000086b00000, 0x0000000086c00000, 0x0000000086c00000|100%|HC|  |TAMS 0x0000000086c00000, 0x0000000086c00000| Complete 
|  80|0x0000000086c00000, 0x0000000086d00000, 0x0000000086d00000|100%|HC|  |TAMS 0x0000000086d00000, 0x0000000086d00000| Complete 
|  81|0x0000000086d00000, 0x0000000086e00000, 0x0000000086e00000|100%|HC|  |TAMS 0x0000000086e00000, 0x0000000086e00000| Complete 
|  82|0x0000000086e00000, 0x0000000086f00000, 0x0000000086f00000|100%|HS|  |TAMS 0x0000000086f00000, 0x0000000086f00000| Complete 
|  83|0x0000000086f00000, 0x0000000087000000, 0x0000000087000000|100%|HC|  |TAMS 0x0000000087000000, 0x0000000087000000| Complete 
|  84|0x0000000087000000, 0x0000000087100000, 0x0000000087100000|100%|HC|  |TAMS 0x0000000087100000, 0x0000000087100000| Complete 
|  85|0x0000000087100000, 0x0000000087200000, 0x0000000087200000|100%|HC|  |TAMS 0x0000000087200000, 0x0000000087200000| Complete 
|  86|0x0000000087200000, 0x0000000087300000, 0x0000000087300000|100%|HS|  |TAMS 0x0000000087300000, 0x0000000087300000| Complete 
|  87|0x0000000087300000, 0x0000000087400000, 0x0000000087400000|100%|HC|  |TAMS 0x0000000087400000, 0x0000000087400000| Complete 
|  88|0x0000000087400000, 0x0000000087500000, 0x0000000087500000|100%|HC|  |TAMS 0x0000000087500000, 0x0000000087500000| Complete 
|  89|0x0000000087500000, 0x0000000087600000, 0x0000000087600000|100%|HC|  |TAMS 0x0000000087600000, 0x0000000087600000| Complete 
|  90|0x0000000087600000, 0x0000000087700000, 0x0000000087700000|100%|HS|  |TAMS 0x0000000087700000, 0x0000000087700000| Complete 
|  91|0x0000000087700000, 0x0000000087800000, 0x0000000087800000|100%|HC|  |TAMS 0x0000000087800000, 0x0000000087800000| Complete 
|  92|0x0000000087800000, 0x0000000087900000, 0x0000000087900000|100%|HS|  |TAMS 0x0000000087900000, 0x0000000087900000| Complete 
|  93|0x0000000087900000, 0x0000000087a00000, 0x0000000087a00000|100%|HS|  |TAMS 0x0000000087a00000, 0x0000000087a00000| Complete 
|  94|0x0000000087a00000, 0x0000000087b00000, 0x0000000087b00000|100%|HC|  |TAMS 0x0000000087b00000, 0x0000000087b00000| Complete 
|  95|0x0000000087b00000, 0x0000000087c00000, 0x0000000087c00000|100%|HC|  |TAMS 0x0000000087c00000, 0x0000000087c00000| Complete 
|  96|0x0000000087c00000, 0x0000000087d00000, 0x0000000087d00000|100%|HC|  |TAMS 0x0000000087d00000, 0x0000000087d00000| Complete 
|  97|0x0000000087d00000, 0x0000000087e00000, 0x0000000087e00000|100%|HC|  |TAMS 0x0000000087e00000, 0x0000000087e00000| Complete 
|  98|0x0000000087e00000, 0x0000000087f00000, 0x0000000087f00000|100%|HC|  |TAMS 0x0000000087f00000, 0x0000000087f00000| Complete 
|  99|0x0000000087f00000, 0x0000000088000000, 0x0000000088000000|100%|HC|  |TAMS 0x0000000088000000, 0x0000000088000000| Complete 
| 100|0x0000000088000000, 0x0000000088100000, 0x0000000088100000|100%|HC|  |TAMS 0x0000000088100000, 0x0000000088100000| Complete 
| 101|0x0000000088100000, 0x0000000088200000, 0x0000000088200000|100%|HC|  |TAMS 0x0000000088200000, 0x0000000088200000| Complete 
| 102|0x0000000088200000, 0x0000000088300000, 0x0000000088300000|100%|HC|  |TAMS 0x0000000088300000, 0x0000000088300000| Complete 
| 103|0x0000000088300000, 0x0000000088400000, 0x0000000088400000|100%|HC|  |TAMS 0x0000000088400000, 0x0000000088400000| Complete 
| 104|0x0000000088400000, 0x0000000088500000, 0x0000000088500000|100%|HC|  |TAMS 0x0000000088500000, 0x0000000088500000| Complete 
| 105|0x0000000088500000, 0x0000000088600000, 0x0000000088600000|100%|HC|  |TAMS 0x0000000088600000, 0x0000000088600000| Complete 
| 106|0x0000000088600000, 0x0000000088700000, 0x0000000088700000|100%|HC|  |TAMS 0x0000000088700000, 0x0000000088700000| Complete 
| 107|0x0000000088700000, 0x0000000088800000, 0x0000000088800000|100%|HC|  |TAMS 0x0000000088800000, 0x0000000088800000| Complete 
| 108|0x0000000088800000, 0x0000000088900000, 0x0000000088900000|100%|HC|  |TAMS 0x0000000088900000, 0x0000000088900000| Complete 
| 109|0x0000000088900000, 0x0000000088a00000, 0x0000000088a00000|100%|HC|  |TAMS 0x0000000088a00000, 0x0000000088a00000| Complete 
| 110|0x0000000088a00000, 0x0000000088b00000, 0x0000000088b00000|100%|HC|  |TAMS 0x0000000088b00000, 0x0000000088b00000| Complete 
| 111|0x0000000088b00000, 0x0000000088c00000, 0x0000000088c00000|100%|HC|  |TAMS 0x0000000088c00000, 0x0000000088c00000| Complete 
| 112|0x0000000088c00000, 0x0000000088d00000, 0x0000000088d00000|100%|HC|  |TAMS 0x0000000088d00000, 0x0000000088d00000| Complete 
| 113|0x0000000088d00000, 0x0000000088e00000, 0x0000000088e00000|100%|HC|  |TAMS 0x0000000088e00000, 0x0000000088e00000| Complete 
| 114|0x0000000088e00000, 0x0000000088f00000, 0x0000000088f00000|100%|HC|  |TAMS 0x0000000088f00000, 0x0000000088f00000| Complete 
| 115|0x0000000088f00000, 0x0000000089000000, 0x0000000089000000|100%|HC|  |TAMS 0x0000000089000000, 0x0000000089000000| Complete 
| 116|0x0000000089000000, 0x0000000089100000, 0x0000000089100000|100%|HC|  |TAMS 0x0000000089100000, 0x0000000089100000| Complete 
| 117|0x0000000089100000, 0x0000000089200000, 0x0000000089200000|100%|HC|  |TAMS 0x0000000089200000, 0x0000000089200000| Complete 
| 118|0x0000000089200000, 0x0000000089300000, 0x0000000089300000|100%|HC|  |TAMS 0x0000000089300000, 0x0000000089300000| Complete 
| 119|0x0000000089300000, 0x0000000089400000, 0x0000000089400000|100%|HC|  |TAMS 0x0000000089400000, 0x0000000089400000| Complete 
| 120|0x0000000089400000, 0x0000000089500000, 0x0000000089500000|100%|HC|  |TAMS 0x0000000089500000, 0x0000000089500000| Complete 
| 121|0x0000000089500000, 0x0000000089600000, 0x0000000089600000|100%|HC|  |TAMS 0x0000000089600000, 0x0000000089600000| Complete 
| 122|0x0000000089600000, 0x0000000089700000, 0x0000000089700000|100%|HC|  |TAMS 0x0000000089700000, 0x0000000089700000| Complete 
| 123|0x0000000089700000, 0x0000000089800000, 0x0000000089800000|100%|HC|  |TAMS 0x0000000089800000, 0x0000000089800000| Complete 
| 124|0x0000000089800000, 0x0000000089900000, 0x0000000089900000|100%|HC|  |TAMS 0x0000000089900000, 0x0000000089900000| Complete 
| 125|0x0000000089900000, 0x0000000089a00000, 0x0000000089a00000|100%|HC|  |TAMS 0x0000000089a00000, 0x0000000089a00000| Complete 
| 126|0x0000000089a00000, 0x0000000089b00000, 0x0000000089b00000|100%|HC|  |TAMS 0x0000000089b00000, 0x0000000089b00000| Complete 
| 127|0x0000000089b00000, 0x0000000089c00000, 0x0000000089c00000|100%|HC|  |TAMS 0x0000000089c00000, 0x0000000089c00000| Complete 
| 128|0x0000000089c00000, 0x0000000089d00000, 0x0000000089d00000|100%|HC|  |TAMS 0x0000000089d00000, 0x0000000089d00000| Complete 
| 129|0x0000000089d00000, 0x0000000089e00000, 0x0000000089e00000|100%|HC|  |TAMS 0x0000000089e00000, 0x0000000089e00000| Complete 
| 130|0x0000000089e00000, 0x0000000089f00000, 0x0000000089f00000|100%|HC|  |TAMS 0x0000000089f00000, 0x0000000089f00000| Complete 
| 131|0x0000000089f00000, 0x000000008a000000, 0x000000008a000000|100%|HC|  |TAMS 0x000000008a000000, 0x000000008a000000| Complete 
| 132|0x000000008a000000, 0x000000008a100000, 0x000000008a100000|100%|HC|  |TAMS 0x000000008a100000, 0x000000008a100000| Complete 
| 133|0x000000008a100000, 0x000000008a200000, 0x000000008a200000|100%|HC|  |TAMS 0x000000008a200000, 0x000000008a200000| Complete 
| 134|0x000000008a200000, 0x000000008a300000, 0x000000008a300000|100%|HC|  |TAMS 0x000000008a300000, 0x000000008a300000| Complete 
| 135|0x000000008a300000, 0x000000008a400000, 0x000000008a400000|100%|HC|  |TAMS 0x000000008a400000, 0x000000008a400000| Complete 
| 136|0x000000008a400000, 0x000000008a500000, 0x000000008a500000|100%|HC|  |TAMS 0x000000008a500000, 0x000000008a500000| Complete 
| 137|0x000000008a500000, 0x000000008a600000, 0x000000008a600000|100%|HC|  |TAMS 0x000000008a600000, 0x000000008a600000| Complete 
| 138|0x000000008a600000, 0x000000008a700000, 0x000000008a700000|100%|HC|  |TAMS 0x000000008a700000, 0x000000008a700000| Complete 
| 139|0x000000008a700000, 0x000000008a800000, 0x000000008a800000|100%|HC|  |TAMS 0x000000008a800000, 0x000000008a800000| Complete 
| 140|0x000000008a800000, 0x000000008a900000, 0x000000008a900000|100%|HS|  |TAMS 0x000000008a900000, 0x000000008a900000| Complete 
| 141|0x000000008a900000, 0x000000008aa00000, 0x000000008aa00000|100%|HC|  |TAMS 0x000000008aa00000, 0x000000008aa00000| Complete 
| 142|0x000000008aa00000, 0x000000008ab00000, 0x000000008ab00000|100%|HC|  |TAMS 0x000000008ab00000, 0x000000008ab00000| Complete 
| 143|0x000000008ab00000, 0x000000008ac00000, 0x000000008ac00000|100%|HC|  |TAMS 0x000000008ac00000, 0x000000008ac00000| Complete 
| 144|0x000000008ac00000, 0x000000008ad00000, 0x000000008ad00000|100%|HS|  |TAMS 0x000000008ad00000, 0x000000008ad00000| Complete 
| 145|0x000000008ad00000, 0x000000008ae00000, 0x000000008ae00000|100%|HC|  |TAMS 0x000000008ae00000, 0x000000008ae00000| Complete 
| 146|0x000000008ae00000, 0x000000008af00000, 0x000000008af00000|100%|HS|  |TAMS 0x000000008af00000, 0x000000008af00000| Complete 
| 147|0x000000008af00000, 0x000000008b000000, 0x000000008b000000|100%|HC|  |TAMS 0x000000008b000000, 0x000000008b000000| Complete 
| 148|0x000000008b000000, 0x000000008b100000, 0x000000008b100000|100%|HC|  |TAMS 0x000000008b100000, 0x000000008b100000| Complete 
| 149|0x000000008b100000, 0x000000008b200000, 0x000000008b200000|100%|HC|  |TAMS 0x000000008b200000, 0x000000008b200000| Complete 
| 150|0x000000008b200000, 0x000000008b300000, 0x000000008b300000|100%|HS|  |TAMS 0x000000008b300000, 0x000000008b300000| Complete 
| 151|0x000000008b300000, 0x000000008b400000, 0x000000008b400000|100%|HS|  |TAMS 0x000000008b300000, 0x000000008b400000| Complete 
| 152|0x000000008b400000, 0x000000008b500000, 0x000000008b500000|100%|HC|  |TAMS 0x000000008b400000, 0x000000008b500000| Complete 
| 153|0x000000008b500000, 0x000000008b600000, 0x000000008b600000|100%|HC|  |TAMS 0x000000008b500000, 0x000000008b600000| Complete 
| 154|0x000000008b600000, 0x000000008b700000, 0x000000008b700000|100%|HC|  |TAMS 0x000000008b600000, 0x000000008b700000| Complete 
| 155|0x000000008b700000, 0x000000008b800000, 0x000000008b800000|100%|HC|  |TAMS 0x000000008b700000, 0x000000008b800000| Complete 
| 156|0x000000008b800000, 0x000000008b900000, 0x000000008b900000|100%|HC|  |TAMS 0x000000008b800000, 0x000000008b900000| Complete 
| 157|0x000000008b900000, 0x000000008b900000, 0x000000008ba00000|  0%| F|  |TAMS 0x000000008b900000, 0x000000008b900000| Untracked 
| 158|0x000000008ba00000, 0x000000008ba00000, 0x000000008bb00000|  0%| F|  |TAMS 0x000000008ba00000, 0x000000008ba00000| Untracked 
| 159|0x000000008bb00000, 0x000000008bb00000, 0x000000008bc00000|  0%| F|  |TAMS 0x000000008bb00000, 0x000000008bb00000| Untracked 
| 160|0x000000008bc00000, 0x000000008bc00000, 0x000000008bd00000|  0%| F|  |TAMS 0x000000008bc00000, 0x000000008bc00000| Untracked 
| 161|0x000000008bd00000, 0x000000008bd00000, 0x000000008be00000|  0%| F|  |TAMS 0x000000008bd00000, 0x000000008bd00000| Untracked 
| 162|0x000000008be00000, 0x000000008be00000, 0x000000008bf00000|  0%| F|  |TAMS 0x000000008be00000, 0x000000008be00000| Untracked 
| 163|0x000000008bf00000, 0x000000008c000000, 0x000000008c000000|100%|HS|  |TAMS 0x000000008c000000, 0x000000008c000000| Complete 
| 164|0x000000008c000000, 0x000000008c100000, 0x000000008c100000|100%|HC|  |TAMS 0x000000008c100000, 0x000000008c100000| Complete 
| 165|0x000000008c100000, 0x000000008c200000, 0x000000008c200000|100%|HC|  |TAMS 0x000000008c200000, 0x000000008c200000| Complete 
| 166|0x000000008c200000, 0x000000008c300000, 0x000000008c300000|100%|HC|  |TAMS 0x000000008c300000, 0x000000008c300000| Complete 
| 167|0x000000008c300000, 0x000000008c400000, 0x000000008c400000|100%|HC|  |TAMS 0x000000008c400000, 0x000000008c400000| Complete 
| 168|0x000000008c400000, 0x000000008c500000, 0x000000008c500000|100%|HC|  |TAMS 0x000000008c500000, 0x000000008c500000| Complete 
| 169|0x000000008c500000, 0x000000008c600000, 0x000000008c600000|100%|HC|  |TAMS 0x000000008c600000, 0x000000008c600000| Complete 
| 170|0x000000008c600000, 0x000000008c700000, 0x000000008c700000|100%|HC|  |TAMS 0x000000008c700000, 0x000000008c700000| Complete 
| 171|0x000000008c700000, 0x000000008c800000, 0x000000008c800000|100%|HC|  |TAMS 0x000000008c800000, 0x000000008c800000| Complete 
| 172|0x000000008c800000, 0x000000008c900000, 0x000000008c900000|100%|HC|  |TAMS 0x000000008c900000, 0x000000008c900000| Complete 
| 173|0x000000008c900000, 0x000000008ca00000, 0x000000008ca00000|100%|HC|  |TAMS 0x000000008ca00000, 0x000000008ca00000| Complete 
| 174|0x000000008ca00000, 0x000000008cb00000, 0x000000008cb00000|100%|HC|  |TAMS 0x000000008cb00000, 0x000000008cb00000| Complete 
| 175|0x000000008cb00000, 0x000000008cc00000, 0x000000008cc00000|100%|HC|  |TAMS 0x000000008cc00000, 0x000000008cc00000| Complete 
| 176|0x000000008cc00000, 0x000000008cd00000, 0x000000008cd00000|100%|HC|  |TAMS 0x000000008cd00000, 0x000000008cd00000| Complete 
| 177|0x000000008cd00000, 0x000000008ce00000, 0x000000008ce00000|100%|HC|  |TAMS 0x000000008ce00000, 0x000000008ce00000| Complete 
| 178|0x000000008ce00000, 0x000000008cf00000, 0x000000008cf00000|100%|HC|  |TAMS 0x000000008cf00000, 0x000000008cf00000| Complete 
| 179|0x000000008cf00000, 0x000000008d000000, 0x000000008d000000|100%|HC|  |TAMS 0x000000008d000000, 0x000000008d000000| Complete 
| 180|0x000000008d000000, 0x000000008d100000, 0x000000008d100000|100%|HC|  |TAMS 0x000000008d100000, 0x000000008d100000| Complete 
| 181|0x000000008d100000, 0x000000008d200000, 0x000000008d200000|100%|HC|  |TAMS 0x000000008d200000, 0x000000008d200000| Complete 
| 182|0x000000008d200000, 0x000000008d300000, 0x000000008d300000|100%|HC|  |TAMS 0x000000008d300000, 0x000000008d300000| Complete 
| 183|0x000000008d300000, 0x000000008d400000, 0x000000008d400000|100%|HC|  |TAMS 0x000000008d400000, 0x000000008d400000| Complete 
| 184|0x000000008d400000, 0x000000008d500000, 0x000000008d500000|100%|HC|  |TAMS 0x000000008d500000, 0x000000008d500000| Complete 
| 185|0x000000008d500000, 0x000000008d600000, 0x000000008d600000|100%|HC|  |TAMS 0x000000008d600000, 0x000000008d600000| Complete 
| 186|0x000000008d600000, 0x000000008d700000, 0x000000008d700000|100%|HC|  |TAMS 0x000000008d700000, 0x000000008d700000| Complete 
| 187|0x000000008d700000, 0x000000008d800000, 0x000000008d800000|100%|HC|  |TAMS 0x000000008d800000, 0x000000008d800000| Complete 
| 188|0x000000008d800000, 0x000000008d900000, 0x000000008d900000|100%|HC|  |TAMS 0x000000008d900000, 0x000000008d900000| Complete 
| 189|0x000000008d900000, 0x000000008da00000, 0x000000008da00000|100%|HC|  |TAMS 0x000000008da00000, 0x000000008da00000| Complete 
| 190|0x000000008da00000, 0x000000008db00000, 0x000000008db00000|100%|HC|  |TAMS 0x000000008db00000, 0x000000008db00000| Complete 
| 191|0x000000008db00000, 0x000000008dc00000, 0x000000008dc00000|100%|HC|  |TAMS 0x000000008dc00000, 0x000000008dc00000| Complete 
| 192|0x000000008dc00000, 0x000000008dd00000, 0x000000008dd00000|100%|HC|  |TAMS 0x000000008dd00000, 0x000000008dd00000| Complete 
| 193|0x000000008dd00000, 0x000000008de00000, 0x000000008de00000|100%|HC|  |TAMS 0x000000008de00000, 0x000000008de00000| Complete 
| 194|0x000000008de00000, 0x000000008df00000, 0x000000008df00000|100%|HC|  |TAMS 0x000000008df00000, 0x000000008df00000| Complete 
| 195|0x000000008df00000, 0x000000008e000000, 0x000000008e000000|100%|HC|  |TAMS 0x000000008e000000, 0x000000008e000000| Complete 
| 196|0x000000008e000000, 0x000000008e000000, 0x000000008e100000|  0%| F|  |TAMS 0x000000008e000000, 0x000000008e000000| Untracked 
| 197|0x000000008e100000, 0x000000008e100000, 0x000000008e200000|  0%| F|  |TAMS 0x000000008e100000, 0x000000008e100000| Untracked 
| 198|0x000000008e200000, 0x000000008e200000, 0x000000008e300000|  0%| F|  |TAMS 0x000000008e200000, 0x000000008e200000| Untracked 
| 199|0x000000008e300000, 0x000000008e300000, 0x000000008e400000|  0%| F|  |TAMS 0x000000008e300000, 0x000000008e300000| Untracked 
| 200|0x000000008e400000, 0x000000008e400000, 0x000000008e500000|  0%| F|  |TAMS 0x000000008e400000, 0x000000008e400000| Untracked 
| 201|0x000000008e500000, 0x000000008e500000, 0x000000008e600000|  0%| F|  |TAMS 0x000000008e500000, 0x000000008e500000| Untracked 
| 202|0x000000008e600000, 0x000000008e700000, 0x000000008e700000|100%| O|  |TAMS 0x000000008e600000, 0x000000008e6fc200| Untracked 
| 203|0x000000008e700000, 0x000000008e71ca00, 0x000000008e800000| 11%| O|  |TAMS 0x000000008e700000, 0x000000008e700000| Untracked 
| 204|0x000000008e800000, 0x000000008e800000, 0x000000008e900000|  0%| F|  |TAMS 0x000000008e800000, 0x000000008e800000| Untracked 
| 205|0x000000008e900000, 0x000000008e900000, 0x000000008ea00000|  0%| F|  |TAMS 0x000000008e900000, 0x000000008e900000| Untracked 
| 206|0x000000008ea00000, 0x000000008ea00000, 0x000000008eb00000|  0%| F|  |TAMS 0x000000008ea00000, 0x000000008ea00000| Untracked 
| 207|0x000000008eb00000, 0x000000008eb00000, 0x000000008ec00000|  0%| F|  |TAMS 0x000000008eb00000, 0x000000008eb00000| Untracked 
| 208|0x000000008ec00000, 0x000000008ec00000, 0x000000008ed00000|  0%| F|  |TAMS 0x000000008ec00000, 0x000000008ec00000| Untracked 
| 209|0x000000008ed00000, 0x000000008ed00000, 0x000000008ee00000|  0%| F|  |TAMS 0x000000008ed00000, 0x000000008ed00000| Untracked 
| 210|0x000000008ee00000, 0x000000008ee00000, 0x000000008ef00000|  0%| F|  |TAMS 0x000000008ee00000, 0x000000008ee00000| Untracked 
| 211|0x000000008ef00000, 0x000000008ef00000, 0x000000008f000000|  0%| F|  |TAMS 0x000000008ef00000, 0x000000008ef00000| Untracked 
| 212|0x000000008f000000, 0x000000008f000000, 0x000000008f100000|  0%| F|  |TAMS 0x000000008f000000, 0x000000008f000000| Untracked 
| 213|0x000000008f100000, 0x000000008f100000, 0x000000008f200000|  0%| F|  |TAMS 0x000000008f100000, 0x000000008f100000| Untracked 
| 214|0x000000008f200000, 0x000000008f200000, 0x000000008f300000|  0%| F|  |TAMS 0x000000008f200000, 0x000000008f200000| Untracked 
| 215|0x000000008f300000, 0x000000008f300000, 0x000000008f400000|  0%| F|  |TAMS 0x000000008f300000, 0x000000008f300000| Untracked 
| 216|0x000000008f400000, 0x000000008f400000, 0x000000008f500000|  0%| F|  |TAMS 0x000000008f400000, 0x000000008f400000| Untracked 
| 217|0x000000008f500000, 0x000000008f500000, 0x000000008f600000|  0%| F|  |TAMS 0x000000008f500000, 0x000000008f500000| Untracked 
| 218|0x000000008f600000, 0x000000008f600000, 0x000000008f700000|  0%| F|  |TAMS 0x000000008f600000, 0x000000008f600000| Untracked 
| 219|0x000000008f700000, 0x000000008f700000, 0x000000008f800000|  0%| F|  |TAMS 0x000000008f700000, 0x000000008f700000| Untracked 
| 220|0x000000008f800000, 0x000000008f800000, 0x000000008f900000|  0%| F|  |TAMS 0x000000008f800000, 0x000000008f800000| Untracked 
| 221|0x000000008f900000, 0x000000008f900000, 0x000000008fa00000|  0%| F|  |TAMS 0x000000008f900000, 0x000000008f900000| Untracked 
| 222|0x000000008fa00000, 0x000000008fa00000, 0x000000008fb00000|  0%| F|  |TAMS 0x000000008fa00000, 0x000000008fa00000| Untracked 
| 223|0x000000008fb00000, 0x000000008fb00000, 0x000000008fc00000|  0%| F|  |TAMS 0x000000008fb00000, 0x000000008fb00000| Untracked 
| 224|0x000000008fc00000, 0x000000008fc00000, 0x000000008fd00000|  0%| F|  |TAMS 0x000000008fc00000, 0x000000008fc00000| Untracked 
| 225|0x000000008fd00000, 0x000000008fd00000, 0x000000008fe00000|  0%| F|  |TAMS 0x000000008fd00000, 0x000000008fd00000| Untracked 
| 226|0x000000008fe00000, 0x000000008fe00000, 0x000000008ff00000|  0%| F|  |TAMS 0x000000008fe00000, 0x000000008fe00000| Untracked 
| 227|0x000000008ff00000, 0x000000008ff00000, 0x0000000090000000|  0%| F|  |TAMS 0x000000008ff00000, 0x000000008ff00000| Untracked 
| 228|0x0000000090000000, 0x0000000090000000, 0x0000000090100000|  0%| F|  |TAMS 0x0000000090000000, 0x0000000090000000| Untracked 
| 229|0x0000000090100000, 0x0000000090100000, 0x0000000090200000|  0%| F|  |TAMS 0x0000000090100000, 0x0000000090100000| Untracked 
| 230|0x0000000090200000, 0x0000000090200000, 0x0000000090300000|  0%| F|  |TAMS 0x0000000090200000, 0x0000000090200000| Untracked 
| 231|0x0000000090300000, 0x0000000090300000, 0x0000000090400000|  0%| F|  |TAMS 0x0000000090300000, 0x0000000090300000| Untracked 
| 232|0x0000000090400000, 0x0000000090400000, 0x0000000090500000|  0%| F|  |TAMS 0x0000000090400000, 0x0000000090400000| Untracked 
| 233|0x0000000090500000, 0x0000000090500000, 0x0000000090600000|  0%| F|  |TAMS 0x0000000090500000, 0x0000000090500000| Untracked 
| 234|0x0000000090600000, 0x0000000090600000, 0x0000000090700000|  0%| F|  |TAMS 0x0000000090600000, 0x0000000090600000| Untracked 
| 235|0x0000000090700000, 0x0000000090700000, 0x0000000090800000|  0%| F|  |TAMS 0x0000000090700000, 0x0000000090700000| Untracked 
| 236|0x0000000090800000, 0x0000000090800000, 0x0000000090900000|  0%| F|  |TAMS 0x0000000090800000, 0x0000000090800000| Untracked 
| 237|0x0000000090900000, 0x0000000090900000, 0x0000000090a00000|  0%| F|  |TAMS 0x0000000090900000, 0x0000000090900000| Untracked 
| 238|0x0000000090a00000, 0x0000000090a00000, 0x0000000090b00000|  0%| F|  |TAMS 0x0000000090a00000, 0x0000000090a00000| Untracked 
| 239|0x0000000090b00000, 0x0000000090b00000, 0x0000000090c00000|  0%| F|  |TAMS 0x0000000090b00000, 0x0000000090b00000| Untracked 
| 240|0x0000000090c00000, 0x0000000090c00000, 0x0000000090d00000|  0%| F|  |TAMS 0x0000000090c00000, 0x0000000090c00000| Untracked 
| 241|0x0000000090d00000, 0x0000000090d00000, 0x0000000090e00000|  0%| F|  |TAMS 0x0000000090d00000, 0x0000000090d00000| Untracked 
| 242|0x0000000090e00000, 0x0000000090e00000, 0x0000000090f00000|  0%| F|  |TAMS 0x0000000090e00000, 0x0000000090e00000| Untracked 
| 243|0x0000000090f00000, 0x0000000090f00000, 0x0000000091000000|  0%| F|  |TAMS 0x0000000090f00000, 0x0000000090f00000| Untracked 
| 244|0x0000000091000000, 0x0000000091000000, 0x0000000091100000|  0%| F|  |TAMS 0x0000000091000000, 0x0000000091000000| Untracked 
| 245|0x0000000091100000, 0x0000000091100000, 0x0000000091200000|  0%| F|  |TAMS 0x0000000091100000, 0x0000000091100000| Untracked 
| 246|0x0000000091200000, 0x0000000091200000, 0x0000000091300000|  0%| F|  |TAMS 0x0000000091200000, 0x0000000091200000| Untracked 
| 247|0x0000000091300000, 0x0000000091300000, 0x0000000091400000|  0%| F|  |TAMS 0x0000000091300000, 0x0000000091300000| Untracked 
| 248|0x0000000091400000, 0x0000000091400000, 0x0000000091500000|  0%| F|  |TAMS 0x0000000091400000, 0x0000000091400000| Untracked 
| 249|0x0000000091500000, 0x0000000091500000, 0x0000000091600000|  0%| F|  |TAMS 0x0000000091500000, 0x0000000091500000| Untracked 
| 250|0x0000000091600000, 0x0000000091600000, 0x0000000091700000|  0%| F|  |TAMS 0x0000000091600000, 0x0000000091600000| Untracked 
| 251|0x0000000091700000, 0x0000000091700000, 0x0000000091800000|  0%| F|  |TAMS 0x0000000091700000, 0x0000000091700000| Untracked 
| 252|0x0000000091800000, 0x0000000091800000, 0x0000000091900000|  0%| F|  |TAMS 0x0000000091800000, 0x0000000091800000| Untracked 
| 253|0x0000000091900000, 0x0000000091900000, 0x0000000091a00000|  0%| F|  |TAMS 0x0000000091900000, 0x0000000091900000| Untracked 
| 254|0x0000000091a00000, 0x0000000091a00000, 0x0000000091b00000|  0%| F|  |TAMS 0x0000000091a00000, 0x0000000091a00000| Untracked 
| 255|0x0000000091b00000, 0x0000000091b00000, 0x0000000091c00000|  0%| F|  |TAMS 0x0000000091b00000, 0x0000000091b00000| Untracked 
| 256|0x0000000091c00000, 0x0000000091c00000, 0x0000000091d00000|  0%| F|  |TAMS 0x0000000091c00000, 0x0000000091c00000| Untracked 
| 257|0x0000000091d00000, 0x0000000091d00000, 0x0000000091e00000|  0%| F|  |TAMS 0x0000000091d00000, 0x0000000091d00000| Untracked 
| 258|0x0000000091e00000, 0x0000000091e00000, 0x0000000091f00000|  0%| F|  |TAMS 0x0000000091e00000, 0x0000000091e00000| Untracked 
| 259|0x0000000091f00000, 0x0000000091f00000, 0x0000000092000000|  0%| F|  |TAMS 0x0000000091f00000, 0x0000000091f00000| Untracked 
| 260|0x0000000092000000, 0x0000000092000000, 0x0000000092100000|  0%| F|  |TAMS 0x0000000092000000, 0x0000000092000000| Untracked 
| 261|0x0000000092100000, 0x0000000092100000, 0x0000000092200000|  0%| F|  |TAMS 0x0000000092100000, 0x0000000092100000| Untracked 
| 262|0x0000000092200000, 0x0000000092200000, 0x0000000092300000|  0%| F|  |TAMS 0x0000000092200000, 0x0000000092200000| Untracked 
| 263|0x0000000092300000, 0x0000000092300000, 0x0000000092400000|  0%| F|  |TAMS 0x0000000092300000, 0x0000000092300000| Untracked 
| 264|0x0000000092400000, 0x0000000092400000, 0x0000000092500000|  0%| F|  |TAMS 0x0000000092400000, 0x0000000092400000| Untracked 
| 265|0x0000000092500000, 0x0000000092500000, 0x0000000092600000|  0%| F|  |TAMS 0x0000000092500000, 0x0000000092500000| Untracked 
| 266|0x0000000092600000, 0x0000000092600000, 0x0000000092700000|  0%| F|  |TAMS 0x0000000092600000, 0x0000000092600000| Untracked 
| 267|0x0000000092700000, 0x0000000092700000, 0x0000000092800000|  0%| F|  |TAMS 0x0000000092700000, 0x0000000092700000| Untracked 
| 268|0x0000000092800000, 0x0000000092800000, 0x0000000092900000|  0%| F|  |TAMS 0x0000000092800000, 0x0000000092800000| Untracked 
| 269|0x0000000092900000, 0x0000000092900000, 0x0000000092a00000|  0%| F|  |TAMS 0x0000000092900000, 0x0000000092900000| Untracked 
| 270|0x0000000092a00000, 0x0000000092a00000, 0x0000000092b00000|  0%| F|  |TAMS 0x0000000092a00000, 0x0000000092a00000| Untracked 
| 271|0x0000000092b00000, 0x0000000092b00000, 0x0000000092c00000|  0%| F|  |TAMS 0x0000000092b00000, 0x0000000092b00000| Untracked 
| 272|0x0000000092c00000, 0x0000000092c00000, 0x0000000092d00000|  0%| F|  |TAMS 0x0000000092c00000, 0x0000000092c00000| Untracked 
| 273|0x0000000092d00000, 0x0000000092d00000, 0x0000000092e00000|  0%| F|  |TAMS 0x0000000092d00000, 0x0000000092d00000| Untracked 
| 274|0x0000000092e00000, 0x0000000092e00000, 0x0000000092f00000|  0%| F|  |TAMS 0x0000000092e00000, 0x0000000092e00000| Untracked 
| 275|0x0000000092f00000, 0x0000000092f00000, 0x0000000093000000|  0%| F|  |TAMS 0x0000000092f00000, 0x0000000092f00000| Untracked 
| 276|0x0000000093000000, 0x0000000093000000, 0x0000000093100000|  0%| F|  |TAMS 0x0000000093000000, 0x0000000093000000| Untracked 
| 277|0x0000000093100000, 0x0000000093100000, 0x0000000093200000|  0%| F|  |TAMS 0x0000000093100000, 0x0000000093100000| Untracked 
| 278|0x0000000093200000, 0x0000000093200000, 0x0000000093300000|  0%| F|  |TAMS 0x0000000093200000, 0x0000000093200000| Untracked 
| 279|0x0000000093300000, 0x0000000093300000, 0x0000000093400000|  0%| F|  |TAMS 0x0000000093300000, 0x0000000093300000| Untracked 
| 280|0x0000000093400000, 0x0000000093400000, 0x0000000093500000|  0%| F|  |TAMS 0x0000000093400000, 0x0000000093400000| Untracked 
| 281|0x0000000093500000, 0x0000000093500000, 0x0000000093600000|  0%| F|  |TAMS 0x0000000093500000, 0x0000000093500000| Untracked 
| 282|0x0000000093600000, 0x0000000093600000, 0x0000000093700000|  0%| F|  |TAMS 0x0000000093600000, 0x0000000093600000| Untracked 
| 283|0x0000000093700000, 0x0000000093700000, 0x0000000093800000|  0%| F|  |TAMS 0x0000000093700000, 0x0000000093700000| Untracked 
| 284|0x0000000093800000, 0x0000000093800000, 0x0000000093900000|  0%| F|  |TAMS 0x0000000093800000, 0x0000000093800000| Untracked 
| 285|0x0000000093900000, 0x0000000093900000, 0x0000000093a00000|  0%| F|  |TAMS 0x0000000093900000, 0x0000000093900000| Untracked 
| 286|0x0000000093a00000, 0x0000000093a00000, 0x0000000093b00000|  0%| F|  |TAMS 0x0000000093a00000, 0x0000000093a00000| Untracked 
| 287|0x0000000093b00000, 0x0000000093b00000, 0x0000000093c00000|  0%| F|  |TAMS 0x0000000093b00000, 0x0000000093b00000| Untracked 
| 288|0x0000000093c00000, 0x0000000093c00000, 0x0000000093d00000|  0%| F|  |TAMS 0x0000000093c00000, 0x0000000093c00000| Untracked 
| 289|0x0000000093d00000, 0x0000000093d00000, 0x0000000093e00000|  0%| F|  |TAMS 0x0000000093d00000, 0x0000000093d00000| Untracked 
| 290|0x0000000093e00000, 0x0000000093e00000, 0x0000000093f00000|  0%| F|  |TAMS 0x0000000093e00000, 0x0000000093e00000| Untracked 
| 291|0x0000000093f00000, 0x0000000093f00000, 0x0000000094000000|  0%| F|  |TAMS 0x0000000093f00000, 0x0000000093f00000| Untracked 
| 292|0x0000000094000000, 0x0000000094000000, 0x0000000094100000|  0%| F|  |TAMS 0x0000000094000000, 0x0000000094000000| Untracked 
| 293|0x0000000094100000, 0x0000000094100000, 0x0000000094200000|  0%| F|  |TAMS 0x0000000094100000, 0x0000000094100000| Untracked 
| 294|0x0000000094200000, 0x0000000094200000, 0x0000000094300000|  0%| F|  |TAMS 0x0000000094200000, 0x0000000094200000| Untracked 
| 295|0x0000000094300000, 0x0000000094300000, 0x0000000094400000|  0%| F|  |TAMS 0x0000000094300000, 0x0000000094300000| Untracked 
| 296|0x0000000094400000, 0x0000000094400000, 0x0000000094500000|  0%| F|  |TAMS 0x0000000094400000, 0x0000000094400000| Untracked 
| 297|0x0000000094500000, 0x0000000094500000, 0x0000000094600000|  0%| F|  |TAMS 0x0000000094500000, 0x0000000094500000| Untracked 
| 298|0x0000000094600000, 0x0000000094600000, 0x0000000094700000|  0%| F|  |TAMS 0x0000000094600000, 0x0000000094600000| Untracked 
| 299|0x0000000094700000, 0x0000000094700000, 0x0000000094800000|  0%| F|  |TAMS 0x0000000094700000, 0x0000000094700000| Untracked 
| 300|0x0000000094800000, 0x0000000094800000, 0x0000000094900000|  0%| F|  |TAMS 0x0000000094800000, 0x0000000094800000| Untracked 
| 301|0x0000000094900000, 0x0000000094900000, 0x0000000094a00000|  0%| F|  |TAMS 0x0000000094900000, 0x0000000094900000| Untracked 
| 302|0x0000000094a00000, 0x0000000094a00000, 0x0000000094b00000|  0%| F|  |TAMS 0x0000000094a00000, 0x0000000094a00000| Untracked 
| 303|0x0000000094b00000, 0x0000000094b00000, 0x0000000094c00000|  0%| F|  |TAMS 0x0000000094b00000, 0x0000000094b00000| Untracked 
| 304|0x0000000094c00000, 0x0000000094c00000, 0x0000000094d00000|  0%| F|  |TAMS 0x0000000094c00000, 0x0000000094c00000| Untracked 
| 305|0x0000000094d00000, 0x0000000094d00000, 0x0000000094e00000|  0%| F|  |TAMS 0x0000000094d00000, 0x0000000094d00000| Untracked 
| 306|0x0000000094e00000, 0x0000000094e00000, 0x0000000094f00000|  0%| F|  |TAMS 0x0000000094e00000, 0x0000000094e00000| Untracked 
| 307|0x0000000094f00000, 0x0000000094f00000, 0x0000000095000000|  0%| F|  |TAMS 0x0000000094f00000, 0x0000000094f00000| Untracked 
| 308|0x0000000095000000, 0x0000000095000000, 0x0000000095100000|  0%| F|  |TAMS 0x0000000095000000, 0x0000000095000000| Untracked 
| 309|0x0000000095100000, 0x0000000095100000, 0x0000000095200000|  0%| F|  |TAMS 0x0000000095100000, 0x0000000095100000| Untracked 
| 310|0x0000000095200000, 0x0000000095200000, 0x0000000095300000|  0%| F|  |TAMS 0x0000000095200000, 0x0000000095200000| Untracked 
| 311|0x0000000095300000, 0x0000000095300000, 0x0000000095400000|  0%| F|  |TAMS 0x0000000095300000, 0x0000000095300000| Untracked 
| 312|0x0000000095400000, 0x0000000095400000, 0x0000000095500000|  0%| F|  |TAMS 0x0000000095400000, 0x0000000095400000| Untracked 
| 313|0x0000000095500000, 0x0000000095500000, 0x0000000095600000|  0%| F|  |TAMS 0x0000000095500000, 0x0000000095500000| Untracked 
| 314|0x0000000095600000, 0x0000000095600000, 0x0000000095700000|  0%| F|  |TAMS 0x0000000095600000, 0x0000000095600000| Untracked 
| 315|0x0000000095700000, 0x0000000095700000, 0x0000000095800000|  0%| F|  |TAMS 0x0000000095700000, 0x0000000095700000| Untracked 
| 316|0x0000000095800000, 0x0000000095800000, 0x0000000095900000|  0%| F|  |TAMS 0x0000000095800000, 0x0000000095800000| Untracked 
| 317|0x0000000095900000, 0x0000000095900000, 0x0000000095a00000|  0%| F|  |TAMS 0x0000000095900000, 0x0000000095900000| Untracked 
| 318|0x0000000095a00000, 0x0000000095a00000, 0x0000000095b00000|  0%| F|  |TAMS 0x0000000095a00000, 0x0000000095a00000| Untracked 
| 319|0x0000000095b00000, 0x0000000095b00000, 0x0000000095c00000|  0%| F|  |TAMS 0x0000000095b00000, 0x0000000095b00000| Untracked 
| 320|0x0000000095c00000, 0x0000000095c00000, 0x0000000095d00000|  0%| F|  |TAMS 0x0000000095c00000, 0x0000000095c00000| Untracked 
| 321|0x0000000095d00000, 0x0000000095d00000, 0x0000000095e00000|  0%| F|  |TAMS 0x0000000095d00000, 0x0000000095d00000| Untracked 
| 322|0x0000000095e00000, 0x0000000095e00000, 0x0000000095f00000|  0%| F|  |TAMS 0x0000000095e00000, 0x0000000095e00000| Untracked 
| 323|0x0000000095f00000, 0x0000000095f00000, 0x0000000096000000|  0%| F|  |TAMS 0x0000000095f00000, 0x0000000095f00000| Untracked 
| 324|0x0000000096000000, 0x0000000096000000, 0x0000000096100000|  0%| F|  |TAMS 0x0000000096000000, 0x0000000096000000| Untracked 
| 325|0x0000000096100000, 0x0000000096100000, 0x0000000096200000|  0%| F|  |TAMS 0x0000000096100000, 0x0000000096100000| Untracked 
| 326|0x0000000096200000, 0x0000000096200000, 0x0000000096300000|  0%| F|  |TAMS 0x0000000096200000, 0x0000000096200000| Untracked 
| 327|0x0000000096300000, 0x0000000096300000, 0x0000000096400000|  0%| F|  |TAMS 0x0000000096300000, 0x0000000096300000| Untracked 
| 328|0x0000000096400000, 0x0000000096400000, 0x0000000096500000|  0%| F|  |TAMS 0x0000000096400000, 0x0000000096400000| Untracked 
| 329|0x0000000096500000, 0x0000000096500000, 0x0000000096600000|  0%| F|  |TAMS 0x0000000096500000, 0x0000000096500000| Untracked 
| 330|0x0000000096600000, 0x0000000096600000, 0x0000000096700000|  0%| F|  |TAMS 0x0000000096600000, 0x0000000096600000| Untracked 
| 331|0x0000000096700000, 0x0000000096700000, 0x0000000096800000|  0%| F|  |TAMS 0x0000000096700000, 0x0000000096700000| Untracked 
| 332|0x0000000096800000, 0x0000000096800000, 0x0000000096900000|  0%| F|  |TAMS 0x0000000096800000, 0x0000000096800000| Untracked 
| 333|0x0000000096900000, 0x0000000096900000, 0x0000000096a00000|  0%| F|  |TAMS 0x0000000096900000, 0x0000000096900000| Untracked 
| 334|0x0000000096a00000, 0x0000000096a00000, 0x0000000096b00000|  0%| F|  |TAMS 0x0000000096a00000, 0x0000000096a00000| Untracked 
| 335|0x0000000096b00000, 0x0000000096b00000, 0x0000000096c00000|  0%| F|  |TAMS 0x0000000096b00000, 0x0000000096b00000| Untracked 
| 336|0x0000000096c00000, 0x0000000096c00000, 0x0000000096d00000|  0%| F|  |TAMS 0x0000000096c00000, 0x0000000096c00000| Untracked 
| 337|0x0000000096d00000, 0x0000000096d00000, 0x0000000096e00000|  0%| F|  |TAMS 0x0000000096d00000, 0x0000000096d00000| Untracked 
| 338|0x0000000096e00000, 0x0000000096e00000, 0x0000000096f00000|  0%| F|  |TAMS 0x0000000096e00000, 0x0000000096e00000| Untracked 
| 339|0x0000000096f00000, 0x0000000096f00000, 0x0000000097000000|  0%| F|  |TAMS 0x0000000096f00000, 0x0000000096f00000| Untracked 
| 340|0x0000000097000000, 0x0000000097000000, 0x0000000097100000|  0%| F|  |TAMS 0x0000000097000000, 0x0000000097000000| Untracked 
| 341|0x0000000097100000, 0x0000000097100000, 0x0000000097200000|  0%| F|  |TAMS 0x0000000097100000, 0x0000000097100000| Untracked 
| 342|0x0000000097200000, 0x000000009725eb40, 0x0000000097300000| 36%| S|CS|TAMS 0x0000000097200000, 0x0000000097200000| Complete 
| 343|0x0000000097300000, 0x0000000097400000, 0x0000000097400000|100%| S|CS|TAMS 0x0000000097300000, 0x0000000097300000| Complete 

Card table byte_map: [0x00000157c17d0000,0x00000157c1bd0000] _byte_map_base: 0x00000157c13c2000

Marking Bits (Prev, Next): (CMBitMap*) 0x00000157aab80430, (CMBitMap*) 0x00000157aab803f0
 Prev Bits: [0x00000157c3f60000, 0x00000157c5ef0000)
 Next Bits: [0x00000157c1fd0000, 0x00000157c3f60000)

Polling page: 0x00000157a89e0000

Metaspace:

Usage:
  Non-class:     12.66 MB used.
      Class:      1.58 MB used.
       Both:     14.23 MB used.

Virtual space:
  Non-class space:       64.00 MB reserved,      12.75 MB ( 20%) committed,  1 nodes.
      Class space:        1.00 GB reserved,       1.69 MB ( <1%) committed,  1 nodes.
             Both:        1.06 GB reserved,      14.44 MB (  1%) committed. 

Chunk freelists:
   Non-Class:  2.90 MB
       Class:  14.23 MB
        Both:  17.13 MB

MaxMetaspaceSize: unlimited
CompressedClassSpaceSize: 1.00 GB
Initial GC threshold: 21.00 MB
Current GC threshold: 24.00 MB
CDS: on
MetaspaceReclaimPolicy: balanced
 - commit_granule_bytes: 65536.
 - commit_granule_words: 8192.
 - virtual_space_node_default_size: 8388608.
 - enlarge_chunks_in_place: 1.
 - new_chunks_are_fully_committed: 0.
 - uncommit_free_chunks: 1.
 - use_allocation_guard: 0.
 - handle_deallocations: 1.


Internal statistics:

num_allocs_failed_limit: 0.
num_arena_births: 176.
num_arena_deaths: 0.
num_vsnodes_births: 2.
num_vsnodes_deaths: 0.
num_space_committed: 231.
num_space_uncommitted: 0.
num_chunks_returned_to_freelist: 0.
num_chunks_taken_from_freelist: 295.
num_chunk_merges: 0.
num_chunk_splits: 166.
num_chunks_enlarged: 76.
num_inconsistent_stats: 0.

CodeHeap 'non-profiled nmethods': size=120000Kb used=851Kb max_used=851Kb free=119149Kb
 bounds [0x00000157b9ea0000, 0x00000157ba110000, 0x00000157c13d0000]
CodeHeap 'profiled nmethods': size=120000Kb used=3734Kb max_used=3734Kb free=116265Kb
 bounds [0x00000157b23d0000, 0x00000157b2780000, 0x00000157b9900000]
CodeHeap 'non-nmethods': size=5760Kb used=1351Kb max_used=1384Kb free=4408Kb
 bounds [0x00000157b9900000, 0x00000157b9b70000, 0x00000157b9ea0000]
 total_blobs=2774 nmethods=2068 adapters=620
 compilation: enabled
              stopped_count=0, restarted_count=0
 full_count=0

Compilation events (20 events):
Event: 19.090 Thread 0x00000157c83a0db0 2060       1       sun.awt.image.SunVolatileImage::getHeight (5 bytes)
Event: 19.090 Thread 0x00000157c83a0db0 nmethod 2060 0x00000157b9f74010 code [0x00000157b9f741a0, 0x00000157b9f74278]
Event: 19.105 Thread 0x00000157c83a0db0 2061       3       javax.swing.JComponent::isOpaque (6 bytes)
Event: 19.106 Thread 0x00000157c83a0db0 nmethod 2061 0x00000157b2773190 code [0x00000157b2773320, 0x00000157b27734f8]
Event: 19.106 Thread 0x00000157c83a0db0 2062       3       sun.java2d.SunGraphics2D::getClipBounds (21 bytes)
Event: 19.106 Thread 0x00000157c839e7d0 2065       4       javax.swing.plaf.basic.BasicTextUI$RootView::getContainer (8 bytes)
Event: 19.106 Thread 0x00000157c83a0db0 nmethod 2062 0x00000157b2773590 code [0x00000157b2773740, 0x00000157b2773998]
Event: 19.106 Thread 0x00000157c83a0db0 2064       3       javax.swing.text.SegmentCache::getSharedInstance (4 bytes)
Event: 19.106 Thread 0x00000157c83a0db0 nmethod 2064 0x00000157b2773a90 code [0x00000157b2773c20, 0x00000157b2773d18]
Event: 19.106 Thread 0x00000157c83a0db0 2063       3       sun.java2d.SunGraphics2D::getClipBounds (102 bytes)
Event: 19.107 Thread 0x00000157c839e7d0 nmethod 2065 0x00000157b9f74310 code [0x00000157b9f74480, 0x00000157b9f74518]
Event: 19.107 Thread 0x00000157c83a0db0 nmethod 2063 0x00000157b2773d90 code [0x00000157b2773fe0, 0x00000157b2774a38]
Event: 19.108 Thread 0x00000157c83a0db0 2066       1       java.awt.Font::getSize2D (5 bytes)
Event: 19.108 Thread 0x00000157c83a0db0 nmethod 2066 0x00000157b9f74610 code [0x00000157b9f747a0, 0x00000157b9f74878]
Event: 19.108 Thread 0x00000157c83a0db0 2067       1       java.awt.Font::isTransformed (5 bytes)
Event: 19.108 Thread 0x00000157c83a0db0 nmethod 2067 0x00000157b9f74910 code [0x00000157b9f74aa0, 0x00000157b9f74b78]
Event: 19.109 Thread 0x00000157c83a0db0 2068       3       sun.java2d.pipe.ValidatePipe::validate (6 bytes)
Event: 19.109 Thread 0x00000157c83a0db0 nmethod 2068 0x00000157b2774d10 code [0x00000157b2774ee0, 0x00000157b2775238]
Event: 19.109 Thread 0x00000157c83a0db0 2069       3       sun.java2d.SunGraphics2D::validatePipe (30 bytes)
Event: 19.110 Thread 0x00000157c83a0db0 nmethod 2069 0x00000157b2775390 code [0x00000157b2775540, 0x00000157b2775838]

GC Heap History (20 events):
Event: 18.443 GC heap after
{Heap after GC invocations=31 (full 0):
 garbage-first heap   total 300032K, used 163099K [0x0000000081c00000, 0x0000000100000000)
  region size 1024K, 3 young (3072K), 3 survivors (3072K)
 Metaspace       used 14503K, committed 14720K, reserved 1114112K
  class space    used 1612K, committed 1728K, reserved 1048576K
}
Event: 18.666 GC heap before
{Heap before GC invocations=32 (full 0):
 garbage-first heap   total 331776K, used 197915K [0x0000000081c00000, 0x0000000100000000)
  region size 1024K, 5 young (5120K), 3 survivors (3072K)
 Metaspace       used 14511K, committed 14720K, reserved 1114112K
  class space    used 1612K, committed 1728K, reserved 1048576K
}
Event: 18.672 GC heap after
{Heap after GC invocations=33 (full 0):
 garbage-first heap   total 331776K, used 190878K [0x0000000081c00000, 0x0000000100000000)
  region size 1024K, 3 young (3072K), 3 survivors (3072K)
 Metaspace       used 14511K, committed 14720K, reserved 1114112K
  class space    used 1612K, committed 1728K, reserved 1048576K
}
Event: 18.709 GC heap before
{Heap before GC invocations=34 (full 0):
 garbage-first heap   total 332800K, used 198046K [0x0000000081c00000, 0x0000000100000000)
  region size 1024K, 5 young (5120K), 3 survivors (3072K)
 Metaspace       used 14516K, committed 14720K, reserved 1114112K
  class space    used 1612K, committed 1728K, reserved 1048576K
}
Event: 18.714 GC heap after
{Heap after GC invocations=35 (full 0):
 garbage-first heap   total 332800K, used 197136K [0x0000000081c00000, 0x0000000100000000)
  region size 1024K, 3 young (3072K), 3 survivors (3072K)
 Metaspace       used 14516K, committed 14720K, reserved 1114112K
  class space    used 1612K, committed 1728K, reserved 1048576K
}
Event: 18.759 GC heap before
{Heap before GC invocations=36 (full 0):
 garbage-first heap   total 343040K, used 204304K [0x0000000081c00000, 0x0000000100000000)
  region size 1024K, 5 young (5120K), 3 survivors (3072K)
 Metaspace       used 14520K, committed 14720K, reserved 1114112K
  class space    used 1612K, committed 1728K, reserved 1048576K
}
Event: 18.764 GC heap after
{Heap after GC invocations=37 (full 0):
 garbage-first heap   total 343040K, used 196981K [0x0000000081c00000, 0x0000000100000000)
  region size 1024K, 3 young (3072K), 3 survivors (3072K)
 Metaspace       used 14520K, committed 14720K, reserved 1114112K
  class space    used 1612K, committed 1728K, reserved 1048576K
}
Event: 18.802 GC heap before
{Heap before GC invocations=38 (full 0):
 garbage-first heap   total 343040K, used 203125K [0x0000000081c00000, 0x0000000100000000)
  region size 1024K, 4 young (4096K), 3 survivors (3072K)
 Metaspace       used 14530K, committed 14720K, reserved 1114112K
  class space    used 1612K, committed 1728K, reserved 1048576K
}
Event: 18.809 GC heap after
{Heap after GC invocations=39 (full 0):
 garbage-first heap   total 343040K, used 196943K [0x0000000081c00000, 0x0000000100000000)
  region size 1024K, 3 young (3072K), 3 survivors (3072K)
 Metaspace       used 14530K, committed 14720K, reserved 1114112K
  class space    used 1612K, committed 1728K, reserved 1048576K
}
Event: 18.853 GC heap before
{Heap before GC invocations=40 (full 0):
 garbage-first heap   total 343040K, used 203087K [0x0000000081c00000, 0x0000000100000000)
  region size 1024K, 4 young (4096K), 3 survivors (3072K)
 Metaspace       used 14540K, committed 14784K, reserved 1114112K
  class space    used 1612K, committed 1728K, reserved 1048576K
}
Event: 18.858 GC heap after
{Heap after GC invocations=41 (full 0):
 garbage-first heap   total 343040K, used 197184K [0x0000000081c00000, 0x0000000100000000)
  region size 1024K, 3 young (3072K), 3 survivors (3072K)
 Metaspace       used 14540K, committed 14784K, reserved 1114112K
  class space    used 1612K, committed 1728K, reserved 1048576K
}
Event: 18.892 GC heap before
{Heap before GC invocations=42 (full 0):
 garbage-first heap   total 343040K, used 203328K [0x0000000081c00000, 0x0000000100000000)
  region size 1024K, 4 young (4096K), 3 survivors (3072K)
 Metaspace       used 14553K, committed 14784K, reserved 1114112K
  class space    used 1612K, committed 1728K, reserved 1048576K
}
Event: 18.896 GC heap after
{Heap after GC invocations=43 (full 0):
 garbage-first heap   total 343040K, used 197078K [0x0000000081c00000, 0x0000000100000000)
  region size 1024K, 3 young (3072K), 3 survivors (3072K)
 Metaspace       used 14553K, committed 14784K, reserved 1114112K
  class space    used 1612K, committed 1728K, reserved 1048576K
}
Event: 18.963 GC heap before
{Heap before GC invocations=44 (full 0):
 garbage-first heap   total 343040K, used 204246K [0x0000000081c00000, 0x0000000100000000)
  region size 1024K, 5 young (5120K), 3 survivors (3072K)
 Metaspace       used 14558K, committed 14784K, reserved 1114112K
  class space    used 1612K, committed 1728K, reserved 1048576K
}
Event: 18.968 GC heap after
{Heap after GC invocations=45 (full 0):
 garbage-first heap   total 343040K, used 197094K [0x0000000081c00000, 0x0000000100000000)
  region size 1024K, 3 young (3072K), 3 survivors (3072K)
 Metaspace       used 14558K, committed 14784K, reserved 1114112K
  class space    used 1612K, committed 1728K, reserved 1048576K
}
Event: 19.003 GC heap before
{Heap before GC invocations=46 (full 0):
 garbage-first heap   total 343040K, used 204262K [0x0000000081c00000, 0x0000000100000000)
  region size 1024K, 5 young (5120K), 3 survivors (3072K)
 Metaspace       used 14561K, committed 14784K, reserved 1114112K
  class space    used 1612K, committed 1728K, reserved 1048576K
}
Event: 19.007 GC heap after
{Heap after GC invocations=47 (full 0):
 garbage-first heap   total 343040K, used 196967K [0x0000000081c00000, 0x0000000100000000)
  region size 1024K, 3 young (3072K), 3 survivors (3072K)
 Metaspace       used 14561K, committed 14784K, reserved 1114112K
  class space    used 1612K, committed 1728K, reserved 1048576K
}
Event: 19.073 GC heap before
{Heap before GC invocations=48 (full 0):
 garbage-first heap   total 343040K, used 209255K [0x0000000081c00000, 0x0000000100000000)
  region size 1024K, 4 young (4096K), 3 survivors (3072K)
 Metaspace       used 14566K, committed 14784K, reserved 1114112K
  class space    used 1612K, committed 1728K, reserved 1048576K
}
Event: 19.077 GC heap after
{Heap after GC invocations=49 (full 0):
 garbage-first heap   total 343040K, used 203372K [0x0000000081c00000, 0x0000000100000000)
  region size 1024K, 2 young (2048K), 2 survivors (2048K)
 Metaspace       used 14566K, committed 14784K, reserved 1114112K
  class space    used 1612K, committed 1728K, reserved 1048576K
}
Event: 19.116 GC heap before
{Heap before GC invocations=50 (full 0):
 garbage-first heap   total 352256K, used 209516K [0x0000000081c00000, 0x0000000100000000)
  region size 1024K, 3 young (3072K), 2 survivors (2048K)
 Metaspace       used 14575K, committed 14784K, reserved 1114112K
  class space    used 1612K, committed 1728K, reserved 1048576K
}

Deoptimization events (20 events):
Event: 10.163 Thread 0x00000157c83ad180 DEOPT PACKING pc=0x00000157b265cc8c sp=0x00000056660fd820
Event: 10.163 Thread 0x00000157c83ad180 DEOPT UNPACKING pc=0x00000157b9952b24 sp=0x00000056660fcc98 mode 0
Event: 10.165 Thread 0x00000157c83ad180 DEOPT PACKING pc=0x00000157b265cc8c sp=0x00000056660fd820
Event: 10.165 Thread 0x00000157c83ad180 DEOPT UNPACKING pc=0x00000157b9952b24 sp=0x00000056660fcc98 mode 0
Event: 10.166 Thread 0x00000157c83ad180 DEOPT PACKING pc=0x00000157b265cc8c sp=0x00000056660fd820
Event: 10.166 Thread 0x00000157c83ad180 DEOPT UNPACKING pc=0x00000157b9952b24 sp=0x00000056660fcc98 mode 0
Event: 10.168 Thread 0x00000157c83ad180 DEOPT PACKING pc=0x00000157b265cc8c sp=0x00000056660fd820
Event: 10.168 Thread 0x00000157c83ad180 DEOPT UNPACKING pc=0x00000157b9952b24 sp=0x00000056660fcc98 mode 0
Event: 10.169 Thread 0x00000157c83ad180 DEOPT PACKING pc=0x00000157b265cc8c sp=0x00000056660fd820
Event: 10.169 Thread 0x00000157c83ad180 DEOPT UNPACKING pc=0x00000157b9952b24 sp=0x00000056660fcc98 mode 0
Event: 13.843 Thread 0x00000157c83ad180 Uncommon trap: trap_request=0xffffff45 fr.pc=0x00000157b9f2e6dc relative=0x00000000000002bc
Event: 13.843 Thread 0x00000157c83ad180 Uncommon trap: reason=unstable_if action=reinterpret pc=0x00000157b9f2e6dc method=java.util.HashMap.getNode(Ljava/lang/Object;)Ljava/util/HashMap$Node; @ 57 c2
Event: 13.843 Thread 0x00000157c83ad180 DEOPT PACKING pc=0x00000157b9f2e6dc sp=0x00000056660fe410
Event: 13.843 Thread 0x00000157c83ad180 DEOPT UNPACKING pc=0x00000157b995239d sp=0x00000056660fe3a0 mode 2
Event: 13.912 Thread 0x00000157c83ad180 DEOPT PACKING pc=0x00000157b265f0d3 sp=0x00000056660fdcf0
Event: 13.912 Thread 0x00000157c83ad180 DEOPT UNPACKING pc=0x00000157b9952b24 sp=0x00000056660fd180 mode 0
Event: 13.913 Thread 0x00000157c83ad180 Uncommon trap: trap_request=0xffffff45 fr.pc=0x00000157b9f48c20 relative=0x0000000000001020
Event: 13.913 Thread 0x00000157c83ad180 Uncommon trap: reason=unstable_if action=reinterpret pc=0x00000157b9f48c20 method=sun.awt.image.OffScreenImageSource.sendPixels()V @ 663 c2
Event: 13.913 Thread 0x00000157c83ad180 DEOPT PACKING pc=0x00000157b9f48c20 sp=0x00000056660fddf0
Event: 13.913 Thread 0x00000157c83ad180 DEOPT UNPACKING pc=0x00000157b995239d sp=0x00000056660fdd98 mode 2

Classes unloaded (0 events):
No events

Classes redefined (0 events):
No events

Internal exceptions (20 events):
Event: 0.377 Thread 0x00000157aab25120 Exception <a 'java/lang/NoSuchMethodError'{0x0000000089926148}: 'java.lang.Object java.lang.invoke.DirectMethodHandle$Holder.invokeStaticInit(java.lang.Object)'> (0x0000000089926148) 
thrown [s\open\src\hotspot\share\interpreter\linkResolver.cpp, line 759]
Event: 0.450 Thread 0x00000157c83ac760 Exception <a 'java/lang/NoSuchMethodError'{0x0000000089994688}: 'java.lang.Object java.lang.invoke.DirectMethodHandle$Holder.newInvokeSpecial(java.lang.Object, java.lang.Object, java.lang.Object, int, int, int, int, int)'> (0x0000000089994688) 
thrown [s\open\src\hotspot\share\interpreter\linkResolver.cpp, line 759]
Event: 0.613 Thread 0x00000157aab25120 Exception <a 'java/lang/NoSuchMethodError'{0x00000000898c7240}: 'void java.lang.invoke.DirectMethodHandle$Holder.invokeSpecial(java.lang.Object, java.lang.Object, java.lang.Object)'> (0x00000000898c7240) 
thrown [s\open\src\hotspot\share\interpreter\linkResolver.cpp, line 759]
Event: 0.636 Thread 0x00000157aab25120 Exception <a 'java/lang/NoSuchMethodError'{0x00000000898f1460}: 'java.lang.Object java.lang.invoke.DirectMethodHandle$Holder.newInvokeSpecial(java.lang.Object, java.lang.Object, java.lang.Object, java.lang.Object, java.lang.Object)'> (0x00000000898f1460) 
thrown [s\open\src\hotspot\share\interpreter\linkResolver.cpp, line 759]
Event: 0.641 Thread 0x00000157aab25120 Exception <a 'java/lang/NoSuchMethodError'{0x00000000898fce28}: 'java.lang.Object java.lang.invoke.DirectMethodHandle$Holder.invokeStatic(java.lang.Object, int, java.lang.Object, java.lang.Object, java.lang.Object, java.lang.Object)'> (0x00000000898fce28) 
thrown [s\open\src\hotspot\share\interpreter\linkResolver.cpp, line 759]
Event: 0.654 Thread 0x00000157aab25120 Exception <a 'java/lang/NoSuchMethodError'{0x0000000089722b18}: 'java.lang.Object java.lang.invoke.DirectMethodHandle$Holder.invokeStatic(java.lang.Object, int, java.lang.Object)'> (0x0000000089722b18) 
thrown [s\open\src\hotspot\share\interpreter\linkResolver.cpp, line 759]
Event: 0.720 Thread 0x00000157aab25120 Exception <a 'java/lang/ClassNotFoundException'{0x00000000897de228}: com/sun/swing/internal/plaf/metal/resources/spi/metalProvider> (0x00000000897de228) 
thrown [s\open\src\hotspot\share\classfile\systemDictionary.cpp, line 256]
Event: 0.722 Thread 0x00000157aab25120 Exception <a 'java/lang/ClassNotFoundException'{0x00000000897e1e68}: com/sun/swing/internal/plaf/basic/resources/spi/basicProvider> (0x00000000897e1e68) 
thrown [s\open\src\hotspot\share\classfile\systemDictionary.cpp, line 256]
Event: 0.929 Thread 0x00000157aab25120 Exception <a 'java/lang/ClassNotFoundException'{0x00000000895b5fb8}: java/lang/ObjectCustomizer> (0x00000000895b5fb8) 
thrown [s\open\src\hotspot\share\classfile\systemDictionary.cpp, line 256]
Event: 0.940 Thread 0x00000157aab25120 Exception <a 'java/lang/NoSuchMethodError'{0x00000000895bd6b0}: 'java.lang.Object java.lang.invoke.DirectMethodHandle$Holder.invokeInterface(java.lang.Object, java.lang.Object)'> (0x00000000895bd6b0) 
thrown [s\open\src\hotspot\share\interpreter\linkResolver.cpp, line 759]
Event: 0.941 Thread 0x00000157aab25120 Exception <a 'java/lang/IncompatibleClassChangeError'{0x00000000895c0f48}: Found class java.lang.Object, but interface was expected> (0x00000000895c0f48) 
thrown [s\open\src\hotspot\share\interpreter\linkResolver.cpp, line 826]
Event: 0.968 Thread 0x00000157aab25120 Exception <a 'java/lang/ClassNotFoundException'{0x00000000895fcfe0}: net/miginfocom/layout/UnitValueCustomizer> (0x00000000895fcfe0) 
thrown [s\open\src\hotspot\share\classfile\systemDictionary.cpp, line 256]
Event: 0.975 Thread 0x00000157aab25120 Exception <a 'java/lang/ClassNotFoundException'{0x0000000089411828}: java/lang/ObjectCustomizer> (0x0000000089411828) 
thrown [s\open\src\hotspot\share\classfile\systemDictionary.cpp, line 256]
Event: 0.977 Thread 0x00000157aab25120 Exception <a 'java/lang/ClassNotFoundException'{0x00000000894167c0}: net/miginfocom/layout/BoundSizeCustomizer> (0x00000000894167c0) 
thrown [s\open\src\hotspot\share\classfile\systemDictionary.cpp, line 256]
Event: 1.038 Thread 0x00000157aab25120 Exception <a 'java/lang/NoSuchMethodError'{0x00000000894675b0}: 'java.lang.Object java.lang.invoke.DirectMethodHandle$Holder.invokeStaticInit(java.lang.Object, int, int, int, int)'> (0x00000000894675b0) 
thrown [s\open\src\hotspot\share\interpreter\linkResolver.cpp, line 759]
Event: 1.110 Thread 0x00000157aab25120 Exception <a 'java/lang/NoSuchMethodError'{0x00000000894afa10}: 'java.lang.Object java.lang.invoke.DirectMethodHandle$Holder.invokeStaticInit(java.lang.Object, java.lang.Object, int, int, int, int)'> (0x00000000894afa10) 
thrown [s\open\src\hotspot\share\interpreter\linkResolver.cpp, line 759]
Event: 6.391 Thread 0x00000157aab25120 Implicit null exception at 0x00000157b9ee2601 to 0x00000157b9ee279c
Event: 9.374 Thread 0x00000157c83ab320 Exception <a 'java/lang/NoSuchMethodError'{0x0000000093c88980}: 'void java.lang.invoke.DirectMethodHandle$Holder.invokeVirtual(java.lang.Object, java.lang.Object)'> (0x0000000093c88980) 
thrown [s\open\src\hotspot\share\interpreter\linkResolver.cpp, line 759]
Event: 9.401 Thread 0x00000157aab25120 Exception <a 'java/lang/NoSuchMethodError'{0x0000000093de72f8}: 'void java.lang.invoke.DirectMethodHandle$Holder.invokeStaticInit(java.lang.Object)'> (0x0000000093de72f8) 
thrown [s\open\src\hotspot\share\interpreter\linkResolver.cpp, line 759]
Event: 10.067 Thread 0x00000157c83ad180 Implicit null exception at 0x00000157b9f44600 to 0x00000157b9f44af4

VM Operations (20 events):
Event: 18.926 Executing VM operation: G1Concurrent done
Event: 18.942 Executing VM operation: G1TryInitiateConcMark
Event: 18.968 Executing VM operation: G1TryInitiateConcMark done
Event: 18.988 Executing VM operation: G1Concurrent
Event: 18.991 Executing VM operation: G1Concurrent done
Event: 18.999 Executing VM operation: G1Concurrent
Event: 19.000 Executing VM operation: G1Concurrent done
Event: 19.003 Executing VM operation: G1TryInitiateConcMark
Event: 19.007 Executing VM operation: G1TryInitiateConcMark done
Event: 19.031 Executing VM operation: G1Concurrent
Event: 19.033 Executing VM operation: G1Concurrent done
Event: 19.041 Executing VM operation: G1Concurrent
Event: 19.041 Executing VM operation: G1Concurrent done
Event: 19.073 Executing VM operation: G1TryInitiateConcMark
Event: 19.077 Executing VM operation: G1TryInitiateConcMark done
Event: 19.097 Executing VM operation: G1Concurrent
Event: 19.099 Executing VM operation: G1Concurrent done
Event: 19.099 Executing VM operation: G1Concurrent
Event: 19.099 Executing VM operation: G1Concurrent done
Event: 19.116 Executing VM operation: G1TryInitiateConcMark

Events (20 events):
Event: 15.535 Thread 0x000001580e1a56d0 Thread added: 0x000001580e1a56d0
Event: 15.678 loading class java/lang/FdLibm$Cbrt
Event: 15.678 loading class java/lang/FdLibm$Cbrt done
Event: 15.678 loading class java/lang/FdLibm
Event: 15.678 loading class java/lang/FdLibm done
Event: 15.876 Thread 0x000001580e1a6600 Thread added: 0x000001580e1a6600
Event: 16.270 loading class java/awt/LightweightDispatcher$2
Event: 16.270 loading class java/awt/LightweightDispatcher$2 done
Event: 18.400 loading class java/awt/KeyboardFocusManager$4
Event: 18.401 loading class java/awt/KeyboardFocusManager$4 done
Event: 18.406 loading class javax/swing/TimerQueue$DelayedTimer
Event: 18.406 loading class java/util/concurrent/Delayed
Event: 18.406 loading class java/util/concurrent/Delayed done
Event: 18.406 loading class javax/swing/TimerQueue$DelayedTimer done
Event: 18.407 loading class java/util/concurrent/TimeUnit$1
Event: 18.407 loading class java/util/concurrent/TimeUnit$1 done
Event: 18.443 loading class javax/swing/Timer$1
Event: 18.444 loading class javax/swing/Timer$1 done
Event: 18.592 Thread 0x000001580e1a3360 Thread added: 0x000001580e1a3360
Event: 18.595 Thread 0x000001580e1a3870 Thread added: 0x000001580e1a3870


Dynamic libraries:
0x00007ff78d450000 - 0x00007ff78d460000 	C:\Program Files\Java\jdk-17\bin\javaw.exe
0x00007ff9a1cd0000 - 0x00007ff9a1ec8000 	C:\WINDOWS\SYSTEM32\ntdll.dll
0x00007ff9a0620000 - 0x00007ff9a06dd000 	C:\WINDOWS\System32\KERNEL32.DLL
0x00007ff99f6b0000 - 0x00007ff99f9a6000 	C:\WINDOWS\System32\KERNELBASE.dll
0x00007ff99fb00000 - 0x00007ff99fc00000 	C:\WINDOWS\System32\ucrtbase.dll
0x00007ff989500000 - 0x00007ff98951b000 	C:\Program Files\Java\jdk-17\bin\VCRUNTIME140.dll
0x00007ff986e30000 - 0x00007ff986e49000 	C:\Program Files\Java\jdk-17\bin\jli.dll
0x00007ff9a1bb0000 - 0x00007ff9a1c63000 	C:\WINDOWS\System32\ADVAPI32.dll
0x00007ff9a04d0000 - 0x00007ff9a056e000 	C:\WINDOWS\System32\msvcrt.dll
0x00007ff9a0c50000 - 0x00007ff9a0cef000 	C:\WINDOWS\System32\sechost.dll
0x00007ff9a07c0000 - 0x00007ff9a08e6000 	C:\WINDOWS\System32\RPCRT4.dll
0x00007ff99f520000 - 0x00007ff99f547000 	C:\WINDOWS\System32\bcrypt.dll
0x00007ff9a09e0000 - 0x00007ff9a0b7e000 	C:\WINDOWS\System32\USER32.dll
0x00007ff99f3a0000 - 0x00007ff99f3c2000 	C:\WINDOWS\System32\win32u.dll
0x00007ff989c20000 - 0x00007ff989eba000 	C:\WINDOWS\WinSxS\amd64_microsoft.windows.common-controls_6595b64144ccf1df_6.0.19041.3636_none_60b6a03d71f818d5\COMCTL32.dll
0x00007ff9a1360000 - 0x00007ff9a138c000 	C:\WINDOWS\System32\GDI32.dll
0x00007ff99fc00000 - 0x00007ff99fd1a000 	C:\WINDOWS\System32\gdi32full.dll
0x00007ff99fa60000 - 0x00007ff99fafd000 	C:\WINDOWS\System32\msvcp_win.dll
0x00007ff992a00000 - 0x00007ff992a0a000 	C:\WINDOWS\SYSTEM32\VERSION.dll
0x00007ff9a1330000 - 0x00007ff9a1360000 	C:\WINDOWS\System32\IMM32.DLL
0x00007ff987870000 - 0x00007ff98787c000 	C:\Program Files\Java\jdk-17\bin\vcruntime140_1.dll
0x00007ff982710000 - 0x00007ff98279e000 	C:\Program Files\Java\jdk-17\bin\msvcp140.dll
0x00007ff95ab40000 - 0x00007ff95b721000 	C:\Program Files\Java\jdk-17\bin\server\jvm.dll
0x00007ff9a09d0000 - 0x00007ff9a09d8000 	C:\WINDOWS\System32\PSAPI.DLL
0x00007ff9826a0000 - 0x00007ff9826a9000 	C:\WINDOWS\SYSTEM32\WSOCK32.dll
0x00007ff975980000 - 0x00007ff9759a7000 	C:\WINDOWS\SYSTEM32\WINMM.dll
0x00007ff9a13f0000 - 0x00007ff9a145b000 	C:\WINDOWS\System32\WS2_32.dll
0x00007ff99d150000 - 0x00007ff99d162000 	C:\WINDOWS\SYSTEM32\kernel.appcore.dll
0x00007ff986db0000 - 0x00007ff986dba000 	C:\Program Files\Java\jdk-17\bin\jimage.dll
0x00007ff99cae0000 - 0x00007ff99ccc4000 	C:\WINDOWS\SYSTEM32\DBGHELP.DLL
0x00007ff975bf0000 - 0x00007ff975c24000 	C:\WINDOWS\SYSTEM32\dbgcore.DLL
0x00007ff99f3d0000 - 0x00007ff99f452000 	C:\WINDOWS\System32\bcryptPrimitives.dll
0x00007ff9828d0000 - 0x00007ff9828f5000 	C:\Program Files\Java\jdk-17\bin\java.dll
0x00007ff97cd30000 - 0x00007ff97ce07000 	C:\Program Files\Java\jdk-17\bin\jsvml.dll
0x00007ff9a1460000 - 0x00007ff9a1ba5000 	C:\WINDOWS\System32\SHELL32.dll
0x00007ff99d450000 - 0x00007ff99dbeb000 	C:\WINDOWS\SYSTEM32\windows.storage.dll
0x00007ff9a0cf0000 - 0x00007ff9a1044000 	C:\WINDOWS\System32\combase.dll
0x00007ff99ed60000 - 0x00007ff99ed8d000 	C:\WINDOWS\SYSTEM32\Wldp.dll
0x00007ff99ffa0000 - 0x00007ff9a004d000 	C:\WINDOWS\System32\SHCORE.dll
0x00007ff9a1390000 - 0x00007ff9a13e5000 	C:\WINDOWS\System32\shlwapi.dll
0x00007ff99f2d0000 - 0x00007ff99f2f5000 	C:\WINDOWS\SYSTEM32\profapi.dll
0x00007ff985000000 - 0x00007ff985019000 	C:\Program Files\Java\jdk-17\bin\net.dll
0x00007ff9962a0000 - 0x00007ff9963aa000 	C:\WINDOWS\SYSTEM32\WINHTTP.dll
0x00007ff99ea60000 - 0x00007ff99eaca000 	C:\WINDOWS\system32\mswsock.dll
0x00007ff982810000 - 0x00007ff982826000 	C:\Program Files\Java\jdk-17\bin\nio.dll
0x00007ff97d120000 - 0x00007ff97d138000 	C:\Program Files\Java\jdk-17\bin\zip.dll
0x00007ff95f2b0000 - 0x00007ff95f441000 	C:\Program Files\Java\jdk-17\bin\awt.dll
0x00007ff9a0b80000 - 0x00007ff9a0c4d000 	C:\WINDOWS\System32\OLEAUT32.dll
0x00007ff998e50000 - 0x00007ff998ee0000 	C:\WINDOWS\SYSTEM32\apphelp.dll
0x00007ff999020000 - 0x00007ff9990be000 	C:\WINDOWS\system32\uxtheme.dll
0x00007ff9a1050000 - 0x00007ff9a1164000 	C:\WINDOWS\System32\MSCTF.dll
0x00007ff9a1200000 - 0x00007ff9a132b000 	C:\WINDOWS\System32\ole32.dll
0x00007ff99d120000 - 0x00007ff99d14f000 	C:\WINDOWS\system32\DWMAPI.DLL
0x00007ff986da0000 - 0x00007ff986db0000 	C:\Program Files\Java\jdk-17\bin\verify.dll
0x00007ff99ecb0000 - 0x00007ff99ecc8000 	C:\WINDOWS\SYSTEM32\CRYPTSP.dll
0x00007ff99e390000 - 0x00007ff99e3c4000 	C:\WINDOWS\system32\rsaenh.dll
0x00007ff99f290000 - 0x00007ff99f2be000 	C:\WINDOWS\SYSTEM32\USERENV.dll
0x00007ff99ecd0000 - 0x00007ff99ecdc000 	C:\WINDOWS\SYSTEM32\CRYPTBASE.dll
0x00007ff99e750000 - 0x00007ff99e78b000 	C:\WINDOWS\SYSTEM32\IPHLPAPI.DLL
0x00007ff9a0050000 - 0x00007ff9a0058000 	C:\WINDOWS\System32\NSI.dll
0x00007ff98a230000 - 0x00007ff98a247000 	C:\WINDOWS\SYSTEM32\dhcpcsvc6.DLL
0x00007ff98b4a0000 - 0x00007ff98b4bd000 	C:\WINDOWS\SYSTEM32\dhcpcsvc.DLL
0x00007ff99e790000 - 0x00007ff99e85a000 	C:\WINDOWS\SYSTEM32\DNSAPI.dll
0x00007ff97c8c0000 - 0x00007ff97c947000 	C:\Program Files\Java\jdk-17\bin\freetype.dll
0x00007ff978930000 - 0x00007ff978a03000 	C:\Program Files\Java\jdk-17\bin\fontmanager.dll
0x00007ff97ccb0000 - 0x00007ff97ccc2000 	C:\Program Files\Java\jdk-17\bin\jsound.dll
0x00007ff97c750000 - 0x00007ff97c7ec000 	C:\WINDOWS\SYSTEM32\DSOUND.dll
0x00007ff99ef30000 - 0x00007ff99ef7b000 	C:\WINDOWS\SYSTEM32\powrprof.dll
0x00007ff97f6a0000 - 0x00007ff97f6c6000 	C:\WINDOWS\SYSTEM32\winmmbase.dll
0x00007ff99eef0000 - 0x00007ff99ef02000 	C:\WINDOWS\SYSTEM32\UMPDC.dll
0x00007ff9a0570000 - 0x00007ff9a0619000 	C:\WINDOWS\System32\clbcatq.dll
0x00007ff992cc0000 - 0x00007ff992d45000 	C:\WINDOWS\System32\MMDevApi.dll
0x00007ff99f130000 - 0x00007ff99f163000 	C:\WINDOWS\System32\DEVOBJ.dll
0x00007ff99f4d0000 - 0x00007ff99f51e000 	C:\WINDOWS\System32\cfgmgr32.dll
0x00007ff986e50000 - 0x00007ff986e96000 	C:\WINDOWS\SYSTEM32\wdmaud.drv
0x00007ff995580000 - 0x00007ff995589000 	C:\WINDOWS\SYSTEM32\ksuser.dll
0x00007ff9953f0000 - 0x00007ff9953fa000 	C:\WINDOWS\SYSTEM32\AVRT.dll
0x00007ff992d50000 - 0x00007ff992ed2000 	C:\WINDOWS\SYSTEM32\AUDIOSES.DLL
0x00007ff998f10000 - 0x00007ff998f1d000 	C:\WINDOWS\SYSTEM32\msacm32.drv
0x00007ff97d140000 - 0x00007ff97d15e000 	C:\WINDOWS\SYSTEM32\MSACM32.dll
0x00007ff992c20000 - 0x00007ff992c2b000 	C:\WINDOWS\SYSTEM32\midimap.dll
0x00007ff99ce40000 - 0x00007ff99ce54000 	C:\WINDOWS\SYSTEM32\resourcepolicyclient.dll
0x00007ff9916e0000 - 0x00007ff991821000 	C:\Windows\System32\Windows.UI.dll
0x00007ff994d70000 - 0x00007ff994e11000 	C:\Windows\System32\WindowManagementAPI.dll
0x00007ff9915e0000 - 0x00007ff9916d9000 	C:\Windows\System32\TextInputFramework.dll
0x00007ff991480000 - 0x00007ff9915d2000 	C:\Windows\System32\InputHost.dll
0x00007ff9986f0000 - 0x00007ff998a4b000 	C:\Windows\System32\CoreUIComponents.dll
0x00007ff998a50000 - 0x00007ff998b42000 	C:\Windows\System32\CoreMessaging.dll
0x00007ff997390000 - 0x00007ff9974e5000 	C:\WINDOWS\SYSTEM32\wintypes.dll
0x00007ff994b20000 - 0x00007ff994d23000 	C:\WINDOWS\SYSTEM32\twinapi.appcore.dll
0x00007ff999760000 - 0x00007ff999856000 	C:\Windows\System32\PROPSYS.dll
0x00007ff99e4d0000 - 0x00007ff99e503000 	C:\WINDOWS\SYSTEM32\ntmarta.dll
0x00007ff95fd50000 - 0x00007ff95fe75000 	C:\WINDOWS\system32\opengl32.dll
0x00007ff97c1b0000 - 0x00007ff97c1dc000 	C:\WINDOWS\SYSTEM32\GLU32.dll
0x00007ff975d90000 - 0x00007ff975df6000 	C:\WINDOWS\system32\Oleacc.dll
0x00007ff994960000 - 0x00007ff994b14000 	C:\WINDOWS\SYSTEM32\WindowsCodecs.dll
0x00007ff96fc00000 - 0x00007ff96fc3e000 	C:\WINDOWS\system32\dataexchange.dll
0x00007ff998180000 - 0x00007ff998363000 	C:\WINDOWS\system32\dcomp.dll
0x00007ff997950000 - 0x00007ff997bb3000 	C:\WINDOWS\system32\d3d11.dll
0x00007ff99dd70000 - 0x00007ff99de63000 	C:\WINDOWS\system32\dxgi.dll

dbghelp: loaded successfully - version: 4.0.5 - missing functions: none
symbol engine: initialized successfully - sym options: 0x614 - pdb path: .;C:\Program Files\Java\jdk-17\bin;C:\WINDOWS\SYSTEM32;C:\WINDOWS\WinSxS\amd64_microsoft.windows.common-controls_6595b64144ccf1df_6.0.19041.3636_none_60b6a03d71f818d5;C:\Program Files\Java\jdk-17\bin\server

VM Arguments:
jvm_args: -Dfile.encoding=windows-1252 -Dstdout.encoding=windows-1252 -Dstderr.encoding=windows-1252 -XX:+ShowCodeDetailsInExceptionMessages 
java_command: main.Main
java_class_path (initial): C:\Users\cymax\git\pokemon\Summative\bin;C:\Users\cymax\git\pokemon\Summative\miglayout15-swing.jar;C:\Users\cymax\git\pokemon\Summative\jgoodies-forms-1.8.0.jar
Launcher Type: SUN_STANDARD

[Global flags]
     intx CICompilerCount                          = 3                                         {product} {ergonomic}
     uint ConcGCThreads                            = 1                                         {product} {ergonomic}
     uint G1ConcRefinementThreads                  = 4                                         {product} {ergonomic}
   size_t G1HeapRegionSize                         = 1048576                                   {product} {ergonomic}
    uintx GCDrainStackTargetSize                   = 64                                        {product} {ergonomic}
   size_t InitialHeapSize                          = 134217728                                 {product} {ergonomic}
   size_t MarkStackSize                            = 4194304                                   {product} {ergonomic}
   size_t MaxHeapSize                              = 2118123520                                {product} {ergonomic}
   size_t MaxNewSize                               = 1270874112                                {product} {ergonomic}
   size_t MinHeapDeltaBytes                        = 1048576                                   {product} {ergonomic}
   size_t MinHeapSize                              = 8388608                                   {product} {ergonomic}
    uintx NonNMethodCodeHeapSize                   = 5832780                                {pd product} {ergonomic}
    uintx NonProfiledCodeHeapSize                  = 122912730                              {pd product} {ergonomic}
    uintx ProfiledCodeHeapSize                     = 122912730                              {pd product} {ergonomic}
    uintx ReservedCodeCacheSize                    = 251658240                              {pd product} {ergonomic}
     bool SegmentedCodeCache                       = true                                      {product} {ergonomic}
     bool ShowCodeDetailsInExceptionMessages       = true                                   {manageable} {command line}
   size_t SoftMaxHeapSize                          = 2118123520                             {manageable} {ergonomic}
     bool UseCompressedClassPointers               = true                           {product lp64_product} {ergonomic}
     bool UseCompressedOops                        = true                           {product lp64_product} {ergonomic}
     bool UseG1GC                                  = true                                      {product} {ergonomic}
     bool UseLargePagesIndividualAllocation        = false                                  {pd product} {ergonomic}

Logging:
Log output configuration:
 #0: stdout all=warning uptime,level,tags
 #1: stderr all=off uptime,level,tags

Environment Variables:
JAVA_HOME=C:\Program Files\Java\jdk1.8.0_291
PATH=C:/Users/cymax/.p2/pool/plugins/org.eclipse.justj.openjdk.hotspot.jre.full.win32.x86_64_17.0.9.v20231028-0858/jre/bin/server;C:/Users/cymax/.p2/pool/plugins/org.eclipse.justj.openjdk.hotspot.jre.full.win32.x86_64_17.0.9.v20231028-0858/jre/bin;C:\Program Files\Common Files\Oracle\Java\javapath;C:\Program Files (x86)\Common Files\Oracle\Java\javapath;C:\Program Files (x86)\Common Files\Intel\Shared Libraries\redist\intel64\compiler;C:\WINDOWS\system32;C:\WINDOWS;C:\WINDOWS\System32\Wbem;C:\WINDOWS\System32\WindowsPowerShell\v1.0\;C:\WINDOWS\System32\OpenSSH\;C:\Program Files (x86)\IVI Foundation\VISA\WinNT\Bin;C:\Program Files\dotnet\;C:\Users\cymax\AppData\Local\Microsoft\WindowsApps;;C:\Program Files\JetBrains\IntelliJ IDEA Community Edition 2019.3.3\bin;;C:\Users\cymax\AppData\Local\Programs\Microsoft VS Code\bin;C:\WINDOWS\system32;
USERNAME=cymax
OS=Windows_NT
PROCESSOR_IDENTIFIER=Intel64 Family 6 Model 142 Stepping 9, GenuineIntel



---------------  S Y S T E M  ---------------

OS:
 Windows 10 , 64 bit Build 19041 (10.0.19041.3636)
OS uptime: 1 days 23:26 hours

CPU: total 4 (initial active 4) (2 cores per cpu, 2 threads per core) family 6 model 142 stepping 9 microcode 0xf0, cx8, cmov, fxsr, ht, mmx, 3dnowpref, sse, sse2, sse3, ssse3, sse4.1, sse4.2, popcnt, lzcnt, tsc, tscinvbit, aes, erms, clmul, clflush, clflushopt

Memory: 4k page, system-wide physical 8076M (617M free)
TotalPageFile size 9981M (AvailPageFile size 135M)
current process WorkingSet (physical memory assigned to process): 361M, peak: 391M
current process commit charge ("private bytes"): 460M, peak: 796M

vm_info: Java HotSpot(TM) 64-Bit Server VM (17.0.9+11-LTS-201) for windows-amd64 JRE (17.0.9+11-LTS-201), built on Oct 10 2023 23:16:06 by "mach5one" with MS VC++ 17.1 (VS2022)

END.
