#
# There is insufficient memory for the Java Runtime Environment to continue.
# Native memory allocation (mmap) failed to map 210763776 bytes for G1 virtual space
# Possible reasons:
#   The system is out of physical RAM or swap space
#   The process is running with CompressedOops enabled, and the Java Heap may be blocking the growth of the native heap
# Possible solutions:
#   Reduce memory load on the system
#   Increase physical memory or swap space
#   Check if swap backing store is full
#   Decrease Java heap size (-Xmx/-Xms)
#   Decrease number of Java threads
#   Decrease Java thread stack sizes (-Xss)
#   Set larger code cache with -XX:ReservedCodeCacheSize=
#   JVM is running with Unscaled Compressed Oops mode in which the Java heap is
#     placed in the first 4GB address space. The Java Heap base address is the
#     maximum limit for the native heap growth. Please use -XX:HeapBaseMinAddress
#     to set the Java Heap base and to place the Java Heap above 4GB virtual address.
# This output file may be truncated or incomplete.
#
#  Out of Memory Error (os_windows.cpp:3552), pid=912, tid=6116
#
# JRE version: Java(TM) SE Runtime Environment (17.0.9+11) (build 17.0.9+11-LTS-201)
# Java VM: Java HotSpot(TM) 64-Bit Server VM (17.0.9+11-LTS-201, mixed mode, sharing, tiered, compressed oops, compressed class ptrs, g1 gc, windows-amd64)
# No core dump will be written. Minidumps are not enabled by default on client versions of Windows
#

---------------  S U M M A R Y ------------

Command Line: -Dfile.encoding=windows-1252 -Dstdout.encoding=windows-1252 -Dstderr.encoding=windows-1252 -XX:+ShowCodeDetailsInExceptionMessages main.Main

Host: Intel(R) Pentium(R) CPU 4415Y @ 1.60GHz, 4 cores, 7G,  Windows 10 , 64 bit Build 19041 (10.0.19041.3636)
Time: Sun Jan 14 14:49:49 2024 Eastern Standard Time elapsed time: 15.561711 seconds (0d 0h 0m 15s)

---------------  T H R E A D  ---------------

Current thread (0x000001aedf751b60):  VMThread "VM Thread" [stack: 0x0000009ec4800000,0x0000009ec4900000] [id=6116]

Stack: [0x0000009ec4800000,0x0000009ec4900000]
Native frames: (J=compiled Java code, j=interpreted, Vv=VM code, C=native code)
V  [jvm.dll+0x678a4a]
V  [jvm.dll+0x7d9cfd]
V  [jvm.dll+0x7db60e]
V  [jvm.dll+0x7dbc73]
V  [jvm.dll+0x245e1f]
V  [jvm.dll+0x6758f9]
V  [jvm.dll+0x66a2a2]
V  [jvm.dll+0x303686]
V  [jvm.dll+0x30ac06]
V  [jvm.dll+0x35a48e]
V  [jvm.dll+0x35a6bf]
V  [jvm.dll+0x2da678]
V  [jvm.dll+0x2d8a85]
V  [jvm.dll+0x2d808c]
V  [jvm.dll+0x31bca1]
V  [jvm.dll+0x7e048b]
V  [jvm.dll+0x7e11c4]
V  [jvm.dll+0x7e16dd]
V  [jvm.dll+0x7e1ab4]
V  [jvm.dll+0x7e1b80]
V  [jvm.dll+0x78998a]
V  [jvm.dll+0x677875]
C  [ucrtbase.dll+0x21bb2]
C  [KERNEL32.DLL+0x17344]
C  [ntdll.dll+0x526b1]

VM_Operation (0x0000009ec5afd1d8): G1TryInitiateConcMark, mode: safepoint, requested by thread 0x000001af25c275e0


---------------  P R O C E S S  ---------------

Threads class SMR info:
_java_thread_list=0x000001af25bedce0, length=23, elements={
0x000001aedf7566d0, 0x000001aedf758100, 0x000001aedf76a240, 0x000001aedf76dbd0,
0x000001aedf76f4b0, 0x000001aedf7741c0, 0x000001aedf775e20, 0x000001aedf778f90,
0x000001aedf77c450, 0x000001aedf9a6400, 0x000001aedf9b3fa0, 0x000001aedfbd7660,
0x000001aedfbd80d0, 0x000001af25c25c90, 0x000001af25c25780, 0x000001af25c23e30,
0x000001af25c275e0, 0x000001af25c266b0, 0x000001af25c26bc0, 0x000001af25c24d60,
0x000001af25c24850, 0x000001af25c24340, 0x000001af25c25270
}

Java Threads: ( => current thread )
  0x000001aedf7566d0 JavaThread "Reference Handler" daemon [_thread_blocked, id=14220, stack(0x0000009ec4900000,0x0000009ec4a00000)]
  0x000001aedf758100 JavaThread "Finalizer" daemon [_thread_blocked, id=10480, stack(0x0000009ec4a00000,0x0000009ec4b00000)]
  0x000001aedf76a240 JavaThread "Signal Dispatcher" daemon [_thread_blocked, id=11596, stack(0x0000009ec4b00000,0x0000009ec4c00000)]
  0x000001aedf76dbd0 JavaThread "Attach Listener" daemon [_thread_blocked, id=14104, stack(0x0000009ec4c00000,0x0000009ec4d00000)]
  0x000001aedf76f4b0 JavaThread "Service Thread" daemon [_thread_blocked, id=12768, stack(0x0000009ec4d00000,0x0000009ec4e00000)]
  0x000001aedf7741c0 JavaThread "Monitor Deflation Thread" daemon [_thread_blocked, id=14120, stack(0x0000009ec4e00000,0x0000009ec4f00000)]
  0x000001aedf775e20 JavaThread "C2 CompilerThread0" daemon [_thread_blocked, id=14160, stack(0x0000009ec4f00000,0x0000009ec5000000)]
  0x000001aedf778f90 JavaThread "C1 CompilerThread0" daemon [_thread_blocked, id=11592, stack(0x0000009ec5000000,0x0000009ec5100000)]
  0x000001aedf77c450 JavaThread "Sweeper thread" daemon [_thread_blocked, id=13472, stack(0x0000009ec5100000,0x0000009ec5200000)]
  0x000001aedf9a6400 JavaThread "Notification Thread" daemon [_thread_blocked, id=14148, stack(0x0000009ec5200000,0x0000009ec5300000)]
  0x000001aedf9b3fa0 JavaThread "Common-Cleaner" daemon [_thread_blocked, id=14008, stack(0x0000009ec5400000,0x0000009ec5500000)]
  0x000001aedfbd7660 JavaThread "Java2D Disposer" daemon [_thread_blocked, id=3468, stack(0x0000009ec5500000,0x0000009ec5600000)]
  0x000001aedfbd80d0 JavaThread "AWT-Windows" daemon [_thread_in_native, id=10408, stack(0x0000009ec5700000,0x0000009ec5800000)]
  0x000001af25c25c90 JavaThread "Java Sound Event Dispatcher" daemon [_thread_blocked, id=10804, stack(0x0000009ec5b00000,0x0000009ec5c00000)]
  0x000001af25c25780 JavaThread "Direct Clip" daemon [_thread_blocked, id=12224, stack(0x0000009ec6100000,0x0000009ec6200000)]
  0x000001af25c23e30 JavaThread "AWT-Shutdown" [_thread_blocked, id=2580, stack(0x0000009ec5600000,0x0000009ec5700000)]
  0x000001af25c275e0 JavaThread "AWT-EventQueue-0" [_thread_blocked, id=5064, stack(0x0000009ec5a00000,0x0000009ec5b00000)]
  0x000001af25c266b0 JavaThread "DestroyJavaVM" [_thread_blocked, id=1352, stack(0x0000009ec4200000,0x0000009ec4300000)]
  0x000001af25c26bc0 JavaThread "Direct Clip" daemon [_thread_blocked, id=14248, stack(0x0000009ec5800000,0x0000009ec5900000)]
  0x000001af25c24d60 JavaThread "TimerQueue" daemon [_thread_blocked, id=14276, stack(0x0000009ec6800000,0x0000009ec6900000)]
  0x000001af25c24850 JavaThread "Direct Clip" daemon [_thread_blocked, id=11428, stack(0x0000009ec6900000,0x0000009ec6a00000)]
  0x000001af25c24340 JavaThread "Direct Clip" daemon [_thread_blocked, id=9088, stack(0x0000009ec6a00000,0x0000009ec6b00000)]
  0x000001af25c25270 JavaThread "Direct Clip" daemon [_thread_blocked, id=6708, stack(0x0000009ec6b00000,0x0000009ec6c00000)]

Other Threads:
=>0x000001aedf751b60 VMThread "VM Thread" [stack: 0x0000009ec4800000,0x0000009ec4900000] [id=6116]
  0x000001aedf9b1740 WatcherThread [stack: 0x0000009ec5300000,0x0000009ec5400000] [id=2988]
  0x000001aebffde750 GCTaskThread "GC Thread#0" [stack: 0x0000009ec4300000,0x0000009ec4400000] [id=12520]
  0x000001af25ab7130 GCTaskThread "GC Thread#1" [stack: 0x0000009ec6500000,0x0000009ec6600000] [id=3612]
  0x000001af25f29600 GCTaskThread "GC Thread#2" [stack: 0x0000009ec6600000,0x0000009ec6700000] [id=13936]
  0x000001af25f298c0 GCTaskThread "GC Thread#3" [stack: 0x0000009ec6700000,0x0000009ec6800000] [id=3128]
  0x000001aebffef230 ConcurrentGCThread "G1 Main Marker" [stack: 0x0000009ec4400000,0x0000009ec4500000] [id=11692]
  0x000001aebfff0bd0 ConcurrentGCThread "G1 Conc#0" [stack: 0x0000009ec4500000,0x0000009ec4600000] [id=11112]
  0x000001aedf610090 ConcurrentGCThread "G1 Refine#0" [stack: 0x0000009ec4600000,0x0000009ec4700000] [id=9624]
  0x000001aedf6112b0 ConcurrentGCThread "G1 Service" [stack: 0x0000009ec4700000,0x0000009ec4800000] [id=6388]

Threads with active compile tasks:

VM state: at safepoint (normal execution)

VM Mutex/Monitor currently owned by a thread:  ([mutex/lock_event])
[0x000001aebff7ec20] Threads_lock - owner thread: 0x000001aedf751b60
[0x000001aebff7f250] Heap_lock - owner thread: 0x000001af25c275e0

Heap address: 0x0000000081c00000, size: 2020 MB, Compressed Oops mode: 32-bit

CDS archive(s) mapped at: [0x000001aee0000000-0x000001aee0bd0000-0x000001aee0bd0000), size 12386304, SharedBaseAddress: 0x000001aee0000000, ArchiveRelocationMode: 1.
Compressed class space mapped at: 0x000001aee1000000-0x000001af21000000, reserved size: 1073741824
Narrow klass base: 0x000001aee0000000, Narrow klass shift: 0, Narrow klass range: 0x100000000

GC Precious Log:
 CPUs: 4 total, 4 available
 Memory: 8076M
 Large Page Support: Disabled
 NUMA Support: Disabled
 Compressed Oops: Enabled (32-bit)
 Heap Region Size: 1M
 Heap Min Capacity: 8M
 Heap Initial Capacity: 128M
 Heap Max Capacity: 2020M
 Pre-touch: Disabled
 Parallel Workers: 4
 Concurrent Workers: 1
 Concurrent Refinement Workers: 4
 Periodic GC: Disabled

Heap:
 garbage-first heap   total 350208K, used 193767K [0x0000000081c00000, 0x0000000100000000)
  region size 1024K, 1 young (1024K), 1 survivors (1024K)
 Metaspace       used 14688K, committed 14912K, reserved 1114112K
  class space    used 1611K, committed 1728K, reserved 1048576K

Heap Regions: E=young(eden), S=young(survivor), O=old, HS=humongous(starts), HC=humongous(continues), CS=collection set, F=free, OA=open archive, CA=closed archive, TAMS=top-at-mark-start (previous, next)
|   0|0x0000000081c00000, 0x0000000081d00000, 0x0000000081d00000|100%|HS|  |TAMS 0x0000000081d00000, 0x0000000081d00000| Complete 
|   1|0x0000000081d00000, 0x0000000081e00000, 0x0000000081e00000|100%|HS|  |TAMS 0x0000000081e00000, 0x0000000081e00000| Complete 
|   2|0x0000000081e00000, 0x0000000081f00000, 0x0000000081f00000|100%|HC|  |TAMS 0x0000000081f00000, 0x0000000081f00000| Complete 
|   3|0x0000000081f00000, 0x0000000082000000, 0x0000000082000000|100%|HC|  |TAMS 0x0000000082000000, 0x0000000082000000| Complete 
|   4|0x0000000082000000, 0x0000000082100000, 0x0000000082100000|100%|HC|  |TAMS 0x0000000082100000, 0x0000000082100000| Complete 
|   5|0x0000000082100000, 0x0000000082200000, 0x0000000082200000|100%|HC|  |TAMS 0x0000000082200000, 0x0000000082200000| Complete 
|   6|0x0000000082200000, 0x0000000082300000, 0x0000000082300000|100%|HC|  |TAMS 0x0000000082300000, 0x0000000082300000| Complete 
|   7|0x0000000082300000, 0x0000000082400000, 0x0000000082400000|100%|HC|  |TAMS 0x0000000082400000, 0x0000000082400000| Complete 
|   8|0x0000000082400000, 0x0000000082500000, 0x0000000082500000|100%|HC|  |TAMS 0x0000000082500000, 0x0000000082500000| Complete 
|   9|0x0000000082500000, 0x0000000082600000, 0x0000000082600000|100%|HC|  |TAMS 0x0000000082600000, 0x0000000082600000| Complete 
|  10|0x0000000082600000, 0x0000000082700000, 0x0000000082700000|100%|HC|  |TAMS 0x0000000082700000, 0x0000000082700000| Complete 
|  11|0x0000000082700000, 0x0000000082800000, 0x0000000082800000|100%|HC|  |TAMS 0x0000000082800000, 0x0000000082800000| Complete 
|  12|0x0000000082800000, 0x0000000082900000, 0x0000000082900000|100%|HC|  |TAMS 0x0000000082900000, 0x0000000082900000| Complete 
|  13|0x0000000082900000, 0x0000000082a00000, 0x0000000082a00000|100%|HC|  |TAMS 0x0000000082a00000, 0x0000000082a00000| Complete 
|  14|0x0000000082a00000, 0x0000000082b00000, 0x0000000082b00000|100%|HS|  |TAMS 0x0000000082b00000, 0x0000000082b00000| Complete 
|  15|0x0000000082b00000, 0x0000000082c00000, 0x0000000082c00000|100%|HC|  |TAMS 0x0000000082c00000, 0x0000000082c00000| Complete 
|  16|0x0000000082c00000, 0x0000000082d00000, 0x0000000082d00000|100%|HC|  |TAMS 0x0000000082d00000, 0x0000000082d00000| Complete 
|  17|0x0000000082d00000, 0x0000000082e00000, 0x0000000082e00000|100%|HS|  |TAMS 0x0000000082e00000, 0x0000000082e00000| Complete 
|  18|0x0000000082e00000, 0x0000000082f00000, 0x0000000082f00000|100%|HC|  |TAMS 0x0000000082f00000, 0x0000000082f00000| Complete 
|  19|0x0000000082f00000, 0x0000000083000000, 0x0000000083000000|100%|HC|  |TAMS 0x0000000083000000, 0x0000000083000000| Complete 
|  20|0x0000000083000000, 0x0000000083100000, 0x0000000083100000|100%|HC|  |TAMS 0x0000000083100000, 0x0000000083100000| Complete 
|  21|0x0000000083100000, 0x0000000083200000, 0x0000000083200000|100%|HC|  |TAMS 0x0000000083200000, 0x0000000083200000| Complete 
|  22|0x0000000083200000, 0x0000000083300000, 0x0000000083300000|100%|HC|  |TAMS 0x0000000083300000, 0x0000000083300000| Complete 
|  23|0x0000000083300000, 0x0000000083400000, 0x0000000083400000|100%|HC|  |TAMS 0x0000000083400000, 0x0000000083400000| Complete 
|  24|0x0000000083400000, 0x0000000083500000, 0x0000000083500000|100%|HC|  |TAMS 0x0000000083500000, 0x0000000083500000| Complete 
|  25|0x0000000083500000, 0x0000000083600000, 0x0000000083600000|100%| O|  |TAMS 0x0000000083600000, 0x0000000083600000| Untracked 
|  26|0x0000000083600000, 0x0000000083700000, 0x0000000083700000|100%|HS|  |TAMS 0x0000000083700000, 0x0000000083700000| Complete 
|  27|0x0000000083700000, 0x0000000083800000, 0x0000000083800000|100%|HC|  |TAMS 0x0000000083800000, 0x0000000083800000| Complete 
|  28|0x0000000083800000, 0x0000000083900000, 0x0000000083900000|100%|HS|  |TAMS 0x0000000083900000, 0x0000000083900000| Complete 
|  29|0x0000000083900000, 0x0000000083a00000, 0x0000000083a00000|100%|HC|  |TAMS 0x0000000083a00000, 0x0000000083a00000| Complete 
|  30|0x0000000083a00000, 0x0000000083b00000, 0x0000000083b00000|100%| O|  |TAMS 0x0000000083b00000, 0x0000000083b00000| Untracked 
|  31|0x0000000083b00000, 0x0000000083c00000, 0x0000000083c00000|100%| O|  |TAMS 0x0000000083c00000, 0x0000000083c00000| Untracked 
|  32|0x0000000083c00000, 0x0000000083d00000, 0x0000000083d00000|100%|HS|  |TAMS 0x0000000083d00000, 0x0000000083d00000| Complete 
|  33|0x0000000083d00000, 0x0000000083e00000, 0x0000000083e00000|100%|HC|  |TAMS 0x0000000083e00000, 0x0000000083e00000| Complete 
|  34|0x0000000083e00000, 0x0000000083f00000, 0x0000000083f00000|100%|HC|  |TAMS 0x0000000083f00000, 0x0000000083f00000| Complete 
|  35|0x0000000083f00000, 0x0000000084000000, 0x0000000084000000|100%|HC|  |TAMS 0x0000000084000000, 0x0000000084000000| Complete 
|  36|0x0000000084000000, 0x0000000084100000, 0x0000000084100000|100%|HC|  |TAMS 0x0000000084100000, 0x0000000084100000| Complete 
|  37|0x0000000084100000, 0x0000000084200000, 0x0000000084200000|100%|HC|  |TAMS 0x0000000084200000, 0x0000000084200000| Complete 
|  38|0x0000000084200000, 0x0000000084300000, 0x0000000084300000|100%|HC|  |TAMS 0x0000000084300000, 0x0000000084300000| Complete 
|  39|0x0000000084300000, 0x0000000084400000, 0x0000000084400000|100%|HC|  |TAMS 0x0000000084400000, 0x0000000084400000| Complete 
|  40|0x0000000084400000, 0x0000000084500000, 0x0000000084500000|100%|HC|  |TAMS 0x0000000084500000, 0x0000000084500000| Complete 
|  41|0x0000000084500000, 0x0000000084600000, 0x0000000084600000|100%|HC|  |TAMS 0x0000000084600000, 0x0000000084600000| Complete 
|  42|0x0000000084600000, 0x0000000084700000, 0x0000000084700000|100%|HC|  |TAMS 0x0000000084700000, 0x0000000084700000| Complete 
|  43|0x0000000084700000, 0x0000000084800000, 0x0000000084800000|100%|HC|  |TAMS 0x0000000084800000, 0x0000000084800000| Complete 
|  44|0x0000000084800000, 0x0000000084900000, 0x0000000084900000|100%|HC|  |TAMS 0x0000000084900000, 0x0000000084900000| Complete 
|  45|0x0000000084900000, 0x0000000084a00000, 0x0000000084a00000|100%|HC|  |TAMS 0x0000000084a00000, 0x0000000084a00000| Complete 
|  46|0x0000000084a00000, 0x0000000084b00000, 0x0000000084b00000|100%|HC|  |TAMS 0x0000000084b00000, 0x0000000084b00000| Complete 
|  47|0x0000000084b00000, 0x0000000084c00000, 0x0000000084c00000|100%|HC|  |TAMS 0x0000000084c00000, 0x0000000084c00000| Complete 
|  48|0x0000000084c00000, 0x0000000084d00000, 0x0000000084d00000|100%|HC|  |TAMS 0x0000000084d00000, 0x0000000084d00000| Complete 
|  49|0x0000000084d00000, 0x0000000084e00000, 0x0000000084e00000|100%|HC|  |TAMS 0x0000000084e00000, 0x0000000084e00000| Complete 
|  50|0x0000000084e00000, 0x0000000084f00000, 0x0000000084f00000|100%|HC|  |TAMS 0x0000000084f00000, 0x0000000084f00000| Complete 
|  51|0x0000000084f00000, 0x0000000085000000, 0x0000000085000000|100%|HC|  |TAMS 0x0000000085000000, 0x0000000085000000| Complete 
|  52|0x0000000085000000, 0x0000000085100000, 0x0000000085100000|100%|HC|  |TAMS 0x0000000085100000, 0x0000000085100000| Complete 
|  53|0x0000000085100000, 0x0000000085200000, 0x0000000085200000|100%|HC|  |TAMS 0x0000000085200000, 0x0000000085200000| Complete 
|  54|0x0000000085200000, 0x0000000085300000, 0x0000000085300000|100%|HC|  |TAMS 0x0000000085300000, 0x0000000085300000| Complete 
|  55|0x0000000085300000, 0x0000000085400000, 0x0000000085400000|100%|HC|  |TAMS 0x0000000085400000, 0x0000000085400000| Complete 
|  56|0x0000000085400000, 0x0000000085500000, 0x0000000085500000|100%|HC|  |TAMS 0x0000000085500000, 0x0000000085500000| Complete 
|  57|0x0000000085500000, 0x0000000085600000, 0x0000000085600000|100%|HC|  |TAMS 0x0000000085600000, 0x0000000085600000| Complete 
|  58|0x0000000085600000, 0x0000000085700000, 0x0000000085700000|100%|HC|  |TAMS 0x0000000085700000, 0x0000000085700000| Complete 
|  59|0x0000000085700000, 0x0000000085800000, 0x0000000085800000|100%|HC|  |TAMS 0x0000000085800000, 0x0000000085800000| Complete 
|  60|0x0000000085800000, 0x0000000085900000, 0x0000000085900000|100%|HC|  |TAMS 0x0000000085900000, 0x0000000085900000| Complete 
|  61|0x0000000085900000, 0x0000000085a00000, 0x0000000085a00000|100%|HC|  |TAMS 0x0000000085a00000, 0x0000000085a00000| Complete 
|  62|0x0000000085a00000, 0x0000000085b00000, 0x0000000085b00000|100%|HC|  |TAMS 0x0000000085b00000, 0x0000000085b00000| Complete 
|  63|0x0000000085b00000, 0x0000000085c00000, 0x0000000085c00000|100%|HC|  |TAMS 0x0000000085c00000, 0x0000000085c00000| Complete 
|  64|0x0000000085c00000, 0x0000000085d00000, 0x0000000085d00000|100%|HC|  |TAMS 0x0000000085d00000, 0x0000000085d00000| Complete 
|  65|0x0000000085d00000, 0x0000000085e00000, 0x0000000085e00000|100%|HC|  |TAMS 0x0000000085e00000, 0x0000000085e00000| Complete 
|  66|0x0000000085e00000, 0x0000000085f00000, 0x0000000085f00000|100%|HC|  |TAMS 0x0000000085f00000, 0x0000000085f00000| Complete 
|  67|0x0000000085f00000, 0x0000000086000000, 0x0000000086000000|100%|HC|  |TAMS 0x0000000086000000, 0x0000000086000000| Complete 
|  68|0x0000000086000000, 0x0000000086100000, 0x0000000086100000|100%|HC|  |TAMS 0x0000000086100000, 0x0000000086100000| Complete 
|  69|0x0000000086100000, 0x0000000086200000, 0x0000000086200000|100%|HC|  |TAMS 0x0000000086200000, 0x0000000086200000| Complete 
|  70|0x0000000086200000, 0x0000000086300000, 0x0000000086300000|100%|HC|  |TAMS 0x0000000086300000, 0x0000000086300000| Complete 
|  71|0x0000000086300000, 0x0000000086400000, 0x0000000086400000|100%|HC|  |TAMS 0x0000000086400000, 0x0000000086400000| Complete 
|  72|0x0000000086400000, 0x0000000086500000, 0x0000000086500000|100%|HC|  |TAMS 0x0000000086500000, 0x0000000086500000| Complete 
|  73|0x0000000086500000, 0x0000000086600000, 0x0000000086600000|100%|HC|  |TAMS 0x0000000086600000, 0x0000000086600000| Complete 
|  74|0x0000000086600000, 0x0000000086700000, 0x0000000086700000|100%|HC|  |TAMS 0x0000000086700000, 0x0000000086700000| Complete 
|  75|0x0000000086700000, 0x0000000086800000, 0x0000000086800000|100%|HC|  |TAMS 0x0000000086800000, 0x0000000086800000| Complete 
|  76|0x0000000086800000, 0x0000000086900000, 0x0000000086900000|100%|HC|  |TAMS 0x0000000086900000, 0x0000000086900000| Complete 
|  77|0x0000000086900000, 0x0000000086a00000, 0x0000000086a00000|100%|HC|  |TAMS 0x0000000086a00000, 0x0000000086a00000| Complete 
|  78|0x0000000086a00000, 0x0000000086b00000, 0x0000000086b00000|100%|HC|  |TAMS 0x0000000086b00000, 0x0000000086b00000| Complete 
|  79|0x0000000086b00000, 0x0000000086c00000, 0x0000000086c00000|100%|HS|  |TAMS 0x0000000086c00000, 0x0000000086c00000| Complete 
|  80|0x0000000086c00000, 0x0000000086d00000, 0x0000000086d00000|100%|HC|  |TAMS 0x0000000086d00000, 0x0000000086d00000| Complete 
|  81|0x0000000086d00000, 0x0000000086e00000, 0x0000000086e00000|100%|HC|  |TAMS 0x0000000086e00000, 0x0000000086e00000| Complete 
|  82|0x0000000086e00000, 0x0000000086f00000, 0x0000000086f00000|100%|HC|  |TAMS 0x0000000086f00000, 0x0000000086f00000| Complete 
|  83|0x0000000086f00000, 0x0000000087000000, 0x0000000087000000|100%|HS|  |TAMS 0x0000000087000000, 0x0000000087000000| Complete 
|  84|0x0000000087000000, 0x0000000087100000, 0x0000000087100000|100%|HC|  |TAMS 0x0000000087100000, 0x0000000087100000| Complete 
|  85|0x0000000087100000, 0x0000000087200000, 0x0000000087200000|100%|HC|  |TAMS 0x0000000087200000, 0x0000000087200000| Complete 
|  86|0x0000000087200000, 0x0000000087300000, 0x0000000087300000|100%|HC|  |TAMS 0x0000000087300000, 0x0000000087300000| Complete 
|  87|0x0000000087300000, 0x0000000087400000, 0x0000000087400000|100%|HS|  |TAMS 0x0000000087400000, 0x0000000087400000| Complete 
|  88|0x0000000087400000, 0x0000000087500000, 0x0000000087500000|100%|HC|  |TAMS 0x0000000087500000, 0x0000000087500000| Complete 
|  89|0x0000000087500000, 0x0000000087600000, 0x0000000087600000|100%|HS|  |TAMS 0x0000000087600000, 0x0000000087600000| Complete 
|  90|0x0000000087600000, 0x0000000087700000, 0x0000000087700000|100%|HS|  |TAMS 0x0000000087700000, 0x0000000087700000| Complete 
|  91|0x0000000087700000, 0x0000000087800000, 0x0000000087800000|100%|HC|  |TAMS 0x0000000087800000, 0x0000000087800000| Complete 
|  92|0x0000000087800000, 0x0000000087900000, 0x0000000087900000|100%|HC|  |TAMS 0x0000000087900000, 0x0000000087900000| Complete 
|  93|0x0000000087900000, 0x0000000087a00000, 0x0000000087a00000|100%|HC|  |TAMS 0x0000000087a00000, 0x0000000087a00000| Complete 
|  94|0x0000000087a00000, 0x0000000087b00000, 0x0000000087b00000|100%|HC|  |TAMS 0x0000000087b00000, 0x0000000087b00000| Complete 
|  95|0x0000000087b00000, 0x0000000087c00000, 0x0000000087c00000|100%|HC|  |TAMS 0x0000000087c00000, 0x0000000087c00000| Complete 
|  96|0x0000000087c00000, 0x0000000087d00000, 0x0000000087d00000|100%|HC|  |TAMS 0x0000000087d00000, 0x0000000087d00000| Complete 
|  97|0x0000000087d00000, 0x0000000087e00000, 0x0000000087e00000|100%|HC|  |TAMS 0x0000000087e00000, 0x0000000087e00000| Complete 
|  98|0x0000000087e00000, 0x0000000087f00000, 0x0000000087f00000|100%|HC|  |TAMS 0x0000000087f00000, 0x0000000087f00000| Complete 
|  99|0x0000000087f00000, 0x0000000088000000, 0x0000000088000000|100%|HC|  |TAMS 0x0000000088000000, 0x0000000088000000| Complete 
| 100|0x0000000088000000, 0x0000000088100000, 0x0000000088100000|100%|HC|  |TAMS 0x0000000088100000, 0x0000000088100000| Complete 
| 101|0x0000000088100000, 0x0000000088200000, 0x0000000088200000|100%|HC|  |TAMS 0x0000000088200000, 0x0000000088200000| Complete 
| 102|0x0000000088200000, 0x0000000088300000, 0x0000000088300000|100%|HC|  |TAMS 0x0000000088300000, 0x0000000088300000| Complete 
| 103|0x0000000088300000, 0x0000000088400000, 0x0000000088400000|100%|HC|  |TAMS 0x0000000088400000, 0x0000000088400000| Complete 
| 104|0x0000000088400000, 0x0000000088500000, 0x0000000088500000|100%|HC|  |TAMS 0x0000000088500000, 0x0000000088500000| Complete 
| 105|0x0000000088500000, 0x0000000088600000, 0x0000000088600000|100%|HC|  |TAMS 0x0000000088600000, 0x0000000088600000| Complete 
| 106|0x0000000088600000, 0x0000000088700000, 0x0000000088700000|100%|HC|  |TAMS 0x0000000088700000, 0x0000000088700000| Complete 
| 107|0x0000000088700000, 0x0000000088800000, 0x0000000088800000|100%|HC|  |TAMS 0x0000000088800000, 0x0000000088800000| Complete 
| 108|0x0000000088800000, 0x0000000088900000, 0x0000000088900000|100%|HC|  |TAMS 0x0000000088900000, 0x0000000088900000| Complete 
| 109|0x0000000088900000, 0x0000000088a00000, 0x0000000088a00000|100%|HC|  |TAMS 0x0000000088a00000, 0x0000000088a00000| Complete 
| 110|0x0000000088a00000, 0x0000000088b00000, 0x0000000088b00000|100%|HC|  |TAMS 0x0000000088b00000, 0x0000000088b00000| Complete 
| 111|0x0000000088b00000, 0x0000000088c00000, 0x0000000088c00000|100%|HC|  |TAMS 0x0000000088c00000, 0x0000000088c00000| Complete 
| 112|0x0000000088c00000, 0x0000000088d00000, 0x0000000088d00000|100%|HC|  |TAMS 0x0000000088d00000, 0x0000000088d00000| Complete 
| 113|0x0000000088d00000, 0x0000000088e00000, 0x0000000088e00000|100%|HC|  |TAMS 0x0000000088e00000, 0x0000000088e00000| Complete 
| 114|0x0000000088e00000, 0x0000000088f00000, 0x0000000088f00000|100%|HC|  |TAMS 0x0000000088f00000, 0x0000000088f00000| Complete 
| 115|0x0000000088f00000, 0x0000000089000000, 0x0000000089000000|100%|HC|  |TAMS 0x0000000089000000, 0x0000000089000000| Complete 
| 116|0x0000000089000000, 0x0000000089100000, 0x0000000089100000|100%|HC|  |TAMS 0x0000000089100000, 0x0000000089100000| Complete 
| 117|0x0000000089100000, 0x0000000089200000, 0x0000000089200000|100%|HC|  |TAMS 0x0000000089200000, 0x0000000089200000| Complete 
| 118|0x0000000089200000, 0x0000000089300000, 0x0000000089300000|100%|HC|  |TAMS 0x0000000089300000, 0x0000000089300000| Complete 
| 119|0x0000000089300000, 0x0000000089400000, 0x0000000089400000|100%|HC|  |TAMS 0x0000000089400000, 0x0000000089400000| Complete 
| 120|0x0000000089400000, 0x0000000089500000, 0x0000000089500000|100%|HC|  |TAMS 0x0000000089500000, 0x0000000089500000| Complete 
| 121|0x0000000089500000, 0x0000000089600000, 0x0000000089600000|100%|HC|  |TAMS 0x0000000089600000, 0x0000000089600000| Complete 
| 122|0x0000000089600000, 0x0000000089700000, 0x0000000089700000|100%|HC|  |TAMS 0x0000000089700000, 0x0000000089700000| Complete 
| 123|0x0000000089700000, 0x0000000089800000, 0x0000000089800000|100%|HC|  |TAMS 0x0000000089800000, 0x0000000089800000| Complete 
| 124|0x0000000089800000, 0x0000000089900000, 0x0000000089900000|100%|HC|  |TAMS 0x0000000089900000, 0x0000000089900000| Complete 
| 125|0x0000000089900000, 0x0000000089a00000, 0x0000000089a00000|100%|HC|  |TAMS 0x0000000089a00000, 0x0000000089a00000| Complete 
| 126|0x0000000089a00000, 0x0000000089b00000, 0x0000000089b00000|100%|HC|  |TAMS 0x0000000089b00000, 0x0000000089b00000| Complete 
| 127|0x0000000089b00000, 0x0000000089c00000, 0x0000000089c00000|100%|HC|  |TAMS 0x0000000089c00000, 0x0000000089c00000| Complete 
| 128|0x0000000089c00000, 0x0000000089d00000, 0x0000000089d00000|100%|HC|  |TAMS 0x0000000089d00000, 0x0000000089d00000| Complete 
| 129|0x0000000089d00000, 0x0000000089e00000, 0x0000000089e00000|100%|HC|  |TAMS 0x0000000089e00000, 0x0000000089e00000| Complete 
| 130|0x0000000089e00000, 0x0000000089f00000, 0x0000000089f00000|100%|HC|  |TAMS 0x0000000089f00000, 0x0000000089f00000| Complete 
| 131|0x0000000089f00000, 0x000000008a000000, 0x000000008a000000|100%|HC|  |TAMS 0x000000008a000000, 0x000000008a000000| Complete 
| 132|0x000000008a000000, 0x000000008a100000, 0x000000008a100000|100%|HC|  |TAMS 0x000000008a100000, 0x000000008a100000| Complete 
| 133|0x000000008a100000, 0x000000008a200000, 0x000000008a200000|100%|HC|  |TAMS 0x000000008a200000, 0x000000008a200000| Complete 
| 134|0x000000008a200000, 0x000000008a300000, 0x000000008a300000|100%|HC|  |TAMS 0x000000008a300000, 0x000000008a300000| Complete 
| 135|0x000000008a300000, 0x000000008a400000, 0x000000008a400000|100%|HC|  |TAMS 0x000000008a400000, 0x000000008a400000| Complete 
| 136|0x000000008a400000, 0x000000008a500000, 0x000000008a500000|100%|HC|  |TAMS 0x000000008a500000, 0x000000008a500000| Complete 
| 137|0x000000008a500000, 0x000000008a600000, 0x000000008a600000|100%|HS|  |TAMS 0x000000008a600000, 0x000000008a600000| Complete 
| 138|0x000000008a600000, 0x000000008a700000, 0x000000008a700000|100%|HC|  |TAMS 0x000000008a700000, 0x000000008a700000| Complete 
| 139|0x000000008a700000, 0x000000008a800000, 0x000000008a800000|100%|HC|  |TAMS 0x000000008a800000, 0x000000008a800000| Complete 
| 140|0x000000008a800000, 0x000000008a900000, 0x000000008a900000|100%|HC|  |TAMS 0x000000008a900000, 0x000000008a900000| Complete 
| 141|0x000000008a900000, 0x000000008aa00000, 0x000000008aa00000|100%|HS|  |TAMS 0x000000008aa00000, 0x000000008aa00000| Complete 
| 142|0x000000008aa00000, 0x000000008ab00000, 0x000000008ab00000|100%|HC|  |TAMS 0x000000008ab00000, 0x000000008ab00000| Complete 
| 143|0x000000008ab00000, 0x000000008ac00000, 0x000000008ac00000|100%|HS|  |TAMS 0x000000008ac00000, 0x000000008ac00000| Complete 
| 144|0x000000008ac00000, 0x000000008ad00000, 0x000000008ad00000|100%|HC|  |TAMS 0x000000008ad00000, 0x000000008ad00000| Complete 
| 145|0x000000008ad00000, 0x000000008ae00000, 0x000000008ae00000|100%|HC|  |TAMS 0x000000008ae00000, 0x000000008ae00000| Complete 
| 146|0x000000008ae00000, 0x000000008af00000, 0x000000008af00000|100%|HC|  |TAMS 0x000000008af00000, 0x000000008af00000| Complete 
| 147|0x000000008af00000, 0x000000008b000000, 0x000000008b000000|100%|HS|  |TAMS 0x000000008b000000, 0x000000008b000000| Complete 
| 148|0x000000008b000000, 0x000000008b100000, 0x000000008b100000|100%|HS|  |TAMS 0x000000008b000000, 0x000000008b100000| Complete 
| 149|0x000000008b100000, 0x000000008b200000, 0x000000008b200000|100%|HC|  |TAMS 0x000000008b100000, 0x000000008b200000| Complete 
| 150|0x000000008b200000, 0x000000008b300000, 0x000000008b300000|100%|HC|  |TAMS 0x000000008b200000, 0x000000008b300000| Complete 
| 151|0x000000008b300000, 0x000000008b400000, 0x000000008b400000|100%|HC|  |TAMS 0x000000008b300000, 0x000000008b400000| Complete 
| 152|0x000000008b400000, 0x000000008b500000, 0x000000008b500000|100%|HC|  |TAMS 0x000000008b400000, 0x000000008b500000| Complete 
| 153|0x000000008b500000, 0x000000008b600000, 0x000000008b600000|100%|HC|  |TAMS 0x000000008b500000, 0x000000008b600000| Complete 
| 154|0x000000008b600000, 0x000000008b600000, 0x000000008b700000|  0%| F|  |TAMS 0x000000008b600000, 0x000000008b600000| Untracked 
| 155|0x000000008b700000, 0x000000008b700000, 0x000000008b800000|  0%| F|  |TAMS 0x000000008b700000, 0x000000008b700000| Untracked 
| 156|0x000000008b800000, 0x000000008b800000, 0x000000008b900000|  0%| F|  |TAMS 0x000000008b800000, 0x000000008b800000| Untracked 
| 157|0x000000008b900000, 0x000000008b900000, 0x000000008ba00000|  0%| F|  |TAMS 0x000000008b900000, 0x000000008b900000| Untracked 
| 158|0x000000008ba00000, 0x000000008ba00000, 0x000000008bb00000|  0%| F|  |TAMS 0x000000008ba00000, 0x000000008ba00000| Untracked 
| 159|0x000000008bb00000, 0x000000008bb00000, 0x000000008bc00000|  0%| F|  |TAMS 0x000000008bb00000, 0x000000008bb00000| Untracked 
| 160|0x000000008bc00000, 0x000000008bd00000, 0x000000008bd00000|100%|HS|  |TAMS 0x000000008bd00000, 0x000000008bd00000| Complete 
| 161|0x000000008bd00000, 0x000000008be00000, 0x000000008be00000|100%|HC|  |TAMS 0x000000008be00000, 0x000000008be00000| Complete 
| 162|0x000000008be00000, 0x000000008bf00000, 0x000000008bf00000|100%|HC|  |TAMS 0x000000008bf00000, 0x000000008bf00000| Complete 
| 163|0x000000008bf00000, 0x000000008c000000, 0x000000008c000000|100%|HC|  |TAMS 0x000000008c000000, 0x000000008c000000| Complete 
| 164|0x000000008c000000, 0x000000008c100000, 0x000000008c100000|100%|HC|  |TAMS 0x000000008c100000, 0x000000008c100000| Complete 
| 165|0x000000008c100000, 0x000000008c200000, 0x000000008c200000|100%|HC|  |TAMS 0x000000008c200000, 0x000000008c200000| Complete 
| 166|0x000000008c200000, 0x000000008c300000, 0x000000008c300000|100%|HC|  |TAMS 0x000000008c300000, 0x000000008c300000| Complete 
| 167|0x000000008c300000, 0x000000008c400000, 0x000000008c400000|100%|HC|  |TAMS 0x000000008c400000, 0x000000008c400000| Complete 
| 168|0x000000008c400000, 0x000000008c500000, 0x000000008c500000|100%|HC|  |TAMS 0x000000008c500000, 0x000000008c500000| Complete 
| 169|0x000000008c500000, 0x000000008c600000, 0x000000008c600000|100%|HC|  |TAMS 0x000000008c600000, 0x000000008c600000| Complete 
| 170|0x000000008c600000, 0x000000008c700000, 0x000000008c700000|100%|HC|  |TAMS 0x000000008c700000, 0x000000008c700000| Complete 
| 171|0x000000008c700000, 0x000000008c800000, 0x000000008c800000|100%|HC|  |TAMS 0x000000008c800000, 0x000000008c800000| Complete 
| 172|0x000000008c800000, 0x000000008c900000, 0x000000008c900000|100%|HC|  |TAMS 0x000000008c900000, 0x000000008c900000| Complete 
| 173|0x000000008c900000, 0x000000008ca00000, 0x000000008ca00000|100%|HC|  |TAMS 0x000000008ca00000, 0x000000008ca00000| Complete 
| 174|0x000000008ca00000, 0x000000008cb00000, 0x000000008cb00000|100%|HC|  |TAMS 0x000000008cb00000, 0x000000008cb00000| Complete 
| 175|0x000000008cb00000, 0x000000008cc00000, 0x000000008cc00000|100%|HC|  |TAMS 0x000000008cc00000, 0x000000008cc00000| Complete 
| 176|0x000000008cc00000, 0x000000008cd00000, 0x000000008cd00000|100%|HC|  |TAMS 0x000000008cd00000, 0x000000008cd00000| Complete 
| 177|0x000000008cd00000, 0x000000008ce00000, 0x000000008ce00000|100%|HC|  |TAMS 0x000000008ce00000, 0x000000008ce00000| Complete 
| 178|0x000000008ce00000, 0x000000008cf00000, 0x000000008cf00000|100%|HC|  |TAMS 0x000000008cf00000, 0x000000008cf00000| Complete 
| 179|0x000000008cf00000, 0x000000008d000000, 0x000000008d000000|100%|HC|  |TAMS 0x000000008d000000, 0x000000008d000000| Complete 
| 180|0x000000008d000000, 0x000000008d100000, 0x000000008d100000|100%|HC|  |TAMS 0x000000008d100000, 0x000000008d100000| Complete 
| 181|0x000000008d100000, 0x000000008d200000, 0x000000008d200000|100%|HC|  |TAMS 0x000000008d200000, 0x000000008d200000| Complete 
| 182|0x000000008d200000, 0x000000008d300000, 0x000000008d300000|100%|HC|  |TAMS 0x000000008d300000, 0x000000008d300000| Complete 
| 183|0x000000008d300000, 0x000000008d400000, 0x000000008d400000|100%|HC|  |TAMS 0x000000008d400000, 0x000000008d400000| Complete 
| 184|0x000000008d400000, 0x000000008d500000, 0x000000008d500000|100%|HC|  |TAMS 0x000000008d500000, 0x000000008d500000| Complete 
| 185|0x000000008d500000, 0x000000008d600000, 0x000000008d600000|100%|HC|  |TAMS 0x000000008d600000, 0x000000008d600000| Complete 
| 186|0x000000008d600000, 0x000000008d700000, 0x000000008d700000|100%|HC|  |TAMS 0x000000008d700000, 0x000000008d700000| Complete 
| 187|0x000000008d700000, 0x000000008d800000, 0x000000008d800000|100%|HC|  |TAMS 0x000000008d800000, 0x000000008d800000| Complete 
| 188|0x000000008d800000, 0x000000008d900000, 0x000000008d900000|100%|HC|  |TAMS 0x000000008d900000, 0x000000008d900000| Complete 
| 189|0x000000008d900000, 0x000000008da00000, 0x000000008da00000|100%|HC|  |TAMS 0x000000008da00000, 0x000000008da00000| Complete 
| 190|0x000000008da00000, 0x000000008db00000, 0x000000008db00000|100%|HC|  |TAMS 0x000000008db00000, 0x000000008db00000| Complete 
| 191|0x000000008db00000, 0x000000008dc00000, 0x000000008dc00000|100%|HC|  |TAMS 0x000000008dc00000, 0x000000008dc00000| Complete 
| 192|0x000000008dc00000, 0x000000008dd00000, 0x000000008dd00000|100%|HC|  |TAMS 0x000000008dd00000, 0x000000008dd00000| Complete 
| 193|0x000000008dd00000, 0x000000008de00000, 0x000000008de00000|100%| O|  |TAMS 0x000000008de00000, 0x000000008de00000| Untracked 
| 194|0x000000008de00000, 0x000000008df00000, 0x000000008df00000|100%| O|  |TAMS 0x000000008df00000, 0x000000008df00000| Untracked 
| 195|0x000000008df00000, 0x000000008df37400, 0x000000008e000000| 21%| O|  |TAMS 0x000000008df37400, 0x000000008df37400| Untracked 
| 196|0x000000008e000000, 0x000000008e000000, 0x000000008e100000|  0%| F|  |TAMS 0x000000008e000000, 0x000000008e000000| Untracked 
| 197|0x000000008e100000, 0x000000008e100000, 0x000000008e200000|  0%| F|  |TAMS 0x000000008e100000, 0x000000008e100000| Untracked 
| 198|0x000000008e200000, 0x000000008e200000, 0x000000008e300000|  0%| F|  |TAMS 0x000000008e200000, 0x000000008e200000| Untracked 
| 199|0x000000008e300000, 0x000000008e300000, 0x000000008e400000|  0%| F|  |TAMS 0x000000008e300000, 0x000000008e300000| Untracked 
| 200|0x000000008e400000, 0x000000008e400000, 0x000000008e500000|  0%| F|  |TAMS 0x000000008e400000, 0x000000008e400000| Untracked 
| 201|0x000000008e500000, 0x000000008e500000, 0x000000008e600000|  0%| F|  |TAMS 0x000000008e500000, 0x000000008e500000| Untracked 
| 202|0x000000008e600000, 0x000000008e600000, 0x000000008e700000|  0%| F|  |TAMS 0x000000008e600000, 0x000000008e600000| Untracked 
| 203|0x000000008e700000, 0x000000008e700000, 0x000000008e800000|  0%| F|  |TAMS 0x000000008e700000, 0x000000008e700000| Untracked 
| 204|0x000000008e800000, 0x000000008e800000, 0x000000008e900000|  0%| F|  |TAMS 0x000000008e800000, 0x000000008e800000| Untracked 
| 205|0x000000008e900000, 0x000000008e900000, 0x000000008ea00000|  0%| F|  |TAMS 0x000000008e900000, 0x000000008e900000| Untracked 
| 206|0x000000008ea00000, 0x000000008ea00000, 0x000000008eb00000|  0%| F|  |TAMS 0x000000008ea00000, 0x000000008ea00000| Untracked 
| 207|0x000000008eb00000, 0x000000008eb00000, 0x000000008ec00000|  0%| F|  |TAMS 0x000000008eb00000, 0x000000008eb00000| Untracked 
| 208|0x000000008ec00000, 0x000000008ec00000, 0x000000008ed00000|  0%| F|  |TAMS 0x000000008ec00000, 0x000000008ec00000| Untracked 
| 209|0x000000008ed00000, 0x000000008ed00000, 0x000000008ee00000|  0%| F|  |TAMS 0x000000008ed00000, 0x000000008ed00000| Untracked 
| 210|0x000000008ee00000, 0x000000008ee00000, 0x000000008ef00000|  0%| F|  |TAMS 0x000000008ee00000, 0x000000008ee00000| Untracked 
| 211|0x000000008ef00000, 0x000000008ef00000, 0x000000008f000000|  0%| F|  |TAMS 0x000000008ef00000, 0x000000008ef00000| Untracked 
| 212|0x000000008f000000, 0x000000008f000000, 0x000000008f100000|  0%| F|  |TAMS 0x000000008f000000, 0x000000008f000000| Untracked 
| 213|0x000000008f100000, 0x000000008f100000, 0x000000008f200000|  0%| F|  |TAMS 0x000000008f100000, 0x000000008f100000| Untracked 
| 214|0x000000008f200000, 0x000000008f200000, 0x000000008f300000|  0%| F|  |TAMS 0x000000008f200000, 0x000000008f200000| Untracked 
| 215|0x000000008f300000, 0x000000008f300000, 0x000000008f400000|  0%| F|  |TAMS 0x000000008f300000, 0x000000008f300000| Untracked 
| 216|0x000000008f400000, 0x000000008f400000, 0x000000008f500000|  0%| F|  |TAMS 0x000000008f400000, 0x000000008f400000| Untracked 
| 217|0x000000008f500000, 0x000000008f500000, 0x000000008f600000|  0%| F|  |TAMS 0x000000008f500000, 0x000000008f500000| Untracked 
| 218|0x000000008f600000, 0x000000008f600000, 0x000000008f700000|  0%| F|  |TAMS 0x000000008f600000, 0x000000008f600000| Untracked 
| 219|0x000000008f700000, 0x000000008f700000, 0x000000008f800000|  0%| F|  |TAMS 0x000000008f700000, 0x000000008f700000| Untracked 
| 220|0x000000008f800000, 0x000000008f800000, 0x000000008f900000|  0%| F|  |TAMS 0x000000008f800000, 0x000000008f800000| Untracked 
| 221|0x000000008f900000, 0x000000008f900000, 0x000000008fa00000|  0%| F|  |TAMS 0x000000008f900000, 0x000000008f900000| Untracked 
| 222|0x000000008fa00000, 0x000000008fa00000, 0x000000008fb00000|  0%| F|  |TAMS 0x000000008fa00000, 0x000000008fa00000| Untracked 
| 223|0x000000008fb00000, 0x000000008fb00000, 0x000000008fc00000|  0%| F|  |TAMS 0x000000008fb00000, 0x000000008fb00000| Untracked 
| 224|0x000000008fc00000, 0x000000008fc00000, 0x000000008fd00000|  0%| F|  |TAMS 0x000000008fc00000, 0x000000008fc00000| Untracked 
| 225|0x000000008fd00000, 0x000000008fd00000, 0x000000008fe00000|  0%| F|  |TAMS 0x000000008fd00000, 0x000000008fd00000| Untracked 
| 226|0x000000008fe00000, 0x000000008fe00000, 0x000000008ff00000|  0%| F|  |TAMS 0x000000008fe00000, 0x000000008fe00000| Untracked 
| 227|0x000000008ff00000, 0x000000008ff00000, 0x0000000090000000|  0%| F|  |TAMS 0x000000008ff00000, 0x000000008ff00000| Untracked 
| 228|0x0000000090000000, 0x0000000090000000, 0x0000000090100000|  0%| F|  |TAMS 0x0000000090000000, 0x0000000090000000| Untracked 
| 229|0x0000000090100000, 0x0000000090100000, 0x0000000090200000|  0%| F|  |TAMS 0x0000000090100000, 0x0000000090100000| Untracked 
| 230|0x0000000090200000, 0x0000000090200000, 0x0000000090300000|  0%| F|  |TAMS 0x0000000090200000, 0x0000000090200000| Untracked 
| 231|0x0000000090300000, 0x0000000090300000, 0x0000000090400000|  0%| F|  |TAMS 0x0000000090300000, 0x0000000090300000| Untracked 
| 232|0x0000000090400000, 0x0000000090400000, 0x0000000090500000|  0%| F|  |TAMS 0x0000000090400000, 0x0000000090400000| Untracked 
| 233|0x0000000090500000, 0x0000000090500000, 0x0000000090600000|  0%| F|  |TAMS 0x0000000090500000, 0x0000000090500000| Untracked 
| 234|0x0000000090600000, 0x0000000090600000, 0x0000000090700000|  0%| F|  |TAMS 0x0000000090600000, 0x0000000090600000| Untracked 
| 235|0x0000000090700000, 0x0000000090700000, 0x0000000090800000|  0%| F|  |TAMS 0x0000000090700000, 0x0000000090700000| Untracked 
| 236|0x0000000090800000, 0x0000000090800000, 0x0000000090900000|  0%| F|  |TAMS 0x0000000090800000, 0x0000000090800000| Untracked 
| 237|0x0000000090900000, 0x0000000090900000, 0x0000000090a00000|  0%| F|  |TAMS 0x0000000090900000, 0x0000000090900000| Untracked 
| 238|0x0000000090a00000, 0x0000000090a00000, 0x0000000090b00000|  0%| F|  |TAMS 0x0000000090a00000, 0x0000000090a00000| Untracked 
| 239|0x0000000090b00000, 0x0000000090b00000, 0x0000000090c00000|  0%| F|  |TAMS 0x0000000090b00000, 0x0000000090b00000| Untracked 
| 240|0x0000000090c00000, 0x0000000090c00000, 0x0000000090d00000|  0%| F|  |TAMS 0x0000000090c00000, 0x0000000090c00000| Untracked 
| 241|0x0000000090d00000, 0x0000000090d00000, 0x0000000090e00000|  0%| F|  |TAMS 0x0000000090d00000, 0x0000000090d00000| Untracked 
| 242|0x0000000090e00000, 0x0000000090e00000, 0x0000000090f00000|  0%| F|  |TAMS 0x0000000090e00000, 0x0000000090e00000| Untracked 
| 243|0x0000000090f00000, 0x0000000090f00000, 0x0000000091000000|  0%| F|  |TAMS 0x0000000090f00000, 0x0000000090f00000| Untracked 
| 244|0x0000000091000000, 0x0000000091000000, 0x0000000091100000|  0%| F|  |TAMS 0x0000000091000000, 0x0000000091000000| Untracked 
| 245|0x0000000091100000, 0x0000000091100000, 0x0000000091200000|  0%| F|  |TAMS 0x0000000091100000, 0x0000000091100000| Untracked 
| 246|0x0000000091200000, 0x0000000091200000, 0x0000000091300000|  0%| F|  |TAMS 0x0000000091200000, 0x0000000091200000| Untracked 
| 247|0x0000000091300000, 0x0000000091300000, 0x0000000091400000|  0%| F|  |TAMS 0x0000000091300000, 0x0000000091300000| Untracked 
| 248|0x0000000091400000, 0x0000000091400000, 0x0000000091500000|  0%| F|  |TAMS 0x0000000091400000, 0x0000000091400000| Untracked 
| 249|0x0000000091500000, 0x0000000091500000, 0x0000000091600000|  0%| F|  |TAMS 0x0000000091500000, 0x0000000091500000| Untracked 
| 250|0x0000000091600000, 0x0000000091600000, 0x0000000091700000|  0%| F|  |TAMS 0x0000000091600000, 0x0000000091600000| Untracked 
| 251|0x0000000091700000, 0x0000000091700000, 0x0000000091800000|  0%| F|  |TAMS 0x0000000091700000, 0x0000000091700000| Untracked 
| 252|0x0000000091800000, 0x0000000091800000, 0x0000000091900000|  0%| F|  |TAMS 0x0000000091800000, 0x0000000091800000| Untracked 
| 253|0x0000000091900000, 0x0000000091900000, 0x0000000091a00000|  0%| F|  |TAMS 0x0000000091900000, 0x0000000091900000| Untracked 
| 254|0x0000000091a00000, 0x0000000091a00000, 0x0000000091b00000|  0%| F|  |TAMS 0x0000000091a00000, 0x0000000091a00000| Untracked 
| 255|0x0000000091b00000, 0x0000000091b00000, 0x0000000091c00000|  0%| F|  |TAMS 0x0000000091b00000, 0x0000000091b00000| Untracked 
| 256|0x0000000091c00000, 0x0000000091c00000, 0x0000000091d00000|  0%| F|  |TAMS 0x0000000091c00000, 0x0000000091c00000| Untracked 
| 257|0x0000000091d00000, 0x0000000091d00000, 0x0000000091e00000|  0%| F|  |TAMS 0x0000000091d00000, 0x0000000091d00000| Untracked 
| 258|0x0000000091e00000, 0x0000000091e00000, 0x0000000091f00000|  0%| F|  |TAMS 0x0000000091e00000, 0x0000000091e00000| Untracked 
| 259|0x0000000091f00000, 0x0000000091f00000, 0x0000000092000000|  0%| F|  |TAMS 0x0000000091f00000, 0x0000000091f00000| Untracked 
| 260|0x0000000092000000, 0x0000000092000000, 0x0000000092100000|  0%| F|  |TAMS 0x0000000092000000, 0x0000000092000000| Untracked 
| 261|0x0000000092100000, 0x0000000092100000, 0x0000000092200000|  0%| F|  |TAMS 0x0000000092100000, 0x0000000092100000| Untracked 
| 262|0x0000000092200000, 0x0000000092200000, 0x0000000092300000|  0%| F|  |TAMS 0x0000000092200000, 0x0000000092200000| Untracked 
| 263|0x0000000092300000, 0x0000000092300000, 0x0000000092400000|  0%| F|  |TAMS 0x0000000092300000, 0x0000000092300000| Untracked 
| 264|0x0000000092400000, 0x0000000092400000, 0x0000000092500000|  0%| F|  |TAMS 0x0000000092400000, 0x0000000092400000| Untracked 
| 265|0x0000000092500000, 0x0000000092500000, 0x0000000092600000|  0%| F|  |TAMS 0x0000000092500000, 0x0000000092500000| Untracked 
| 266|0x0000000092600000, 0x0000000092600000, 0x0000000092700000|  0%| F|  |TAMS 0x0000000092600000, 0x0000000092600000| Untracked 
| 267|0x0000000092700000, 0x0000000092700000, 0x0000000092800000|  0%| F|  |TAMS 0x0000000092700000, 0x0000000092700000| Untracked 
| 268|0x0000000092800000, 0x0000000092800000, 0x0000000092900000|  0%| F|  |TAMS 0x0000000092800000, 0x0000000092800000| Untracked 
| 269|0x0000000092900000, 0x0000000092900000, 0x0000000092a00000|  0%| F|  |TAMS 0x0000000092900000, 0x0000000092900000| Untracked 
| 270|0x0000000092a00000, 0x0000000092a00000, 0x0000000092b00000|  0%| F|  |TAMS 0x0000000092a00000, 0x0000000092a00000| Untracked 
| 271|0x0000000092b00000, 0x0000000092b00000, 0x0000000092c00000|  0%| F|  |TAMS 0x0000000092b00000, 0x0000000092b00000| Untracked 
| 272|0x0000000092c00000, 0x0000000092c00000, 0x0000000092d00000|  0%| F|  |TAMS 0x0000000092c00000, 0x0000000092c00000| Untracked 
| 273|0x0000000092d00000, 0x0000000092d00000, 0x0000000092e00000|  0%| F|  |TAMS 0x0000000092d00000, 0x0000000092d00000| Untracked 
| 274|0x0000000092e00000, 0x0000000092e00000, 0x0000000092f00000|  0%| F|  |TAMS 0x0000000092e00000, 0x0000000092e00000| Untracked 
| 275|0x0000000092f00000, 0x0000000092f00000, 0x0000000093000000|  0%| F|  |TAMS 0x0000000092f00000, 0x0000000092f00000| Untracked 
| 276|0x0000000093000000, 0x0000000093000000, 0x0000000093100000|  0%| F|  |TAMS 0x0000000093000000, 0x0000000093000000| Untracked 
| 277|0x0000000093100000, 0x0000000093100000, 0x0000000093200000|  0%| F|  |TAMS 0x0000000093100000, 0x0000000093100000| Untracked 
| 278|0x0000000093200000, 0x0000000093200000, 0x0000000093300000|  0%| F|  |TAMS 0x0000000093200000, 0x0000000093200000| Untracked 
| 279|0x0000000093300000, 0x0000000093300000, 0x0000000093400000|  0%| F|  |TAMS 0x0000000093300000, 0x0000000093300000| Untracked 
| 280|0x0000000093400000, 0x0000000093400000, 0x0000000093500000|  0%| F|  |TAMS 0x0000000093400000, 0x0000000093400000| Untracked 
| 281|0x0000000093500000, 0x0000000093500000, 0x0000000093600000|  0%| F|  |TAMS 0x0000000093500000, 0x0000000093500000| Untracked 
| 282|0x0000000093600000, 0x0000000093600000, 0x0000000093700000|  0%| F|  |TAMS 0x0000000093600000, 0x0000000093600000| Untracked 
| 283|0x0000000093700000, 0x0000000093700000, 0x0000000093800000|  0%| F|  |TAMS 0x0000000093700000, 0x0000000093700000| Untracked 
| 284|0x0000000093800000, 0x0000000093800000, 0x0000000093900000|  0%| F|  |TAMS 0x0000000093800000, 0x0000000093800000| Untracked 
| 285|0x0000000093900000, 0x0000000093900000, 0x0000000093a00000|  0%| F|  |TAMS 0x0000000093900000, 0x0000000093900000| Untracked 
| 286|0x0000000093a00000, 0x0000000093a00000, 0x0000000093b00000|  0%| F|  |TAMS 0x0000000093a00000, 0x0000000093a00000| Untracked 
| 287|0x0000000093b00000, 0x0000000093b00000, 0x0000000093c00000|  0%| F|  |TAMS 0x0000000093b00000, 0x0000000093b00000| Untracked 
| 288|0x0000000093c00000, 0x0000000093c00000, 0x0000000093d00000|  0%| F|  |TAMS 0x0000000093c00000, 0x0000000093c00000| Untracked 
| 289|0x0000000093d00000, 0x0000000093d00000, 0x0000000093e00000|  0%| F|  |TAMS 0x0000000093d00000, 0x0000000093d00000| Untracked 
| 290|0x0000000093e00000, 0x0000000093e00000, 0x0000000093f00000|  0%| F|  |TAMS 0x0000000093e00000, 0x0000000093e00000| Untracked 
| 291|0x0000000093f00000, 0x0000000093f00000, 0x0000000094000000|  0%| F|  |TAMS 0x0000000093f00000, 0x0000000093f00000| Untracked 
| 292|0x0000000094000000, 0x0000000094000000, 0x0000000094100000|  0%| F|  |TAMS 0x0000000094000000, 0x0000000094000000| Untracked 
| 293|0x0000000094100000, 0x0000000094100000, 0x0000000094200000|  0%| F|  |TAMS 0x0000000094100000, 0x0000000094100000| Untracked 
| 294|0x0000000094200000, 0x0000000094200000, 0x0000000094300000|  0%| F|  |TAMS 0x0000000094200000, 0x0000000094200000| Untracked 
| 295|0x0000000094300000, 0x0000000094300000, 0x0000000094400000|  0%| F|  |TAMS 0x0000000094300000, 0x0000000094300000| Untracked 
| 296|0x0000000094400000, 0x0000000094400000, 0x0000000094500000|  0%| F|  |TAMS 0x0000000094400000, 0x0000000094400000| Untracked 
| 297|0x0000000094500000, 0x0000000094500000, 0x0000000094600000|  0%| F|  |TAMS 0x0000000094500000, 0x0000000094500000| Untracked 
| 298|0x0000000094600000, 0x0000000094600000, 0x0000000094700000|  0%| F|  |TAMS 0x0000000094600000, 0x0000000094600000| Untracked 
| 299|0x0000000094700000, 0x0000000094700000, 0x0000000094800000|  0%| F|  |TAMS 0x0000000094700000, 0x0000000094700000| Untracked 
| 300|0x0000000094800000, 0x0000000094800000, 0x0000000094900000|  0%| F|  |TAMS 0x0000000094800000, 0x0000000094800000| Untracked 
| 301|0x0000000094900000, 0x0000000094900000, 0x0000000094a00000|  0%| F|  |TAMS 0x0000000094900000, 0x0000000094900000| Untracked 
| 302|0x0000000094a00000, 0x0000000094a00000, 0x0000000094b00000|  0%| F|  |TAMS 0x0000000094a00000, 0x0000000094a00000| Untracked 
| 303|0x0000000094b00000, 0x0000000094b00000, 0x0000000094c00000|  0%| F|  |TAMS 0x0000000094b00000, 0x0000000094b00000| Untracked 
| 304|0x0000000094c00000, 0x0000000094c00000, 0x0000000094d00000|  0%| F|  |TAMS 0x0000000094c00000, 0x0000000094c00000| Untracked 
| 305|0x0000000094d00000, 0x0000000094d00000, 0x0000000094e00000|  0%| F|  |TAMS 0x0000000094d00000, 0x0000000094d00000| Untracked 
| 306|0x0000000094e00000, 0x0000000094e00000, 0x0000000094f00000|  0%| F|  |TAMS 0x0000000094e00000, 0x0000000094e00000| Untracked 
| 307|0x0000000094f00000, 0x0000000094f00000, 0x0000000095000000|  0%| F|  |TAMS 0x0000000094f00000, 0x0000000094f00000| Untracked 
| 308|0x0000000095000000, 0x0000000095000000, 0x0000000095100000|  0%| F|  |TAMS 0x0000000095000000, 0x0000000095000000| Untracked 
| 309|0x0000000095100000, 0x0000000095100000, 0x0000000095200000|  0%| F|  |TAMS 0x0000000095100000, 0x0000000095100000| Untracked 
| 310|0x0000000095200000, 0x0000000095200000, 0x0000000095300000|  0%| F|  |TAMS 0x0000000095200000, 0x0000000095200000| Untracked 
| 311|0x0000000095300000, 0x0000000095300000, 0x0000000095400000|  0%| F|  |TAMS 0x0000000095300000, 0x0000000095300000| Untracked 
| 312|0x0000000095400000, 0x0000000095400000, 0x0000000095500000|  0%| F|  |TAMS 0x0000000095400000, 0x0000000095400000| Untracked 
| 313|0x0000000095500000, 0x0000000095500000, 0x0000000095600000|  0%| F|  |TAMS 0x0000000095500000, 0x0000000095500000| Untracked 
| 314|0x0000000095600000, 0x0000000095600000, 0x0000000095700000|  0%| F|  |TAMS 0x0000000095600000, 0x0000000095600000| Untracked 
| 315|0x0000000095700000, 0x0000000095700000, 0x0000000095800000|  0%| F|  |TAMS 0x0000000095700000, 0x0000000095700000| Untracked 
| 316|0x0000000095800000, 0x0000000095800000, 0x0000000095900000|  0%| F|  |TAMS 0x0000000095800000, 0x0000000095800000| Untracked 
| 317|0x0000000095900000, 0x0000000095900000, 0x0000000095a00000|  0%| F|  |TAMS 0x0000000095900000, 0x0000000095900000| Untracked 
| 318|0x0000000095a00000, 0x0000000095a00000, 0x0000000095b00000|  0%| F|  |TAMS 0x0000000095a00000, 0x0000000095a00000| Untracked 
| 319|0x0000000095b00000, 0x0000000095b00000, 0x0000000095c00000|  0%| F|  |TAMS 0x0000000095b00000, 0x0000000095b00000| Untracked 
| 320|0x0000000095c00000, 0x0000000095c00000, 0x0000000095d00000|  0%| F|  |TAMS 0x0000000095c00000, 0x0000000095c00000| Untracked 
| 321|0x0000000095d00000, 0x0000000095d00000, 0x0000000095e00000|  0%| F|  |TAMS 0x0000000095d00000, 0x0000000095d00000| Untracked 
| 322|0x0000000095e00000, 0x0000000095e00000, 0x0000000095f00000|  0%| F|  |TAMS 0x0000000095e00000, 0x0000000095e00000| Untracked 
| 323|0x0000000095f00000, 0x0000000095f00000, 0x0000000096000000|  0%| F|  |TAMS 0x0000000095f00000, 0x0000000095f00000| Untracked 
| 324|0x0000000096000000, 0x0000000096000000, 0x0000000096100000|  0%| F|  |TAMS 0x0000000096000000, 0x0000000096000000| Untracked 
| 325|0x0000000096100000, 0x0000000096100000, 0x0000000096200000|  0%| F|  |TAMS 0x0000000096100000, 0x0000000096100000| Untracked 
| 326|0x0000000096200000, 0x0000000096200000, 0x0000000096300000|  0%| F|  |TAMS 0x0000000096200000, 0x0000000096200000| Untracked 
| 327|0x0000000096300000, 0x0000000096300000, 0x0000000096400000|  0%| F|  |TAMS 0x0000000096300000, 0x0000000096300000| Untracked 
| 328|0x0000000096400000, 0x0000000096400000, 0x0000000096500000|  0%| F|  |TAMS 0x0000000096400000, 0x0000000096400000| Untracked 
| 329|0x0000000096500000, 0x0000000096500000, 0x0000000096600000|  0%| F|  |TAMS 0x0000000096500000, 0x0000000096500000| Untracked 
| 330|0x0000000096600000, 0x0000000096600000, 0x0000000096700000|  0%| F|  |TAMS 0x0000000096600000, 0x0000000096600000| Untracked 
| 331|0x0000000096700000, 0x0000000096700000, 0x0000000096800000|  0%| F|  |TAMS 0x0000000096700000, 0x0000000096700000| Untracked 
| 332|0x0000000096800000, 0x0000000096800000, 0x0000000096900000|  0%| F|  |TAMS 0x0000000096800000, 0x0000000096800000| Untracked 
| 333|0x0000000096900000, 0x0000000096900000, 0x0000000096a00000|  0%| F|  |TAMS 0x0000000096900000, 0x0000000096900000| Untracked 
| 334|0x0000000096a00000, 0x0000000096a00000, 0x0000000096b00000|  0%| F|  |TAMS 0x0000000096a00000, 0x0000000096a00000| Untracked 
| 335|0x0000000096b00000, 0x0000000096b00000, 0x0000000096c00000|  0%| F|  |TAMS 0x0000000096b00000, 0x0000000096b00000| Untracked 
| 336|0x0000000096c00000, 0x0000000096c00000, 0x0000000096d00000|  0%| F|  |TAMS 0x0000000096c00000, 0x0000000096c00000| Untracked 
| 337|0x0000000096d00000, 0x0000000096d00000, 0x0000000096e00000|  0%| F|  |TAMS 0x0000000096d00000, 0x0000000096d00000| Untracked 
| 338|0x0000000096e00000, 0x0000000096e02850, 0x0000000096f00000|  0%| S|CS|TAMS 0x0000000096e00000, 0x0000000096e00000| Complete 
| 339|0x0000000096f00000, 0x0000000096f00000, 0x0000000097000000|  0%| F|  |TAMS 0x0000000096f00000, 0x0000000096f00000| Untracked 
| 340|0x0000000097000000, 0x0000000097000000, 0x0000000097100000|  0%| F|  |TAMS 0x0000000097000000, 0x0000000097000000| Untracked 
| 341|0x0000000097100000, 0x0000000097100000, 0x0000000097200000|  0%| F|  |TAMS 0x0000000097100000, 0x0000000097100000| Untracked 

Card table byte_map: [0x000001aed8a40000,0x000001aed8e40000] _byte_map_base: 0x000001aed8632000

Marking Bits (Prev, Next): (CMBitMap*) 0x000001aebffdecc0, (CMBitMap*) 0x000001aebffdec80
 Prev Bits: [0x000001aedb1d0000, 0x000001aedd160000)
 Next Bits: [0x000001aed9240000, 0x000001aedb1d0000)

Polling page: 0x000001aebfe50000

Metaspace:

Usage:
  Non-class:     12.77 MB used.
      Class:      1.57 MB used.
       Both:     14.34 MB used.

Virtual space:
  Non-class space:       64.00 MB reserved,      12.88 MB ( 20%) committed,  1 nodes.
      Class space:        1.00 GB reserved,       1.69 MB ( <1%) committed,  1 nodes.
             Both:        1.06 GB reserved,      14.56 MB (  1%) committed. 

Chunk freelists:
   Non-Class:  2.91 MB
       Class:  14.23 MB
        Both:  17.15 MB

MaxMetaspaceSize: unlimited
CompressedClassSpaceSize: 1.00 GB
Initial GC threshold: 21.00 MB
Current GC threshold: 24.31 MB
CDS: on
MetaspaceReclaimPolicy: balanced
 - commit_granule_bytes: 65536.
 - commit_granule_words: 8192.
 - virtual_space_node_default_size: 8388608.
 - enlarge_chunks_in_place: 1.
 - new_chunks_are_fully_committed: 0.
 - uncommit_free_chunks: 1.
 - use_allocation_guard: 0.
 - handle_deallocations: 1.


Internal statistics:

num_allocs_failed_limit: 0.
num_arena_births: 176.
num_arena_deaths: 0.
num_vsnodes_births: 2.
num_vsnodes_deaths: 0.
num_space_committed: 233.
num_space_uncommitted: 0.
num_chunks_returned_to_freelist: 0.
num_chunks_taken_from_freelist: 316.
num_chunk_merges: 0.
num_chunk_splits: 163.
num_chunks_enlarged: 55.
num_inconsistent_stats: 0.

CodeHeap 'non-profiled nmethods': size=120000Kb used=882Kb max_used=882Kb free=119117Kb
 bounds [0x000001aed0af0000, 0x000001aed0d60000, 0x000001aed8020000]
CodeHeap 'profiled nmethods': size=120000Kb used=4140Kb max_used=4140Kb free=115859Kb
 bounds [0x000001aec9020000, 0x000001aec9430000, 0x000001aed0550000]
CodeHeap 'non-nmethods': size=5760Kb used=1355Kb max_used=1388Kb free=4404Kb
 bounds [0x000001aed0550000, 0x000001aed07c0000, 0x000001aed0af0000]
 total_blobs=2881 nmethods=2174 adapters=620
 compilation: enabled
              stopped_count=0, restarted_count=0
 full_count=0

Compilation events (20 events):
Event: 15.453 Thread 0x000001aedf778f90 2166       3       java.lang.Math::powerOfTwoD (45 bytes)
Event: 15.453 Thread 0x000001aedf778f90 nmethod 2166 0x000001aec9428890 code [0x000001aec9428a20, 0x000001aec9428b58]
Event: 15.495 Thread 0x000001aedf778f90 2167       1       java.util.IdentityHashMap::size (5 bytes)
Event: 15.496 Thread 0x000001aedf778f90 nmethod 2167 0x000001aed0bcac10 code [0x000001aed0bcada0, 0x000001aed0bcae78]
Event: 15.500 Thread 0x000001aedf778f90 2169       3       sun.font.FontUtilities::getFont2D (8 bytes)
Event: 15.500 Thread 0x000001aedf778f90 nmethod 2169 0x000001aec9428c10 code [0x000001aec9428dc0, 0x000001aec9429028]
Event: 15.501 Thread 0x000001aedf778f90 2168       3       javax.swing.text.View::getEndOffset (10 bytes)
Event: 15.501 Thread 0x000001aedf778f90 nmethod 2168 0x000001aec9429190 code [0x000001aec9429340, 0x000001aec9429508]
Event: 15.501 Thread 0x000001aedf778f90 2170       3       sun.font.Font2D::getStrike (27 bytes)
Event: 15.501 Thread 0x000001aedf778f90 nmethod 2170 0x000001aec9429610 code [0x000001aec94297c0, 0x000001aec9429a78]
Event: 15.510 Thread 0x000001aedf778f90 2171       1       sun.awt.image.IntegerInterleavedRaster::getScanlineStride (5 bytes)
Event: 15.511 Thread 0x000001aedf778f90 nmethod 2171 0x000001aed0bcaf10 code [0x000001aed0bcb0a0, 0x000001aed0bcb178]
Event: 15.526 Thread 0x000001aedf775e20 2172  s    4       sun.java2d.loops.GraphicsPrimitiveMgr::locatePrim (95 bytes)
Event: 15.543 Thread 0x000001aedf775e20 nmethod 2172 0x000001aed0bcb210 code [0x000001aed0bcb3c0, 0x000001aed0bcbc38]
Event: 15.543 Thread 0x000001aedf775e20 2173       4       java.awt.Rectangle::<init> (26 bytes)
Event: 15.544 Thread 0x000001aedf775e20 nmethod 2173 0x000001aed0bcc290 code [0x000001aed0bcc400, 0x000001aed0bcc498]
Event: 15.548 Thread 0x000001aedf778f90 2174       3       sun.awt.image.IntegerComponentRaster::verify (410 bytes)
Event: 15.549 Thread 0x000001aedf778f90 nmethod 2174 0x000001aec9429c10 code [0x000001aec9429f20, 0x000001aec942ad38]
Event: 15.555 Thread 0x000001aedf775e20 2175       4       java.awt.geom.Path2D$Iterator::isDone (20 bytes)
Event: 15.556 Thread 0x000001aedf775e20 nmethod 2175 0x000001aed0bcc590 code [0x000001aed0bcc700, 0x000001aed0bcc798]

GC Heap History (20 events):
Event: 14.891 GC heap after
{Heap after GC invocations=67 (full 0):
 garbage-first heap   total 348160K, used 193753K [0x0000000081c00000, 0x0000000100000000)
  region size 1024K, 1 young (1024K), 1 survivors (1024K)
 Metaspace       used 14631K, committed 14848K, reserved 1114112K
  class space    used 1611K, committed 1728K, reserved 1048576K
}
Event: 14.975 GC heap before
{Heap before GC invocations=68 (full 0):
 garbage-first heap   total 348160K, used 206041K [0x0000000081c00000, 0x0000000100000000)
  region size 1024K, 2 young (2048K), 1 survivors (1024K)
 Metaspace       used 14639K, committed 14848K, reserved 1114112K
  class space    used 1611K, committed 1728K, reserved 1048576K
}
Event: 14.977 GC heap after
{Heap after GC invocations=69 (full 0):
 garbage-first heap   total 348160K, used 199901K [0x0000000081c00000, 0x0000000100000000)
  region size 1024K, 1 young (1024K), 1 survivors (1024K)
 Metaspace       used 14639K, committed 14848K, reserved 1114112K
  class space    used 1611K, committed 1728K, reserved 1048576K
}
Event: 15.039 GC heap before
{Heap before GC invocations=70 (full 0):
 garbage-first heap   total 348160K, used 207069K [0x0000000081c00000, 0x0000000100000000)
  region size 1024K, 3 young (3072K), 1 survivors (1024K)
 Metaspace       used 14641K, committed 14912K, reserved 1114112K
  class space    used 1611K, committed 1728K, reserved 1048576K
}
Event: 15.041 GC heap after
{Heap after GC invocations=71 (full 0):
 garbage-first heap   total 348160K, used 193759K [0x0000000081c00000, 0x0000000100000000)
  region size 1024K, 1 young (1024K), 1 survivors (1024K)
 Metaspace       used 14641K, committed 14912K, reserved 1114112K
  class space    used 1611K, committed 1728K, reserved 1048576K
}
Event: 15.130 GC heap before
{Heap before GC invocations=72 (full 0):
 garbage-first heap   total 348160K, used 206047K [0x0000000081c00000, 0x0000000100000000)
  region size 1024K, 2 young (2048K), 1 survivors (1024K)
 Metaspace       used 14655K, committed 14912K, reserved 1114112K
  class space    used 1611K, committed 1728K, reserved 1048576K
}
Event: 15.131 GC heap after
{Heap after GC invocations=73 (full 0):
 garbage-first heap   total 348160K, used 199903K [0x0000000081c00000, 0x0000000100000000)
  region size 1024K, 1 young (1024K), 1 survivors (1024K)
 Metaspace       used 14655K, committed 14912K, reserved 1114112K
  class space    used 1611K, committed 1728K, reserved 1048576K
}
Event: 15.224 GC heap before
{Heap before GC invocations=74 (full 0):
 garbage-first heap   total 350208K, used 213215K [0x0000000081c00000, 0x0000000100000000)
  region size 1024K, 3 young (3072K), 1 survivors (1024K)
 Metaspace       used 14658K, committed 14912K, reserved 1114112K
  class space    used 1611K, committed 1728K, reserved 1048576K
}
Event: 15.225 GC heap after
{Heap after GC invocations=75 (full 0):
 garbage-first heap   total 350208K, used 199904K [0x0000000081c00000, 0x0000000100000000)
  region size 1024K, 1 young (1024K), 1 survivors (1024K)
 Metaspace       used 14658K, committed 14912K, reserved 1114112K
  class space    used 1611K, committed 1728K, reserved 1048576K
}
Event: 15.309 GC heap before
{Heap before GC invocations=76 (full 0):
 garbage-first heap   total 350208K, used 212192K [0x0000000081c00000, 0x0000000100000000)
  region size 1024K, 2 young (2048K), 1 survivors (1024K)
 Metaspace       used 14663K, committed 14912K, reserved 1114112K
  class space    used 1611K, committed 1728K, reserved 1048576K
}
Event: 15.310 GC heap after
{Heap after GC invocations=77 (full 0):
 garbage-first heap   total 350208K, used 199904K [0x0000000081c00000, 0x0000000100000000)
  region size 1024K, 1 young (1024K), 1 survivors (1024K)
 Metaspace       used 14663K, committed 14912K, reserved 1114112K
  class space    used 1611K, committed 1728K, reserved 1048576K
}
Event: 15.360 GC heap before
{Heap before GC invocations=78 (full 0):
 garbage-first heap   total 350208K, used 206048K [0x0000000081c00000, 0x0000000100000000)
  region size 1024K, 2 young (2048K), 1 survivors (1024K)
 Metaspace       used 14667K, committed 14912K, reserved 1114112K
  class space    used 1611K, committed 1728K, reserved 1048576K
}
Event: 15.361 GC heap after
{Heap after GC invocations=79 (full 0):
 garbage-first heap   total 350208K, used 193760K [0x0000000081c00000, 0x0000000100000000)
  region size 1024K, 1 young (1024K), 1 survivors (1024K)
 Metaspace       used 14667K, committed 14912K, reserved 1114112K
  class space    used 1611K, committed 1728K, reserved 1048576K
}
Event: 15.396 GC heap before
{Heap before GC invocations=80 (full 0):
 garbage-first heap   total 350208K, used 199904K [0x0000000081c00000, 0x0000000100000000)
  region size 1024K, 2 young (2048K), 1 survivors (1024K)
 Metaspace       used 14672K, committed 14912K, reserved 1114112K
  class space    used 1611K, committed 1728K, reserved 1048576K
}
Event: 15.398 GC heap after
{Heap after GC invocations=81 (full 0):
 garbage-first heap   total 350208K, used 193764K [0x0000000081c00000, 0x0000000100000000)
  region size 1024K, 1 young (1024K), 1 survivors (1024K)
 Metaspace       used 14672K, committed 14912K, reserved 1114112K
  class space    used 1611K, committed 1728K, reserved 1048576K
}
Event: 15.442 GC heap before
{Heap before GC invocations=82 (full 0):
 garbage-first heap   total 350208K, used 199908K [0x0000000081c00000, 0x0000000100000000)
  region size 1024K, 2 young (2048K), 1 survivors (1024K)
 Metaspace       used 14685K, committed 14912K, reserved 1114112K
  class space    used 1611K, committed 1728K, reserved 1048576K
}
Event: 15.443 GC heap after
{Heap after GC invocations=83 (full 0):
 garbage-first heap   total 350208K, used 193765K [0x0000000081c00000, 0x0000000100000000)
  region size 1024K, 1 young (1024K), 1 survivors (1024K)
 Metaspace       used 14685K, committed 14912K, reserved 1114112K
  class space    used 1611K, committed 1728K, reserved 1048576K
}
Event: 15.514 GC heap before
{Heap before GC invocations=84 (full 0):
 garbage-first heap   total 350208K, used 199909K [0x0000000081c00000, 0x0000000100000000)
  region size 1024K, 2 young (2048K), 1 survivors (1024K)
 Metaspace       used 14686K, committed 14912K, reserved 1114112K
  class space    used 1611K, committed 1728K, reserved 1048576K
}
Event: 15.515 GC heap after
{Heap after GC invocations=85 (full 0):
 garbage-first heap   total 350208K, used 193765K [0x0000000081c00000, 0x0000000100000000)
  region size 1024K, 1 young (1024K), 1 survivors (1024K)
 Metaspace       used 14686K, committed 14912K, reserved 1114112K
  class space    used 1611K, committed 1728K, reserved 1048576K
}
Event: 15.557 GC heap before
{Heap before GC invocations=86 (full 0):
 garbage-first heap   total 350208K, used 200933K [0x0000000081c00000, 0x0000000100000000)
  region size 1024K, 3 young (3072K), 1 survivors (1024K)
 Metaspace       used 14688K, committed 14912K, reserved 1114112K
  class space    used 1611K, committed 1728K, reserved 1048576K
}

Deoptimization events (20 events):
Event: 8.590 Thread 0x000001af25c275e0 DEOPT PACKING pc=0x000001aec92b9a0c sp=0x0000009ec5afd830
Event: 8.590 Thread 0x000001af25c275e0 DEOPT UNPACKING pc=0x000001aed05a2b24 sp=0x0000009ec5afcca8 mode 0
Event: 8.592 Thread 0x000001af25c275e0 DEOPT PACKING pc=0x000001aec92b9a0c sp=0x0000009ec5afd830
Event: 8.592 Thread 0x000001af25c275e0 DEOPT UNPACKING pc=0x000001aed05a2b24 sp=0x0000009ec5afcca8 mode 0
Event: 8.595 Thread 0x000001af25c275e0 DEOPT PACKING pc=0x000001aec92b9a0c sp=0x0000009ec5afd830
Event: 8.595 Thread 0x000001af25c275e0 DEOPT UNPACKING pc=0x000001aed05a2b24 sp=0x0000009ec5afcca8 mode 0
Event: 8.596 Thread 0x000001af25c275e0 DEOPT PACKING pc=0x000001aec92b9a0c sp=0x0000009ec5afd830
Event: 8.596 Thread 0x000001af25c275e0 DEOPT UNPACKING pc=0x000001aed05a2b24 sp=0x0000009ec5afcca8 mode 0
Event: 8.597 Thread 0x000001af25c275e0 DEOPT PACKING pc=0x000001aec92b9a0c sp=0x0000009ec5afd830
Event: 8.597 Thread 0x000001af25c275e0 DEOPT UNPACKING pc=0x000001aed05a2b24 sp=0x0000009ec5afcca8 mode 0
Event: 10.060 Thread 0x000001af25c275e0 Uncommon trap: trap_request=0xffffff45 fr.pc=0x000001aed0b7ea5c relative=0x00000000000002bc
Event: 10.060 Thread 0x000001af25c275e0 Uncommon trap: reason=unstable_if action=reinterpret pc=0x000001aed0b7ea5c method=java.util.HashMap.getNode(Ljava/lang/Object;)Ljava/util/HashMap$Node; @ 57 c2
Event: 10.060 Thread 0x000001af25c275e0 DEOPT PACKING pc=0x000001aed0b7ea5c sp=0x0000009ec5afe080
Event: 10.060 Thread 0x000001af25c275e0 DEOPT UNPACKING pc=0x000001aed05a239d sp=0x0000009ec5afe010 mode 2
Event: 10.115 Thread 0x000001af25c275e0 Uncommon trap: trap_request=0xffffff45 fr.pc=0x000001aed0b990a0 relative=0x0000000000001020
Event: 10.115 Thread 0x000001af25c275e0 Uncommon trap: reason=unstable_if action=reinterpret pc=0x000001aed0b990a0 method=sun.awt.image.OffScreenImageSource.sendPixels()V @ 663 c2
Event: 10.115 Thread 0x000001af25c275e0 DEOPT PACKING pc=0x000001aed0b990a0 sp=0x0000009ec5afde00
Event: 10.115 Thread 0x000001af25c275e0 DEOPT UNPACKING pc=0x000001aed05a239d sp=0x0000009ec5afdda8 mode 2
Event: 15.526 Thread 0x000001af25c275e0 DEOPT PACKING pc=0x000001aec9304a01 sp=0x0000009ec5afd600
Event: 15.526 Thread 0x000001af25c275e0 DEOPT UNPACKING pc=0x000001aed05a2b24 sp=0x0000009ec5afcae0 mode 0

Classes unloaded (0 events):
No events

Classes redefined (0 events):
No events

Internal exceptions (20 events):
Event: 0.408 Thread 0x000001aebff83770 Exception <a 'java/lang/NoSuchMethodError'{0x0000000089925a58}: 'java.lang.Object java.lang.invoke.DirectMethodHandle$Holder.invokeStaticInit(java.lang.Object)'> (0x0000000089925a58) 
thrown [s\open\src\hotspot\share\interpreter\linkResolver.cpp, line 759]
Event: 0.446 Thread 0x000001aedfbbb660 Exception <a 'java/lang/NoSuchMethodError'{0x0000000089994668}: 'java.lang.Object java.lang.invoke.DirectMethodHandle$Holder.newInvokeSpecial(java.lang.Object, java.lang.Object, java.lang.Object, int, int, int, int, int)'> (0x0000000089994668) 
thrown [s\open\src\hotspot\share\interpreter\linkResolver.cpp, line 759]
Event: 0.603 Thread 0x000001aebff83770 Exception <a 'java/lang/NoSuchMethodError'{0x00000000898cc8a8}: 'void java.lang.invoke.DirectMethodHandle$Holder.invokeSpecial(java.lang.Object, java.lang.Object, java.lang.Object)'> (0x00000000898cc8a8) 
thrown [s\open\src\hotspot\share\interpreter\linkResolver.cpp, line 759]
Event: 0.621 Thread 0x000001aebff83770 Exception <a 'java/lang/NoSuchMethodError'{0x00000000898f6b50}: 'java.lang.Object java.lang.invoke.DirectMethodHandle$Holder.newInvokeSpecial(java.lang.Object, java.lang.Object, java.lang.Object, java.lang.Object, java.lang.Object)'> (0x00000000898f6b50) 
thrown [s\open\src\hotspot\share\interpreter\linkResolver.cpp, line 759]
Event: 0.625 Thread 0x000001aebff83770 Exception <a 'java/lang/NoSuchMethodError'{0x00000000897029e0}: 'java.lang.Object java.lang.invoke.DirectMethodHandle$Holder.invokeStatic(java.lang.Object, int, java.lang.Object, java.lang.Object, java.lang.Object, java.lang.Object)'> (0x00000000897029e0) 
thrown [s\open\src\hotspot\share\interpreter\linkResolver.cpp, line 759]
Event: 0.638 Thread 0x000001aebff83770 Exception <a 'java/lang/NoSuchMethodError'{0x00000000897281a0}: 'java.lang.Object java.lang.invoke.DirectMethodHandle$Holder.invokeStatic(java.lang.Object, int, java.lang.Object)'> (0x00000000897281a0) 
thrown [s\open\src\hotspot\share\interpreter\linkResolver.cpp, line 759]
Event: 0.725 Thread 0x000001aebff83770 Exception <a 'java/lang/ClassNotFoundException'{0x00000000897e3ae0}: com/sun/swing/internal/plaf/metal/resources/spi/metalProvider> (0x00000000897e3ae0) 
thrown [s\open\src\hotspot\share\classfile\systemDictionary.cpp, line 256]
Event: 0.727 Thread 0x000001aebff83770 Exception <a 'java/lang/ClassNotFoundException'{0x00000000897e7720}: com/sun/swing/internal/plaf/basic/resources/spi/basicProvider> (0x00000000897e7720) 
thrown [s\open\src\hotspot\share\classfile\systemDictionary.cpp, line 256]
Event: 0.973 Thread 0x000001aebff83770 Exception <a 'java/lang/ClassNotFoundException'{0x00000000895bd608}: java/lang/ObjectCustomizer> (0x00000000895bd608) 
thrown [s\open\src\hotspot\share\classfile\systemDictionary.cpp, line 256]
Event: 0.982 Thread 0x000001aebff83770 Exception <a 'java/lang/NoSuchMethodError'{0x00000000895c4cd0}: 'java.lang.Object java.lang.invoke.DirectMethodHandle$Holder.invokeInterface(java.lang.Object, java.lang.Object)'> (0x00000000895c4cd0) 
thrown [s\open\src\hotspot\share\interpreter\linkResolver.cpp, line 759]
Event: 0.983 Thread 0x000001aebff83770 Exception <a 'java/lang/IncompatibleClassChangeError'{0x00000000895c8568}: Found class java.lang.Object, but interface was expected> (0x00000000895c8568) 
thrown [s\open\src\hotspot\share\interpreter\linkResolver.cpp, line 826]
Event: 1.025 Thread 0x000001aebff83770 Exception <a 'java/lang/ClassNotFoundException'{0x0000000089404a30}: net/miginfocom/layout/UnitValueCustomizer> (0x0000000089404a30) 
thrown [s\open\src\hotspot\share\classfile\systemDictionary.cpp, line 256]
Event: 1.037 Thread 0x000001aebff83770 Exception <a 'java/lang/ClassNotFoundException'{0x0000000089418de8}: java/lang/ObjectCustomizer> (0x0000000089418de8) 
thrown [s\open\src\hotspot\share\classfile\systemDictionary.cpp, line 256]
Event: 1.045 Thread 0x000001aebff83770 Exception <a 'java/lang/ClassNotFoundException'{0x000000008941dd80}: net/miginfocom/layout/BoundSizeCustomizer> (0x000000008941dd80) 
thrown [s\open\src\hotspot\share\classfile\systemDictionary.cpp, line 256]
Event: 1.109 Thread 0x000001aebff83770 Exception <a 'java/lang/NoSuchMethodError'{0x000000008946edf8}: 'java.lang.Object java.lang.invoke.DirectMethodHandle$Holder.invokeStaticInit(java.lang.Object, int, int, int, int)'> (0x000000008946edf8) 
thrown [s\open\src\hotspot\share\interpreter\linkResolver.cpp, line 759]
Event: 1.180 Thread 0x000001aebff83770 Exception <a 'java/lang/NoSuchMethodError'{0x00000000894b6b98}: 'java.lang.Object java.lang.invoke.DirectMethodHandle$Holder.invokeStaticInit(java.lang.Object, java.lang.Object, int, int, int, int)'> (0x00000000894b6b98) 
thrown [s\open\src\hotspot\share\interpreter\linkResolver.cpp, line 759]
Event: 4.442 Thread 0x000001aebff83770 Implicit null exception at 0x000001aed0b33101 to 0x000001aed0b3329c
Event: 7.975 Thread 0x000001aedfbd80d0 Exception <a 'java/lang/NoSuchMethodError'{0x00000000909083d8}: 'void java.lang.invoke.DirectMethodHandle$Holder.invokeVirtual(java.lang.Object, java.lang.Object)'> (0x00000000909083d8) 
thrown [s\open\src\hotspot\share\interpreter\linkResolver.cpp, line 759]
Event: 8.002 Thread 0x000001aebff83770 Exception <a 'java/lang/NoSuchMethodError'{0x000000009099faa8}: 'void java.lang.invoke.DirectMethodHandle$Holder.invokeStaticInit(java.lang.Object)'> (0x000000009099faa8) 
thrown [s\open\src\hotspot\share\interpreter\linkResolver.cpp, line 759]
Event: 8.492 Thread 0x000001af25c275e0 Implicit null exception at 0x000001aed0b91200 to 0x000001aed0b916f0

VM Operations (20 events):
Event: 15.392 Executing VM operation: G1Concurrent done
Event: 15.396 Executing VM operation: G1TryInitiateConcMark
Event: 15.398 Executing VM operation: G1TryInitiateConcMark done
Event: 15.414 Executing VM operation: G1Concurrent
Event: 15.417 Executing VM operation: G1Concurrent done
Event: 15.424 Executing VM operation: G1Concurrent
Event: 15.424 Executing VM operation: G1Concurrent done
Event: 15.442 Executing VM operation: G1TryInitiateConcMark
Event: 15.443 Executing VM operation: G1TryInitiateConcMark done
Event: 15.472 Executing VM operation: G1Concurrent
Event: 15.495 Executing VM operation: G1Concurrent done
Event: 15.509 Executing VM operation: G1Concurrent
Event: 15.509 Executing VM operation: G1Concurrent done
Event: 15.514 Executing VM operation: G1TryInitiateConcMark
Event: 15.515 Executing VM operation: G1TryInitiateConcMark done
Event: 15.537 Executing VM operation: G1Concurrent
Event: 15.540 Executing VM operation: G1Concurrent done
Event: 15.550 Executing VM operation: G1Concurrent
Event: 15.551 Executing VM operation: G1Concurrent done
Event: 15.557 Executing VM operation: G1TryInitiateConcMark

Events (20 events):
Event: 11.524 Thread 0x000001af25c24d60 Thread added: 0x000001af25c24d60
Event: 11.524 loading class javax/swing/text/DefaultCaret$1
Event: 11.524 loading class javax/swing/text/DefaultCaret$1 done
Event: 11.534 Thread 0x000001af25c24850 Thread added: 0x000001af25c24850
Event: 11.604 loading class java/lang/FdLibm$Cbrt
Event: 11.604 loading class java/lang/FdLibm$Cbrt done
Event: 11.604 loading class java/lang/FdLibm
Event: 11.604 loading class java/lang/FdLibm done
Event: 13.628 loading class java/awt/KeyboardFocusManager$4
Event: 13.628 loading class java/awt/KeyboardFocusManager$4 done
Event: 13.632 loading class javax/swing/TimerQueue$DelayedTimer
Event: 13.632 loading class java/util/concurrent/Delayed
Event: 13.632 loading class java/util/concurrent/Delayed done
Event: 13.632 loading class javax/swing/TimerQueue$DelayedTimer done
Event: 13.633 loading class java/util/concurrent/TimeUnit$1
Event: 13.633 loading class java/util/concurrent/TimeUnit$1 done
Event: 13.652 Thread 0x000001af25c24340 Thread added: 0x000001af25c24340
Event: 13.675 loading class javax/swing/Timer$1
Event: 13.676 loading class javax/swing/Timer$1 done
Event: 13.785 Thread 0x000001af25c25270 Thread added: 0x000001af25c25270


Dynamic libraries:
0x00007ff78d450000 - 0x00007ff78d460000 	C:\Program Files\Java\jdk-17\bin\javaw.exe
0x00007ff9a1cd0000 - 0x00007ff9a1ec8000 	C:\WINDOWS\SYSTEM32\ntdll.dll
0x00007ff9a0620000 - 0x00007ff9a06dd000 	C:\WINDOWS\System32\KERNEL32.DLL
0x00007ff99f6b0000 - 0x00007ff99f9a6000 	C:\WINDOWS\System32\KERNELBASE.dll
0x00007ff99fb00000 - 0x00007ff99fc00000 	C:\WINDOWS\System32\ucrtbase.dll
0x00007ff986da0000 - 0x00007ff986db9000 	C:\Program Files\Java\jdk-17\bin\jli.dll
0x00007ff986e30000 - 0x00007ff986e4b000 	C:\Program Files\Java\jdk-17\bin\VCRUNTIME140.dll
0x00007ff9a1bb0000 - 0x00007ff9a1c63000 	C:\WINDOWS\System32\ADVAPI32.dll
0x00007ff9a04d0000 - 0x00007ff9a056e000 	C:\WINDOWS\System32\msvcrt.dll
0x00007ff9a0c50000 - 0x00007ff9a0cef000 	C:\WINDOWS\System32\sechost.dll
0x00007ff9a07c0000 - 0x00007ff9a08e6000 	C:\WINDOWS\System32\RPCRT4.dll
0x00007ff99f520000 - 0x00007ff99f547000 	C:\WINDOWS\System32\bcrypt.dll
0x00007ff9a09e0000 - 0x00007ff9a0b7e000 	C:\WINDOWS\System32\USER32.dll
0x00007ff99f3a0000 - 0x00007ff99f3c2000 	C:\WINDOWS\System32\win32u.dll
0x00007ff9a1360000 - 0x00007ff9a138c000 	C:\WINDOWS\System32\GDI32.dll
0x00007ff989c20000 - 0x00007ff989eba000 	C:\WINDOWS\WinSxS\amd64_microsoft.windows.common-controls_6595b64144ccf1df_6.0.19041.3636_none_60b6a03d71f818d5\COMCTL32.dll
0x00007ff99fc00000 - 0x00007ff99fd1a000 	C:\WINDOWS\System32\gdi32full.dll
0x00007ff99fa60000 - 0x00007ff99fafd000 	C:\WINDOWS\System32\msvcp_win.dll
0x00007ff992a00000 - 0x00007ff992a0a000 	C:\WINDOWS\SYSTEM32\VERSION.dll
0x00007ff9a1330000 - 0x00007ff9a1360000 	C:\WINDOWS\System32\IMM32.DLL
0x00007ff987870000 - 0x00007ff98787c000 	C:\Program Files\Java\jdk-17\bin\vcruntime140_1.dll
0x00007ff982710000 - 0x00007ff98279e000 	C:\Program Files\Java\jdk-17\bin\msvcp140.dll
0x00007ff95ab40000 - 0x00007ff95b721000 	C:\Program Files\Java\jdk-17\bin\server\jvm.dll
0x00007ff9a09d0000 - 0x00007ff9a09d8000 	C:\WINDOWS\System32\PSAPI.DLL
0x00007ff9826a0000 - 0x00007ff9826a9000 	C:\WINDOWS\SYSTEM32\WSOCK32.dll
0x00007ff9a13f0000 - 0x00007ff9a145b000 	C:\WINDOWS\System32\WS2_32.dll
0x00007ff975980000 - 0x00007ff9759a7000 	C:\WINDOWS\SYSTEM32\WINMM.dll
0x00007ff99d150000 - 0x00007ff99d162000 	C:\WINDOWS\SYSTEM32\kernel.appcore.dll
0x00007ff985250000 - 0x00007ff98525a000 	C:\Program Files\Java\jdk-17\bin\jimage.dll
0x00007ff99cae0000 - 0x00007ff99ccc4000 	C:\WINDOWS\SYSTEM32\DBGHELP.DLL
0x00007ff975bf0000 - 0x00007ff975c24000 	C:\WINDOWS\SYSTEM32\dbgcore.DLL
0x00007ff99f3d0000 - 0x00007ff99f452000 	C:\WINDOWS\System32\bcryptPrimitives.dll
0x00007ff9828d0000 - 0x00007ff9828f5000 	C:\Program Files\Java\jdk-17\bin\java.dll
0x00007ff97cd30000 - 0x00007ff97ce07000 	C:\Program Files\Java\jdk-17\bin\jsvml.dll
0x00007ff9a1460000 - 0x00007ff9a1ba5000 	C:\WINDOWS\System32\SHELL32.dll
0x00007ff99d450000 - 0x00007ff99dbeb000 	C:\WINDOWS\SYSTEM32\windows.storage.dll
0x00007ff9a0cf0000 - 0x00007ff9a1044000 	C:\WINDOWS\System32\combase.dll
0x00007ff99ed60000 - 0x00007ff99ed8d000 	C:\WINDOWS\SYSTEM32\Wldp.dll
0x00007ff99ffa0000 - 0x00007ff9a004d000 	C:\WINDOWS\System32\SHCORE.dll
0x00007ff9a1390000 - 0x00007ff9a13e5000 	C:\WINDOWS\System32\shlwapi.dll
0x00007ff99f2d0000 - 0x00007ff99f2f5000 	C:\WINDOWS\SYSTEM32\profapi.dll
0x00007ff985000000 - 0x00007ff985019000 	C:\Program Files\Java\jdk-17\bin\net.dll
0x00007ff9962a0000 - 0x00007ff9963aa000 	C:\WINDOWS\SYSTEM32\WINHTTP.dll
0x00007ff99ea60000 - 0x00007ff99eaca000 	C:\WINDOWS\system32\mswsock.dll
0x00007ff982810000 - 0x00007ff982826000 	C:\Program Files\Java\jdk-17\bin\nio.dll
0x00007ff97d120000 - 0x00007ff97d138000 	C:\Program Files\Java\jdk-17\bin\zip.dll
0x00007ff95f2b0000 - 0x00007ff95f441000 	C:\Program Files\Java\jdk-17\bin\awt.dll
0x00007ff9a0b80000 - 0x00007ff9a0c4d000 	C:\WINDOWS\System32\OLEAUT32.dll
0x00007ff998e50000 - 0x00007ff998ee0000 	C:\WINDOWS\SYSTEM32\apphelp.dll
0x00007ff999020000 - 0x00007ff9990be000 	C:\WINDOWS\system32\uxtheme.dll
0x00007ff9a1050000 - 0x00007ff9a1164000 	C:\WINDOWS\System32\MSCTF.dll
0x00007ff9a1200000 - 0x00007ff9a132b000 	C:\WINDOWS\System32\ole32.dll
0x00007ff99d120000 - 0x00007ff99d14f000 	C:\WINDOWS\system32\DWMAPI.DLL
0x00007ff982800000 - 0x00007ff982810000 	C:\Program Files\Java\jdk-17\bin\verify.dll
0x00007ff99ecb0000 - 0x00007ff99ecc8000 	C:\WINDOWS\SYSTEM32\CRYPTSP.dll
0x00007ff99e390000 - 0x00007ff99e3c4000 	C:\WINDOWS\system32\rsaenh.dll
0x00007ff99f290000 - 0x00007ff99f2be000 	C:\WINDOWS\SYSTEM32\USERENV.dll
0x00007ff99ecd0000 - 0x00007ff99ecdc000 	C:\WINDOWS\SYSTEM32\CRYPTBASE.dll
0x00007ff99e750000 - 0x00007ff99e78b000 	C:\WINDOWS\SYSTEM32\IPHLPAPI.DLL
0x00007ff9a0050000 - 0x00007ff9a0058000 	C:\WINDOWS\System32\NSI.dll
0x00007ff98a230000 - 0x00007ff98a247000 	C:\WINDOWS\SYSTEM32\dhcpcsvc6.DLL
0x00007ff98b4a0000 - 0x00007ff98b4bd000 	C:\WINDOWS\SYSTEM32\dhcpcsvc.DLL
0x00007ff99e790000 - 0x00007ff99e85a000 	C:\WINDOWS\SYSTEM32\DNSAPI.dll
0x00007ff97c8c0000 - 0x00007ff97c947000 	C:\Program Files\Java\jdk-17\bin\freetype.dll
0x00007ff978930000 - 0x00007ff978a03000 	C:\Program Files\Java\jdk-17\bin\fontmanager.dll
0x00007ff97ccb0000 - 0x00007ff97ccc2000 	C:\Program Files\Java\jdk-17\bin\jsound.dll
0x00007ff97c750000 - 0x00007ff97c7ec000 	C:\WINDOWS\SYSTEM32\DSOUND.dll
0x00007ff97f6a0000 - 0x00007ff97f6c6000 	C:\WINDOWS\SYSTEM32\winmmbase.dll
0x00007ff99ef30000 - 0x00007ff99ef7b000 	C:\WINDOWS\SYSTEM32\powrprof.dll
0x00007ff99eef0000 - 0x00007ff99ef02000 	C:\WINDOWS\SYSTEM32\UMPDC.dll
0x00007ff9a0570000 - 0x00007ff9a0619000 	C:\WINDOWS\System32\clbcatq.dll
0x00007ff992cc0000 - 0x00007ff992d45000 	C:\WINDOWS\System32\MMDevApi.dll
0x00007ff99f130000 - 0x00007ff99f163000 	C:\WINDOWS\System32\DEVOBJ.dll
0x00007ff99f4d0000 - 0x00007ff99f51e000 	C:\WINDOWS\System32\cfgmgr32.dll
0x00007ff986e50000 - 0x00007ff986e96000 	C:\WINDOWS\SYSTEM32\wdmaud.drv
0x00007ff995580000 - 0x00007ff995589000 	C:\WINDOWS\SYSTEM32\ksuser.dll
0x00007ff9953f0000 - 0x00007ff9953fa000 	C:\WINDOWS\SYSTEM32\AVRT.dll
0x00007ff992d50000 - 0x00007ff992ed2000 	C:\WINDOWS\SYSTEM32\AUDIOSES.DLL
0x00007ff998f10000 - 0x00007ff998f1d000 	C:\WINDOWS\SYSTEM32\msacm32.drv
0x00007ff97d140000 - 0x00007ff97d15e000 	C:\WINDOWS\SYSTEM32\MSACM32.dll
0x00007ff992c20000 - 0x00007ff992c2b000 	C:\WINDOWS\SYSTEM32\midimap.dll
0x00007ff99ce40000 - 0x00007ff99ce54000 	C:\WINDOWS\SYSTEM32\resourcepolicyclient.dll
0x00007ff9916e0000 - 0x00007ff991821000 	C:\Windows\System32\Windows.UI.dll
0x00007ff994d70000 - 0x00007ff994e11000 	C:\Windows\System32\WindowManagementAPI.dll
0x00007ff9915e0000 - 0x00007ff9916d9000 	C:\Windows\System32\TextInputFramework.dll
0x00007ff991480000 - 0x00007ff9915d2000 	C:\Windows\System32\InputHost.dll
0x00007ff9986f0000 - 0x00007ff998a4b000 	C:\Windows\System32\CoreUIComponents.dll
0x00007ff997390000 - 0x00007ff9974e5000 	C:\WINDOWS\SYSTEM32\wintypes.dll
0x00007ff994b20000 - 0x00007ff994d23000 	C:\WINDOWS\SYSTEM32\twinapi.appcore.dll
0x00007ff998a50000 - 0x00007ff998b42000 	C:\Windows\System32\CoreMessaging.dll
0x00007ff99e4d0000 - 0x00007ff99e503000 	C:\WINDOWS\SYSTEM32\ntmarta.dll
0x00007ff999760000 - 0x00007ff999856000 	C:\Windows\System32\PROPSYS.dll
0x00007ff976db0000 - 0x00007ff976ed5000 	C:\WINDOWS\system32\opengl32.dll
0x00007ff97c1b0000 - 0x00007ff97c1dc000 	C:\WINDOWS\SYSTEM32\GLU32.dll
0x00007ff975d90000 - 0x00007ff975df6000 	C:\WINDOWS\system32\Oleacc.dll
0x00007ff994960000 - 0x00007ff994b14000 	C:\WINDOWS\SYSTEM32\WindowsCodecs.dll
0x00007ff96fc00000 - 0x00007ff96fc3e000 	C:\WINDOWS\system32\dataexchange.dll
0x00007ff997950000 - 0x00007ff997bb3000 	C:\WINDOWS\system32\d3d11.dll
0x00007ff998180000 - 0x00007ff998363000 	C:\WINDOWS\system32\dcomp.dll
0x00007ff99dd70000 - 0x00007ff99de63000 	C:\WINDOWS\system32\dxgi.dll

dbghelp: loaded successfully - version: 4.0.5 - missing functions: none
symbol engine: initialized successfully - sym options: 0x614 - pdb path: .;C:\Program Files\Java\jdk-17\bin;C:\WINDOWS\SYSTEM32;C:\WINDOWS\WinSxS\amd64_microsoft.windows.common-controls_6595b64144ccf1df_6.0.19041.3636_none_60b6a03d71f818d5;C:\Program Files\Java\jdk-17\bin\server

VM Arguments:
jvm_args: -Dfile.encoding=windows-1252 -Dstdout.encoding=windows-1252 -Dstderr.encoding=windows-1252 -XX:+ShowCodeDetailsInExceptionMessages 
java_command: main.Main
java_class_path (initial): C:\Users\cymax\git\pokemon\Summative\bin;C:\Users\cymax\git\pokemon\Summative\miglayout15-swing.jar;C:\Users\cymax\git\pokemon\Summative\jgoodies-forms-1.8.0.jar
Launcher Type: SUN_STANDARD

[Global flags]
     intx CICompilerCount                          = 3                                         {product} {ergonomic}
     uint ConcGCThreads                            = 1                                         {product} {ergonomic}
     uint G1ConcRefinementThreads                  = 4                                         {product} {ergonomic}
   size_t G1HeapRegionSize                         = 1048576                                   {product} {ergonomic}
    uintx GCDrainStackTargetSize                   = 64                                        {product} {ergonomic}
   size_t InitialHeapSize                          = 134217728                                 {product} {ergonomic}
   size_t MarkStackSize                            = 4194304                                   {product} {ergonomic}
   size_t MaxHeapSize                              = 2118123520                                {product} {ergonomic}
   size_t MaxNewSize                               = 1270874112                                {product} {ergonomic}
   size_t MinHeapDeltaBytes                        = 1048576                                   {product} {ergonomic}
   size_t MinHeapSize                              = 8388608                                   {product} {ergonomic}
    uintx NonNMethodCodeHeapSize                   = 5832780                                {pd product} {ergonomic}
    uintx NonProfiledCodeHeapSize                  = 122912730                              {pd product} {ergonomic}
    uintx ProfiledCodeHeapSize                     = 122912730                              {pd product} {ergonomic}
    uintx ReservedCodeCacheSize                    = 251658240                              {pd product} {ergonomic}
     bool SegmentedCodeCache                       = true                                      {product} {ergonomic}
     bool ShowCodeDetailsInExceptionMessages       = true                                   {manageable} {command line}
   size_t SoftMaxHeapSize                          = 2118123520                             {manageable} {ergonomic}
     bool UseCompressedClassPointers               = true                           {product lp64_product} {ergonomic}
     bool UseCompressedOops                        = true                           {product lp64_product} {ergonomic}
     bool UseG1GC                                  = true                                      {product} {ergonomic}
     bool UseLargePagesIndividualAllocation        = false                                  {pd product} {ergonomic}

Logging:
Log output configuration:
 #0: stdout all=warning uptime,level,tags
 #1: stderr all=off uptime,level,tags

Environment Variables:
JAVA_HOME=C:\Program Files\Java\jdk1.8.0_291
PATH=C:/Users/cymax/.p2/pool/plugins/org.eclipse.justj.openjdk.hotspot.jre.full.win32.x86_64_17.0.9.v20231028-0858/jre/bin/server;C:/Users/cymax/.p2/pool/plugins/org.eclipse.justj.openjdk.hotspot.jre.full.win32.x86_64_17.0.9.v20231028-0858/jre/bin;C:\Program Files\Common Files\Oracle\Java\javapath;C:\Program Files (x86)\Common Files\Oracle\Java\javapath;C:\Program Files (x86)\Common Files\Intel\Shared Libraries\redist\intel64\compiler;C:\WINDOWS\system32;C:\WINDOWS;C:\WINDOWS\System32\Wbem;C:\WINDOWS\System32\WindowsPowerShell\v1.0\;C:\WINDOWS\System32\OpenSSH\;C:\Program Files (x86)\IVI Foundation\VISA\WinNT\Bin;C:\Program Files\dotnet\;C:\Users\cymax\AppData\Local\Microsoft\WindowsApps;;C:\Program Files\JetBrains\IntelliJ IDEA Community Edition 2019.3.3\bin;;C:\Users\cymax\AppData\Local\Programs\Microsoft VS Code\bin;C:\WINDOWS\system32;
USERNAME=cymax
OS=Windows_NT
PROCESSOR_IDENTIFIER=Intel64 Family 6 Model 142 Stepping 9, GenuineIntel



---------------  S Y S T E M  ---------------

OS:
 Windows 10 , 64 bit Build 19041 (10.0.19041.3636)
OS uptime: 1 days 23:24 hours

CPU: total 4 (initial active 4) (2 cores per cpu, 2 threads per core) family 6 model 142 stepping 9 microcode 0xf0, cx8, cmov, fxsr, ht, mmx, 3dnowpref, sse, sse2, sse3, ssse3, sse4.1, sse4.2, popcnt, lzcnt, tsc, tscinvbit, aes, erms, clmul, clflush, clflushopt

Memory: 4k page, system-wide physical 8076M (679M free)
TotalPageFile size 9981M (AvailPageFile size 173M)
current process WorkingSet (physical memory assigned to process): 330M, peak: 361M
current process commit charge ("private bytes"): 454M, peak: 655M

vm_info: Java HotSpot(TM) 64-Bit Server VM (17.0.9+11-LTS-201) for windows-amd64 JRE (17.0.9+11-LTS-201), built on Oct 10 2023 23:16:06 by "mach5one" with MS VC++ 17.1 (VS2022)

END.
