#
# There is insufficient memory for the Java Runtime Environment to continue.
# Native memory allocation (mmap) failed to map 532676608 bytes for G1 virtual space
# Possible reasons:
#   The system is out of physical RAM or swap space
#   The process is running with CompressedOops enabled, and the Java Heap may be blocking the growth of the native heap
# Possible solutions:
#   Reduce memory load on the system
#   Increase physical memory or swap space
#   Check if swap backing store is full
#   Decrease Java heap size (-Xmx/-Xms)
#   Decrease number of Java threads
#   Decrease Java thread stack sizes (-Xss)
#   Set larger code cache with -XX:ReservedCodeCacheSize=
#   JVM is running with Zero Based Compressed Oops mode in which the Java heap is
#     placed in the first 32GB address space. The Java Heap base address is the
#     maximum limit for the native heap growth. Please use -XX:HeapBaseMinAddress
#     to set the Java Heap base and to place the Java Heap above 32GB virtual address.
# This output file may be truncated or incomplete.
#
#  Out of Memory Error (os_windows.cpp:3613), pid=40684, tid=33956
#
# JRE version:  (17.0.9+9) (build )
# Java VM: OpenJDK 64-Bit Server VM (17.0.9+9, mixed mode, sharing, tiered, compressed oops, compressed class ptrs, g1 gc, windows-amd64)
# No core dump will be written. Minidumps are not enabled by default on client versions of Windows
#

---------------  S U M M A R Y ------------

Command Line: -Dfile.encoding=UTF-8 -Dstdout.encoding=UTF-8 -Dstderr.encoding=UTF-8 -XX:+ShowCodeDetailsInExceptionMessages main.EndPanel

Host: 11th Gen Intel(R) Core(TM) i7-11700 @ 2.50GHz, 16 cores, 31G,  Windows 11 , 64 bit Build 22621 (10.0.22621.2506)
Time: Mon Jan 15 18:49:17 2024 Eastern Standard Time elapsed time: 0.011971 seconds (0d 0h 0m 0s)

---------------  T H R E A D  ---------------

Current thread (0x0000014b82db9a60):  JavaThread "Unknown thread" [_thread_in_vm, id=33956, stack(0x0000003315200000,0x0000003315300000)]

Stack: [0x0000003315200000,0x0000003315300000]
Native frames: (J=compiled Java code, j=interpreted, Vv=VM code, C=native code)
V  [jvm.dll+0x67cf49]
V  [jvm.dll+0x83478a]
V  [jvm.dll+0x83624e]
V  [jvm.dll+0x8368b3]
V  [jvm.dll+0x247f1f]
V  [jvm.dll+0x679d69]
V  [jvm.dll+0x66e6ba]
V  [jvm.dll+0x307e5b]
V  [jvm.dll+0x30f306]
V  [jvm.dll+0x35f0ce]
V  [jvm.dll+0x35f2ff]
V  [jvm.dll+0x2dea58]
V  [jvm.dll+0x2df9c4]
V  [jvm.dll+0x806031]
V  [jvm.dll+0x36cf31]
V  [jvm.dll+0x7e4aac]
V  [jvm.dll+0x3f07af]
V  [jvm.dll+0x3f23e1]
C  [jli.dll+0x528f]
C  [ucrtbase.dll+0x29363]
C  [KERNEL32.DLL+0x1257d]
C  [ntdll.dll+0x5aa58]


---------------  P R O C E S S  ---------------

Threads class SMR info:
_java_thread_list=0x00007ffe0425ee98, length=0, elements={
}

Java Threads: ( => current thread )

Other Threads:
  0x0000014b82e6a040 GCTaskThread "GC Thread#0" [stack: 0x0000003315300000,0x0000003315400000] [id=35884]
  0x0000014b82e6ec70 ConcurrentGCThread "G1 Main Marker" [stack: 0x0000003315400000,0x0000003315500000] [id=37232]
  0x0000014ba8a5cf80 ConcurrentGCThread "G1 Conc#0" [stack: 0x0000003315500000,0x0000003315600000] [id=31480]

[error occurred during error reporting (printing all threads), id 0xc0000005, EXCEPTION_ACCESS_VIOLATION (0xc0000005) at pc=0x00007ffe03a1f497]

VM state: not at safepoint (not fully initialized)

VM Mutex/Monitor currently owned by a thread:  ([mutex/lock_event])
[0x0000014b80bfd300] Heap_lock - owner thread: 0x0000014b82db9a60

Heap address: 0x0000000606000000, size: 8096 MB, Compressed Oops mode: Zero based, Oop shift amount: 3

CDS archive(s) mapped at: [0x0000000000000000-0x0000000000000000-0x0000000000000000), size 0, SharedBaseAddress: 0x0000000800000000, ArchiveRelocationMode: 1.
Narrow klass base: 0x0000000000000000, Narrow klass shift: 0, Narrow klass range: 0x0

GC Precious Log:
<Empty>

Heap:
 garbage-first heap   total 0K, used 0K [0x0000000606000000, 0x0000000800000000)
  region size 4096K, 0 young (0K), 0 survivors (0K)

[error occurred during error reporting (printing heap information), id 0xc0000005, EXCEPTION_ACCESS_VIOLATION (0xc0000005) at pc=0x00007ffe03e06c79]

GC Heap History (0 events):
No events

Dll operation events (1 events):
Event: 0.008 Loaded shared library C:\Users\cymax\.p2\pool\plugins\org.eclipse.justj.openjdk.hotspot.jre.full.win32.x86_64_17.0.9.v20231028-0858\jre\bin\java.dll

Deoptimization events (0 events):
No events

Classes unloaded (0 events):
No events

Classes redefined (0 events):
No events

Internal exceptions (0 events):
No events

VM Operations (0 events):
No events

Events (0 events):
No events


Dynamic libraries:
0x00007ff6eca10000 - 0x00007ff6eca1e000 	C:\Users\cymax\.p2\pool\plugins\org.eclipse.justj.openjdk.hotspot.jre.full.win32.x86_64_17.0.9.v20231028-0858\jre\bin\javaw.exe
0x00007ffea1a10000 - 0x00007ffea1c27000 	C:\WINDOWS\SYSTEM32\ntdll.dll
0x00007ffea0d20000 - 0x00007ffea0de4000 	C:\WINDOWS\System32\KERNEL32.DLL
0x00007ffe9f060000 - 0x00007ffe9f406000 	C:\WINDOWS\System32\KERNELBASE.dll
0x00007ffe9f580000 - 0x00007ffe9f691000 	C:\WINDOWS\System32\ucrtbase.dll
0x00007ffe7cff0000 - 0x00007ffe7d00b000 	C:\Users\cymax\.p2\pool\plugins\org.eclipse.justj.openjdk.hotspot.jre.full.win32.x86_64_17.0.9.v20231028-0858\jre\bin\VCRUNTIME140.dll
0x00007ffe8bd50000 - 0x00007ffe8bd67000 	C:\Users\cymax\.p2\pool\plugins\org.eclipse.justj.openjdk.hotspot.jre.full.win32.x86_64_17.0.9.v20231028-0858\jre\bin\jli.dll
0x00007ffea1640000 - 0x00007ffea17ee000 	C:\WINDOWS\System32\USER32.dll
0x00007ffe9eea0000 - 0x00007ffe9eec6000 	C:\WINDOWS\System32\win32u.dll
0x00007ffea0130000 - 0x00007ffea0159000 	C:\WINDOWS\System32\GDI32.dll
0x00007ffe8efa0000 - 0x00007ffe8f233000 	C:\WINDOWS\WinSxS\amd64_microsoft.windows.common-controls_6595b64144ccf1df_6.0.22621.2506_none_270c5ae97388e100\COMCTL32.dll
0x00007ffe9ef40000 - 0x00007ffe9f058000 	C:\WINDOWS\System32\gdi32full.dll
0x00007ffea0160000 - 0x00007ffea0207000 	C:\WINDOWS\System32\msvcrt.dll
0x00007ffe9ee00000 - 0x00007ffe9ee9a000 	C:\WINDOWS\System32\msvcp_win.dll
0x00007ffe9f820000 - 0x00007ffe9f851000 	C:\WINDOWS\System32\IMM32.DLL
0x00007ffe99f10000 - 0x00007ffe99f1c000 	C:\Users\cymax\.p2\pool\plugins\org.eclipse.justj.openjdk.hotspot.jre.full.win32.x86_64_17.0.9.v20231028-0858\jre\bin\vcruntime140_1.dll
0x00007ffe6de20000 - 0x00007ffe6dead000 	C:\Users\cymax\.p2\pool\plugins\org.eclipse.justj.openjdk.hotspot.jre.full.win32.x86_64_17.0.9.v20231028-0858\jre\bin\msvcp140.dll
0x00007ffe03730000 - 0x00007ffe04391000 	C:\Users\cymax\.p2\pool\plugins\org.eclipse.justj.openjdk.hotspot.jre.full.win32.x86_64_17.0.9.v20231028-0858\jre\bin\server\jvm.dll
0x00007ffe9f760000 - 0x00007ffe9f813000 	C:\WINDOWS\System32\ADVAPI32.dll
0x00007ffea1870000 - 0x00007ffea1918000 	C:\WINDOWS\System32\sechost.dll
0x00007ffe9ed50000 - 0x00007ffe9ed78000 	C:\WINDOWS\System32\bcrypt.dll
0x00007ffe9fa50000 - 0x00007ffe9fb67000 	C:\WINDOWS\System32\RPCRT4.dll
0x00007ffe95a70000 - 0x00007ffe95aa4000 	C:\WINDOWS\SYSTEM32\WINMM.dll
0x00007ffe9dbd0000 - 0x00007ffe9dc1d000 	C:\WINDOWS\SYSTEM32\POWRPROF.dll
0x00007ffe7c820000 - 0x00007ffe7c829000 	C:\WINDOWS\SYSTEM32\WSOCK32.dll
0x00007ffe97a40000 - 0x00007ffe97a4a000 	C:\WINDOWS\SYSTEM32\VERSION.dll
0x00007ffea17f0000 - 0x00007ffea1861000 	C:\WINDOWS\System32\WS2_32.dll
0x00007ffe9dbb0000 - 0x00007ffe9dbc3000 	C:\WINDOWS\SYSTEM32\UMPDC.dll
0x00007ffe9de70000 - 0x00007ffe9de88000 	C:\WINDOWS\SYSTEM32\kernel.appcore.dll
0x00007ffe7ab10000 - 0x00007ffe7ab1a000 	C:\Users\cymax\.p2\pool\plugins\org.eclipse.justj.openjdk.hotspot.jre.full.win32.x86_64_17.0.9.v20231028-0858\jre\bin\jimage.dll
0x00007ffe9c3f0000 - 0x00007ffe9c623000 	C:\WINDOWS\SYSTEM32\DBGHELP.DLL
0x00007ffe9fd30000 - 0x00007ffea00b9000 	C:\WINDOWS\System32\combase.dll
0x00007ffe9f970000 - 0x00007ffe9fa47000 	C:\WINDOWS\System32\OLEAUT32.dll
0x00007ffe6c3f0000 - 0x00007ffe6c422000 	C:\WINDOWS\SYSTEM32\dbgcore.DLL
0x00007ffe9ed80000 - 0x00007ffe9edfa000 	C:\WINDOWS\System32\bcryptPrimitives.dll
0x00007ffe266f0000 - 0x00007ffe26715000 	C:\Users\cymax\.p2\pool\plugins\org.eclipse.justj.openjdk.hotspot.jre.full.win32.x86_64_17.0.9.v20231028-0858\jre\bin\java.dll

dbghelp: loaded successfully - version: 4.0.5 - missing functions: none
symbol engine: initialized successfully - sym options: 0x614 - pdb path: .;C:\Users\cymax\.p2\pool\plugins\org.eclipse.justj.openjdk.hotspot.jre.full.win32.x86_64_17.0.9.v20231028-0858\jre\bin;C:\WINDOWS\SYSTEM32;C:\WINDOWS\WinSxS\amd64_microsoft.windows.common-controls_6595b64144ccf1df_6.0.22621.2506_none_270c5ae97388e100;C:\Users\cymax\.p2\pool\plugins\org.eclipse.justj.openjdk.hotspot.jre.full.win32.x86_64_17.0.9.v20231028-0858\jre\bin\server

VM Arguments:
jvm_args: -Dfile.encoding=UTF-8 -Dstdout.encoding=UTF-8 -Dstderr.encoding=UTF-8 -XX:+ShowCodeDetailsInExceptionMessages 
java_command: main.EndPanel
java_class_path (initial): C:\Users\cymax\git\pokemon\Summative\bin;C:\Users\cymax\git\pokemon\Summative\miglayout15-swing.jar;C:\Users\cymax\git\pokemon\Summative\jgoodies-forms-1.8.0.jar
Launcher Type: SUN_STANDARD

[Global flags]
     intx CICompilerCount                          = 12                                        {product} {ergonomic}
     uint ConcGCThreads                            = 3                                         {product} {ergonomic}
     uint G1ConcRefinementThreads                  = 13                                        {product} {ergonomic}
   size_t G1HeapRegionSize                         = 4194304                                   {product} {ergonomic}
    uintx GCDrainStackTargetSize                   = 64                                        {product} {ergonomic}
   size_t InitialHeapSize                          = 532676608                                 {product} {ergonomic}
   size_t MarkStackSize                            = 4194304                                   {product} {ergonomic}
   size_t MaxHeapSize                              = 8489271296                                {product} {ergonomic}
   size_t MinHeapDeltaBytes                        = 4194304                                   {product} {ergonomic}
   size_t MinHeapSize                              = 8388608                                   {product} {ergonomic}
    uintx NonNMethodCodeHeapSize                   = 7602480                                {pd product} {ergonomic}
    uintx NonProfiledCodeHeapSize                  = 122027880                              {pd product} {ergonomic}
    uintx ProfiledCodeHeapSize                     = 122027880                              {pd product} {ergonomic}
    uintx ReservedCodeCacheSize                    = 251658240                              {pd product} {ergonomic}
     bool SegmentedCodeCache                       = true                                      {product} {ergonomic}
     bool ShowCodeDetailsInExceptionMessages       = true                                   {manageable} {command line}
   size_t SoftMaxHeapSize                          = 8489271296                             {manageable} {ergonomic}
     bool UseCompressedClassPointers               = true                           {product lp64_product} {ergonomic}
     bool UseCompressedOops                        = true                           {product lp64_product} {ergonomic}
     bool UseG1GC                                  = true                                      {product} {ergonomic}
     bool UseLargePagesIndividualAllocation        = false                                  {pd product} {ergonomic}

Logging:
Log output configuration:
 #0: stdout all=warning uptime,level,tags
 #1: stderr all=off uptime,level,tags

Environment Variables:
PATH=C:/Users/cymax/.p2/pool/plugins/org.eclipse.justj.openjdk.hotspot.jre.full.win32.x86_64_17.0.9.v20231028-0858/jre/bin/server;C:/Users/cymax/.p2/pool/plugins/org.eclipse.justj.openjdk.hotspot.jre.full.win32.x86_64_17.0.9.v20231028-0858/jre/bin;C:\Program Files\Microsoft\jdk-11.0.16.101-hotspot\bin;C:\Program Files (x86)\Razer Chroma SDK\bin;C:\Program Files\Razer Chroma SDK\bin;C:\Program Files (x86)\Razer\ChromaBroadcast\bin;C:\Program Files\Razer\ChromaBroadcast\bin;C:\Program Files (x86)\Common Files\Oracle\Java\javapath;C:\Windows\system32;C:\Windows;C:\Windows\System32\Wbem;C:\Windows\System32\WindowsPowerShell\v1.0\;C:\Windows\System32\OpenSSH\;C:\Program Files (x86)\NVIDIA Corporation\PhysX\Common;C:\Program Files\NVIDIA Corporation\NVIDIA NvDLISR;C:\Program Files\nodejs\;C:\Windows\system32\config\systemprofile\AppData\Local\Microsoft\WindowsApps;C:\Program Files\dotnet\;C:\WINDOWS\system32;C:\WINDOWS;C:\WINDOWS\System32\Wbem;C:\WINDOWS\System32\WindowsPowerShell\v1.0\;C:\WINDOWS\System32\OpenSSH\;C:\Program Files\Cloudflare\Cloudflare WARP\;C:\Users\cymax\AppData\Local\Microsoft\WindowsApps;C:\Users\cymax\AppData\Roaming\npm;C:\Users\cymax\.dotnet\tools;C:\WINDOWS\system32;
USERNAME=cymax
OS=Windows_NT
PROCESSOR_IDENTIFIER=Intel64 Family 6 Model 167 Stepping 1, GenuineIntel
TMP=C:\Users\cymax\AppData\Local\Temp
TEMP=C:\Users\cymax\AppData\Local\Temp



Periodic native trim disabled


---------------  S Y S T E M  ---------------

OS:
 Windows 11 , 64 bit Build 22621 (10.0.22621.2506)
OS uptime: 0 days 2:44 hours

CPU: total 16 (initial active 16) (8 cores per cpu, 2 threads per core) family 6 model 167 stepping 1 microcode 0x53, cx8, cmov, fxsr, ht, mmx, 3dnowpref, sse, sse2, sse3, ssse3, sse4.1, sse4.2, popcnt, lzcnt, tsc, tscinvbit, avx, avx2, aes, erms, clmul, bmi1, bmi2, adx, avx512f, avx512dq, avx512cd, avx512bw, avx512vl, sha, fma, vzeroupper, avx512_vpopcntdq, avx512_vpclmulqdq, avx512_vaes, avx512_vnni, clflush, clflushopt, avx512_vbmi2, avx512_vbmi
Processor Information for all 16 processors :
  Max Mhz: 2501, Current Mhz: 2501, Mhz Limit: 2501

Memory: 4k page, system-wide physical 32369M (16499M free)
TotalPageFile size 48369M (AvailPageFile size 271M)
current process WorkingSet (physical memory assigned to process): 11M, peak: 11M
current process commit charge ("private bytes"): 71M, peak: 579M

vm_info: OpenJDK 64-Bit Server VM (17.0.9+9) for windows-amd64 JRE (17.0.9+9), built on Oct 26 2023 14:01:42 by "admin" with MS VC++ 16.10 / 16.11 (VS2019)

END.
